/home/lorenzo/autonomy-ws-25-26/computer_vision/install/cv_ros_nodes/lib/python3.10/site-packages/cv_ros_nodes/vision_inference.py
/home/lorenzo/autonomy-ws-25-26/computer_vision/install/cv_ros_nodes/lib/python3.10/site-packages/cv_ros_nodes/vision_combiner.py
/home/lorenzo/autonomy-ws-25-26/computer_vision/install/cv_ros_nodes/lib/python3.10/site-packages/cv_ros_nodes/camera_viewer.py
/home/lorenzo/autonomy-ws-25-26/computer_vision/install/cv_ros_nodes/lib/python3.10/site-packages/cv_ros_nodes/vision_preprocessing.py
/home/lorenzo/autonomy-ws-25-26/computer_vision/install/cv_ros_nodes/lib/python3.10/site-packages/cv_ros_nodes/__init__.py
/home/lorenzo/autonomy-ws-25-26/computer_vision/install/cv_ros_nodes/lib/python3.10/site-packages/cv_ros_nodes/__pycache__/vision_inference.cpython-310.pyc
/home/lorenzo/autonomy-ws-25-26/computer_vision/install/cv_ros_nodes/lib/python3.10/site-packages/cv_ros_nodes/__pycache__/vision_combiner.cpython-310.pyc
/home/lorenzo/autonomy-ws-25-26/computer_vision/install/cv_ros_nodes/lib/python3.10/site-packages/cv_ros_nodes/__pycache__/camera_viewer.cpython-310.pyc
/home/lorenzo/autonomy-ws-25-26/computer_vision/install/cv_ros_nodes/lib/python3.10/site-packages/cv_ros_nodes/__pycache__/vision_preprocessing.cpython-310.pyc
/home/lorenzo/autonomy-ws-25-26/computer_vision/install/cv_ros_nodes/lib/python3.10/site-packages/cv_ros_nodes/__pycache__/__init__.cpython-310.pyc
/home/lorenzo/autonomy-ws-25-26/computer_vision/install/cv_ros_nodes/share/ament_index/resource_index/packages/cv_ros_nodes
/home/lorenzo/autonomy-ws-25-26/computer_vision/install/cv_ros_nodes/share/cv_ros_nodes/package.xml
/home/lorenzo/autonomy-ws-25-26/computer_vision/install/cv_ros_nodes/share/cv_ros_nodes/launch/launch_cv.py
/home/lorenzo/autonomy-ws-25-26/computer_vision/install/cv_ros_nodes/lib/python3.10/site-packages/cv_ros_nodes-0.0.0-py3.10.egg-info/top_level.txt
/home/lorenzo/autonomy-ws-25-26/computer_vision/install/cv_ros_nodes/lib/python3.10/site-packages/cv_ros_nodes-0.0.0-py3.10.egg-info/requires.txt
/home/lorenzo/autonomy-ws-25-26/computer_vision/install/cv_ros_nodes/lib/python3.10/site-packages/cv_ros_nodes-0.0.0-py3.10.egg-info/SOURCES.txt
/home/lorenzo/autonomy-ws-25-26/computer_vision/install/cv_ros_nodes/lib/python3.10/site-packages/cv_ros_nodes-0.0.0-py3.10.egg-info/entry_points.txt
/home/lorenzo/autonomy-ws-25-26/computer_vision/install/cv_ros_nodes/lib/python3.10/site-packages/cv_ros_nodes-0.0.0-py3.10.egg-info/PKG-INFO
/home/lorenzo/autonomy-ws-25-26/computer_vision/install/cv_ros_nodes/lib/python3.10/site-packages/cv_ros_nodes-0.0.0-py3.10.egg-info/zip-safe
/home/lorenzo/autonomy-ws-25-26/computer_vision/install/cv_ros_nodes/lib/python3.10/site-packages/cv_ros_nodes-0.0.0-py3.10.egg-info/dependency_links.txt
/home/lorenzo/autonomy-ws-25-26/computer_vision/install/cv_ros_nodes/lib/cv_ros_nodes/camera_viewer
/home/lorenzo/autonomy-ws-25-26/computer_vision/install/cv_ros_nodes/lib/cv_ros_nodes/vision_combiner
/home/lorenzo/autonomy-ws-25-26/computer_vision/install/cv_ros_nodes/lib/cv_ros_nodes/vision_inference
/home/lorenzo/autonomy-ws-25-26/computer_vision/install/cv_ros_nodes/lib/cv_ros_nodes/vision_preprocessing
