[3.923s] DEBUG:colcon:Command line arguments: ['/usr/bin/colcon', 'build', '--symlink-install', '--packages-select']
[3.924s] DEBUG:colcon:Parsed command line arguments: Namespace(log_base=None, log_level=None, verb_name='build', build_base='build', install_base='install', merge_install=False, symlink_install=True, test_result_base=None, continue_on_error=False, executor='parallel', parallel_workers=16, event_handlers=None, ignore_user_meta=False, metas=['./colcon.meta'], base_paths=['.'], packages_ignore=None, packages_ignore_regex=None, paths=None, packages_up_to=None, packages_up_to_regex=None, packages_above=None, packages_above_and_dependencies=None, packages_above_depth=None, packages_select_by_dep=None, packages_skip_by_dep=None, packages_skip_up_to=None, packages_select_build_failed=False, packages_skip_build_finished=False, packages_select_test_failures=False, packages_skip_test_passed=False, packages_select=[], packages_skip=None, packages_select_regex=None, packages_skip_regex=None, packages_start=None, packages_end=None, allow_overriding=[], cmake_args=None, cmake_target=None, cmake_target_skip_unavailable=False, cmake_clean_cache=False, cmake_clean_first=False, cmake_force_configure=False, verb_parser=<colcon_defaults.argument_parser.defaults.DefaultArgumentsDecorator object at 0x74dacb472ec0>, verb_extension=<colcon_core.verb.build.BuildVerb object at 0x74dacb473100>, main=<bound method BuildVerb.main of <colcon_core.verb.build.BuildVerb object at 0x74dacb473100>>)
[4.196s] Level 1:colcon.colcon_core.package_discovery:discover_packages(colcon_meta) check parameters
[4.198s] Level 1:colcon.colcon_core.package_discovery:discover_packages(recursive) check parameters
[4.199s] Level 1:colcon.colcon_core.package_discovery:discover_packages(ignore) check parameters
[4.199s] Level 1:colcon.colcon_core.package_discovery:discover_packages(path) check parameters
[4.200s] Level 1:colcon.colcon_core.package_discovery:discover_packages(colcon_meta) discover
[4.200s] Level 1:colcon.colcon_core.package_discovery:discover_packages(recursive) discover
[4.201s] INFO:colcon.colcon_core.package_discovery:Crawling recursively for packages in '/mnt/c/Users/jcube/OneDrive/Desktop/Jacob/School/Queens/Year 5/Extra Curricular/aQuatonomous/Lidar Bagging Data/mapping-25-26'
[4.205s] Level 1:colcon.colcon_core.package_identification:_identify(.) by extensions ['ignore']
[4.206s] Level 1:colcon.colcon_core.package_identification:_identify(.) by extension 'ignore'
[4.207s] Level 1:colcon.colcon_core.package_identification:_identify(.) by extensions ['colcon_pkg']
[4.207s] Level 1:colcon.colcon_core.package_identification:_identify(.) by extension 'colcon_pkg'
[4.209s] Level 1:colcon.colcon_core.package_identification:_identify(.) by extensions ['colcon_meta']
[4.209s] Level 1:colcon.colcon_core.package_identification:_identify(.) by extension 'colcon_meta'
[4.210s] Level 1:colcon.colcon_core.package_identification:_identify(.) by extensions ['cmake', 'python']
[4.210s] Level 1:colcon.colcon_core.package_identification:_identify(.) by extension 'cmake'
[4.211s] Level 1:colcon.colcon_core.package_identification:_identify(.) by extension 'python'
[4.212s] Level 1:colcon.colcon_core.package_identification:_identify(.) by extensions ['python_setup_py']
[4.212s] Level 1:colcon.colcon_core.package_identification:_identify(.) by extension 'python_setup_py'
[4.219s] Level 1:colcon.colcon_core.package_identification:_identify(build) by extensions ['ignore']
[4.219s] Level 1:colcon.colcon_core.package_identification:_identify(build) by extension 'ignore'
[4.222s] Level 1:colcon.colcon_core.package_identification:_identify(build) ignored
[4.228s] Level 1:colcon.colcon_core.package_identification:_identify(install) by extensions ['ignore']
[4.229s] Level 1:colcon.colcon_core.package_identification:_identify(install) by extension 'ignore'
[4.231s] Level 1:colcon.colcon_core.package_identification:_identify(install) ignored
[4.235s] Level 1:colcon.colcon_core.package_identification:_identify(log) by extensions ['ignore']
[4.236s] Level 1:colcon.colcon_core.package_identification:_identify(log) by extension 'ignore'
[4.237s] Level 1:colcon.colcon_core.package_identification:_identify(log) ignored
[4.242s] Level 1:colcon.colcon_core.package_identification:_identify(src) by extensions ['ignore']
[4.242s] Level 1:colcon.colcon_core.package_identification:_identify(src) by extension 'ignore'
[4.244s] Level 1:colcon.colcon_core.package_identification:_identify(src) by extensions ['colcon_pkg']
[4.245s] Level 1:colcon.colcon_core.package_identification:_identify(src) by extension 'colcon_pkg'
[4.246s] Level 1:colcon.colcon_core.package_identification:_identify(src) by extensions ['colcon_meta']
[4.247s] Level 1:colcon.colcon_core.package_identification:_identify(src) by extension 'colcon_meta'
[4.248s] Level 1:colcon.colcon_core.package_identification:_identify(src) by extensions ['cmake', 'python']
[4.249s] Level 1:colcon.colcon_core.package_identification:_identify(src) by extension 'cmake'
[4.250s] Level 1:colcon.colcon_core.package_identification:_identify(src) by extension 'python'
[4.252s] Level 1:colcon.colcon_core.package_identification:_identify(src) by extensions ['python_setup_py']
[4.252s] Level 1:colcon.colcon_core.package_identification:_identify(src) by extension 'python_setup_py'
[4.261s] Level 1:colcon.colcon_core.package_identification:_identify(src/my_lidar_pkg) by extensions ['ignore']
[4.262s] Level 1:colcon.colcon_core.package_identification:_identify(src/my_lidar_pkg) by extension 'ignore'
[4.264s] Level 1:colcon.colcon_core.package_identification:_identify(src/my_lidar_pkg) by extensions ['colcon_pkg']
[4.265s] Level 1:colcon.colcon_core.package_identification:_identify(src/my_lidar_pkg) by extension 'colcon_pkg'
[4.267s] Level 1:colcon.colcon_core.package_identification:_identify(src/my_lidar_pkg) by extensions ['colcon_meta']
[4.268s] Level 1:colcon.colcon_core.package_identification:_identify(src/my_lidar_pkg) by extension 'colcon_meta'
[4.271s] Level 1:colcon.colcon_core.package_identification:_identify(src/my_lidar_pkg) by extensions ['cmake', 'python']
[4.271s] Level 1:colcon.colcon_core.package_identification:_identify(src/my_lidar_pkg) by extension 'cmake'
[4.676s] Level 1:colcon.colcon_core.package_identification:_identify(src/my_lidar_pkg) by extension 'python'
[4.710s] DEBUG:colcon.colcon_core.package_identification:Python package in 'src/my_lidar_pkg' passes arguments to the setup() function which requires a different identification extension than 'python'
[4.710s] DEBUG:colcon.colcon_core.package_identification:Package 'src/my_lidar_pkg' with type 'cmake' and name 'my_lidar_pkg'
[4.717s] Level 1:colcon.colcon_core.package_identification:_identify(src/pointcloud_filters) by extensions ['ignore']
[4.718s] Level 1:colcon.colcon_core.package_identification:_identify(src/pointcloud_filters) by extension 'ignore'
[4.721s] Level 1:colcon.colcon_core.package_identification:_identify(src/pointcloud_filters) by extensions ['colcon_pkg']
[4.721s] Level 1:colcon.colcon_core.package_identification:_identify(src/pointcloud_filters) by extension 'colcon_pkg'
[4.724s] Level 1:colcon.colcon_core.package_identification:_identify(src/pointcloud_filters) by extensions ['colcon_meta']
[4.724s] Level 1:colcon.colcon_core.package_identification:_identify(src/pointcloud_filters) by extension 'colcon_meta'
[4.727s] Level 1:colcon.colcon_core.package_identification:_identify(src/pointcloud_filters) by extensions ['cmake', 'python']
[4.727s] Level 1:colcon.colcon_core.package_identification:_identify(src/pointcloud_filters) by extension 'cmake'
[8.699s] Level 1:colcon.colcon_core.package_identification:_identify(src/pointcloud_filters) by extension 'python'
[8.702s] DEBUG:colcon.colcon_core.package_identification:Package 'src/pointcloud_filters' with type 'cmake' and name 'pointcloud_filters'
[8.709s] Level 1:colcon.colcon_core.package_identification:_identify(src/ros_numpy) by extensions ['ignore']
[8.709s] Level 1:colcon.colcon_core.package_identification:_identify(src/ros_numpy) by extension 'ignore'
[8.711s] Level 1:colcon.colcon_core.package_identification:_identify(src/ros_numpy) by extensions ['colcon_pkg']
[8.712s] Level 1:colcon.colcon_core.package_identification:_identify(src/ros_numpy) by extension 'colcon_pkg'
[8.714s] Level 1:colcon.colcon_core.package_identification:_identify(src/ros_numpy) by extensions ['colcon_meta']
[8.714s] Level 1:colcon.colcon_core.package_identification:_identify(src/ros_numpy) by extension 'colcon_meta'
[8.716s] Level 1:colcon.colcon_core.package_identification:_identify(src/ros_numpy) by extensions ['cmake', 'python']
[8.717s] Level 1:colcon.colcon_core.package_identification:_identify(src/ros_numpy) by extension 'cmake'
[8.719s] Level 1:colcon.colcon_core.package_identification:_identify(src/ros_numpy) by extension 'python'
[8.721s] Level 1:colcon.colcon_core.package_identification:_identify(src/ros_numpy) by extensions ['python_setup_py']
[8.721s] Level 1:colcon.colcon_core.package_identification:_identify(src/ros_numpy) by extension 'python_setup_py'
[8.729s] Level 1:colcon.colcon_core.package_identification:_identify(src/unilidar_sdk) by extensions ['ignore']
[8.729s] Level 1:colcon.colcon_core.package_identification:_identify(src/unilidar_sdk) by extension 'ignore'
[8.731s] Level 1:colcon.colcon_core.package_identification:_identify(src/unilidar_sdk) by extensions ['colcon_pkg']
[8.731s] Level 1:colcon.colcon_core.package_identification:_identify(src/unilidar_sdk) by extension 'colcon_pkg'
[8.733s] Level 1:colcon.colcon_core.package_identification:_identify(src/unilidar_sdk) by extensions ['colcon_meta']
[8.733s] Level 1:colcon.colcon_core.package_identification:_identify(src/unilidar_sdk) by extension 'colcon_meta'
[8.736s] Level 1:colcon.colcon_core.package_identification:_identify(src/unilidar_sdk) by extensions ['cmake', 'python']
[8.736s] Level 1:colcon.colcon_core.package_identification:_identify(src/unilidar_sdk) by extension 'cmake'
[8.739s] Level 1:colcon.colcon_core.package_identification:_identify(src/unilidar_sdk) by extension 'python'
[8.741s] Level 1:colcon.colcon_core.package_identification:_identify(src/unilidar_sdk) by extensions ['python_setup_py']
[8.741s] Level 1:colcon.colcon_core.package_identification:_identify(src/unilidar_sdk) by extension 'python_setup_py'
[8.751s] Level 1:colcon.colcon_core.package_identification:_identify(src/unilidar_sdk/docs) by extensions ['ignore']
[8.751s] Level 1:colcon.colcon_core.package_identification:_identify(src/unilidar_sdk/docs) by extension 'ignore'
[8.754s] Level 1:colcon.colcon_core.package_identification:_identify(src/unilidar_sdk/docs) by extensions ['colcon_pkg']
[8.754s] Level 1:colcon.colcon_core.package_identification:_identify(src/unilidar_sdk/docs) by extension 'colcon_pkg'
[8.757s] Level 1:colcon.colcon_core.package_identification:_identify(src/unilidar_sdk/docs) by extensions ['colcon_meta']
[8.757s] Level 1:colcon.colcon_core.package_identification:_identify(src/unilidar_sdk/docs) by extension 'colcon_meta'
[8.762s] Level 1:colcon.colcon_core.package_identification:_identify(src/unilidar_sdk/docs) by extensions ['cmake', 'python']
[8.762s] Level 1:colcon.colcon_core.package_identification:_identify(src/unilidar_sdk/docs) by extension 'cmake'
[8.765s] Level 1:colcon.colcon_core.package_identification:_identify(src/unilidar_sdk/docs) by extension 'python'
[8.767s] Level 1:colcon.colcon_core.package_identification:_identify(src/unilidar_sdk/docs) by extensions ['python_setup_py']
[8.768s] Level 1:colcon.colcon_core.package_identification:_identify(src/unilidar_sdk/docs) by extension 'python_setup_py'
[8.779s] Level 1:colcon.colcon_core.package_identification:_identify(src/unilidar_sdk/unitree_lidar_ros) by extensions ['ignore']
[8.779s] Level 1:colcon.colcon_core.package_identification:_identify(src/unilidar_sdk/unitree_lidar_ros) by extension 'ignore'
[8.781s] Level 1:colcon.colcon_core.package_identification:_identify(src/unilidar_sdk/unitree_lidar_ros) by extensions ['colcon_pkg']
[8.782s] Level 1:colcon.colcon_core.package_identification:_identify(src/unilidar_sdk/unitree_lidar_ros) by extension 'colcon_pkg'
[8.784s] Level 1:colcon.colcon_core.package_identification:_identify(src/unilidar_sdk/unitree_lidar_ros) by extensions ['colcon_meta']
[8.785s] Level 1:colcon.colcon_core.package_identification:_identify(src/unilidar_sdk/unitree_lidar_ros) by extension 'colcon_meta'
[8.789s] Level 1:colcon.colcon_core.package_identification:_identify(src/unilidar_sdk/unitree_lidar_ros) by extensions ['cmake', 'python']
[8.790s] Level 1:colcon.colcon_core.package_identification:_identify(src/unilidar_sdk/unitree_lidar_ros) by extension 'cmake'
[8.792s] Level 1:colcon.colcon_core.package_identification:_identify(src/unilidar_sdk/unitree_lidar_ros) by extension 'python'
[8.795s] Level 1:colcon.colcon_core.package_identification:_identify(src/unilidar_sdk/unitree_lidar_ros) by extensions ['python_setup_py']
[8.795s] Level 1:colcon.colcon_core.package_identification:_identify(src/unilidar_sdk/unitree_lidar_ros) by extension 'python_setup_py'
[8.809s] Level 1:colcon.colcon_core.package_identification:_identify(src/unilidar_sdk/unitree_lidar_ros/src) by extensions ['ignore']
[8.809s] Level 1:colcon.colcon_core.package_identification:_identify(src/unilidar_sdk/unitree_lidar_ros/src) by extension 'ignore'
[8.812s] Level 1:colcon.colcon_core.package_identification:_identify(src/unilidar_sdk/unitree_lidar_ros/src) by extensions ['colcon_pkg']
[8.813s] Level 1:colcon.colcon_core.package_identification:_identify(src/unilidar_sdk/unitree_lidar_ros/src) by extension 'colcon_pkg'
[8.816s] Level 1:colcon.colcon_core.package_identification:_identify(src/unilidar_sdk/unitree_lidar_ros/src) by extensions ['colcon_meta']
[8.816s] Level 1:colcon.colcon_core.package_identification:_identify(src/unilidar_sdk/unitree_lidar_ros/src) by extension 'colcon_meta'
[8.823s] Level 1:colcon.colcon_core.package_identification:_identify(src/unilidar_sdk/unitree_lidar_ros/src) by extensions ['cmake', 'python']
[8.823s] Level 1:colcon.colcon_core.package_identification:_identify(src/unilidar_sdk/unitree_lidar_ros/src) by extension 'cmake'
[8.826s] Level 1:colcon.colcon_core.package_identification:_identify(src/unilidar_sdk/unitree_lidar_ros/src) by extension 'python'
[8.829s] Level 1:colcon.colcon_core.package_identification:_identify(src/unilidar_sdk/unitree_lidar_ros/src) by extensions ['python_setup_py']
[8.830s] Level 1:colcon.colcon_core.package_identification:_identify(src/unilidar_sdk/unitree_lidar_ros/src) by extension 'python_setup_py'
[8.847s] Level 1:colcon.colcon_core.package_identification:_identify(src/unilidar_sdk/unitree_lidar_ros/src/unitree_lidar_ros) by extensions ['ignore']
[8.847s] Level 1:colcon.colcon_core.package_identification:_identify(src/unilidar_sdk/unitree_lidar_ros/src/unitree_lidar_ros) by extension 'ignore'
[8.851s] Level 1:colcon.colcon_core.package_identification:_identify(src/unilidar_sdk/unitree_lidar_ros/src/unitree_lidar_ros) by extensions ['colcon_pkg']
[8.851s] Level 1:colcon.colcon_core.package_identification:_identify(src/unilidar_sdk/unitree_lidar_ros/src/unitree_lidar_ros) by extension 'colcon_pkg'
[8.855s] Level 1:colcon.colcon_core.package_identification:_identify(src/unilidar_sdk/unitree_lidar_ros/src/unitree_lidar_ros) by extensions ['colcon_meta']
[8.855s] Level 1:colcon.colcon_core.package_identification:_identify(src/unilidar_sdk/unitree_lidar_ros/src/unitree_lidar_ros) by extension 'colcon_meta'
[8.866s] Level 1:colcon.colcon_core.package_identification:_identify(src/unilidar_sdk/unitree_lidar_ros/src/unitree_lidar_ros) by extensions ['cmake', 'python']
[8.866s] Level 1:colcon.colcon_core.package_identification:_identify(src/unilidar_sdk/unitree_lidar_ros/src/unitree_lidar_ros) by extension 'cmake'
[8.968s] Level 1:colcon.colcon_core.package_identification:_identify(src/unilidar_sdk/unitree_lidar_ros/src/unitree_lidar_ros) by extension 'python'
[8.971s] DEBUG:colcon.colcon_core.package_identification:Package 'src/unilidar_sdk/unitree_lidar_ros/src/unitree_lidar_ros' with type 'cmake' and name 'unitree_lidar_ros'
[8.979s] Level 1:colcon.colcon_core.package_identification:_identify(src/unilidar_sdk/unitree_lidar_ros2) by extensions ['ignore']
[8.980s] Level 1:colcon.colcon_core.package_identification:_identify(src/unilidar_sdk/unitree_lidar_ros2) by extension 'ignore'
[8.982s] Level 1:colcon.colcon_core.package_identification:_identify(src/unilidar_sdk/unitree_lidar_ros2) by extensions ['colcon_pkg']
[8.983s] Level 1:colcon.colcon_core.package_identification:_identify(src/unilidar_sdk/unitree_lidar_ros2) by extension 'colcon_pkg'
[8.985s] Level 1:colcon.colcon_core.package_identification:_identify(src/unilidar_sdk/unitree_lidar_ros2) by extensions ['colcon_meta']
[8.985s] Level 1:colcon.colcon_core.package_identification:_identify(src/unilidar_sdk/unitree_lidar_ros2) by extension 'colcon_meta'
[8.990s] Level 1:colcon.colcon_core.package_identification:_identify(src/unilidar_sdk/unitree_lidar_ros2) by extensions ['cmake', 'python']
[8.990s] Level 1:colcon.colcon_core.package_identification:_identify(src/unilidar_sdk/unitree_lidar_ros2) by extension 'cmake'
[8.993s] Level 1:colcon.colcon_core.package_identification:_identify(src/unilidar_sdk/unitree_lidar_ros2) by extension 'python'
[8.995s] Level 1:colcon.colcon_core.package_identification:_identify(src/unilidar_sdk/unitree_lidar_ros2) by extensions ['python_setup_py']
[8.996s] Level 1:colcon.colcon_core.package_identification:_identify(src/unilidar_sdk/unitree_lidar_ros2) by extension 'python_setup_py'
[9.009s] Level 1:colcon.colcon_core.package_identification:_identify(src/unilidar_sdk/unitree_lidar_ros2/src) by extensions ['ignore']
[9.010s] Level 1:colcon.colcon_core.package_identification:_identify(src/unilidar_sdk/unitree_lidar_ros2/src) by extension 'ignore'
[9.013s] Level 1:colcon.colcon_core.package_identification:_identify(src/unilidar_sdk/unitree_lidar_ros2/src) by extensions ['colcon_pkg']
[9.013s] Level 1:colcon.colcon_core.package_identification:_identify(src/unilidar_sdk/unitree_lidar_ros2/src) by extension 'colcon_pkg'
[9.016s] Level 1:colcon.colcon_core.package_identification:_identify(src/unilidar_sdk/unitree_lidar_ros2/src) by extensions ['colcon_meta']
[9.017s] Level 1:colcon.colcon_core.package_identification:_identify(src/unilidar_sdk/unitree_lidar_ros2/src) by extension 'colcon_meta'
[9.024s] Level 1:colcon.colcon_core.package_identification:_identify(src/unilidar_sdk/unitree_lidar_ros2/src) by extensions ['cmake', 'python']
[9.024s] Level 1:colcon.colcon_core.package_identification:_identify(src/unilidar_sdk/unitree_lidar_ros2/src) by extension 'cmake'
[9.027s] Level 1:colcon.colcon_core.package_identification:_identify(src/unilidar_sdk/unitree_lidar_ros2/src) by extension 'python'
[9.031s] Level 1:colcon.colcon_core.package_identification:_identify(src/unilidar_sdk/unitree_lidar_ros2/src) by extensions ['python_setup_py']
[9.031s] Level 1:colcon.colcon_core.package_identification:_identify(src/unilidar_sdk/unitree_lidar_ros2/src) by extension 'python_setup_py'
[9.052s] Level 1:colcon.colcon_core.package_identification:_identify(src/unilidar_sdk/unitree_lidar_ros2/src/unitree_lidar_ros2) by extensions ['ignore']
[9.053s] Level 1:colcon.colcon_core.package_identification:_identify(src/unilidar_sdk/unitree_lidar_ros2/src/unitree_lidar_ros2) by extension 'ignore'
[9.057s] Level 1:colcon.colcon_core.package_identification:_identify(src/unilidar_sdk/unitree_lidar_ros2/src/unitree_lidar_ros2) by extensions ['colcon_pkg']
[9.057s] Level 1:colcon.colcon_core.package_identification:_identify(src/unilidar_sdk/unitree_lidar_ros2/src/unitree_lidar_ros2) by extension 'colcon_pkg'
[9.061s] Level 1:colcon.colcon_core.package_identification:_identify(src/unilidar_sdk/unitree_lidar_ros2/src/unitree_lidar_ros2) by extensions ['colcon_meta']
[9.061s] Level 1:colcon.colcon_core.package_identification:_identify(src/unilidar_sdk/unitree_lidar_ros2/src/unitree_lidar_ros2) by extension 'colcon_meta'
[9.072s] Level 1:colcon.colcon_core.package_identification:_identify(src/unilidar_sdk/unitree_lidar_ros2/src/unitree_lidar_ros2) by extensions ['cmake', 'python']
[9.072s] Level 1:colcon.colcon_core.package_identification:_identify(src/unilidar_sdk/unitree_lidar_ros2/src/unitree_lidar_ros2) by extension 'cmake'
[9.176s] Level 1:colcon.colcon_core.package_identification:_identify(src/unilidar_sdk/unitree_lidar_ros2/src/unitree_lidar_ros2) by extension 'python'
[9.180s] DEBUG:colcon.colcon_core.package_identification:Package 'src/unilidar_sdk/unitree_lidar_ros2/src/unitree_lidar_ros2' with type 'cmake' and name 'unitree_lidar_ros2'
[9.189s] Level 1:colcon.colcon_core.package_identification:_identify(src/unilidar_sdk/unitree_lidar_sdk) by extensions ['ignore']
[9.189s] Level 1:colcon.colcon_core.package_identification:_identify(src/unilidar_sdk/unitree_lidar_sdk) by extension 'ignore'
[9.191s] Level 1:colcon.colcon_core.package_identification:_identify(src/unilidar_sdk/unitree_lidar_sdk) by extensions ['colcon_pkg']
[9.192s] Level 1:colcon.colcon_core.package_identification:_identify(src/unilidar_sdk/unitree_lidar_sdk) by extension 'colcon_pkg'
[9.194s] Level 1:colcon.colcon_core.package_identification:_identify(src/unilidar_sdk/unitree_lidar_sdk) by extensions ['colcon_meta']
[9.195s] Level 1:colcon.colcon_core.package_identification:_identify(src/unilidar_sdk/unitree_lidar_sdk) by extension 'colcon_meta'
[9.199s] Level 1:colcon.colcon_core.package_identification:_identify(src/unilidar_sdk/unitree_lidar_sdk) by extensions ['cmake', 'python']
[9.200s] Level 1:colcon.colcon_core.package_identification:_identify(src/unilidar_sdk/unitree_lidar_sdk) by extension 'cmake'
[9.307s] Level 1:colcon.colcon_core.package_identification:_identify(src/unilidar_sdk/unitree_lidar_sdk) by extension 'python'
[9.310s] DEBUG:colcon.colcon_core.package_identification:Package 'src/unilidar_sdk/unitree_lidar_sdk' with type 'cmake' and name 'unitree_lidar_sdk'
[9.310s] Level 1:colcon.colcon_core.package_discovery:discover_packages(recursive) using defaults
[9.310s] Level 1:colcon.colcon_core.package_discovery:discover_packages(ignore) discover
[9.311s] Level 1:colcon.colcon_core.package_discovery:discover_packages(ignore) using defaults
[9.311s] Level 1:colcon.colcon_core.package_discovery:discover_packages(path) discover
[9.311s] Level 1:colcon.colcon_core.package_discovery:discover_packages(path) using defaults
[9.639s] INFO:colcon.colcon_core.package_selection:Skipping not selected package 'my_lidar_pkg' in 'src/my_lidar_pkg'
[9.640s] INFO:colcon.colcon_core.package_selection:Skipping not selected package 'pointcloud_filters' in 'src/pointcloud_filters'
[9.640s] INFO:colcon.colcon_core.package_selection:Skipping not selected package 'unitree_lidar_ros' in 'src/unilidar_sdk/unitree_lidar_ros/src/unitree_lidar_ros'
[9.641s] INFO:colcon.colcon_core.package_selection:Skipping not selected package 'unitree_lidar_ros2' in 'src/unilidar_sdk/unitree_lidar_ros2/src/unitree_lidar_ros2'
[9.641s] INFO:colcon.colcon_core.package_selection:Skipping not selected package 'unitree_lidar_sdk' in 'src/unilidar_sdk/unitree_lidar_sdk'
[9.722s] Level 1:colcon.colcon_core.package_discovery:discover_packages(prefix_path) check parameters
[9.723s] Level 1:colcon.colcon_core.package_discovery:discover_packages(prefix_path) discover
[9.854s] DEBUG:colcon.colcon_installed_package_information.package_discovery:Found 2 installed packages in /mnt/c/Users/jcube/OneDrive/Desktop/Jacob/School/Queens/Year 5/Extra Curricular/aQuatonomous/Lidar Bagging Data/mapping-25-26/install
[9.854s] Level 1:colcon.colcon_core.package_discovery:discover_packages(prefix_path) using defaults
[9.991s] INFO:colcon.colcon_core.executor:Executing jobs using 'parallel' executor
[10.034s] DEBUG:colcon.colcon_parallel_executor.executor.parallel:run_until_complete
[10.035s] DEBUG:colcon.colcon_parallel_executor.executor.parallel:closing loop
[10.036s] DEBUG:colcon.colcon_parallel_executor.executor.parallel:loop closed
[10.036s] DEBUG:colcon.colcon_parallel_executor.executor.parallel:run_until_complete finished with '0'
[10.037s] DEBUG:colcon.colcon_core.event_reactor:joining thread
[10.158s] INFO:colcon.colcon_core.plugin_system:Skipping extension 'colcon_notification.desktop_notification.terminal_notifier': Not used on non-Darwin systems
[10.159s] INFO:colcon.colcon_core.plugin_system:Skipping extension 'colcon_notification.desktop_notification.win32': Not used on non-Windows systems
[10.160s] INFO:colcon.colcon_notification.desktop_notification:Sending desktop notification using 'notify2'
[10.575s] DEBUG:colcon.colcon_core.event_reactor:joined thread
[10.651s] INFO:colcon.colcon_core.plugin_system:Skipping extension 'colcon_core.shell.bat': Not used on non-Windows systems
[10.651s] INFO:colcon.colcon_core.shell:Creating prefix script '/mnt/c/Users/jcube/OneDrive/Desktop/Jacob/School/Queens/Year 5/Extra Curricular/aQuatonomous/Lidar Bagging Data/mapping-25-26/install/local_setup.ps1'
[10.713s] INFO:colcon.colcon_core.shell:Creating prefix util module '/mnt/c/Users/jcube/OneDrive/Desktop/Jacob/School/Queens/Year 5/Extra Curricular/aQuatonomous/Lidar Bagging Data/mapping-25-26/install/_local_setup_util_ps1.py'
[10.756s] INFO:colcon.colcon_core.shell:Creating prefix chain script '/mnt/c/Users/jcube/OneDrive/Desktop/Jacob/School/Queens/Year 5/Extra Curricular/aQuatonomous/Lidar Bagging Data/mapping-25-26/install/setup.ps1'
[10.843s] INFO:colcon.colcon_core.shell:Creating prefix script '/mnt/c/Users/jcube/OneDrive/Desktop/Jacob/School/Queens/Year 5/Extra Curricular/aQuatonomous/Lidar Bagging Data/mapping-25-26/install/local_setup.sh'
[10.885s] INFO:colcon.colcon_core.shell:Creating prefix util module '/mnt/c/Users/jcube/OneDrive/Desktop/Jacob/School/Queens/Year 5/Extra Curricular/aQuatonomous/Lidar Bagging Data/mapping-25-26/install/_local_setup_util_sh.py'
[10.925s] INFO:colcon.colcon_core.shell:Creating prefix chain script '/mnt/c/Users/jcube/OneDrive/Desktop/Jacob/School/Queens/Year 5/Extra Curricular/aQuatonomous/Lidar Bagging Data/mapping-25-26/install/setup.sh'
[11.001s] INFO:colcon.colcon_core.shell:Creating prefix script '/mnt/c/Users/jcube/OneDrive/Desktop/Jacob/School/Queens/Year 5/Extra Curricular/aQuatonomous/Lidar Bagging Data/mapping-25-26/install/local_setup.bash'
[11.037s] INFO:colcon.colcon_core.shell:Creating prefix chain script '/mnt/c/Users/jcube/OneDrive/Desktop/Jacob/School/Queens/Year 5/Extra Curricular/aQuatonomous/Lidar Bagging Data/mapping-25-26/install/setup.bash'
[11.119s] INFO:colcon.colcon_core.shell:Creating prefix script '/mnt/c/Users/jcube/OneDrive/Desktop/Jacob/School/Queens/Year 5/Extra Curricular/aQuatonomous/Lidar Bagging Data/mapping-25-26/install/local_setup.zsh'
[11.158s] INFO:colcon.colcon_core.shell:Creating prefix chain script '/mnt/c/Users/jcube/OneDrive/Desktop/Jacob/School/Queens/Year 5/Extra Curricular/aQuatonomous/Lidar Bagging Data/mapping-25-26/install/setup.zsh'
