[0.280s] DEBUG:colcon:Command line arguments: ['/usr/bin/colcon', 'build', '--symlink-install', '--packages-select', 'pointcloud_filters']
[0.280s] DEBUG:colcon:Parsed command line arguments: Namespace(log_base=None, log_level=None, verb_name='build', build_base='build', install_base='install', merge_install=False, symlink_install=True, test_result_base=None, continue_on_error=False, executor='parallel', parallel_workers=6, event_handlers=None, ignore_user_meta=False, metas=['./colcon.meta'], base_paths=['.'], packages_ignore=None, packages_ignore_regex=None, paths=None, packages_up_to=None, packages_up_to_regex=None, packages_above=None, packages_above_and_dependencies=None, packages_above_depth=None, packages_select_by_dep=None, packages_skip_by_dep=None, packages_skip_up_to=None, packages_select_build_failed=False, packages_skip_build_finished=False, packages_select_test_failures=False, packages_skip_test_passed=False, packages_select=['pointcloud_filters'], packages_skip=None, packages_select_regex=None, packages_skip_regex=None, packages_start=None, packages_end=None, allow_overriding=[], cmake_args=None, cmake_target=None, cmake_target_skip_unavailable=False, cmake_clean_cache=False, cmake_clean_first=False, cmake_force_configure=False, ament_cmake_args=None, catkin_cmake_args=None, catkin_skip_building_tests=False, verb_parser=<colcon_defaults.argument_parser.defaults.DefaultArgumentsDecorator object at 0xffffaf64feb0>, verb_extension=<colcon_core.verb.build.BuildVerb object at 0xffffaf84d2d0>, main=<bound method BuildVerb.main of <colcon_core.verb.build.BuildVerb object at 0xffffaf84d2d0>>)
[0.709s] Level 1:colcon.colcon_core.package_discovery:discover_packages(colcon_meta) check parameters
[0.709s] Level 1:colcon.colcon_core.package_discovery:discover_packages(recursive) check parameters
[0.709s] Level 1:colcon.colcon_core.package_discovery:discover_packages(ignore) check parameters
[0.710s] Level 1:colcon.colcon_core.package_discovery:discover_packages(path) check parameters
[0.710s] Level 1:colcon.colcon_core.package_discovery:discover_packages(colcon_meta) discover
[0.710s] Level 1:colcon.colcon_core.package_discovery:discover_packages(recursive) discover
[0.710s] INFO:colcon.colcon_core.package_discovery:Crawling recursively for packages in '/home/jacob/ros2_ws'
[0.710s] Level 1:colcon.colcon_core.package_identification:_identify(.) by extensions ['ignore', 'ignore_ament_install']
[0.711s] Level 1:colcon.colcon_core.package_identification:_identify(.) by extension 'ignore'
[0.711s] Level 1:colcon.colcon_core.package_identification:_identify(.) by extension 'ignore_ament_install'
[0.711s] Level 1:colcon.colcon_core.package_identification:_identify(.) by extensions ['colcon_pkg']
[0.711s] Level 1:colcon.colcon_core.package_identification:_identify(.) by extension 'colcon_pkg'
[0.711s] Level 1:colcon.colcon_core.package_identification:_identify(.) by extensions ['colcon_meta']
[0.711s] Level 1:colcon.colcon_core.package_identification:_identify(.) by extension 'colcon_meta'
[0.711s] Level 1:colcon.colcon_core.package_identification:_identify(.) by extensions ['ros']
[0.711s] Level 1:colcon.colcon_core.package_identification:_identify(.) by extension 'ros'
[0.742s] Level 1:colcon.colcon_core.package_identification:_identify(.) by extensions ['cmake', 'python']
[0.742s] Level 1:colcon.colcon_core.package_identification:_identify(.) by extension 'cmake'
[0.742s] Level 1:colcon.colcon_core.package_identification:_identify(.) by extension 'python'
[0.743s] Level 1:colcon.colcon_core.package_identification:_identify(.) by extensions ['python_setup_py']
[0.743s] Level 1:colcon.colcon_core.package_identification:_identify(.) by extension 'python_setup_py'
[0.743s] Level 1:colcon.colcon_core.package_identification:_identify(build) by extensions ['ignore', 'ignore_ament_install']
[0.743s] Level 1:colcon.colcon_core.package_identification:_identify(build) by extension 'ignore'
[0.744s] Level 1:colcon.colcon_core.package_identification:_identify(build) ignored
[0.744s] Level 1:colcon.colcon_core.package_identification:_identify(install) by extensions ['ignore', 'ignore_ament_install']
[0.744s] Level 1:colcon.colcon_core.package_identification:_identify(install) by extension 'ignore'
[0.744s] Level 1:colcon.colcon_core.package_identification:_identify(install) ignored
[0.745s] Level 1:colcon.colcon_core.package_identification:_identify(log) by extensions ['ignore', 'ignore_ament_install']
[0.745s] Level 1:colcon.colcon_core.package_identification:_identify(log) by extension 'ignore'
[0.745s] Level 1:colcon.colcon_core.package_identification:_identify(log) ignored
[0.745s] Level 1:colcon.colcon_core.package_identification:_identify(src) by extensions ['ignore', 'ignore_ament_install']
[0.745s] Level 1:colcon.colcon_core.package_identification:_identify(src) by extension 'ignore'
[0.746s] Level 1:colcon.colcon_core.package_identification:_identify(src) by extension 'ignore_ament_install'
[0.746s] Level 1:colcon.colcon_core.package_identification:_identify(src) by extensions ['colcon_pkg']
[0.746s] Level 1:colcon.colcon_core.package_identification:_identify(src) by extension 'colcon_pkg'
[0.746s] Level 1:colcon.colcon_core.package_identification:_identify(src) by extensions ['colcon_meta']
[0.746s] Level 1:colcon.colcon_core.package_identification:_identify(src) by extension 'colcon_meta'
[0.746s] Level 1:colcon.colcon_core.package_identification:_identify(src) by extensions ['ros']
[0.746s] Level 1:colcon.colcon_core.package_identification:_identify(src) by extension 'ros'
[0.747s] Level 1:colcon.colcon_core.package_identification:_identify(src) by extensions ['cmake', 'python']
[0.747s] Level 1:colcon.colcon_core.package_identification:_identify(src) by extension 'cmake'
[0.747s] Level 1:colcon.colcon_core.package_identification:_identify(src) by extension 'python'
[0.747s] Level 1:colcon.colcon_core.package_identification:_identify(src) by extensions ['python_setup_py']
[0.747s] Level 1:colcon.colcon_core.package_identification:_identify(src) by extension 'python_setup_py'
[0.747s] Level 1:colcon.colcon_core.package_identification:_identify(src/my_lidar_pkg) by extensions ['ignore', 'ignore_ament_install']
[0.747s] Level 1:colcon.colcon_core.package_identification:_identify(src/my_lidar_pkg) by extension 'ignore'
[0.748s] Level 1:colcon.colcon_core.package_identification:_identify(src/my_lidar_pkg) by extension 'ignore_ament_install'
[0.748s] Level 1:colcon.colcon_core.package_identification:_identify(src/my_lidar_pkg) by extensions ['colcon_pkg']
[0.748s] Level 1:colcon.colcon_core.package_identification:_identify(src/my_lidar_pkg) by extension 'colcon_pkg'
[0.748s] Level 1:colcon.colcon_core.package_identification:_identify(src/my_lidar_pkg) by extensions ['colcon_meta']
[0.748s] Level 1:colcon.colcon_core.package_identification:_identify(src/my_lidar_pkg) by extension 'colcon_meta'
[0.748s] Level 1:colcon.colcon_core.package_identification:_identify(src/my_lidar_pkg) by extensions ['ros']
[0.748s] Level 1:colcon.colcon_core.package_identification:_identify(src/my_lidar_pkg) by extension 'ros'
[0.756s] DEBUG:colcon.colcon_core.package_identification:Package 'src/my_lidar_pkg' with type 'ros.catkin' and name 'my_lidar_pkg'
[0.756s] Level 1:colcon.colcon_core.package_identification:_identify(src/pointcloud_filters) by extensions ['ignore', 'ignore_ament_install']
[0.757s] Level 1:colcon.colcon_core.package_identification:_identify(src/pointcloud_filters) by extension 'ignore'
[0.757s] Level 1:colcon.colcon_core.package_identification:_identify(src/pointcloud_filters) by extension 'ignore_ament_install'
[0.757s] Level 1:colcon.colcon_core.package_identification:_identify(src/pointcloud_filters) by extensions ['colcon_pkg']
[0.757s] Level 1:colcon.colcon_core.package_identification:_identify(src/pointcloud_filters) by extension 'colcon_pkg'
[0.757s] Level 1:colcon.colcon_core.package_identification:_identify(src/pointcloud_filters) by extensions ['colcon_meta']
[0.757s] Level 1:colcon.colcon_core.package_identification:_identify(src/pointcloud_filters) by extension 'colcon_meta'
[0.758s] Level 1:colcon.colcon_core.package_identification:_identify(src/pointcloud_filters) by extensions ['ros']
[0.758s] Level 1:colcon.colcon_core.package_identification:_identify(src/pointcloud_filters) by extension 'ros'
[0.765s] DEBUG:colcon.colcon_core.package_identification:Package 'src/pointcloud_filters' with type 'ros.ament_python' and name 'pointcloud_filters'
[0.766s] Level 1:colcon.colcon_core.package_identification:_identify(src/ros_numpy) by extensions ['ignore', 'ignore_ament_install']
[0.766s] Level 1:colcon.colcon_core.package_identification:_identify(src/ros_numpy) by extension 'ignore'
[0.766s] Level 1:colcon.colcon_core.package_identification:_identify(src/ros_numpy) by extension 'ignore_ament_install'
[0.766s] Level 1:colcon.colcon_core.package_identification:_identify(src/ros_numpy) by extensions ['colcon_pkg']
[0.766s] Level 1:colcon.colcon_core.package_identification:_identify(src/ros_numpy) by extension 'colcon_pkg'
[0.767s] Level 1:colcon.colcon_core.package_identification:_identify(src/ros_numpy) by extensions ['colcon_meta']
[0.767s] Level 1:colcon.colcon_core.package_identification:_identify(src/ros_numpy) by extension 'colcon_meta'
[0.767s] Level 1:colcon.colcon_core.package_identification:_identify(src/ros_numpy) by extensions ['ros']
[0.767s] Level 1:colcon.colcon_core.package_identification:_identify(src/ros_numpy) by extension 'ros'
[0.775s] DEBUG:colcon.colcon_core.package_identification:Package 'src/ros_numpy' with type 'ros.catkin' and name 'ros_numpy'
[0.775s] Level 1:colcon.colcon_core.package_identification:_identify(src/unilidar_sdk) by extensions ['ignore', 'ignore_ament_install']
[0.775s] Level 1:colcon.colcon_core.package_identification:_identify(src/unilidar_sdk) by extension 'ignore'
[0.776s] Level 1:colcon.colcon_core.package_identification:_identify(src/unilidar_sdk) by extension 'ignore_ament_install'
[0.776s] Level 1:colcon.colcon_core.package_identification:_identify(src/unilidar_sdk) by extensions ['colcon_pkg']
[0.776s] Level 1:colcon.colcon_core.package_identification:_identify(src/unilidar_sdk) by extension 'colcon_pkg'
[0.776s] Level 1:colcon.colcon_core.package_identification:_identify(src/unilidar_sdk) by extensions ['colcon_meta']
[0.776s] Level 1:colcon.colcon_core.package_identification:_identify(src/unilidar_sdk) by extension 'colcon_meta'
[0.776s] Level 1:colcon.colcon_core.package_identification:_identify(src/unilidar_sdk) by extensions ['ros']
[0.776s] Level 1:colcon.colcon_core.package_identification:_identify(src/unilidar_sdk) by extension 'ros'
[0.777s] Level 1:colcon.colcon_core.package_identification:_identify(src/unilidar_sdk) by extensions ['cmake', 'python']
[0.777s] Level 1:colcon.colcon_core.package_identification:_identify(src/unilidar_sdk) by extension 'cmake'
[0.777s] Level 1:colcon.colcon_core.package_identification:_identify(src/unilidar_sdk) by extension 'python'
[0.777s] Level 1:colcon.colcon_core.package_identification:_identify(src/unilidar_sdk) by extensions ['python_setup_py']
[0.777s] Level 1:colcon.colcon_core.package_identification:_identify(src/unilidar_sdk) by extension 'python_setup_py'
[0.777s] Level 1:colcon.colcon_core.package_identification:_identify(src/unilidar_sdk/docs) by extensions ['ignore', 'ignore_ament_install']
[0.777s] Level 1:colcon.colcon_core.package_identification:_identify(src/unilidar_sdk/docs) by extension 'ignore'
[0.778s] Level 1:colcon.colcon_core.package_identification:_identify(src/unilidar_sdk/docs) by extension 'ignore_ament_install'
[0.778s] Level 1:colcon.colcon_core.package_identification:_identify(src/unilidar_sdk/docs) by extensions ['colcon_pkg']
[0.778s] Level 1:colcon.colcon_core.package_identification:_identify(src/unilidar_sdk/docs) by extension 'colcon_pkg'
[0.778s] Level 1:colcon.colcon_core.package_identification:_identify(src/unilidar_sdk/docs) by extensions ['colcon_meta']
[0.778s] Level 1:colcon.colcon_core.package_identification:_identify(src/unilidar_sdk/docs) by extension 'colcon_meta'
[0.778s] Level 1:colcon.colcon_core.package_identification:_identify(src/unilidar_sdk/docs) by extensions ['ros']
[0.778s] Level 1:colcon.colcon_core.package_identification:_identify(src/unilidar_sdk/docs) by extension 'ros'
[0.778s] Level 1:colcon.colcon_core.package_identification:_identify(src/unilidar_sdk/docs) by extensions ['cmake', 'python']
[0.778s] Level 1:colcon.colcon_core.package_identification:_identify(src/unilidar_sdk/docs) by extension 'cmake'
[0.779s] Level 1:colcon.colcon_core.package_identification:_identify(src/unilidar_sdk/docs) by extension 'python'
[0.779s] Level 1:colcon.colcon_core.package_identification:_identify(src/unilidar_sdk/docs) by extensions ['python_setup_py']
[0.779s] Level 1:colcon.colcon_core.package_identification:_identify(src/unilidar_sdk/docs) by extension 'python_setup_py'
[0.779s] Level 1:colcon.colcon_core.package_identification:_identify(src/unilidar_sdk/unitree_lidar_ros2) by extensions ['ignore', 'ignore_ament_install']
[0.779s] Level 1:colcon.colcon_core.package_identification:_identify(src/unilidar_sdk/unitree_lidar_ros2) by extension 'ignore'
[0.779s] Level 1:colcon.colcon_core.package_identification:_identify(src/unilidar_sdk/unitree_lidar_ros2) by extension 'ignore_ament_install'
[0.780s] Level 1:colcon.colcon_core.package_identification:_identify(src/unilidar_sdk/unitree_lidar_ros2) by extensions ['colcon_pkg']
[0.780s] Level 1:colcon.colcon_core.package_identification:_identify(src/unilidar_sdk/unitree_lidar_ros2) by extension 'colcon_pkg'
[0.780s] Level 1:colcon.colcon_core.package_identification:_identify(src/unilidar_sdk/unitree_lidar_ros2) by extensions ['colcon_meta']
[0.780s] Level 1:colcon.colcon_core.package_identification:_identify(src/unilidar_sdk/unitree_lidar_ros2) by extension 'colcon_meta'
[0.780s] Level 1:colcon.colcon_core.package_identification:_identify(src/unilidar_sdk/unitree_lidar_ros2) by extensions ['ros']
[0.780s] Level 1:colcon.colcon_core.package_identification:_identify(src/unilidar_sdk/unitree_lidar_ros2) by extension 'ros'
[0.780s] Level 1:colcon.colcon_core.package_identification:_identify(src/unilidar_sdk/unitree_lidar_ros2) by extensions ['cmake', 'python']
[0.780s] Level 1:colcon.colcon_core.package_identification:_identify(src/unilidar_sdk/unitree_lidar_ros2) by extension 'cmake'
[0.780s] Level 1:colcon.colcon_core.package_identification:_identify(src/unilidar_sdk/unitree_lidar_ros2) by extension 'python'
[0.781s] Level 1:colcon.colcon_core.package_identification:_identify(src/unilidar_sdk/unitree_lidar_ros2) by extensions ['python_setup_py']
[0.781s] Level 1:colcon.colcon_core.package_identification:_identify(src/unilidar_sdk/unitree_lidar_ros2) by extension 'python_setup_py'
[0.781s] Level 1:colcon.colcon_core.package_identification:_identify(src/unilidar_sdk/unitree_lidar_ros2/build) by extensions ['ignore', 'ignore_ament_install']
[0.781s] Level 1:colcon.colcon_core.package_identification:_identify(src/unilidar_sdk/unitree_lidar_ros2/build) by extension 'ignore'
[0.781s] Level 1:colcon.colcon_core.package_identification:_identify(src/unilidar_sdk/unitree_lidar_ros2/build) ignored
[0.781s] Level 1:colcon.colcon_core.package_identification:_identify(src/unilidar_sdk/unitree_lidar_ros2/install) by extensions ['ignore', 'ignore_ament_install']
[0.782s] Level 1:colcon.colcon_core.package_identification:_identify(src/unilidar_sdk/unitree_lidar_ros2/install) by extension 'ignore'
[0.782s] Level 1:colcon.colcon_core.package_identification:_identify(src/unilidar_sdk/unitree_lidar_ros2/install) ignored
[0.782s] Level 1:colcon.colcon_core.package_identification:_identify(src/unilidar_sdk/unitree_lidar_ros2/log) by extensions ['ignore', 'ignore_ament_install']
[0.782s] Level 1:colcon.colcon_core.package_identification:_identify(src/unilidar_sdk/unitree_lidar_ros2/log) by extension 'ignore'
[0.782s] Level 1:colcon.colcon_core.package_identification:_identify(src/unilidar_sdk/unitree_lidar_ros2/log) ignored
[0.783s] Level 1:colcon.colcon_core.package_identification:_identify(src/unilidar_sdk/unitree_lidar_ros2/src) by extensions ['ignore', 'ignore_ament_install']
[0.783s] Level 1:colcon.colcon_core.package_identification:_identify(src/unilidar_sdk/unitree_lidar_ros2/src) by extension 'ignore'
[0.783s] Level 1:colcon.colcon_core.package_identification:_identify(src/unilidar_sdk/unitree_lidar_ros2/src) by extension 'ignore_ament_install'
[0.783s] Level 1:colcon.colcon_core.package_identification:_identify(src/unilidar_sdk/unitree_lidar_ros2/src) by extensions ['colcon_pkg']
[0.783s] Level 1:colcon.colcon_core.package_identification:_identify(src/unilidar_sdk/unitree_lidar_ros2/src) by extension 'colcon_pkg'
[0.783s] Level 1:colcon.colcon_core.package_identification:_identify(src/unilidar_sdk/unitree_lidar_ros2/src) by extensions ['colcon_meta']
[0.783s] Level 1:colcon.colcon_core.package_identification:_identify(src/unilidar_sdk/unitree_lidar_ros2/src) by extension 'colcon_meta'
[0.783s] Level 1:colcon.colcon_core.package_identification:_identify(src/unilidar_sdk/unitree_lidar_ros2/src) by extensions ['ros']
[0.783s] Level 1:colcon.colcon_core.package_identification:_identify(src/unilidar_sdk/unitree_lidar_ros2/src) by extension 'ros'
[0.784s] Level 1:colcon.colcon_core.package_identification:_identify(src/unilidar_sdk/unitree_lidar_ros2/src) by extensions ['cmake', 'python']
[0.784s] Level 1:colcon.colcon_core.package_identification:_identify(src/unilidar_sdk/unitree_lidar_ros2/src) by extension 'cmake'
[0.784s] Level 1:colcon.colcon_core.package_identification:_identify(src/unilidar_sdk/unitree_lidar_ros2/src) by extension 'python'
[0.784s] Level 1:colcon.colcon_core.package_identification:_identify(src/unilidar_sdk/unitree_lidar_ros2/src) by extensions ['python_setup_py']
[0.784s] Level 1:colcon.colcon_core.package_identification:_identify(src/unilidar_sdk/unitree_lidar_ros2/src) by extension 'python_setup_py'
[0.784s] Level 1:colcon.colcon_core.package_identification:_identify(src/unilidar_sdk/unitree_lidar_ros2/src/unitree_lidar_ros2) by extensions ['ignore', 'ignore_ament_install']
[0.784s] Level 1:colcon.colcon_core.package_identification:_identify(src/unilidar_sdk/unitree_lidar_ros2/src/unitree_lidar_ros2) by extension 'ignore'
[0.785s] Level 1:colcon.colcon_core.package_identification:_identify(src/unilidar_sdk/unitree_lidar_ros2/src/unitree_lidar_ros2) by extension 'ignore_ament_install'
[0.785s] Level 1:colcon.colcon_core.package_identification:_identify(src/unilidar_sdk/unitree_lidar_ros2/src/unitree_lidar_ros2) by extensions ['colcon_pkg']
[0.785s] Level 1:colcon.colcon_core.package_identification:_identify(src/unilidar_sdk/unitree_lidar_ros2/src/unitree_lidar_ros2) by extension 'colcon_pkg'
[0.785s] Level 1:colcon.colcon_core.package_identification:_identify(src/unilidar_sdk/unitree_lidar_ros2/src/unitree_lidar_ros2) by extensions ['colcon_meta']
[0.785s] Level 1:colcon.colcon_core.package_identification:_identify(src/unilidar_sdk/unitree_lidar_ros2/src/unitree_lidar_ros2) by extension 'colcon_meta'
[0.785s] Level 1:colcon.colcon_core.package_identification:_identify(src/unilidar_sdk/unitree_lidar_ros2/src/unitree_lidar_ros2) by extensions ['ros']
[0.785s] Level 1:colcon.colcon_core.package_identification:_identify(src/unilidar_sdk/unitree_lidar_ros2/src/unitree_lidar_ros2) by extension 'ros'
[0.788s] DEBUG:colcon.colcon_core.package_identification:Package 'src/unilidar_sdk/unitree_lidar_ros2/src/unitree_lidar_ros2' with type 'ros.ament_cmake' and name 'unitree_lidar_ros2'
[0.788s] Level 1:colcon.colcon_core.package_identification:_identify(src/unilidar_sdk/unitree_lidar_sdk) by extensions ['ignore', 'ignore_ament_install']
[0.788s] Level 1:colcon.colcon_core.package_identification:_identify(src/unilidar_sdk/unitree_lidar_sdk) by extension 'ignore'
[0.788s] Level 1:colcon.colcon_core.package_identification:_identify(src/unilidar_sdk/unitree_lidar_sdk) by extension 'ignore_ament_install'
[0.788s] Level 1:colcon.colcon_core.package_identification:_identify(src/unilidar_sdk/unitree_lidar_sdk) by extensions ['colcon_pkg']
[0.789s] Level 1:colcon.colcon_core.package_identification:_identify(src/unilidar_sdk/unitree_lidar_sdk) by extension 'colcon_pkg'
[0.789s] Level 1:colcon.colcon_core.package_identification:_identify(src/unilidar_sdk/unitree_lidar_sdk) by extensions ['colcon_meta']
[0.789s] Level 1:colcon.colcon_core.package_identification:_identify(src/unilidar_sdk/unitree_lidar_sdk) by extension 'colcon_meta'
[0.789s] Level 1:colcon.colcon_core.package_identification:_identify(src/unilidar_sdk/unitree_lidar_sdk) by extensions ['ros']
[0.789s] Level 1:colcon.colcon_core.package_identification:_identify(src/unilidar_sdk/unitree_lidar_sdk) by extension 'ros'
[0.789s] Level 1:colcon.colcon_core.package_identification:_identify(src/unilidar_sdk/unitree_lidar_sdk) by extensions ['cmake', 'python']
[0.789s] Level 1:colcon.colcon_core.package_identification:_identify(src/unilidar_sdk/unitree_lidar_sdk) by extension 'cmake'
[0.793s] Level 1:colcon.colcon_core.package_identification:_identify(src/unilidar_sdk/unitree_lidar_sdk) by extension 'python'
[0.793s] DEBUG:colcon.colcon_core.package_identification:Package 'src/unilidar_sdk/unitree_lidar_sdk' with type 'cmake' and name 'unitree_lidar_sdk'
[0.793s] Level 1:colcon.colcon_core.package_discovery:discover_packages(recursive) using defaults
[0.793s] Level 1:colcon.colcon_core.package_discovery:discover_packages(ignore) discover
[0.793s] Level 1:colcon.colcon_core.package_discovery:discover_packages(ignore) using defaults
[0.794s] Level 1:colcon.colcon_core.package_discovery:discover_packages(path) discover
[0.794s] Level 1:colcon.colcon_core.package_discovery:discover_packages(path) using defaults
[0.908s] INFO:colcon.colcon_core.package_selection:Skipping not selected package 'my_lidar_pkg' in 'src/my_lidar_pkg'
[0.908s] INFO:colcon.colcon_core.package_selection:Skipping not selected package 'ros_numpy' in 'src/ros_numpy'
[0.908s] INFO:colcon.colcon_core.package_selection:Skipping not selected package 'unitree_lidar_ros2' in 'src/unilidar_sdk/unitree_lidar_ros2/src/unitree_lidar_ros2'
[0.908s] INFO:colcon.colcon_core.package_selection:Skipping not selected package 'unitree_lidar_sdk' in 'src/unilidar_sdk/unitree_lidar_sdk'
[0.909s] Level 1:colcon.colcon_core.package_discovery:discover_packages(prefix_path) check parameters
[0.909s] Level 1:colcon.colcon_core.package_discovery:discover_packages(prefix_path) discover
[0.914s] DEBUG:colcon.colcon_installed_package_information.package_discovery:Found 5 installed packages in /home/jacob/ros2_ws/install
[0.917s] DEBUG:colcon.colcon_installed_package_information.package_discovery:Found 292 installed packages in /opt/ros/humble
[0.920s] Level 1:colcon.colcon_core.package_discovery:discover_packages(prefix_path) using defaults
[1.015s] Level 5:colcon.colcon_core.verb:set package 'pointcloud_filters' build argument 'cmake_args' from command line to 'None'
[1.015s] Level 5:colcon.colcon_core.verb:set package 'pointcloud_filters' build argument 'cmake_target' from command line to 'None'
[1.015s] Level 5:colcon.colcon_core.verb:set package 'pointcloud_filters' build argument 'cmake_target_skip_unavailable' from command line to 'False'
[1.016s] Level 5:colcon.colcon_core.verb:set package 'pointcloud_filters' build argument 'cmake_clean_cache' from command line to 'False'
[1.016s] Level 5:colcon.colcon_core.verb:set package 'pointcloud_filters' build argument 'cmake_clean_first' from command line to 'False'
[1.016s] Level 5:colcon.colcon_core.verb:set package 'pointcloud_filters' build argument 'cmake_force_configure' from command line to 'False'
[1.016s] Level 5:colcon.colcon_core.verb:set package 'pointcloud_filters' build argument 'ament_cmake_args' from command line to 'None'
[1.016s] Level 5:colcon.colcon_core.verb:set package 'pointcloud_filters' build argument 'catkin_cmake_args' from command line to 'None'
[1.016s] Level 5:colcon.colcon_core.verb:set package 'pointcloud_filters' build argument 'catkin_skip_building_tests' from command line to 'False'
[1.016s] DEBUG:colcon.colcon_core.verb:Building package 'pointcloud_filters' with the following arguments: {'ament_cmake_args': None, 'build_base': '/home/jacob/ros2_ws/build/pointcloud_filters', 'catkin_cmake_args': None, 'catkin_skip_building_tests': False, 'cmake_args': None, 'cmake_clean_cache': False, 'cmake_clean_first': False, 'cmake_force_configure': False, 'cmake_target': None, 'cmake_target_skip_unavailable': False, 'install_base': '/home/jacob/ros2_ws/install/pointcloud_filters', 'merge_install': False, 'path': '/home/jacob/ros2_ws/src/pointcloud_filters', 'symlink_install': True, 'test_result_base': None}
[1.016s] INFO:colcon.colcon_core.executor:Executing jobs using 'parallel' executor
[1.019s] DEBUG:colcon.colcon_parallel_executor.executor.parallel:run_until_complete
[1.020s] INFO:colcon.colcon_ros.task.ament_python.build:Building ROS package in '/home/jacob/ros2_ws/src/pointcloud_filters' with build type 'ament_python'
[1.021s] Level 1:colcon.colcon_core.shell:create_environment_hook('pointcloud_filters', 'ament_prefix_path')
[1.027s] INFO:colcon.colcon_core.plugin_system:Skipping extension 'colcon_core.shell.bat': Not used on non-Windows systems
[1.027s] INFO:colcon.colcon_core.shell:Creating environment hook '/home/jacob/ros2_ws/install/pointcloud_filters/share/pointcloud_filters/hook/ament_prefix_path.ps1'
[1.030s] INFO:colcon.colcon_core.shell:Creating environment descriptor '/home/jacob/ros2_ws/install/pointcloud_filters/share/pointcloud_filters/hook/ament_prefix_path.dsv'
[1.031s] INFO:colcon.colcon_core.shell:Creating environment hook '/home/jacob/ros2_ws/install/pointcloud_filters/share/pointcloud_filters/hook/ament_prefix_path.sh'
[1.033s] INFO:colcon.colcon_core.shell:Skip shell extension 'powershell' for command environment: Not usable outside of PowerShell
[1.033s] DEBUG:colcon.colcon_core.shell:Skip shell extension 'dsv' for command environment
[1.749s] INFO:colcon.colcon_core.task.python.build:Building Python package in '/home/jacob/ros2_ws/src/pointcloud_filters'
[1.751s] INFO:colcon.colcon_core.shell:Skip shell extension 'powershell' for command environment: Not usable outside of PowerShell
[1.751s] DEBUG:colcon.colcon_core.shell:Skip shell extension 'dsv' for command environment
[2.771s] DEBUG:colcon.colcon_core.event_handler.log_command:Invoking command in '/home/jacob/ros2_ws/build/pointcloud_filters': PYTHONPATH=/home/jacob/ros2_ws/build/pointcloud_filters/prefix_override:/usr/lib/python3/dist-packages/colcon_core/task/python/colcon_distutils_commands:/home/jacob/ros2_ws/install/pointcloud_filters/lib/python3.10/site-packages:${PYTHONPATH} /usr/bin/python3 -W ignore:setup.py install is deprecated -W ignore:easy_install command is deprecated setup.py develop --editable --build-directory /home/jacob/ros2_ws/build/pointcloud_filters/build --no-deps symlink_data
[4.075s] Level 1:colcon.colcon_core.shell:create_environment_hook('pointcloud_filters', 'pythonpath_develop')
[4.077s] INFO:colcon.colcon_core.shell:Creating environment hook '/home/jacob/ros2_ws/build/pointcloud_filters/share/pointcloud_filters/hook/pythonpath_develop.ps1'
[4.079s] DEBUG:colcon.colcon_core.event_handler.log_command:Invoked command in '/home/jacob/ros2_ws/build/pointcloud_filters' returned '0': PYTHONPATH=/home/jacob/ros2_ws/build/pointcloud_filters/prefix_override:/usr/lib/python3/dist-packages/colcon_core/task/python/colcon_distutils_commands:/home/jacob/ros2_ws/install/pointcloud_filters/lib/python3.10/site-packages:${PYTHONPATH} /usr/bin/python3 -W ignore:setup.py install is deprecated -W ignore:easy_install command is deprecated setup.py develop --editable --build-directory /home/jacob/ros2_ws/build/pointcloud_filters/build --no-deps symlink_data
[4.082s] INFO:colcon.colcon_core.shell:Creating environment descriptor '/home/jacob/ros2_ws/build/pointcloud_filters/share/pointcloud_filters/hook/pythonpath_develop.dsv'
[4.084s] INFO:colcon.colcon_core.shell:Creating environment hook '/home/jacob/ros2_ws/build/pointcloud_filters/share/pointcloud_filters/hook/pythonpath_develop.sh'
[4.101s] Level 1:colcon.colcon_core.environment:checking '/home/jacob/ros2_ws/install/pointcloud_filters' for CMake module files
[4.103s] Level 1:colcon.colcon_core.environment:checking '/home/jacob/ros2_ws/install/pointcloud_filters' for CMake config files
[4.108s] Level 1:colcon.colcon_core.environment:checking '/home/jacob/ros2_ws/install/pointcloud_filters/lib'
[4.109s] Level 1:colcon.colcon_core.environment:checking '/home/jacob/ros2_ws/install/pointcloud_filters/bin'
[4.109s] Level 1:colcon.colcon_core.environment:checking '/home/jacob/ros2_ws/install/pointcloud_filters/lib/pkgconfig/pointcloud_filters.pc'
[4.110s] Level 1:colcon.colcon_core.environment:checking '/home/jacob/ros2_ws/install/pointcloud_filters/lib/python3.10/site-packages'
[4.111s] Level 1:colcon.colcon_core.shell:create_environment_hook('pointcloud_filters', 'pythonpath')
[4.112s] INFO:colcon.colcon_core.shell:Creating environment hook '/home/jacob/ros2_ws/install/pointcloud_filters/share/pointcloud_filters/hook/pythonpath.ps1'
[4.116s] INFO:colcon.colcon_core.shell:Creating environment descriptor '/home/jacob/ros2_ws/install/pointcloud_filters/share/pointcloud_filters/hook/pythonpath.dsv'
[4.118s] INFO:colcon.colcon_core.shell:Creating environment hook '/home/jacob/ros2_ws/install/pointcloud_filters/share/pointcloud_filters/hook/pythonpath.sh'
[4.121s] Level 1:colcon.colcon_core.environment:checking '/home/jacob/ros2_ws/install/pointcloud_filters/bin'
[4.121s] Level 1:colcon.colcon_core.environment:create_environment_scripts_only(pointcloud_filters)
[4.123s] INFO:colcon.colcon_core.shell:Creating package script '/home/jacob/ros2_ws/install/pointcloud_filters/share/pointcloud_filters/package.ps1'
[4.128s] INFO:colcon.colcon_core.shell:Creating package descriptor '/home/jacob/ros2_ws/install/pointcloud_filters/share/pointcloud_filters/package.dsv'
[4.131s] INFO:colcon.colcon_core.shell:Creating package script '/home/jacob/ros2_ws/install/pointcloud_filters/share/pointcloud_filters/package.sh'
[4.134s] INFO:colcon.colcon_core.shell:Creating package script '/home/jacob/ros2_ws/install/pointcloud_filters/share/pointcloud_filters/package.bash'
[4.137s] INFO:colcon.colcon_core.shell:Creating package script '/home/jacob/ros2_ws/install/pointcloud_filters/share/pointcloud_filters/package.zsh'
[4.140s] Level 1:colcon.colcon_core.environment:create_file_with_runtime_dependencies(/home/jacob/ros2_ws/install/pointcloud_filters/share/colcon-core/packages/pointcloud_filters)
[4.144s] DEBUG:colcon.colcon_parallel_executor.executor.parallel:closing loop
[4.147s] DEBUG:colcon.colcon_parallel_executor.executor.parallel:loop closed
[4.147s] DEBUG:colcon.colcon_parallel_executor.executor.parallel:run_until_complete finished with '0'
[4.148s] DEBUG:colcon.colcon_core.event_reactor:joining thread
[4.181s] INFO:colcon.colcon_core.plugin_system:Skipping extension 'colcon_notification.desktop_notification.terminal_notifier': Not used on non-Darwin systems
[4.182s] INFO:colcon.colcon_core.plugin_system:Skipping extension 'colcon_notification.desktop_notification.win32': Not used on non-Windows systems
[4.182s] INFO:colcon.colcon_notification.desktop_notification:Sending desktop notification using 'notify2'
[4.238s] DEBUG:colcon.colcon_notification.desktop_notification.notify2:Failed to initialize notify2: org.freedesktop.DBus.Error.Spawn.ChildExited: Process org.freedesktop.Notifications exited with status 1
[4.239s] DEBUG:colcon.colcon_core.event_reactor:joined thread
[4.240s] INFO:colcon.colcon_core.shell:Creating prefix script '/home/jacob/ros2_ws/install/local_setup.ps1'
[4.245s] INFO:colcon.colcon_core.shell:Creating prefix util module '/home/jacob/ros2_ws/install/_local_setup_util_ps1.py'
[4.252s] INFO:colcon.colcon_core.shell:Creating prefix chain script '/home/jacob/ros2_ws/install/setup.ps1'
[4.259s] INFO:colcon.colcon_core.shell:Creating prefix script '/home/jacob/ros2_ws/install/local_setup.sh'
[4.261s] INFO:colcon.colcon_core.shell:Creating prefix util module '/home/jacob/ros2_ws/install/_local_setup_util_sh.py'
[4.264s] INFO:colcon.colcon_core.shell:Creating prefix chain script '/home/jacob/ros2_ws/install/setup.sh'
[4.269s] INFO:colcon.colcon_core.shell:Creating prefix script '/home/jacob/ros2_ws/install/local_setup.bash'
[4.271s] INFO:colcon.colcon_core.shell:Creating prefix chain script '/home/jacob/ros2_ws/install/setup.bash'
[4.275s] INFO:colcon.colcon_core.shell:Creating prefix script '/home/jacob/ros2_ws/install/local_setup.zsh'
[4.277s] INFO:colcon.colcon_core.shell:Creating prefix chain script '/home/jacob/ros2_ws/install/setup.zsh'
