[0.000000] (-) TimerEvent: {}
[0.000376] (-) JobUnselected: {'identifier': 'ros_numpy'}
[0.000791] (-) JobUnselected: {'identifier': 'unitree_lidar_ros2'}
[0.001425] (-) JobUnselected: {'identifier': 'unitree_lidar_sdk'}
[0.001788] (my_lidar_pkg) JobQueued: {'identifier': 'my_lidar_pkg', 'dependencies': OrderedDict()}
[0.002069] (my_lidar_pkg) JobStarted: {'identifier': 'my_lidar_pkg'}
[0.020551] (my_lidar_pkg) JobProgress: {'identifier': 'my_lidar_pkg', 'progress': 'cmake'}
[0.022529] (my_lidar_pkg) Command: {'cmd': ['/usr/bin/cmake', '/home/jacob/ros2_ws/src/my_lidar_pkg', '-DCATKIN_INSTALL_INTO_PREFIX_ROOT=0', '-DCATKIN_SYMLINK_INSTALL=ON', '-DCMAKE_INSTALL_PREFIX=/home/jacob/ros2_ws/install/my_lidar_pkg'], 'cwd': '/home/jacob/ros2_ws/build/my_lidar_pkg', 'env': OrderedDict([('LESSOPEN', '| /usr/bin/lesspipe %s'), ('VSCODE_CWD', '/home/jacob'), ('VSCODE_ESM_ENTRYPOINT', 'vs/workbench/api/node/extensionHostProcess'), ('LANGUAGE', 'en_CA:en'), ('USER', 'jacob'), ('SSH_CLIENT', '100.70.227.125 62180 22'), ('VSCODE_NLS_CONFIG', '{"userLocale":"en","osLocale":"en","resolvedLanguage":"en","defaultMessagesFile":"/home/jacob/.cursor-server/bin/5c17eb2968a37f66bc6662f48d6356a100b67be0/out/nls.messages.json","locale":"en","availableLanguages":{}}'), ('VSCODE_HANDLES_UNCAUGHT_ERRORS', 'true'), ('ROS_PACKAGE_PATH', '/home/jacob/ros2_ws/install/my_lidar_pkg/share'), ('XDG_SESSION_TYPE', 'tty'), ('SHLVL', '2'), ('LD_LIBRARY_PATH', '/opt/ros/humble/opt/rviz_ogre_vendor/lib:/opt/ros/humble/lib/aarch64-linux-gnu:/opt/ros/humble/lib'), ('BROWSER', '/home/jacob/.cursor-server/bin/5c17eb2968a37f66bc6662f48d6356a100b67be0/bin/helpers/browser.sh'), ('MOTD_SHOWN', 'pam'), ('HOME', '/home/jacob'), ('OLDPWD', '/home/jacob'), ('VSCODE_IPC_HOOK_CLI', '/run/user/1002/vscode-ipc-ec65a006-e728-4398-b7bd-3babdd5a7260.sock'), ('ROS_PYTHON_VERSION', '3'), ('NO_COLOR', '1'), ('DBUS_SESSION_BUS_ADDRESS', 'unix:path=/run/user/1002/bus'), ('VSCODE_L10N_BUNDLE_LOCATION', ''), ('COLCON_PREFIX_PATH', '/home/jacob/ros2_ws/install:/home/jacob/ros2_ws/src/install'), ('ROS_DISTRO', 'humble'), ('LOGNAME', 'jacob'), ('FORCE_COLOR', '0'), ('VSCODE_HANDLES_SIGPIPE', 'true'), ('_', '/usr/bin/colcon'), ('ROS_VERSION', '2'), ('PKG_CONFIG_PATH', '/home/jacob/ros2_ws/install/my_lidar_pkg/lib/aarch64-linux-gnu/pkgconfig:/home/jacob/ros2_ws/install/my_lidar_pkg/lib/pkgconfig'), ('XDG_SESSION_CLASS', 'user'), ('TERM', 'dumb'), ('XDG_SESSION_ID', '1148'), ('ROS_LOCALHOST_ONLY', '0'), ('COMPOSER_NO_INTERACTION', '1'), ('PATH', '/home/jacob/.cursor-server/bin/5c17eb2968a37f66bc6662f48d6356a100b67be0/bin/remote-cli:/opt/ros/humble/bin:/home/jacob/.cursor-server/bin/5c17eb2968a37f66bc6662f48d6356a100b67be0/bin/remote-cli:/usr/local/sbin:/usr/local/bin:/usr/sbin:/usr/bin:/sbin:/bin:/usr/games:/usr/local/games:/snap/bin'), ('VSCODE_AGENT_FOLDER', '/home/jacob/.cursor-server'), ('XDG_RUNTIME_DIR', '/run/user/1002'), ('CURSOR_AGENT', '1'), ('LANG', 'en_US.UTF-8'), ('LS_COLORS', ''), ('AMENT_PREFIX_PATH', '/home/jacob/ros2_ws/install/unitree_lidar_ros2:/opt/ros/humble'), ('SHELL', '/bin/bash'), ('VSCODE_SERVER_SHUTDOWN_TIMEOUT', '300'), ('LESSCLOSE', '/usr/bin/lesspipe %s %s'), ('PWD', '/home/jacob/ros2_ws/build/my_lidar_pkg'), ('LC_ALL', 'en_US.UTF-8'), ('SSH_CONNECTION', '100.70.227.125 62180 100.123.76.44 22'), ('XDG_DATA_DIRS', '/usr/share/gnome:/usr/local/share:/usr/share:/var/lib/snapd/desktop'), ('PYTHONPATH', '/home/jacob/ros2_ws/install/my_lidar_pkg/local/lib/python3.10/dist-packages:/home/jacob/ros2_ws/install/my_lidar_pkg/lib/python3.10/site-packages:/home/jacob/ros2_ws/src/install/my_lidar_pkg/lib/python3.10/site-packages:/opt/ros/humble/lib/python3.10/site-packages:/opt/ros/humble/local/lib/python3.10/dist-packages'), ('COLCON', '1'), ('CMAKE_PREFIX_PATH', '/home/jacob/ros2_ws/install/unitree_lidar_ros2:/home/jacob/ros2_ws/install/my_lidar_pkg')]), 'shell': False}
[0.053499] (my_lidar_pkg) StdoutLine: {'line': b'-- Found ament_cmake: 1.3.12 (/opt/ros/humble/share/ament_cmake/cmake)\n'}
[0.099180] (-) TimerEvent: {}
[0.200020] (-) TimerEvent: {}
[0.300978] (-) TimerEvent: {}
[0.402105] (-) TimerEvent: {}
[0.503009] (-) TimerEvent: {}
[0.603580] (-) TimerEvent: {}
[0.704185] (-) TimerEvent: {}
[0.736893] (my_lidar_pkg) StdoutLine: {'line': b'-- Configuring done\n'}
[0.754167] (my_lidar_pkg) StdoutLine: {'line': b'-- Generating done\n'}
[0.762109] (my_lidar_pkg) StdoutLine: {'line': b'-- Build files have been written to: /home/jacob/ros2_ws/build/my_lidar_pkg\n'}
[0.771766] (my_lidar_pkg) CommandEnded: {'returncode': 0}
[0.773551] (my_lidar_pkg) JobProgress: {'identifier': 'my_lidar_pkg', 'progress': 'build'}
[0.776012] (my_lidar_pkg) Command: {'cmd': ['/usr/bin/cmake', '--build', '/home/jacob/ros2_ws/build/my_lidar_pkg', '--', '-j6', '-l6'], 'cwd': '/home/jacob/ros2_ws/build/my_lidar_pkg', 'env': OrderedDict([('LESSOPEN', '| /usr/bin/lesspipe %s'), ('VSCODE_CWD', '/home/jacob'), ('VSCODE_ESM_ENTRYPOINT', 'vs/workbench/api/node/extensionHostProcess'), ('LANGUAGE', 'en_CA:en'), ('USER', 'jacob'), ('SSH_CLIENT', '100.70.227.125 62180 22'), ('VSCODE_NLS_CONFIG', '{"userLocale":"en","osLocale":"en","resolvedLanguage":"en","defaultMessagesFile":"/home/jacob/.cursor-server/bin/5c17eb2968a37f66bc6662f48d6356a100b67be0/out/nls.messages.json","locale":"en","availableLanguages":{}}'), ('VSCODE_HANDLES_UNCAUGHT_ERRORS', 'true'), ('ROS_PACKAGE_PATH', '/home/jacob/ros2_ws/install/my_lidar_pkg/share'), ('XDG_SESSION_TYPE', 'tty'), ('SHLVL', '2'), ('LD_LIBRARY_PATH', '/opt/ros/humble/opt/rviz_ogre_vendor/lib:/opt/ros/humble/lib/aarch64-linux-gnu:/opt/ros/humble/lib'), ('BROWSER', '/home/jacob/.cursor-server/bin/5c17eb2968a37f66bc6662f48d6356a100b67be0/bin/helpers/browser.sh'), ('MOTD_SHOWN', 'pam'), ('HOME', '/home/jacob'), ('OLDPWD', '/home/jacob'), ('VSCODE_IPC_HOOK_CLI', '/run/user/1002/vscode-ipc-ec65a006-e728-4398-b7bd-3babdd5a7260.sock'), ('ROS_PYTHON_VERSION', '3'), ('NO_COLOR', '1'), ('DBUS_SESSION_BUS_ADDRESS', 'unix:path=/run/user/1002/bus'), ('VSCODE_L10N_BUNDLE_LOCATION', ''), ('COLCON_PREFIX_PATH', '/home/jacob/ros2_ws/install:/home/jacob/ros2_ws/src/install'), ('ROS_DISTRO', 'humble'), ('LOGNAME', 'jacob'), ('FORCE_COLOR', '0'), ('VSCODE_HANDLES_SIGPIPE', 'true'), ('_', '/usr/bin/colcon'), ('ROS_VERSION', '2'), ('PKG_CONFIG_PATH', '/home/jacob/ros2_ws/install/my_lidar_pkg/lib/aarch64-linux-gnu/pkgconfig:/home/jacob/ros2_ws/install/my_lidar_pkg/lib/pkgconfig'), ('XDG_SESSION_CLASS', 'user'), ('TERM', 'dumb'), ('XDG_SESSION_ID', '1148'), ('ROS_LOCALHOST_ONLY', '0'), ('COMPOSER_NO_INTERACTION', '1'), ('PATH', '/home/jacob/.cursor-server/bin/5c17eb2968a37f66bc6662f48d6356a100b67be0/bin/remote-cli:/opt/ros/humble/bin:/home/jacob/.cursor-server/bin/5c17eb2968a37f66bc6662f48d6356a100b67be0/bin/remote-cli:/usr/local/sbin:/usr/local/bin:/usr/sbin:/usr/bin:/sbin:/bin:/usr/games:/usr/local/games:/snap/bin'), ('VSCODE_AGENT_FOLDER', '/home/jacob/.cursor-server'), ('XDG_RUNTIME_DIR', '/run/user/1002'), ('CURSOR_AGENT', '1'), ('LANG', 'en_US.UTF-8'), ('LS_COLORS', ''), ('AMENT_PREFIX_PATH', '/home/jacob/ros2_ws/install/unitree_lidar_ros2:/opt/ros/humble'), ('SHELL', '/bin/bash'), ('VSCODE_SERVER_SHUTDOWN_TIMEOUT', '300'), ('LESSCLOSE', '/usr/bin/lesspipe %s %s'), ('PWD', '/home/jacob/ros2_ws/build/my_lidar_pkg'), ('LC_ALL', 'en_US.UTF-8'), ('SSH_CONNECTION', '100.70.227.125 62180 100.123.76.44 22'), ('XDG_DATA_DIRS', '/usr/share/gnome:/usr/local/share:/usr/share:/var/lib/snapd/desktop'), ('PYTHONPATH', '/home/jacob/ros2_ws/install/my_lidar_pkg/local/lib/python3.10/dist-packages:/home/jacob/ros2_ws/install/my_lidar_pkg/lib/python3.10/site-packages:/home/jacob/ros2_ws/src/install/my_lidar_pkg/lib/python3.10/site-packages:/opt/ros/humble/lib/python3.10/site-packages:/opt/ros/humble/local/lib/python3.10/dist-packages'), ('COLCON', '1'), ('CMAKE_PREFIX_PATH', '/home/jacob/ros2_ws/install/unitree_lidar_ros2:/home/jacob/ros2_ws/install/my_lidar_pkg')]), 'shell': False}
[0.804347] (-) TimerEvent: {}
[0.904931] (-) TimerEvent: {}
[0.918980] (my_lidar_pkg) StdoutLine: {'line': b'Built target ament_cmake_python_copy_my_lidar_pkg_setup\n'}
[0.919760] (my_lidar_pkg) StdoutLine: {'line': b'Built target ament_cmake_python_copy_my_lidar_pkg\n'}
[1.005118] (-) TimerEvent: {}
[1.105628] (-) TimerEvent: {}
[1.206172] (-) TimerEvent: {}
[1.306740] (-) TimerEvent: {}
[1.407289] (-) TimerEvent: {}
[1.502962] (my_lidar_pkg) StderrLine: {'line': b"/usr/lib/python3/dist-packages/setuptools/dist.py:723: UserWarning: Usage of dash-separated 'script-dir' will not be supported in future versions. Please use the underscore name 'script_dir' instead\n"}
[1.504370] (my_lidar_pkg) StderrLine: {'line': b'  warnings.warn(\n'}
[1.504568] (my_lidar_pkg) StderrLine: {'line': b"/usr/lib/python3/dist-packages/setuptools/dist.py:723: UserWarning: Usage of dash-separated 'install-scripts' will not be supported in future versions. Please use the underscore name 'install_scripts' instead\n"}
[1.504738] (my_lidar_pkg) StderrLine: {'line': b'  warnings.warn(\n'}
[1.507342] (-) TimerEvent: {}
[1.516173] (my_lidar_pkg) StdoutLine: {'line': b'running egg_info\n'}
[1.517761] (my_lidar_pkg) StdoutLine: {'line': b'writing my_lidar_pkg.egg-info/PKG-INFO\n'}
[1.518635] (my_lidar_pkg) StdoutLine: {'line': b'writing dependency_links to my_lidar_pkg.egg-info/dependency_links.txt\n'}
[1.519173] (my_lidar_pkg) StdoutLine: {'line': b'writing top-level names to my_lidar_pkg.egg-info/top_level.txt\n'}
[1.524695] (my_lidar_pkg) StdoutLine: {'line': b"reading manifest file 'my_lidar_pkg.egg-info/SOURCES.txt'\n"}
[1.526046] (my_lidar_pkg) StdoutLine: {'line': b"writing manifest file 'my_lidar_pkg.egg-info/SOURCES.txt'\n"}
[1.607642] (-) TimerEvent: {}
[1.641544] (my_lidar_pkg) StdoutLine: {'line': b'Built target ament_cmake_python_build_my_lidar_pkg_egg\n'}
[1.671741] (my_lidar_pkg) CommandEnded: {'returncode': 0}
[1.675181] (my_lidar_pkg) JobProgress: {'identifier': 'my_lidar_pkg', 'progress': 'install'}
[1.704432] (my_lidar_pkg) Command: {'cmd': ['/usr/bin/cmake', '--install', '/home/jacob/ros2_ws/build/my_lidar_pkg'], 'cwd': '/home/jacob/ros2_ws/build/my_lidar_pkg', 'env': OrderedDict([('LESSOPEN', '| /usr/bin/lesspipe %s'), ('VSCODE_CWD', '/home/jacob'), ('VSCODE_ESM_ENTRYPOINT', 'vs/workbench/api/node/extensionHostProcess'), ('LANGUAGE', 'en_CA:en'), ('USER', 'jacob'), ('SSH_CLIENT', '100.70.227.125 62180 22'), ('VSCODE_NLS_CONFIG', '{"userLocale":"en","osLocale":"en","resolvedLanguage":"en","defaultMessagesFile":"/home/jacob/.cursor-server/bin/5c17eb2968a37f66bc6662f48d6356a100b67be0/out/nls.messages.json","locale":"en","availableLanguages":{}}'), ('VSCODE_HANDLES_UNCAUGHT_ERRORS', 'true'), ('ROS_PACKAGE_PATH', '/home/jacob/ros2_ws/install/my_lidar_pkg/share'), ('XDG_SESSION_TYPE', 'tty'), ('SHLVL', '2'), ('LD_LIBRARY_PATH', '/opt/ros/humble/opt/rviz_ogre_vendor/lib:/opt/ros/humble/lib/aarch64-linux-gnu:/opt/ros/humble/lib'), ('BROWSER', '/home/jacob/.cursor-server/bin/5c17eb2968a37f66bc6662f48d6356a100b67be0/bin/helpers/browser.sh'), ('MOTD_SHOWN', 'pam'), ('HOME', '/home/jacob'), ('OLDPWD', '/home/jacob'), ('VSCODE_IPC_HOOK_CLI', '/run/user/1002/vscode-ipc-ec65a006-e728-4398-b7bd-3babdd5a7260.sock'), ('ROS_PYTHON_VERSION', '3'), ('NO_COLOR', '1'), ('DBUS_SESSION_BUS_ADDRESS', 'unix:path=/run/user/1002/bus'), ('VSCODE_L10N_BUNDLE_LOCATION', ''), ('COLCON_PREFIX_PATH', '/home/jacob/ros2_ws/install:/home/jacob/ros2_ws/src/install'), ('ROS_DISTRO', 'humble'), ('LOGNAME', 'jacob'), ('FORCE_COLOR', '0'), ('VSCODE_HANDLES_SIGPIPE', 'true'), ('_', '/usr/bin/colcon'), ('ROS_VERSION', '2'), ('PKG_CONFIG_PATH', '/home/jacob/ros2_ws/install/my_lidar_pkg/lib/aarch64-linux-gnu/pkgconfig:/home/jacob/ros2_ws/install/my_lidar_pkg/lib/pkgconfig'), ('XDG_SESSION_CLASS', 'user'), ('TERM', 'dumb'), ('XDG_SESSION_ID', '1148'), ('ROS_LOCALHOST_ONLY', '0'), ('COMPOSER_NO_INTERACTION', '1'), ('PATH', '/home/jacob/.cursor-server/bin/5c17eb2968a37f66bc6662f48d6356a100b67be0/bin/remote-cli:/opt/ros/humble/bin:/home/jacob/.cursor-server/bin/5c17eb2968a37f66bc6662f48d6356a100b67be0/bin/remote-cli:/usr/local/sbin:/usr/local/bin:/usr/sbin:/usr/bin:/sbin:/bin:/usr/games:/usr/local/games:/snap/bin'), ('VSCODE_AGENT_FOLDER', '/home/jacob/.cursor-server'), ('XDG_RUNTIME_DIR', '/run/user/1002'), ('CURSOR_AGENT', '1'), ('LANG', 'en_US.UTF-8'), ('LS_COLORS', ''), ('AMENT_PREFIX_PATH', '/home/jacob/ros2_ws/install/unitree_lidar_ros2:/opt/ros/humble'), ('SHELL', '/bin/bash'), ('VSCODE_SERVER_SHUTDOWN_TIMEOUT', '300'), ('LESSCLOSE', '/usr/bin/lesspipe %s %s'), ('PWD', '/home/jacob/ros2_ws/build/my_lidar_pkg'), ('LC_ALL', 'en_US.UTF-8'), ('SSH_CONNECTION', '100.70.227.125 62180 100.123.76.44 22'), ('XDG_DATA_DIRS', '/usr/share/gnome:/usr/local/share:/usr/share:/var/lib/snapd/desktop'), ('PYTHONPATH', '/home/jacob/ros2_ws/install/my_lidar_pkg/local/lib/python3.10/dist-packages:/home/jacob/ros2_ws/install/my_lidar_pkg/lib/python3.10/site-packages:/home/jacob/ros2_ws/src/install/my_lidar_pkg/lib/python3.10/site-packages:/opt/ros/humble/lib/python3.10/site-packages:/opt/ros/humble/local/lib/python3.10/dist-packages'), ('COLCON', '1'), ('CMAKE_PREFIX_PATH', '/home/jacob/ros2_ws/install/unitree_lidar_ros2:/home/jacob/ros2_ws/install/my_lidar_pkg')]), 'shell': False}
[1.707653] (-) TimerEvent: {}
[1.733899] (my_lidar_pkg) StdoutLine: {'line': b'-- Install configuration: ""\n'}
[1.734711] (my_lidar_pkg) StdoutLine: {'line': b'-- Up-to-date: /home/jacob/ros2_ws/install/my_lidar_pkg/share/my_lidar_pkg/environment/pythonpath.sh\n'}
[1.735174] (my_lidar_pkg) StdoutLine: {'line': b'-- Installing: /home/jacob/ros2_ws/install/my_lidar_pkg/share/my_lidar_pkg/environment/pythonpath.dsv\n'}
[1.735449] (my_lidar_pkg) StdoutLine: {'line': b'-- Up-to-date: /home/jacob/ros2_ws/install/my_lidar_pkg/local/lib/python3.10/dist-packages/my_lidar_pkg-0.1.0-py3.10.egg-info\n'}
[1.735607] (my_lidar_pkg) StdoutLine: {'line': b'-- Installing: /home/jacob/ros2_ws/install/my_lidar_pkg/local/lib/python3.10/dist-packages/my_lidar_pkg-0.1.0-py3.10.egg-info/top_level.txt\n'}
[1.735948] (my_lidar_pkg) StdoutLine: {'line': b'-- Installing: /home/jacob/ros2_ws/install/my_lidar_pkg/local/lib/python3.10/dist-packages/my_lidar_pkg-0.1.0-py3.10.egg-info/SOURCES.txt\n'}
[1.736096] (my_lidar_pkg) StdoutLine: {'line': b'-- Installing: /home/jacob/ros2_ws/install/my_lidar_pkg/local/lib/python3.10/dist-packages/my_lidar_pkg-0.1.0-py3.10.egg-info/PKG-INFO\n'}
[1.736237] (my_lidar_pkg) StdoutLine: {'line': b'-- Installing: /home/jacob/ros2_ws/install/my_lidar_pkg/local/lib/python3.10/dist-packages/my_lidar_pkg-0.1.0-py3.10.egg-info/dependency_links.txt\n'}
[1.736375] (my_lidar_pkg) StdoutLine: {'line': b'-- Up-to-date: /home/jacob/ros2_ws/install/my_lidar_pkg/local/lib/python3.10/dist-packages/my_lidar_pkg\n'}
[1.736509] (my_lidar_pkg) StdoutLine: {'line': b'-- Up-to-date: /home/jacob/ros2_ws/install/my_lidar_pkg/local/lib/python3.10/dist-packages/my_lidar_pkg/lidar_subscriber.py\n'}
[1.736645] (my_lidar_pkg) StdoutLine: {'line': b'-- Up-to-date: /home/jacob/ros2_ws/install/my_lidar_pkg/local/lib/python3.10/dist-packages/my_lidar_pkg/__init__.py\n'}
[1.807912] (-) TimerEvent: {}
[1.809048] (my_lidar_pkg) StdoutLine: {'line': b"Listing '/home/jacob/ros2_ws/install/my_lidar_pkg/local/lib/python3.10/dist-packages/my_lidar_pkg'...\n"}
[1.825111] (my_lidar_pkg) StdoutLine: {'line': b'-- Up-to-date: /home/jacob/ros2_ws/install/my_lidar_pkg/share/ament_index/resource_index/package_run_dependencies/my_lidar_pkg\n'}
[1.825776] (my_lidar_pkg) StdoutLine: {'line': b'-- Up-to-date: /home/jacob/ros2_ws/install/my_lidar_pkg/share/ament_index/resource_index/parent_prefix_path/my_lidar_pkg\n'}
[1.825999] (my_lidar_pkg) StdoutLine: {'line': b'-- Up-to-date: /home/jacob/ros2_ws/install/my_lidar_pkg/share/my_lidar_pkg/environment/ament_prefix_path.sh\n'}
[1.826466] (my_lidar_pkg) StdoutLine: {'line': b'-- Installing: /home/jacob/ros2_ws/install/my_lidar_pkg/share/my_lidar_pkg/environment/ament_prefix_path.dsv\n'}
[1.826933] (my_lidar_pkg) StdoutLine: {'line': b'-- Up-to-date: /home/jacob/ros2_ws/install/my_lidar_pkg/share/my_lidar_pkg/environment/path.sh\n'}
[1.827228] (my_lidar_pkg) StdoutLine: {'line': b'-- Installing: /home/jacob/ros2_ws/install/my_lidar_pkg/share/my_lidar_pkg/environment/path.dsv\n'}
[1.827400] (my_lidar_pkg) StdoutLine: {'line': b'-- Up-to-date: /home/jacob/ros2_ws/install/my_lidar_pkg/share/my_lidar_pkg/local_setup.bash\n'}
[1.827854] (my_lidar_pkg) StdoutLine: {'line': b'-- Up-to-date: /home/jacob/ros2_ws/install/my_lidar_pkg/share/my_lidar_pkg/local_setup.sh\n'}
[1.828448] (my_lidar_pkg) StdoutLine: {'line': b'-- Up-to-date: /home/jacob/ros2_ws/install/my_lidar_pkg/share/my_lidar_pkg/local_setup.zsh\n'}
[1.828627] (my_lidar_pkg) StdoutLine: {'line': b'-- Installing: /home/jacob/ros2_ws/install/my_lidar_pkg/share/my_lidar_pkg/local_setup.dsv\n'}
[1.828791] (my_lidar_pkg) StdoutLine: {'line': b'-- Installing: /home/jacob/ros2_ws/install/my_lidar_pkg/share/my_lidar_pkg/package.dsv\n'}
[1.828952] (my_lidar_pkg) StdoutLine: {'line': b'-- Up-to-date: /home/jacob/ros2_ws/install/my_lidar_pkg/share/ament_index/resource_index/packages/my_lidar_pkg\n'}
[1.829108] (my_lidar_pkg) StdoutLine: {'line': b'-- Up-to-date: /home/jacob/ros2_ws/install/my_lidar_pkg/share/my_lidar_pkg/cmake/my_lidar_pkgConfig.cmake\n'}
[1.829261] (my_lidar_pkg) StdoutLine: {'line': b'-- Up-to-date: /home/jacob/ros2_ws/install/my_lidar_pkg/share/my_lidar_pkg/cmake/my_lidar_pkgConfig-version.cmake\n'}
[1.829417] (my_lidar_pkg) StdoutLine: {'line': b'-- Up-to-date: /home/jacob/ros2_ws/install/my_lidar_pkg/share/my_lidar_pkg/package.xml\n'}
[1.834714] (my_lidar_pkg) CommandEnded: {'returncode': 0}
[1.908519] (-) TimerEvent: {}
[1.917270] (my_lidar_pkg) JobEnded: {'identifier': 'my_lidar_pkg', 'rc': 0}
[1.920265] (-) EventReactorShutdown: {}
