-- The C compiler identification is GNU 11.4.0
-- The CXX compiler identification is GNU 11.4.0
-- Detecting C compiler ABI info
-- Detecting C compiler ABI info - done
-- Check for working C compiler: /usr/lib/ccache/cc - skipped
-- Detecting C compile features
-- Detecting C compile features - done
-- Detecting CXX compiler ABI info
-- Detecting CXX compiler ABI info - done
-- Check for working CXX compiler: /usr/lib/ccache/c++ - skipped
-- Detecting CXX compile features
-- Detecting CXX compile features - done
-- gz-waves1 version 1.0.0
-- Operating system is Linux
-- Found CPack generators: DEB
-- Found Boost: /usr/lib/aarch64-linux-gnu/cmake/Boost-1.74.0/BoostConfig.cmake (found version "1.74.0") found components: iostreams system filesystem 
-- Looking for gz-math7 -- found version 7.5.1
-- Searching for dependencies of gz-math7
-- Looking for gz-utils2 -- found version 2.2.1
-- Searching for dependencies of gz-utils2
-- Searching for <gz-math7> component [eigen3]
-- Looking for gz-math7-eigen3 -- found version 7.5.1
-- Searching for dependencies of gz-math7-eigen3
-- Looking for gz-math7 - found

-- Looking for gz-plugin2 -- found version 2.0.4
-- Searching for dependencies of gz-plugin2
-- Looking for gz-utils2 -- found version 2.2.1
-- Searching for dependencies of gz-utils2
-- Searching for <gz-utils2> component [cli]
-- Looking for gz-utils2-cli -- found version 2.2.1
-- Searching for dependencies of gz-utils2-cli
-- Searching for <gz-plugin2> component [loader]
-- Looking for gz-plugin2-loader -- found version 2.0.4
-- Searching for dependencies of gz-plugin2-loader
-- Searching for <gz-plugin2> component [register]
-- Looking for gz-plugin2-register -- found version 2.0.4
-- Searching for dependencies of gz-plugin2-register
-- Looking for gz-plugin2 - found

-- Looking for gz-common5 -- found version 5.7.1
-- Searching for dependencies of gz-common5
-- Looking for gz-utils2 -- found version 2.2.1
-- Looking for dlfcn.h - found
-- Looking for libdl - found
-- Found DL: TRUE  
-- Checking for module 'uuid'
--   Found uuid, version 2.37.2
-- Found UUID: TRUE  
-- Searching for <gz-common5> component [graphics]
-- Looking for gz-common5-graphics -- found version 5.7.1
-- Searching for dependencies of gz-common5-graphics
-- Looking for gz-math7 -- found version 7.5.1
-- Found GzAssimp: TRUE (found version "5.2.0") 
-- Searching for <gz-common5> component [events]
-- Looking for gz-common5-events -- found version 5.7.1
-- Searching for dependencies of gz-common5-events
-- Looking for gz-math7 -- found version 7.5.1
-- Looking for gz-common5 - found

[33mCMake Warning at /usr/share/cmake/gz-cmake3/cmake3/GzFindPackage.cmake:243 (find_package):
  By not providing "Findgz-msgs9.cmake" in CMAKE_MODULE_PATH this project has
  asked CMake to find a package configuration file provided by "gz-msgs9",
  but CMake did not find one.

  Could not find a package configuration file provided by "gz-msgs9" with any
  of the following names:

    gz-msgs9Config.cmake
    gz-msgs9-config.cmake

  Add the installation prefix of "gz-msgs9" to CMAKE_PREFIX_PATH or set
  "gz-msgs9_DIR" to a directory containing one of the above files.  If
  "gz-msgs9" provides a separate development package or SDK, be sure it has
  been installed.
Call Stack (most recent call first):
  CMakeLists.txt:71 (gz_find_package)

-- Looking for gz-msgs9 - not found

[0m
[33mCMake Warning at /usr/share/cmake/gz-cmake3/cmake3/GzFindPackage.cmake:243 (find_package):
  By not providing "Findgz-transport12.cmake" in CMAKE_MODULE_PATH this
  project has asked CMake to find a package configuration file provided by
  "gz-transport12", but CMake did not find one.

  Could not find a package configuration file provided by "gz-transport12"
  with any of the following names:

    gz-transport12Config.cmake
    gz-transport12-config.cmake

  Add the installation prefix of "gz-transport12" to CMAKE_PREFIX_PATH or set
  "gz-transport12_DIR" to a directory containing one of the above files.  If
  "gz-transport12" provides a separate development package or SDK, be sure it
  has been installed.
Call Stack (most recent call first):
  CMakeLists.txt:76 (gz_find_package)

-- Looking for gz-transport12 - not found

[0m
[33mCMake Warning at /usr/share/cmake/gz-cmake3/cmake3/GzFindPackage.cmake:243 (find_package):
  By not providing "Findgz-rendering7.cmake" in CMAKE_MODULE_PATH this
  project has asked CMake to find a package configuration file provided by
  "gz-rendering7", but CMake did not find one.

  Could not find a package configuration file provided by "gz-rendering7"
  with any of the following names:

    gz-rendering7Config.cmake
    gz-rendering7-config.cmake

  Add the installation prefix of "gz-rendering7" to CMAKE_PREFIX_PATH or set
  "gz-rendering7_DIR" to a directory containing one of the above files.  If
  "gz-rendering7" provides a separate development package or SDK, be sure it
  has been installed.
Call Stack (most recent call first):
  CMakeLists.txt:81 (gz_find_package)

[0m
-- Looking for gz-rendering7 - not found

[33mCMake Warning at /usr/share/cmake/gz-cmake3/cmake3/GzFindPackage.cmake:243 (find_package):
  By not providing "Findgz-sim7.cmake" in CMAKE_MODULE_PATH this project has
  asked CMake to find a package configuration file provided by "gz-sim7", but
  CMake did not find one.

  Could not find a package configuration file provided by "gz-sim7" with any
  of the following names:

    gz-sim7Config.cmake
    gz-sim7-config.cmake

  Add the installation prefix of "gz-sim7" to CMAKE_PREFIX_PATH or set
  "gz-sim7_DIR" to a directory containing one of the above files.  If
  "gz-sim7" provides a separate development package or SDK, be sure it has
  been installed.
Call Stack (most recent call first):
  CMakeLists.txt:86 (gz_find_package)

[0m
-- Looking for gz-sim7 - not found

[33mCMake Warning at /usr/share/cmake/gz-cmake3/cmake3/GzFindPackage.cmake:243 (find_package):
  By not providing "Findsdformat13.cmake" in CMAKE_MODULE_PATH this project
  has asked CMake to find a package configuration file provided by
  "sdformat13", but CMake did not find one.

  Could not find a package configuration file provided by "sdformat13" with
  any of the following names:

    sdformat13Config.cmake
    sdformat13-config.cmake

  Add the installation prefix of "sdformat13" to CMAKE_PREFIX_PATH or set
  "sdformat13_DIR" to a directory containing one of the above files.  If
  "sdformat13" provides a separate development package or SDK, be sure it has
  been installed.
Call Stack (most recent call first):
  CMakeLists.txt:91 (gz_find_package)

[0m
-- Looking for sdformat13 - not found

-- Compiling against Gazebo Garden
-- Checking for module 'OGRE-RTShaderSystem >= 1.9'
--   Found OGRE-RTShaderSystem , version 1.9.0
-- Checking for module 'OGRE-Terrain >= 1.9'
--   Found OGRE-Terrain , version 1.9.0
-- Checking for module 'OGRE-Overlay >= 1.9'
--   Found OGRE-Overlay , version 1.9.0
-- Checking for module 'OGRE-Paging >= 1.9'
--   Found OGRE-Paging , version 1.9.0
-- Looking for GzOGRE - found

-- Looking for OGRE using the name: OGRE2
--   + component HlmsPbs: found
--   + component HlmsUnlit: found
--   + component Overlay: found
--   + component PlanarReflections: found
-- Looking for GzOGRE2 - found

[31mCMake Error at CMakeLists.txt:240 (find_package):
  By not providing "FindCGAL.cmake" in CMAKE_MODULE_PATH this project has
  asked CMake to find a package configuration file provided by "CGAL", but
  CMake did not find one.

  Could not find a package configuration file provided by "CGAL" with any of
  the following names:

    CGALConfig.cmake
    cgal-config.cmake

  Add the installation prefix of "CGAL" to CMAKE_PREFIX_PATH or set
  "CGAL_DIR" to a directory containing one of the above files.  If "CGAL"
  provides a separate development package or SDK, be sure it has been
  installed.

[0m
-- Configuring incomplete, errors occurred!
See also "/home/ethan/autonomy-ws-25-26/src/asv_wave_sim/build/gz-waves1/CMakeFiles/CMakeOutput.log".
