[0.000000] (-) TimerEvent: {}
[0.000412] (-) JobUnselected: {'identifier': 'ros_numpy'}
[0.000808] (-) JobUnselected: {'identifier': 'unitree_lidar_ros2'}
[0.001493] (-) JobUnselected: {'identifier': 'unitree_lidar_sdk'}
[0.001857] (my_lidar_pkg) JobQueued: {'identifier': 'my_lidar_pkg', 'dependencies': OrderedDict()}
[0.002147] (my_lidar_pkg) JobStarted: {'identifier': 'my_lidar_pkg'}
[0.020880] (my_lidar_pkg) JobProgress: {'identifier': 'my_lidar_pkg', 'progress': 'cmake'}
[0.022642] (my_lidar_pkg) JobProgress: {'identifier': 'my_lidar_pkg', 'progress': 'build'}
[0.024460] (my_lidar_pkg) Command: {'cmd': ['/usr/bin/cmake', '--build', '/home/jacob/ros2_ws/build/my_lidar_pkg', '--', '-j6', '-l6'], 'cwd': '/home/jacob/ros2_ws/build/my_lidar_pkg', 'env': OrderedDict([('LESSOPEN', '| /usr/bin/lesspipe %s'), ('VSCODE_CWD', '/home/jacob'), ('VSCODE_ESM_ENTRYPOINT', 'vs/workbench/api/node/extensionHostProcess'), ('LANGUAGE', 'en_CA:en'), ('USER', 'jacob'), ('SSH_CLIENT', '100.70.227.125 62180 22'), ('VSCODE_NLS_CONFIG', '{"userLocale":"en","osLocale":"en","resolvedLanguage":"en","defaultMessagesFile":"/home/jacob/.cursor-server/bin/5c17eb2968a37f66bc6662f48d6356a100b67be0/out/nls.messages.json","locale":"en","availableLanguages":{}}'), ('VSCODE_HANDLES_UNCAUGHT_ERRORS', 'true'), ('ROS_PACKAGE_PATH', '/home/jacob/ros2_ws/install/my_lidar_pkg/share'), ('XDG_SESSION_TYPE', 'tty'), ('SHLVL', '2'), ('LD_LIBRARY_PATH', '/opt/ros/humble/opt/rviz_ogre_vendor/lib:/opt/ros/humble/lib/aarch64-linux-gnu:/opt/ros/humble/lib'), ('BROWSER', '/home/jacob/.cursor-server/bin/5c17eb2968a37f66bc6662f48d6356a100b67be0/bin/helpers/browser.sh'), ('MOTD_SHOWN', 'pam'), ('HOME', '/home/jacob'), ('OLDPWD', '/home/jacob'), ('VSCODE_IPC_HOOK_CLI', '/run/user/1002/vscode-ipc-ec65a006-e728-4398-b7bd-3babdd5a7260.sock'), ('ROS_PYTHON_VERSION', '3'), ('NO_COLOR', '1'), ('DBUS_SESSION_BUS_ADDRESS', 'unix:path=/run/user/1002/bus'), ('VSCODE_L10N_BUNDLE_LOCATION', ''), ('COLCON_PREFIX_PATH', '/home/jacob/ros2_ws/install:/home/jacob/ros2_ws/src/install'), ('ROS_DISTRO', 'humble'), ('LOGNAME', 'jacob'), ('FORCE_COLOR', '0'), ('VSCODE_HANDLES_SIGPIPE', 'true'), ('_', '/usr/bin/colcon'), ('ROS_VERSION', '2'), ('PKG_CONFIG_PATH', '/home/jacob/ros2_ws/install/my_lidar_pkg/lib/aarch64-linux-gnu/pkgconfig:/home/jacob/ros2_ws/install/my_lidar_pkg/lib/pkgconfig'), ('XDG_SESSION_CLASS', 'user'), ('TERM', 'dumb'), ('XDG_SESSION_ID', '1148'), ('ROS_LOCALHOST_ONLY', '0'), ('COMPOSER_NO_INTERACTION', '1'), ('PATH', '/home/jacob/.cursor-server/bin/5c17eb2968a37f66bc6662f48d6356a100b67be0/bin/remote-cli:/opt/ros/humble/bin:/home/jacob/.cursor-server/bin/5c17eb2968a37f66bc6662f48d6356a100b67be0/bin/remote-cli:/usr/local/sbin:/usr/local/bin:/usr/sbin:/usr/bin:/sbin:/bin:/usr/games:/usr/local/games:/snap/bin'), ('VSCODE_AGENT_FOLDER', '/home/jacob/.cursor-server'), ('XDG_RUNTIME_DIR', '/run/user/1002'), ('CURSOR_AGENT', '1'), ('LANG', 'en_US.UTF-8'), ('LS_COLORS', ''), ('AMENT_PREFIX_PATH', '/home/jacob/ros2_ws/install/unitree_lidar_ros2:/opt/ros/humble'), ('SHELL', '/bin/bash'), ('VSCODE_SERVER_SHUTDOWN_TIMEOUT', '300'), ('LESSCLOSE', '/usr/bin/lesspipe %s %s'), ('PWD', '/home/jacob/ros2_ws/build/my_lidar_pkg'), ('LC_ALL', 'en_US.UTF-8'), ('SSH_CONNECTION', '100.70.227.125 62180 100.123.76.44 22'), ('XDG_DATA_DIRS', '/usr/share/gnome:/usr/local/share:/usr/share:/var/lib/snapd/desktop'), ('PYTHONPATH', '/home/jacob/ros2_ws/install/my_lidar_pkg/local/lib/python3.10/dist-packages:/home/jacob/ros2_ws/install/my_lidar_pkg/lib/python3.10/site-packages:/home/jacob/ros2_ws/src/install/my_lidar_pkg/lib/python3.10/site-packages:/opt/ros/humble/lib/python3.10/site-packages:/opt/ros/humble/local/lib/python3.10/dist-packages'), ('COLCON', '1'), ('CMAKE_PREFIX_PATH', '/home/jacob/ros2_ws/install/unitree_lidar_ros2:/home/jacob/ros2_ws/install/my_lidar_pkg')]), 'shell': False}
[0.099100] (-) TimerEvent: {}
[0.180685] (my_lidar_pkg) StdoutLine: {'line': b'Built target ament_cmake_python_copy_my_lidar_pkg_setup\n'}
[0.181537] (my_lidar_pkg) StdoutLine: {'line': b'Built target ament_cmake_python_copy_my_lidar_pkg\n'}
[0.199300] (-) TimerEvent: {}
[0.299836] (-) TimerEvent: {}
[0.400422] (-) TimerEvent: {}
[0.500987] (-) TimerEvent: {}
[0.601540] (-) TimerEvent: {}
[0.702080] (-) TimerEvent: {}
[0.766386] (my_lidar_pkg) StderrLine: {'line': b"/usr/lib/python3/dist-packages/setuptools/dist.py:723: UserWarning: Usage of dash-separated 'script-dir' will not be supported in future versions. Please use the underscore name 'script_dir' instead\n"}
[0.768143] (my_lidar_pkg) StderrLine: {'line': b'  warnings.warn(\n'}
[0.768419] (my_lidar_pkg) StderrLine: {'line': b"/usr/lib/python3/dist-packages/setuptools/dist.py:723: UserWarning: Usage of dash-separated 'install-scripts' will not be supported in future versions. Please use the underscore name 'install_scripts' instead\n"}
[0.768594] (my_lidar_pkg) StderrLine: {'line': b'  warnings.warn(\n'}
[0.779542] (my_lidar_pkg) StdoutLine: {'line': b'running egg_info\n'}
[0.780944] (my_lidar_pkg) StdoutLine: {'line': b'writing my_lidar_pkg.egg-info/PKG-INFO\n'}
[0.781970] (my_lidar_pkg) StdoutLine: {'line': b'writing dependency_links to my_lidar_pkg.egg-info/dependency_links.txt\n'}
[0.782430] (my_lidar_pkg) StdoutLine: {'line': b'writing top-level names to my_lidar_pkg.egg-info/top_level.txt\n'}
[0.788112] (my_lidar_pkg) StdoutLine: {'line': b"reading manifest file 'my_lidar_pkg.egg-info/SOURCES.txt'\n"}
[0.789446] (my_lidar_pkg) StdoutLine: {'line': b"writing manifest file 'my_lidar_pkg.egg-info/SOURCES.txt'\n"}
[0.802185] (-) TimerEvent: {}
[0.897766] (my_lidar_pkg) StdoutLine: {'line': b'Built target ament_cmake_python_build_my_lidar_pkg_egg\n'}
[0.902340] (-) TimerEvent: {}
[0.928771] (my_lidar_pkg) CommandEnded: {'returncode': 0}
[0.932570] (my_lidar_pkg) JobProgress: {'identifier': 'my_lidar_pkg', 'progress': 'install'}
[0.964454] (my_lidar_pkg) Command: {'cmd': ['/usr/bin/cmake', '--install', '/home/jacob/ros2_ws/build/my_lidar_pkg'], 'cwd': '/home/jacob/ros2_ws/build/my_lidar_pkg', 'env': OrderedDict([('LESSOPEN', '| /usr/bin/lesspipe %s'), ('VSCODE_CWD', '/home/jacob'), ('VSCODE_ESM_ENTRYPOINT', 'vs/workbench/api/node/extensionHostProcess'), ('LANGUAGE', 'en_CA:en'), ('USER', 'jacob'), ('SSH_CLIENT', '100.70.227.125 62180 22'), ('VSCODE_NLS_CONFIG', '{"userLocale":"en","osLocale":"en","resolvedLanguage":"en","defaultMessagesFile":"/home/jacob/.cursor-server/bin/5c17eb2968a37f66bc6662f48d6356a100b67be0/out/nls.messages.json","locale":"en","availableLanguages":{}}'), ('VSCODE_HANDLES_UNCAUGHT_ERRORS', 'true'), ('ROS_PACKAGE_PATH', '/home/jacob/ros2_ws/install/my_lidar_pkg/share'), ('XDG_SESSION_TYPE', 'tty'), ('SHLVL', '2'), ('LD_LIBRARY_PATH', '/opt/ros/humble/opt/rviz_ogre_vendor/lib:/opt/ros/humble/lib/aarch64-linux-gnu:/opt/ros/humble/lib'), ('BROWSER', '/home/jacob/.cursor-server/bin/5c17eb2968a37f66bc6662f48d6356a100b67be0/bin/helpers/browser.sh'), ('MOTD_SHOWN', 'pam'), ('HOME', '/home/jacob'), ('OLDPWD', '/home/jacob'), ('VSCODE_IPC_HOOK_CLI', '/run/user/1002/vscode-ipc-ec65a006-e728-4398-b7bd-3babdd5a7260.sock'), ('ROS_PYTHON_VERSION', '3'), ('NO_COLOR', '1'), ('DBUS_SESSION_BUS_ADDRESS', 'unix:path=/run/user/1002/bus'), ('VSCODE_L10N_BUNDLE_LOCATION', ''), ('COLCON_PREFIX_PATH', '/home/jacob/ros2_ws/install:/home/jacob/ros2_ws/src/install'), ('ROS_DISTRO', 'humble'), ('LOGNAME', 'jacob'), ('FORCE_COLOR', '0'), ('VSCODE_HANDLES_SIGPIPE', 'true'), ('_', '/usr/bin/colcon'), ('ROS_VERSION', '2'), ('PKG_CONFIG_PATH', '/home/jacob/ros2_ws/install/my_lidar_pkg/lib/aarch64-linux-gnu/pkgconfig:/home/jacob/ros2_ws/install/my_lidar_pkg/lib/pkgconfig'), ('XDG_SESSION_CLASS', 'user'), ('TERM', 'dumb'), ('XDG_SESSION_ID', '1148'), ('ROS_LOCALHOST_ONLY', '0'), ('COMPOSER_NO_INTERACTION', '1'), ('PATH', '/home/jacob/.cursor-server/bin/5c17eb2968a37f66bc6662f48d6356a100b67be0/bin/remote-cli:/opt/ros/humble/bin:/home/jacob/.cursor-server/bin/5c17eb2968a37f66bc6662f48d6356a100b67be0/bin/remote-cli:/usr/local/sbin:/usr/local/bin:/usr/sbin:/usr/bin:/sbin:/bin:/usr/games:/usr/local/games:/snap/bin'), ('VSCODE_AGENT_FOLDER', '/home/jacob/.cursor-server'), ('XDG_RUNTIME_DIR', '/run/user/1002'), ('CURSOR_AGENT', '1'), ('LANG', 'en_US.UTF-8'), ('LS_COLORS', ''), ('AMENT_PREFIX_PATH', '/home/jacob/ros2_ws/install/unitree_lidar_ros2:/opt/ros/humble'), ('SHELL', '/bin/bash'), ('VSCODE_SERVER_SHUTDOWN_TIMEOUT', '300'), ('LESSCLOSE', '/usr/bin/lesspipe %s %s'), ('PWD', '/home/jacob/ros2_ws/build/my_lidar_pkg'), ('LC_ALL', 'en_US.UTF-8'), ('SSH_CONNECTION', '100.70.227.125 62180 100.123.76.44 22'), ('XDG_DATA_DIRS', '/usr/share/gnome:/usr/local/share:/usr/share:/var/lib/snapd/desktop'), ('PYTHONPATH', '/home/jacob/ros2_ws/install/my_lidar_pkg/local/lib/python3.10/dist-packages:/home/jacob/ros2_ws/install/my_lidar_pkg/lib/python3.10/site-packages:/home/jacob/ros2_ws/src/install/my_lidar_pkg/lib/python3.10/site-packages:/opt/ros/humble/lib/python3.10/site-packages:/opt/ros/humble/local/lib/python3.10/dist-packages'), ('COLCON', '1'), ('CMAKE_PREFIX_PATH', '/home/jacob/ros2_ws/install/unitree_lidar_ros2:/home/jacob/ros2_ws/install/my_lidar_pkg')]), 'shell': False}
[0.991055] (my_lidar_pkg) StdoutLine: {'line': b'-- Install configuration: ""\n'}
[0.991941] (my_lidar_pkg) StdoutLine: {'line': b'-- Up-to-date: /home/jacob/ros2_ws/install/my_lidar_pkg/share/my_lidar_pkg/environment/pythonpath.sh\n'}
[0.992380] (my_lidar_pkg) StdoutLine: {'line': b'-- Up-to-date: /home/jacob/ros2_ws/install/my_lidar_pkg/share/my_lidar_pkg/environment/pythonpath.dsv\n'}
[0.992775] (my_lidar_pkg) StdoutLine: {'line': b'-- Up-to-date: /home/jacob/ros2_ws/install/my_lidar_pkg/local/lib/python3.10/dist-packages/my_lidar_pkg-0.1.0-py3.10.egg-info\n'}
[0.993027] (my_lidar_pkg) StdoutLine: {'line': b'-- Installing: /home/jacob/ros2_ws/install/my_lidar_pkg/local/lib/python3.10/dist-packages/my_lidar_pkg-0.1.0-py3.10.egg-info/top_level.txt\n'}
[0.993181] (my_lidar_pkg) StdoutLine: {'line': b'-- Installing: /home/jacob/ros2_ws/install/my_lidar_pkg/local/lib/python3.10/dist-packages/my_lidar_pkg-0.1.0-py3.10.egg-info/SOURCES.txt\n'}
[0.993321] (my_lidar_pkg) StdoutLine: {'line': b'-- Installing: /home/jacob/ros2_ws/install/my_lidar_pkg/local/lib/python3.10/dist-packages/my_lidar_pkg-0.1.0-py3.10.egg-info/PKG-INFO\n'}
[0.993457] (my_lidar_pkg) StdoutLine: {'line': b'-- Installing: /home/jacob/ros2_ws/install/my_lidar_pkg/local/lib/python3.10/dist-packages/my_lidar_pkg-0.1.0-py3.10.egg-info/dependency_links.txt\n'}
[0.993593] (my_lidar_pkg) StdoutLine: {'line': b'-- Up-to-date: /home/jacob/ros2_ws/install/my_lidar_pkg/local/lib/python3.10/dist-packages/my_lidar_pkg\n'}
[0.993724] (my_lidar_pkg) StdoutLine: {'line': b'-- Installing: /home/jacob/ros2_ws/install/my_lidar_pkg/local/lib/python3.10/dist-packages/my_lidar_pkg/lidar_subscriber.py\n'}
[0.993857] (my_lidar_pkg) StdoutLine: {'line': b'-- Up-to-date: /home/jacob/ros2_ws/install/my_lidar_pkg/local/lib/python3.10/dist-packages/my_lidar_pkg/__init__.py\n'}
[1.002437] (-) TimerEvent: {}
[1.070994] (my_lidar_pkg) StdoutLine: {'line': b"Listing '/home/jacob/ros2_ws/install/my_lidar_pkg/local/lib/python3.10/dist-packages/my_lidar_pkg'...\n"}
[1.071714] (my_lidar_pkg) StdoutLine: {'line': b"Compiling '/home/jacob/ros2_ws/install/my_lidar_pkg/local/lib/python3.10/dist-packages/my_lidar_pkg/lidar_subscriber.py'...\n"}
[1.087382] (my_lidar_pkg) StdoutLine: {'line': b'-- Up-to-date: /home/jacob/ros2_ws/install/my_lidar_pkg/share/ament_index/resource_index/package_run_dependencies/my_lidar_pkg\n'}
[1.087807] (my_lidar_pkg) StdoutLine: {'line': b'-- Up-to-date: /home/jacob/ros2_ws/install/my_lidar_pkg/share/ament_index/resource_index/parent_prefix_path/my_lidar_pkg\n'}
[1.088438] (my_lidar_pkg) StdoutLine: {'line': b'-- Up-to-date: /home/jacob/ros2_ws/install/my_lidar_pkg/share/my_lidar_pkg/environment/ament_prefix_path.sh\n'}
[1.088693] (my_lidar_pkg) StdoutLine: {'line': b'-- Up-to-date: /home/jacob/ros2_ws/install/my_lidar_pkg/share/my_lidar_pkg/environment/ament_prefix_path.dsv\n'}
[1.088931] (my_lidar_pkg) StdoutLine: {'line': b'-- Up-to-date: /home/jacob/ros2_ws/install/my_lidar_pkg/share/my_lidar_pkg/environment/path.sh\n'}
[1.089156] (my_lidar_pkg) StdoutLine: {'line': b'-- Up-to-date: /home/jacob/ros2_ws/install/my_lidar_pkg/share/my_lidar_pkg/environment/path.dsv\n'}
[1.089433] (my_lidar_pkg) StdoutLine: {'line': b'-- Up-to-date: /home/jacob/ros2_ws/install/my_lidar_pkg/share/my_lidar_pkg/local_setup.bash\n'}
[1.089664] (my_lidar_pkg) StdoutLine: {'line': b'-- Up-to-date: /home/jacob/ros2_ws/install/my_lidar_pkg/share/my_lidar_pkg/local_setup.sh\n'}
[1.089885] (my_lidar_pkg) StdoutLine: {'line': b'-- Up-to-date: /home/jacob/ros2_ws/install/my_lidar_pkg/share/my_lidar_pkg/local_setup.zsh\n'}
[1.090104] (my_lidar_pkg) StdoutLine: {'line': b'-- Up-to-date: /home/jacob/ros2_ws/install/my_lidar_pkg/share/my_lidar_pkg/local_setup.dsv\n'}
[1.090347] (my_lidar_pkg) StdoutLine: {'line': b'-- Installing: /home/jacob/ros2_ws/install/my_lidar_pkg/share/my_lidar_pkg/package.dsv\n'}
[1.090569] (my_lidar_pkg) StdoutLine: {'line': b'-- Up-to-date: /home/jacob/ros2_ws/install/my_lidar_pkg/share/ament_index/resource_index/packages/my_lidar_pkg\n'}
[1.090784] (my_lidar_pkg) StdoutLine: {'line': b'-- Up-to-date: /home/jacob/ros2_ws/install/my_lidar_pkg/share/my_lidar_pkg/cmake/my_lidar_pkgConfig.cmake\n'}
[1.091039] (my_lidar_pkg) StdoutLine: {'line': b'-- Up-to-date: /home/jacob/ros2_ws/install/my_lidar_pkg/share/my_lidar_pkg/cmake/my_lidar_pkgConfig-version.cmake\n'}
[1.091280] (my_lidar_pkg) StdoutLine: {'line': b'-- Up-to-date: /home/jacob/ros2_ws/install/my_lidar_pkg/share/my_lidar_pkg/package.xml\n'}
[1.094108] (my_lidar_pkg) CommandEnded: {'returncode': 0}
[1.102623] (-) TimerEvent: {}
[1.177390] (my_lidar_pkg) JobEnded: {'identifier': 'my_lidar_pkg', 'rc': 0}
[1.179870] (-) EventReactorShutdown: {}
