[0.028s] Invoking command in '/home/jacob/ros2_ws/build/my_lidar_pkg': /usr/bin/cmake --build /home/jacob/ros2_ws/build/my_lidar_pkg -- -j6 -l6
[0.175s] Built target ament_cmake_python_copy_my_lidar_pkg_setup
[0.176s] Built target ament_cmake_python_copy_my_lidar_pkg
[0.764s] /usr/lib/python3/dist-packages/setuptools/dist.py:723: UserWarning: Usage of dash-separated 'script-dir' will not be supported in future versions. Please use the underscore name 'script_dir' instead
[0.764s]   warnings.warn(
[0.765s] /usr/lib/python3/dist-packages/setuptools/dist.py:723: UserWarning: Usage of dash-separated 'install-scripts' will not be supported in future versions. Please use the underscore name 'install_scripts' instead
[0.765s]   warnings.warn(
[0.776s] running egg_info
[0.778s] writing my_lidar_pkg.egg-info/PKG-INFO
[0.779s] writing dependency_links to my_lidar_pkg.egg-info/dependency_links.txt
[0.779s] writing top-level names to my_lidar_pkg.egg-info/top_level.txt
[0.785s] reading manifest file 'my_lidar_pkg.egg-info/SOURCES.txt'
[0.786s] writing manifest file 'my_lidar_pkg.egg-info/SOURCES.txt'
[0.889s] Built target ament_cmake_python_build_my_lidar_pkg_egg
[0.917s] Invoked command in '/home/jacob/ros2_ws/build/my_lidar_pkg' returned '0': /usr/bin/cmake --build /home/jacob/ros2_ws/build/my_lidar_pkg -- -j6 -l6
[0.951s] Invoking command in '/home/jacob/ros2_ws/build/my_lidar_pkg': /usr/bin/cmake --install /home/jacob/ros2_ws/build/my_lidar_pkg
[0.970s] -- Install configuration: ""
[0.971s] -- Up-to-date: /home/jacob/ros2_ws/install/my_lidar_pkg/share/my_lidar_pkg/environment/pythonpath.sh
[0.972s] -- Up-to-date: /home/jacob/ros2_ws/install/my_lidar_pkg/share/my_lidar_pkg/environment/pythonpath.dsv
[0.972s] -- Up-to-date: /home/jacob/ros2_ws/install/my_lidar_pkg/local/lib/python3.10/dist-packages/my_lidar_pkg-0.1.0-py3.10.egg-info
[0.973s] -- Installing: /home/jacob/ros2_ws/install/my_lidar_pkg/local/lib/python3.10/dist-packages/my_lidar_pkg-0.1.0-py3.10.egg-info/top_level.txt
[0.973s] -- Installing: /home/jacob/ros2_ws/install/my_lidar_pkg/local/lib/python3.10/dist-packages/my_lidar_pkg-0.1.0-py3.10.egg-info/SOURCES.txt
[0.973s] -- Installing: /home/jacob/ros2_ws/install/my_lidar_pkg/local/lib/python3.10/dist-packages/my_lidar_pkg-0.1.0-py3.10.egg-info/PKG-INFO
[0.973s] -- Installing: /home/jacob/ros2_ws/install/my_lidar_pkg/local/lib/python3.10/dist-packages/my_lidar_pkg-0.1.0-py3.10.egg-info/dependency_links.txt
[0.973s] -- Up-to-date: /home/jacob/ros2_ws/install/my_lidar_pkg/local/lib/python3.10/dist-packages/my_lidar_pkg
[0.974s] -- Installing: /home/jacob/ros2_ws/install/my_lidar_pkg/local/lib/python3.10/dist-packages/my_lidar_pkg/lidar_subscriber.py
[0.974s] -- Up-to-date: /home/jacob/ros2_ws/install/my_lidar_pkg/local/lib/python3.10/dist-packages/my_lidar_pkg/__init__.py
[1.049s] Listing '/home/jacob/ros2_ws/install/my_lidar_pkg/local/lib/python3.10/dist-packages/my_lidar_pkg'...
[1.049s] Compiling '/home/jacob/ros2_ws/install/my_lidar_pkg/local/lib/python3.10/dist-packages/my_lidar_pkg/lidar_subscriber.py'...
[1.073s] -- Up-to-date: /home/jacob/ros2_ws/install/my_lidar_pkg/share/ament_index/resource_index/package_run_dependencies/my_lidar_pkg
[1.073s] -- Up-to-date: /home/jacob/ros2_ws/install/my_lidar_pkg/share/ament_index/resource_index/parent_prefix_path/my_lidar_pkg
[1.074s] -- Up-to-date: /home/jacob/ros2_ws/install/my_lidar_pkg/share/my_lidar_pkg/environment/ament_prefix_path.sh
[1.074s] -- Up-to-date: /home/jacob/ros2_ws/install/my_lidar_pkg/share/my_lidar_pkg/environment/ament_prefix_path.dsv
[1.074s] -- Up-to-date: /home/jacob/ros2_ws/install/my_lidar_pkg/share/my_lidar_pkg/environment/path.sh
[1.075s] -- Up-to-date: /home/jacob/ros2_ws/install/my_lidar_pkg/share/my_lidar_pkg/environment/path.dsv
[1.075s] -- Up-to-date: /home/jacob/ros2_ws/install/my_lidar_pkg/share/my_lidar_pkg/local_setup.bash
[1.075s] -- Up-to-date: /home/jacob/ros2_ws/install/my_lidar_pkg/share/my_lidar_pkg/local_setup.sh
[1.075s] -- Up-to-date: /home/jacob/ros2_ws/install/my_lidar_pkg/share/my_lidar_pkg/local_setup.zsh
[1.075s] -- Up-to-date: /home/jacob/ros2_ws/install/my_lidar_pkg/share/my_lidar_pkg/local_setup.dsv
[1.076s] -- Installing: /home/jacob/ros2_ws/install/my_lidar_pkg/share/my_lidar_pkg/package.dsv
[1.076s] -- Up-to-date: /home/jacob/ros2_ws/install/my_lidar_pkg/share/ament_index/resource_index/packages/my_lidar_pkg
[1.076s] -- Up-to-date: /home/jacob/ros2_ws/install/my_lidar_pkg/share/my_lidar_pkg/cmake/my_lidar_pkgConfig.cmake
[1.076s] -- Up-to-date: /home/jacob/ros2_ws/install/my_lidar_pkg/share/my_lidar_pkg/cmake/my_lidar_pkgConfig-version.cmake
[1.077s] -- Up-to-date: /home/jacob/ros2_ws/install/my_lidar_pkg/share/my_lidar_pkg/package.xml
[1.080s] Invoked command in '/home/jacob/ros2_ws/build/my_lidar_pkg' returned '0': /usr/bin/cmake --install /home/jacob/ros2_ws/build/my_lidar_pkg
