[0.807s] Invoking command in '/home/jacob/ros2_ws/build/unitree_lidar_ros2': CMAKE_PREFIX_PATH=/home/jacob/ros2_ws/install/unitree_lidar_ros2:/home/jacob/ros2_ws/install/pointcloud_filters:/opt/ros/humble:/home/jacob/ros2_ws/install/my_lidar_pkg /usr/bin/cmake /home/jacob/ros2_ws/src/unilidar_sdk/unitree_lidar_ros2/src/unitree_lidar_ros2 -DCMAKE_INSTALL_PREFIX=/home/jacob/ros2_ws/install/unitree_lidar_ros2
[0.866s] -- Found ament_cmake: 1.3.12 (/opt/ros/humble/share/ament_cmake/cmake)
[1.258s] -- Override CMake install command with custom implementation using symlinks instead of copying resources
[1.294s] -- Found rclcpp: 16.0.15 (/opt/ros/humble/share/rclcpp/cmake)
[1.448s] -- Found rosidl_generator_c: 3.1.7 (/opt/ros/humble/share/rosidl_generator_c/cmake)
[1.461s] -- Found rosidl_adapter: 3.1.7 (/opt/ros/humble/share/rosidl_adapter/cmake)
[1.493s] -- Found rosidl_generator_cpp: 3.1.7 (/opt/ros/humble/share/rosidl_generator_cpp/cmake)
[1.536s] -- Using all available rosidl_typesupport_c: rosidl_typesupport_fastrtps_c;rosidl_typesupport_introspection_c
[1.588s] -- Using all available rosidl_typesupport_cpp: rosidl_typesupport_fastrtps_cpp;rosidl_typesupport_introspection_cpp
[1.716s] -- Found rmw_implementation_cmake: 6.1.2 (/opt/ros/humble/share/rmw_implementation_cmake/cmake)
[1.724s] -- Found rmw_fastrtps_cpp: 6.2.8 (/opt/ros/humble/share/rmw_fastrtps_cpp/cmake)
[2.037s] -- Using RMW implementation 'rmw_fastrtps_cpp' as default
[2.211s] -- Found sensor_msgs: 4.9.0 (/opt/ros/humble/share/sensor_msgs/cmake)
[2.307s] -- Found pcl_conversions: 2.4.5 (/opt/ros/humble/share/pcl_conversions/cmake)
[2.414s] -- Eigen found (include: /usr/include/eigen3, version: 3.4.0)
[2.520s] -- FLANN found (include: /usr/include, lib: /usr/lib/aarch64-linux-gnu/libflann_cpp.so)
[3.760s] -- OpenNI found (version: 1.5.4.0, include: /usr/include/ni, lib: /usr/lib/libOpenNI.so;libusb::libusb)
[3.780s] -- OpenNI2 found (version: 2.2.0.33, include: /usr/include/openni2, lib: /usr/lib/aarch64-linux-gnu/libOpenNI2.so;libusb::libusb)
[4.147s] -- Eigen found (include: /usr/include/eigen3, version: 3.4.0)
[4.162s] -- OpenNI found (version: 1.5.4.0, include: /usr/include/ni, lib: /usr/lib/libOpenNI.so;libusb::libusb)
[4.175s] -- OpenNI2 found (version: 2.2.0.33, include: /usr/include/openni2, lib: /usr/lib/aarch64-linux-gnu/libOpenNI2.so;libusb::libusb)
[4.551s] -- Found Qhull version 8.0.2
[4.917s] -- OpenNI found (version: 1.5.4.0, include: /usr/include/ni, lib: /usr/lib/libOpenNI.so;libusb::libusb)
[5.285s] [33mCMake Warning (dev) at CMakeLists.txt:23 (find_package):
[5.285s]   Policy CMP0074 is not set: find_package uses <PackageName>_ROOT variables.
[5.286s]   Run "cmake --help-policy CMP0074" for policy details.  Use the cmake_policy
[5.286s]   command to set the policy and suppress this warning.
[5.286s] 
[5.287s]   CMake variable PCL_ROOT is set to:
[5.287s] 
[5.287s]     /usr
[5.287s] 
[5.287s]   For compatibility, CMake is ignoring the variable.
[5.288s] This warning is for project developers.  Use -Wno-dev to suppress it.
[5.288s] [0m
[5.523s] -- Configuring done
[5.701s] -- Generating done
[5.746s] -- Build files have been written to: /home/jacob/ros2_ws/build/unitree_lidar_ros2
