[0.339s] Invoking command in '/mnt/c/Users/jcube/OneDrive/Desktop/Jacob/School/Queens/Year 5/Extra Curricular/aQuatonomous/Lidar Bagging Data/mapping-25-26/build/my_lidar_pkg': /usr/bin/cmake /mnt/c/Users/jcube/OneDrive/Desktop/Jacob/School/Queens/Year 5/Extra Curricular/aQuatonomous/Lidar Bagging Data/mapping-25-26/src/my_lidar_pkg -DCMAKE_INSTALL_PREFIX=/mnt/c/Users/jcube/OneDrive/Desktop/Jacob/School/Queens/Year 5/Extra Curricular/aQuatonomous/Lidar Bagging Data/mapping-25-26/install/my_lidar_pkg
[1.406s] -- The C compiler identification is GNU 11.4.0
[3.080s] -- The CXX compiler identification is GNU 11.4.0
[4.082s] -- Detecting C compiler ABI info
[5.548s] -- Detecting C compiler ABI info - done
[5.603s] -- Check for working C compiler: /usr/bin/cc - skipped
[5.605s] -- Detecting C compile features
[5.606s] -- Detecting C compile features - done
[5.711s] -- Detecting CXX compiler ABI info
[7.154s] -- Detecting CXX compiler ABI info - done
[7.208s] -- Check for working CXX compiler: /usr/bin/c++ - skipped
[7.210s] -- Detecting CXX compile features
[7.212s] -- Detecting CXX compile features - done
[7.333s] -- Found ament_cmake: 1.3.12 (/opt/ros/humble/share/ament_cmake/cmake)
[7.841s] -- Found Python3: /usr/bin/python3 (found version "3.10.12") found components: Interpreter 
[9.645s] -- Configuring done
[10.399s] -- Generating done
[10.584s] -- Build files have been written to: /mnt/c/Users/jcube/OneDrive/Desktop/Jacob/School/Queens/Year 5/Extra Curricular/aQuatonomous/Lidar Bagging Data/mapping-25-26/build/my_lidar_pkg
[10.594s] Invoked command in '/mnt/c/Users/jcube/OneDrive/Desktop/Jacob/School/Queens/Year 5/Extra Curricular/aQuatonomous/Lidar Bagging Data/mapping-25-26/build/my_lidar_pkg' returned '0': /usr/bin/cmake /mnt/c/Users/jcube/OneDrive/Desktop/Jacob/School/Queens/Year 5/Extra Curricular/aQuatonomous/Lidar Bagging Data/mapping-25-26/src/my_lidar_pkg -DCMAKE_INSTALL_PREFIX=/mnt/c/Users/jcube/OneDrive/Desktop/Jacob/School/Queens/Year 5/Extra Curricular/aQuatonomous/Lidar Bagging Data/mapping-25-26/install/my_lidar_pkg
[10.611s] Invoking command in '/mnt/c/Users/jcube/OneDrive/Desktop/Jacob/School/Queens/Year 5/Extra Curricular/aQuatonomous/Lidar Bagging Data/mapping-25-26/build/my_lidar_pkg': /usr/bin/cmake --build /mnt/c/Users/jcube/OneDrive/Desktop/Jacob/School/Queens/Year 5/Extra Curricular/aQuatonomous/Lidar Bagging Data/mapping-25-26/build/my_lidar_pkg -- -j16 -l16
[11.234s] Built target ament_cmake_python_copy_my_lidar_pkg_setup
[11.417s] Built target ament_cmake_python_copy_my_lidar_pkg
[12.155s] /usr/lib/python3/dist-packages/setuptools/dist.py:723: UserWarning: Usage of dash-separated 'script-dir' will not be supported in future versions. Please use the underscore name 'script_dir' instead
[12.157s]   warnings.warn(
[12.158s] /usr/lib/python3/dist-packages/setuptools/dist.py:723: UserWarning: Usage of dash-separated 'install-scripts' will not be supported in future versions. Please use the underscore name 'install_scripts' instead
[12.160s]   warnings.warn(
[12.194s] running egg_info
[12.196s] creating my_lidar_pkg.egg-info
[12.201s] writing my_lidar_pkg.egg-info/PKG-INFO
[12.209s] writing dependency_links to my_lidar_pkg.egg-info/dependency_links.txt
[12.220s] writing top-level names to my_lidar_pkg.egg-info/top_level.txt
[12.228s] writing manifest file 'my_lidar_pkg.egg-info/SOURCES.txt'
[12.261s] reading manifest file 'my_lidar_pkg.egg-info/SOURCES.txt'
[12.299s] writing manifest file 'my_lidar_pkg.egg-info/SOURCES.txt'
[12.404s] Built target ament_cmake_python_build_my_lidar_pkg_egg
[12.480s] Invoked command in '/mnt/c/Users/jcube/OneDrive/Desktop/Jacob/School/Queens/Year 5/Extra Curricular/aQuatonomous/Lidar Bagging Data/mapping-25-26/build/my_lidar_pkg' returned '0': /usr/bin/cmake --build /mnt/c/Users/jcube/OneDrive/Desktop/Jacob/School/Queens/Year 5/Extra Curricular/aQuatonomous/Lidar Bagging Data/mapping-25-26/build/my_lidar_pkg -- -j16 -l16
[13.010s] Invoking command in '/mnt/c/Users/jcube/OneDrive/Desktop/Jacob/School/Queens/Year 5/Extra Curricular/aQuatonomous/Lidar Bagging Data/mapping-25-26/build/my_lidar_pkg': /usr/bin/cmake --install /mnt/c/Users/jcube/OneDrive/Desktop/Jacob/School/Queens/Year 5/Extra Curricular/aQuatonomous/Lidar Bagging Data/mapping-25-26/build/my_lidar_pkg
[13.054s] -- Install configuration: ""
[13.100s] -- Installing: /mnt/c/Users/jcube/OneDrive/Desktop/Jacob/School/Queens/Year 5/Extra Curricular/aQuatonomous/Lidar Bagging Data/mapping-25-26/install/my_lidar_pkg/share/my_lidar_pkg/environment/pythonpath.sh
[13.218s] -- Installing: /mnt/c/Users/jcube/OneDrive/Desktop/Jacob/School/Queens/Year 5/Extra Curricular/aQuatonomous/Lidar Bagging Data/mapping-25-26/install/my_lidar_pkg/share/my_lidar_pkg/environment/pythonpath.dsv
[13.323s] -- Installing: /mnt/c/Users/jcube/OneDrive/Desktop/Jacob/School/Queens/Year 5/Extra Curricular/aQuatonomous/Lidar Bagging Data/mapping-25-26/install/my_lidar_pkg/local/lib/python3.10/dist-packages/my_lidar_pkg-0.1.0-py3.10.egg-info
[13.399s] -- Installing: /mnt/c/Users/jcube/OneDrive/Desktop/Jacob/School/Queens/Year 5/Extra Curricular/aQuatonomous/Lidar Bagging Data/mapping-25-26/install/my_lidar_pkg/local/lib/python3.10/dist-packages/my_lidar_pkg-0.1.0-py3.10.egg-info/dependency_links.txt
[13.556s] -- Installing: /mnt/c/Users/jcube/OneDrive/Desktop/Jacob/School/Queens/Year 5/Extra Curricular/aQuatonomous/Lidar Bagging Data/mapping-25-26/install/my_lidar_pkg/local/lib/python3.10/dist-packages/my_lidar_pkg-0.1.0-py3.10.egg-info/PKG-INFO
[13.708s] -- Installing: /mnt/c/Users/jcube/OneDrive/Desktop/Jacob/School/Queens/Year 5/Extra Curricular/aQuatonomous/Lidar Bagging Data/mapping-25-26/install/my_lidar_pkg/local/lib/python3.10/dist-packages/my_lidar_pkg-0.1.0-py3.10.egg-info/SOURCES.txt
[13.855s] -- Installing: /mnt/c/Users/jcube/OneDrive/Desktop/Jacob/School/Queens/Year 5/Extra Curricular/aQuatonomous/Lidar Bagging Data/mapping-25-26/install/my_lidar_pkg/local/lib/python3.10/dist-packages/my_lidar_pkg-0.1.0-py3.10.egg-info/top_level.txt
[13.994s] -- Installing: /mnt/c/Users/jcube/OneDrive/Desktop/Jacob/School/Queens/Year 5/Extra Curricular/aQuatonomous/Lidar Bagging Data/mapping-25-26/install/my_lidar_pkg/local/lib/python3.10/dist-packages/my_lidar_pkg
[14.066s] -- Installing: /mnt/c/Users/jcube/OneDrive/Desktop/Jacob/School/Queens/Year 5/Extra Curricular/aQuatonomous/Lidar Bagging Data/mapping-25-26/install/my_lidar_pkg/local/lib/python3.10/dist-packages/my_lidar_pkg/lidar_subscriber.py
[14.207s] -- Installing: /mnt/c/Users/jcube/OneDrive/Desktop/Jacob/School/Queens/Year 5/Extra Curricular/aQuatonomous/Lidar Bagging Data/mapping-25-26/install/my_lidar_pkg/local/lib/python3.10/dist-packages/my_lidar_pkg/__init__.py
[14.664s] Listing '/mnt/c/Users/jcube/OneDrive/Desktop/Jacob/School/Queens/Year 5/Extra Curricular/aQuatonomous/Lidar Bagging Data/mapping-25-26/install/my_lidar_pkg/local/lib/python3.10/dist-packages/my_lidar_pkg'...
[14.666s] Compiling '/mnt/c/Users/jcube/OneDrive/Desktop/Jacob/School/Queens/Year 5/Extra Curricular/aQuatonomous/Lidar Bagging Data/mapping-25-26/install/my_lidar_pkg/local/lib/python3.10/dist-packages/my_lidar_pkg/__init__.py'...
[14.667s] Compiling '/mnt/c/Users/jcube/OneDrive/Desktop/Jacob/School/Queens/Year 5/Extra Curricular/aQuatonomous/Lidar Bagging Data/mapping-25-26/install/my_lidar_pkg/local/lib/python3.10/dist-packages/my_lidar_pkg/lidar_subscriber.py'...
[14.738s] -- Installing: /mnt/c/Users/jcube/OneDrive/Desktop/Jacob/School/Queens/Year 5/Extra Curricular/aQuatonomous/Lidar Bagging Data/mapping-25-26/install/my_lidar_pkg/share/ament_index/resource_index/package_run_dependencies/my_lidar_pkg
[14.922s] -- Installing: /mnt/c/Users/jcube/OneDrive/Desktop/Jacob/School/Queens/Year 5/Extra Curricular/aQuatonomous/Lidar Bagging Data/mapping-25-26/install/my_lidar_pkg/share/ament_index/resource_index/parent_prefix_path/my_lidar_pkg
[15.065s] -- Installing: /mnt/c/Users/jcube/OneDrive/Desktop/Jacob/School/Queens/Year 5/Extra Curricular/aQuatonomous/Lidar Bagging Data/mapping-25-26/install/my_lidar_pkg/share/my_lidar_pkg/environment/ament_prefix_path.sh
[15.167s] -- Installing: /mnt/c/Users/jcube/OneDrive/Desktop/Jacob/School/Queens/Year 5/Extra Curricular/aQuatonomous/Lidar Bagging Data/mapping-25-26/install/my_lidar_pkg/share/my_lidar_pkg/environment/ament_prefix_path.dsv
[15.275s] -- Installing: /mnt/c/Users/jcube/OneDrive/Desktop/Jacob/School/Queens/Year 5/Extra Curricular/aQuatonomous/Lidar Bagging Data/mapping-25-26/install/my_lidar_pkg/share/my_lidar_pkg/environment/path.sh
[15.383s] -- Installing: /mnt/c/Users/jcube/OneDrive/Desktop/Jacob/School/Queens/Year 5/Extra Curricular/aQuatonomous/Lidar Bagging Data/mapping-25-26/install/my_lidar_pkg/share/my_lidar_pkg/environment/path.dsv
[15.496s] -- Installing: /mnt/c/Users/jcube/OneDrive/Desktop/Jacob/School/Queens/Year 5/Extra Curricular/aQuatonomous/Lidar Bagging Data/mapping-25-26/install/my_lidar_pkg/share/my_lidar_pkg/local_setup.bash
[15.596s] -- Installing: /mnt/c/Users/jcube/OneDrive/Desktop/Jacob/School/Queens/Year 5/Extra Curricular/aQuatonomous/Lidar Bagging Data/mapping-25-26/install/my_lidar_pkg/share/my_lidar_pkg/local_setup.sh
[15.701s] -- Installing: /mnt/c/Users/jcube/OneDrive/Desktop/Jacob/School/Queens/Year 5/Extra Curricular/aQuatonomous/Lidar Bagging Data/mapping-25-26/install/my_lidar_pkg/share/my_lidar_pkg/local_setup.zsh
[15.805s] -- Installing: /mnt/c/Users/jcube/OneDrive/Desktop/Jacob/School/Queens/Year 5/Extra Curricular/aQuatonomous/Lidar Bagging Data/mapping-25-26/install/my_lidar_pkg/share/my_lidar_pkg/local_setup.dsv
[15.907s] -- Installing: /mnt/c/Users/jcube/OneDrive/Desktop/Jacob/School/Queens/Year 5/Extra Curricular/aQuatonomous/Lidar Bagging Data/mapping-25-26/install/my_lidar_pkg/share/my_lidar_pkg/package.dsv
[16.049s] -- Installing: /mnt/c/Users/jcube/OneDrive/Desktop/Jacob/School/Queens/Year 5/Extra Curricular/aQuatonomous/Lidar Bagging Data/mapping-25-26/install/my_lidar_pkg/share/ament_index/resource_index/packages/my_lidar_pkg
[16.207s] -- Installing: /mnt/c/Users/jcube/OneDrive/Desktop/Jacob/School/Queens/Year 5/Extra Curricular/aQuatonomous/Lidar Bagging Data/mapping-25-26/install/my_lidar_pkg/share/my_lidar_pkg/cmake/my_lidar_pkgConfig.cmake
[16.310s] -- Installing: /mnt/c/Users/jcube/OneDrive/Desktop/Jacob/School/Queens/Year 5/Extra Curricular/aQuatonomous/Lidar Bagging Data/mapping-25-26/install/my_lidar_pkg/share/my_lidar_pkg/cmake/my_lidar_pkgConfig-version.cmake
[16.429s] -- Installing: /mnt/c/Users/jcube/OneDrive/Desktop/Jacob/School/Queens/Year 5/Extra Curricular/aQuatonomous/Lidar Bagging Data/mapping-25-26/install/my_lidar_pkg/share/my_lidar_pkg/package.xml
[16.524s] Invoked command in '/mnt/c/Users/jcube/OneDrive/Desktop/Jacob/School/Queens/Year 5/Extra Curricular/aQuatonomous/Lidar Bagging Data/mapping-25-26/build/my_lidar_pkg' returned '0': /usr/bin/cmake --install /mnt/c/Users/jcube/OneDrive/Desktop/Jacob/School/Queens/Year 5/Extra Curricular/aQuatonomous/Lidar Bagging Data/mapping-25-26/build/my_lidar_pkg
