-- Found ament_cmake: 1.3.12 (/opt/ros/humble/share/ament_cmake/cmake)
-- Configuring done
-- Generating done
-- Build files have been written to: /home/jacob/ros2_ws/build/my_lidar_pkg
Built target ament_cmake_python_copy_my_lidar_pkg_setup
Built target ament_cmake_python_copy_my_lidar_pkg
running egg_info
writing my_lidar_pkg.egg-info/PKG-INFO
writing dependency_links to my_lidar_pkg.egg-info/dependency_links.txt
writing top-level names to my_lidar_pkg.egg-info/top_level.txt
reading manifest file 'my_lidar_pkg.egg-info/SOURCES.txt'
writing manifest file 'my_lidar_pkg.egg-info/SOURCES.txt'
Built target ament_cmake_python_build_my_lidar_pkg_egg
-- Install configuration: ""
-- Up-to-date: /home/jacob/ros2_ws/install/my_lidar_pkg/share/my_lidar_pkg/environment/pythonpath.sh
-- Installing: /home/jacob/ros2_ws/install/my_lidar_pkg/share/my_lidar_pkg/environment/pythonpath.dsv
-- Up-to-date: /home/jacob/ros2_ws/install/my_lidar_pkg/local/lib/python3.10/dist-packages/my_lidar_pkg-0.1.0-py3.10.egg-info
-- Installing: /home/jacob/ros2_ws/install/my_lidar_pkg/local/lib/python3.10/dist-packages/my_lidar_pkg-0.1.0-py3.10.egg-info/top_level.txt
-- Installing: /home/jacob/ros2_ws/install/my_lidar_pkg/local/lib/python3.10/dist-packages/my_lidar_pkg-0.1.0-py3.10.egg-info/SOURCES.txt
-- Installing: /home/jacob/ros2_ws/install/my_lidar_pkg/local/lib/python3.10/dist-packages/my_lidar_pkg-0.1.0-py3.10.egg-info/PKG-INFO
-- Installing: /home/jacob/ros2_ws/install/my_lidar_pkg/local/lib/python3.10/dist-packages/my_lidar_pkg-0.1.0-py3.10.egg-info/dependency_links.txt
-- Up-to-date: /home/jacob/ros2_ws/install/my_lidar_pkg/local/lib/python3.10/dist-packages/my_lidar_pkg
-- Up-to-date: /home/jacob/ros2_ws/install/my_lidar_pkg/local/lib/python3.10/dist-packages/my_lidar_pkg/lidar_subscriber.py
-- Up-to-date: /home/jacob/ros2_ws/install/my_lidar_pkg/local/lib/python3.10/dist-packages/my_lidar_pkg/__init__.py
Listing '/home/jacob/ros2_ws/install/my_lidar_pkg/local/lib/python3.10/dist-packages/my_lidar_pkg'...
-- Up-to-date: /home/jacob/ros2_ws/install/my_lidar_pkg/share/ament_index/resource_index/package_run_dependencies/my_lidar_pkg
-- Up-to-date: /home/jacob/ros2_ws/install/my_lidar_pkg/share/ament_index/resource_index/parent_prefix_path/my_lidar_pkg
-- Up-to-date: /home/jacob/ros2_ws/install/my_lidar_pkg/share/my_lidar_pkg/environment/ament_prefix_path.sh
-- Installing: /home/jacob/ros2_ws/install/my_lidar_pkg/share/my_lidar_pkg/environment/ament_prefix_path.dsv
-- Up-to-date: /home/jacob/ros2_ws/install/my_lidar_pkg/share/my_lidar_pkg/environment/path.sh
-- Installing: /home/jacob/ros2_ws/install/my_lidar_pkg/share/my_lidar_pkg/environment/path.dsv
-- Up-to-date: /home/jacob/ros2_ws/install/my_lidar_pkg/share/my_lidar_pkg/local_setup.bash
-- Up-to-date: /home/jacob/ros2_ws/install/my_lidar_pkg/share/my_lidar_pkg/local_setup.sh
-- Up-to-date: /home/jacob/ros2_ws/install/my_lidar_pkg/share/my_lidar_pkg/local_setup.zsh
-- Installing: /home/jacob/ros2_ws/install/my_lidar_pkg/share/my_lidar_pkg/local_setup.dsv
-- Installing: /home/jacob/ros2_ws/install/my_lidar_pkg/share/my_lidar_pkg/package.dsv
-- Up-to-date: /home/jacob/ros2_ws/install/my_lidar_pkg/share/ament_index/resource_index/packages/my_lidar_pkg
-- Up-to-date: /home/jacob/ros2_ws/install/my_lidar_pkg/share/my_lidar_pkg/cmake/my_lidar_pkgConfig.cmake
-- Up-to-date: /home/jacob/ros2_ws/install/my_lidar_pkg/share/my_lidar_pkg/cmake/my_lidar_pkgConfig-version.cmake
-- Up-to-date: /home/jacob/ros2_ws/install/my_lidar_pkg/share/my_lidar_pkg/package.xml
