[0.034s] Invoking command in '/home/jacob/ros2_ws/build/my_lidar_pkg': /usr/bin/cmake /home/jacob/ros2_ws/src/my_lidar_pkg -DBUILD_TESTING=OFF -DCATKIN_INSTALL_INTO_PREFIX_ROOT=0 -DCATKIN_SYMLINK_INSTALL=ON -DCMAKE_INSTALL_PREFIX=/home/jacob/ros2_ws/install/my_lidar_pkg
[0.186s] -- The C compiler identification is GNU 11.4.0
[0.371s] -- The CXX compiler identification is GNU 11.4.0
[0.402s] -- Detecting C compiler ABI info
[0.607s] -- Detecting C compiler ABI info - done
[0.637s] -- Check for working C compiler: /usr/bin/cc - skipped
[0.638s] -- Detecting C compile features
[0.640s] -- Detecting C compile features - done
[0.654s] -- Detecting CXX compiler ABI info
[0.863s] -- Detecting CXX compiler ABI info - done
[0.895s] -- Check for working CXX compiler: /usr/bin/c++ - skipped
[0.895s] -- Detecting CXX compile features
[0.897s] -- Detecting CXX compile features - done
[0.921s] -- Found ament_cmake: 1.3.12 (/opt/ros/humble/share/ament_cmake/cmake)
[1.426s] -- Found Python3: /usr/bin/python3 (found version "3.10.12") found components: Interpreter 
[2.261s] -- Configuring done
[2.304s] -- Generating done
[2.310s] CMake Warning:
[2.310s]   Manually-specified variables were not used by the project:
[2.311s] 
[2.311s]     CATKIN_INSTALL_INTO_PREFIX_ROOT
[2.311s]     CATKIN_SYMLINK_INSTALL
[2.312s] 
[2.312s] 
[2.321s] -- Build files have been written to: /home/jacob/ros2_ws/build/my_lidar_pkg
[2.350s] Invoked command in '/home/jacob/ros2_ws/build/my_lidar_pkg' returned '0': /usr/bin/cmake /home/jacob/ros2_ws/src/my_lidar_pkg -DBUILD_TESTING=OFF -DCATKIN_INSTALL_INTO_PREFIX_ROOT=0 -DCATKIN_SYMLINK_INSTALL=ON -DCMAKE_INSTALL_PREFIX=/home/jacob/ros2_ws/install/my_lidar_pkg
[2.351s] Invoking command in '/home/jacob/ros2_ws/build/my_lidar_pkg': /usr/bin/cmake --build /home/jacob/ros2_ws/build/my_lidar_pkg -- -j6 -l6
[2.540s] Built target ament_cmake_python_copy_my_lidar_pkg_setup
[2.579s] Built target ament_cmake_python_copy_my_lidar_pkg
[3.264s] /usr/lib/python3/dist-packages/setuptools/dist.py:723: UserWarning: Usage of dash-separated 'script-dir' will not be supported in future versions. Please use the underscore name 'script_dir' instead
[3.264s]   warnings.warn(
[3.264s] /usr/lib/python3/dist-packages/setuptools/dist.py:723: UserWarning: Usage of dash-separated 'install-scripts' will not be supported in future versions. Please use the underscore name 'install_scripts' instead
[3.264s]   warnings.warn(
[3.277s] running egg_info
[3.278s] creating my_lidar_pkg.egg-info
[3.279s] writing my_lidar_pkg.egg-info/PKG-INFO
[3.279s] writing dependency_links to my_lidar_pkg.egg-info/dependency_links.txt
[3.280s] writing top-level names to my_lidar_pkg.egg-info/top_level.txt
[3.280s] writing manifest file 'my_lidar_pkg.egg-info/SOURCES.txt'
[3.285s] reading manifest file 'my_lidar_pkg.egg-info/SOURCES.txt'
[3.287s] writing manifest file 'my_lidar_pkg.egg-info/SOURCES.txt'
[3.393s] Built target ament_cmake_python_build_my_lidar_pkg_egg
[3.424s] Invoked command in '/home/jacob/ros2_ws/build/my_lidar_pkg' returned '0': /usr/bin/cmake --build /home/jacob/ros2_ws/build/my_lidar_pkg -- -j6 -l6
[3.454s] Invoking command in '/home/jacob/ros2_ws/build/my_lidar_pkg': /usr/bin/cmake --install /home/jacob/ros2_ws/build/my_lidar_pkg
[3.476s] -- Install configuration: ""
[3.478s] -- Installing: /home/jacob/ros2_ws/install/my_lidar_pkg/share/my_lidar_pkg/environment/pythonpath.sh
[3.478s] -- Installing: /home/jacob/ros2_ws/install/my_lidar_pkg/share/my_lidar_pkg/environment/pythonpath.dsv
[3.478s] -- Installing: /home/jacob/ros2_ws/install/my_lidar_pkg/local/lib/python3.10/dist-packages/my_lidar_pkg-0.1.0-py3.10.egg-info
[3.479s] -- Installing: /home/jacob/ros2_ws/install/my_lidar_pkg/local/lib/python3.10/dist-packages/my_lidar_pkg-0.1.0-py3.10.egg-info/top_level.txt
[3.479s] -- Installing: /home/jacob/ros2_ws/install/my_lidar_pkg/local/lib/python3.10/dist-packages/my_lidar_pkg-0.1.0-py3.10.egg-info/SOURCES.txt
[3.479s] -- Installing: /home/jacob/ros2_ws/install/my_lidar_pkg/local/lib/python3.10/dist-packages/my_lidar_pkg-0.1.0-py3.10.egg-info/PKG-INFO
[3.479s] -- Installing: /home/jacob/ros2_ws/install/my_lidar_pkg/local/lib/python3.10/dist-packages/my_lidar_pkg-0.1.0-py3.10.egg-info/dependency_links.txt
[3.479s] -- Installing: /home/jacob/ros2_ws/install/my_lidar_pkg/local/lib/python3.10/dist-packages/my_lidar_pkg
[3.480s] -- Installing: /home/jacob/ros2_ws/install/my_lidar_pkg/local/lib/python3.10/dist-packages/my_lidar_pkg/lidar_subscriber.py
[3.480s] -- Installing: /home/jacob/ros2_ws/install/my_lidar_pkg/local/lib/python3.10/dist-packages/my_lidar_pkg/__init__.py
[3.563s] Listing '/home/jacob/ros2_ws/install/my_lidar_pkg/local/lib/python3.10/dist-packages/my_lidar_pkg'...
[3.563s] Compiling '/home/jacob/ros2_ws/install/my_lidar_pkg/local/lib/python3.10/dist-packages/my_lidar_pkg/__init__.py'...
[3.563s] Compiling '/home/jacob/ros2_ws/install/my_lidar_pkg/local/lib/python3.10/dist-packages/my_lidar_pkg/lidar_subscriber.py'...
[3.581s] -- Installing: /home/jacob/ros2_ws/install/my_lidar_pkg/share/ament_index/resource_index/package_run_dependencies/my_lidar_pkg
[3.582s] -- Installing: /home/jacob/ros2_ws/install/my_lidar_pkg/share/ament_index/resource_index/parent_prefix_path/my_lidar_pkg
[3.582s] -- Installing: /home/jacob/ros2_ws/install/my_lidar_pkg/share/my_lidar_pkg/environment/ament_prefix_path.sh
[3.582s] -- Installing: /home/jacob/ros2_ws/install/my_lidar_pkg/share/my_lidar_pkg/environment/ament_prefix_path.dsv
[3.583s] -- Installing: /home/jacob/ros2_ws/install/my_lidar_pkg/share/my_lidar_pkg/environment/path.sh
[3.583s] -- Installing: /home/jacob/ros2_ws/install/my_lidar_pkg/share/my_lidar_pkg/environment/path.dsv
[3.583s] -- Installing: /home/jacob/ros2_ws/install/my_lidar_pkg/share/my_lidar_pkg/local_setup.bash
[3.584s] -- Installing: /home/jacob/ros2_ws/install/my_lidar_pkg/share/my_lidar_pkg/local_setup.sh
[3.584s] -- Installing: /home/jacob/ros2_ws/install/my_lidar_pkg/share/my_lidar_pkg/local_setup.zsh
[3.584s] -- Installing: /home/jacob/ros2_ws/install/my_lidar_pkg/share/my_lidar_pkg/local_setup.dsv
[3.584s] -- Installing: /home/jacob/ros2_ws/install/my_lidar_pkg/share/my_lidar_pkg/package.dsv
[3.584s] -- Installing: /home/jacob/ros2_ws/install/my_lidar_pkg/share/ament_index/resource_index/packages/my_lidar_pkg
[3.585s] -- Installing: /home/jacob/ros2_ws/install/my_lidar_pkg/share/my_lidar_pkg/cmake/my_lidar_pkgConfig.cmake
[3.585s] -- Installing: /home/jacob/ros2_ws/install/my_lidar_pkg/share/my_lidar_pkg/cmake/my_lidar_pkgConfig-version.cmake
[3.585s] -- Installing: /home/jacob/ros2_ws/install/my_lidar_pkg/share/my_lidar_pkg/package.xml
[3.592s] Invoked command in '/home/jacob/ros2_ws/build/my_lidar_pkg' returned '0': /usr/bin/cmake --install /home/jacob/ros2_ws/build/my_lidar_pkg
