[0.000000] (-) TimerEvent: {}
[0.000316] (-) JobUnselected: {'identifier': 'ros_numpy'}
[0.000640] (-) JobUnselected: {'identifier': 'unitree_lidar_ros2'}
[0.001144] (-) JobUnselected: {'identifier': 'unitree_lidar_sdk'}
[0.001910] (my_lidar_pkg) JobQueued: {'identifier': 'my_lidar_pkg', 'dependencies': OrderedDict()}
[0.002332] (my_lidar_pkg) JobStarted: {'identifier': 'my_lidar_pkg'}
[0.021932] (my_lidar_pkg) JobProgress: {'identifier': 'my_lidar_pkg', 'progress': 'cmake'}
[0.023652] (my_lidar_pkg) JobProgress: {'identifier': 'my_lidar_pkg', 'progress': 'build'}
[0.026051] (my_lidar_pkg) Command: {'cmd': ['/usr/bin/cmake', '--build', '/home/jacob/ros2_ws/build/my_lidar_pkg', '--', '-j6', '-l6'], 'cwd': '/home/jacob/ros2_ws/build/my_lidar_pkg', 'env': OrderedDict([('LESSOPEN', '| /usr/bin/lesspipe %s'), ('VSCODE_CWD', '/home/jacob'), ('VSCODE_ESM_ENTRYPOINT', 'vs/workbench/api/node/extensionHostProcess'), ('LANGUAGE', 'en_CA:en'), ('USER', 'jacob'), ('SSH_CLIENT', '100.70.227.125 62180 22'), ('VSCODE_NLS_CONFIG', '{"userLocale":"en","osLocale":"en","resolvedLanguage":"en","defaultMessagesFile":"/home/jacob/.cursor-server/bin/5c17eb2968a37f66bc6662f48d6356a100b67be0/out/nls.messages.json","locale":"en","availableLanguages":{}}'), ('VSCODE_HANDLES_UNCAUGHT_ERRORS', 'true'), ('ROS_PACKAGE_PATH', '/home/jacob/ros2_ws/install/my_lidar_pkg/share'), ('XDG_SESSION_TYPE', 'tty'), ('SHLVL', '2'), ('LD_LIBRARY_PATH', '/opt/ros/humble/opt/rviz_ogre_vendor/lib:/opt/ros/humble/lib/aarch64-linux-gnu:/opt/ros/humble/lib'), ('BROWSER', '/home/jacob/.cursor-server/bin/5c17eb2968a37f66bc6662f48d6356a100b67be0/bin/helpers/browser.sh'), ('MOTD_SHOWN', 'pam'), ('HOME', '/home/jacob'), ('OLDPWD', '/home/jacob'), ('VSCODE_IPC_HOOK_CLI', '/run/user/1002/vscode-ipc-ec65a006-e728-4398-b7bd-3babdd5a7260.sock'), ('ROS_PYTHON_VERSION', '3'), ('NO_COLOR', '1'), ('DBUS_SESSION_BUS_ADDRESS', 'unix:path=/run/user/1002/bus'), ('VSCODE_L10N_BUNDLE_LOCATION', ''), ('COLCON_PREFIX_PATH', '/home/jacob/ros2_ws/install:/home/jacob/ros2_ws/src/install'), ('ROS_DISTRO', 'humble'), ('LOGNAME', 'jacob'), ('FORCE_COLOR', '0'), ('VSCODE_HANDLES_SIGPIPE', 'true'), ('_', '/usr/bin/colcon'), ('ROS_VERSION', '2'), ('PKG_CONFIG_PATH', '/home/jacob/ros2_ws/install/my_lidar_pkg/lib/aarch64-linux-gnu/pkgconfig:/home/jacob/ros2_ws/install/my_lidar_pkg/lib/pkgconfig'), ('XDG_SESSION_CLASS', 'user'), ('TERM', 'dumb'), ('XDG_SESSION_ID', '1148'), ('ROS_LOCALHOST_ONLY', '0'), ('COMPOSER_NO_INTERACTION', '1'), ('PATH', '/home/jacob/.cursor-server/bin/5c17eb2968a37f66bc6662f48d6356a100b67be0/bin/remote-cli:/opt/ros/humble/bin:/home/jacob/.cursor-server/bin/5c17eb2968a37f66bc6662f48d6356a100b67be0/bin/remote-cli:/usr/local/sbin:/usr/local/bin:/usr/sbin:/usr/bin:/sbin:/bin:/usr/games:/usr/local/games:/snap/bin'), ('VSCODE_AGENT_FOLDER', '/home/jacob/.cursor-server'), ('XDG_RUNTIME_DIR', '/run/user/1002'), ('CURSOR_AGENT', '1'), ('LANG', 'en_US.UTF-8'), ('LS_COLORS', ''), ('AMENT_PREFIX_PATH', '/home/jacob/ros2_ws/install/unitree_lidar_ros2:/opt/ros/humble'), ('SHELL', '/bin/bash'), ('VSCODE_SERVER_SHUTDOWN_TIMEOUT', '300'), ('LESSCLOSE', '/usr/bin/lesspipe %s %s'), ('PWD', '/home/jacob/ros2_ws/build/my_lidar_pkg'), ('LC_ALL', 'en_US.UTF-8'), ('SSH_CONNECTION', '100.70.227.125 62180 100.123.76.44 22'), ('XDG_DATA_DIRS', '/usr/share/gnome:/usr/local/share:/usr/share:/var/lib/snapd/desktop'), ('PYTHONPATH', '/home/jacob/ros2_ws/install/my_lidar_pkg/local/lib/python3.10/dist-packages:/home/jacob/ros2_ws/install/my_lidar_pkg/lib/python3.10/site-packages:/home/jacob/ros2_ws/src/install/my_lidar_pkg/lib/python3.10/site-packages:/opt/ros/humble/lib/python3.10/site-packages:/opt/ros/humble/local/lib/python3.10/dist-packages'), ('COLCON', '1'), ('CMAKE_PREFIX_PATH', '/home/jacob/ros2_ws/install/unitree_lidar_ros2:/home/jacob/ros2_ws/install/my_lidar_pkg')]), 'shell': False}
[0.099057] (-) TimerEvent: {}
[0.177094] (my_lidar_pkg) StdoutLine: {'line': b'Built target ament_cmake_python_copy_my_lidar_pkg_setup\n'}
[0.178545] (my_lidar_pkg) StdoutLine: {'line': b'Built target ament_cmake_python_copy_my_lidar_pkg\n'}
[0.199349] (-) TimerEvent: {}
[0.299864] (-) TimerEvent: {}
[0.400427] (-) TimerEvent: {}
[0.500995] (-) TimerEvent: {}
[0.601539] (-) TimerEvent: {}
[0.702076] (-) TimerEvent: {}
[0.765960] (my_lidar_pkg) StderrLine: {'line': b"/usr/lib/python3/dist-packages/setuptools/dist.py:723: UserWarning: Usage of dash-separated 'script-dir' will not be supported in future versions. Please use the underscore name 'script_dir' instead\n"}
[0.766829] (my_lidar_pkg) StderrLine: {'line': b'  warnings.warn(\n'}
[0.767100] (my_lidar_pkg) StderrLine: {'line': b"/usr/lib/python3/dist-packages/setuptools/dist.py:723: UserWarning: Usage of dash-separated 'install-scripts' will not be supported in future versions. Please use the underscore name 'install_scripts' instead\n"}
[0.767279] (my_lidar_pkg) StderrLine: {'line': b'  warnings.warn(\n'}
[0.778654] (my_lidar_pkg) StdoutLine: {'line': b'running egg_info\n'}
[0.780019] (my_lidar_pkg) StdoutLine: {'line': b'writing my_lidar_pkg.egg-info/PKG-INFO\n'}
[0.781051] (my_lidar_pkg) StdoutLine: {'line': b'writing dependency_links to my_lidar_pkg.egg-info/dependency_links.txt\n'}
[0.781548] (my_lidar_pkg) StdoutLine: {'line': b'writing top-level names to my_lidar_pkg.egg-info/top_level.txt\n'}
[0.786906] (my_lidar_pkg) StdoutLine: {'line': b"reading manifest file 'my_lidar_pkg.egg-info/SOURCES.txt'\n"}
[0.788322] (my_lidar_pkg) StdoutLine: {'line': b"writing manifest file 'my_lidar_pkg.egg-info/SOURCES.txt'\n"}
[0.802145] (-) TimerEvent: {}
[0.891354] (my_lidar_pkg) StdoutLine: {'line': b'Built target ament_cmake_python_build_my_lidar_pkg_egg\n'}
[0.902280] (-) TimerEvent: {}
[0.919205] (my_lidar_pkg) CommandEnded: {'returncode': 0}
[0.922216] (my_lidar_pkg) JobProgress: {'identifier': 'my_lidar_pkg', 'progress': 'install'}
[0.951496] (my_lidar_pkg) Command: {'cmd': ['/usr/bin/cmake', '--install', '/home/jacob/ros2_ws/build/my_lidar_pkg'], 'cwd': '/home/jacob/ros2_ws/build/my_lidar_pkg', 'env': OrderedDict([('LESSOPEN', '| /usr/bin/lesspipe %s'), ('VSCODE_CWD', '/home/jacob'), ('VSCODE_ESM_ENTRYPOINT', 'vs/workbench/api/node/extensionHostProcess'), ('LANGUAGE', 'en_CA:en'), ('USER', 'jacob'), ('SSH_CLIENT', '100.70.227.125 62180 22'), ('VSCODE_NLS_CONFIG', '{"userLocale":"en","osLocale":"en","resolvedLanguage":"en","defaultMessagesFile":"/home/jacob/.cursor-server/bin/5c17eb2968a37f66bc6662f48d6356a100b67be0/out/nls.messages.json","locale":"en","availableLanguages":{}}'), ('VSCODE_HANDLES_UNCAUGHT_ERRORS', 'true'), ('ROS_PACKAGE_PATH', '/home/jacob/ros2_ws/install/my_lidar_pkg/share'), ('XDG_SESSION_TYPE', 'tty'), ('SHLVL', '2'), ('LD_LIBRARY_PATH', '/opt/ros/humble/opt/rviz_ogre_vendor/lib:/opt/ros/humble/lib/aarch64-linux-gnu:/opt/ros/humble/lib'), ('BROWSER', '/home/jacob/.cursor-server/bin/5c17eb2968a37f66bc6662f48d6356a100b67be0/bin/helpers/browser.sh'), ('MOTD_SHOWN', 'pam'), ('HOME', '/home/jacob'), ('OLDPWD', '/home/jacob'), ('VSCODE_IPC_HOOK_CLI', '/run/user/1002/vscode-ipc-ec65a006-e728-4398-b7bd-3babdd5a7260.sock'), ('ROS_PYTHON_VERSION', '3'), ('NO_COLOR', '1'), ('DBUS_SESSION_BUS_ADDRESS', 'unix:path=/run/user/1002/bus'), ('VSCODE_L10N_BUNDLE_LOCATION', ''), ('COLCON_PREFIX_PATH', '/home/jacob/ros2_ws/install:/home/jacob/ros2_ws/src/install'), ('ROS_DISTRO', 'humble'), ('LOGNAME', 'jacob'), ('FORCE_COLOR', '0'), ('VSCODE_HANDLES_SIGPIPE', 'true'), ('_', '/usr/bin/colcon'), ('ROS_VERSION', '2'), ('PKG_CONFIG_PATH', '/home/jacob/ros2_ws/install/my_lidar_pkg/lib/aarch64-linux-gnu/pkgconfig:/home/jacob/ros2_ws/install/my_lidar_pkg/lib/pkgconfig'), ('XDG_SESSION_CLASS', 'user'), ('TERM', 'dumb'), ('XDG_SESSION_ID', '1148'), ('ROS_LOCALHOST_ONLY', '0'), ('COMPOSER_NO_INTERACTION', '1'), ('PATH', '/home/jacob/.cursor-server/bin/5c17eb2968a37f66bc6662f48d6356a100b67be0/bin/remote-cli:/opt/ros/humble/bin:/home/jacob/.cursor-server/bin/5c17eb2968a37f66bc6662f48d6356a100b67be0/bin/remote-cli:/usr/local/sbin:/usr/local/bin:/usr/sbin:/usr/bin:/sbin:/bin:/usr/games:/usr/local/games:/snap/bin'), ('VSCODE_AGENT_FOLDER', '/home/jacob/.cursor-server'), ('XDG_RUNTIME_DIR', '/run/user/1002'), ('CURSOR_AGENT', '1'), ('LANG', 'en_US.UTF-8'), ('LS_COLORS', ''), ('AMENT_PREFIX_PATH', '/home/jacob/ros2_ws/install/unitree_lidar_ros2:/opt/ros/humble'), ('SHELL', '/bin/bash'), ('VSCODE_SERVER_SHUTDOWN_TIMEOUT', '300'), ('LESSCLOSE', '/usr/bin/lesspipe %s %s'), ('PWD', '/home/jacob/ros2_ws/build/my_lidar_pkg'), ('LC_ALL', 'en_US.UTF-8'), ('SSH_CONNECTION', '100.70.227.125 62180 100.123.76.44 22'), ('XDG_DATA_DIRS', '/usr/share/gnome:/usr/local/share:/usr/share:/var/lib/snapd/desktop'), ('PYTHONPATH', '/home/jacob/ros2_ws/install/my_lidar_pkg/local/lib/python3.10/dist-packages:/home/jacob/ros2_ws/install/my_lidar_pkg/lib/python3.10/site-packages:/home/jacob/ros2_ws/src/install/my_lidar_pkg/lib/python3.10/site-packages:/opt/ros/humble/lib/python3.10/site-packages:/opt/ros/humble/local/lib/python3.10/dist-packages'), ('COLCON', '1'), ('CMAKE_PREFIX_PATH', '/home/jacob/ros2_ws/install/unitree_lidar_ros2:/home/jacob/ros2_ws/install/my_lidar_pkg')]), 'shell': False}
[0.972774] (my_lidar_pkg) StdoutLine: {'line': b'-- Install configuration: ""\n'}
[0.973204] (my_lidar_pkg) StdoutLine: {'line': b'-- Up-to-date: /home/jacob/ros2_ws/install/my_lidar_pkg/share/my_lidar_pkg/environment/pythonpath.sh\n'}
[0.973859] (my_lidar_pkg) StdoutLine: {'line': b'-- Up-to-date: /home/jacob/ros2_ws/install/my_lidar_pkg/share/my_lidar_pkg/environment/pythonpath.dsv\n'}
[0.974507] (my_lidar_pkg) StdoutLine: {'line': b'-- Up-to-date: /home/jacob/ros2_ws/install/my_lidar_pkg/local/lib/python3.10/dist-packages/my_lidar_pkg-0.1.0-py3.10.egg-info\n'}
[0.974980] (my_lidar_pkg) StdoutLine: {'line': b'-- Installing: /home/jacob/ros2_ws/install/my_lidar_pkg/local/lib/python3.10/dist-packages/my_lidar_pkg-0.1.0-py3.10.egg-info/top_level.txt\n'}
[0.975255] (my_lidar_pkg) StdoutLine: {'line': b'-- Installing: /home/jacob/ros2_ws/install/my_lidar_pkg/local/lib/python3.10/dist-packages/my_lidar_pkg-0.1.0-py3.10.egg-info/SOURCES.txt\n'}
[0.975501] (my_lidar_pkg) StdoutLine: {'line': b'-- Installing: /home/jacob/ros2_ws/install/my_lidar_pkg/local/lib/python3.10/dist-packages/my_lidar_pkg-0.1.0-py3.10.egg-info/PKG-INFO\n'}
[0.975737] (my_lidar_pkg) StdoutLine: {'line': b'-- Installing: /home/jacob/ros2_ws/install/my_lidar_pkg/local/lib/python3.10/dist-packages/my_lidar_pkg-0.1.0-py3.10.egg-info/dependency_links.txt\n'}
[0.975970] (my_lidar_pkg) StdoutLine: {'line': b'-- Up-to-date: /home/jacob/ros2_ws/install/my_lidar_pkg/local/lib/python3.10/dist-packages/my_lidar_pkg\n'}
[0.976199] (my_lidar_pkg) StdoutLine: {'line': b'-- Installing: /home/jacob/ros2_ws/install/my_lidar_pkg/local/lib/python3.10/dist-packages/my_lidar_pkg/lidar_subscriber.py\n'}
[0.976424] (my_lidar_pkg) StdoutLine: {'line': b'-- Up-to-date: /home/jacob/ros2_ws/install/my_lidar_pkg/local/lib/python3.10/dist-packages/my_lidar_pkg/__init__.py\n'}
[1.002399] (-) TimerEvent: {}
[1.051267] (my_lidar_pkg) StdoutLine: {'line': b"Listing '/home/jacob/ros2_ws/install/my_lidar_pkg/local/lib/python3.10/dist-packages/my_lidar_pkg'...\n"}
[1.051660] (my_lidar_pkg) StdoutLine: {'line': b"Compiling '/home/jacob/ros2_ws/install/my_lidar_pkg/local/lib/python3.10/dist-packages/my_lidar_pkg/lidar_subscriber.py'...\n"}
[1.074563] (my_lidar_pkg) StdoutLine: {'line': b'-- Up-to-date: /home/jacob/ros2_ws/install/my_lidar_pkg/share/ament_index/resource_index/package_run_dependencies/my_lidar_pkg\n'}
[1.075431] (my_lidar_pkg) StdoutLine: {'line': b'-- Up-to-date: /home/jacob/ros2_ws/install/my_lidar_pkg/share/ament_index/resource_index/parent_prefix_path/my_lidar_pkg\n'}
[1.076201] (my_lidar_pkg) StdoutLine: {'line': b'-- Up-to-date: /home/jacob/ros2_ws/install/my_lidar_pkg/share/my_lidar_pkg/environment/ament_prefix_path.sh\n'}
[1.076493] (my_lidar_pkg) StdoutLine: {'line': b'-- Up-to-date: /home/jacob/ros2_ws/install/my_lidar_pkg/share/my_lidar_pkg/environment/ament_prefix_path.dsv\n'}
[1.076735] (my_lidar_pkg) StdoutLine: {'line': b'-- Up-to-date: /home/jacob/ros2_ws/install/my_lidar_pkg/share/my_lidar_pkg/environment/path.sh\n'}
[1.076972] (my_lidar_pkg) StdoutLine: {'line': b'-- Up-to-date: /home/jacob/ros2_ws/install/my_lidar_pkg/share/my_lidar_pkg/environment/path.dsv\n'}
[1.077251] (my_lidar_pkg) StdoutLine: {'line': b'-- Up-to-date: /home/jacob/ros2_ws/install/my_lidar_pkg/share/my_lidar_pkg/local_setup.bash\n'}
[1.077482] (my_lidar_pkg) StdoutLine: {'line': b'-- Up-to-date: /home/jacob/ros2_ws/install/my_lidar_pkg/share/my_lidar_pkg/local_setup.sh\n'}
[1.077713] (my_lidar_pkg) StdoutLine: {'line': b'-- Up-to-date: /home/jacob/ros2_ws/install/my_lidar_pkg/share/my_lidar_pkg/local_setup.zsh\n'}
[1.077939] (my_lidar_pkg) StdoutLine: {'line': b'-- Up-to-date: /home/jacob/ros2_ws/install/my_lidar_pkg/share/my_lidar_pkg/local_setup.dsv\n'}
[1.078192] (my_lidar_pkg) StdoutLine: {'line': b'-- Installing: /home/jacob/ros2_ws/install/my_lidar_pkg/share/my_lidar_pkg/package.dsv\n'}
[1.078422] (my_lidar_pkg) StdoutLine: {'line': b'-- Up-to-date: /home/jacob/ros2_ws/install/my_lidar_pkg/share/ament_index/resource_index/packages/my_lidar_pkg\n'}
[1.078645] (my_lidar_pkg) StdoutLine: {'line': b'-- Up-to-date: /home/jacob/ros2_ws/install/my_lidar_pkg/share/my_lidar_pkg/cmake/my_lidar_pkgConfig.cmake\n'}
[1.078868] (my_lidar_pkg) StdoutLine: {'line': b'-- Up-to-date: /home/jacob/ros2_ws/install/my_lidar_pkg/share/my_lidar_pkg/cmake/my_lidar_pkgConfig-version.cmake\n'}
[1.079147] (my_lidar_pkg) StdoutLine: {'line': b'-- Up-to-date: /home/jacob/ros2_ws/install/my_lidar_pkg/share/my_lidar_pkg/package.xml\n'}
[1.082108] (my_lidar_pkg) CommandEnded: {'returncode': 0}
[1.102562] (-) TimerEvent: {}
[1.169641] (my_lidar_pkg) JobEnded: {'identifier': 'my_lidar_pkg', 'rc': 0}
[1.172285] (-) EventReactorShutdown: {}
