[2.861s] DEBUG:colcon:Command line arguments: ['/usr/bin/colcon', 'build', '--packages-select', 'pointcloud_filters']
[2.862s] DEBUG:colcon:Parsed command line arguments: Namespace(log_base=None, log_level=None, verb_name='build', build_base='build', install_base='install', merge_install=False, symlink_install=False, test_result_base=None, continue_on_error=False, executor='parallel', parallel_workers=6, event_handlers=None, ignore_user_meta=False, metas=['./colcon.meta'], base_paths=['.'], packages_ignore=None, packages_ignore_regex=None, paths=None, packages_up_to=None, packages_up_to_regex=None, packages_above=None, packages_above_and_dependencies=None, packages_above_depth=None, packages_select_by_dep=None, packages_skip_by_dep=None, packages_skip_up_to=None, packages_select_build_failed=False, packages_skip_build_finished=False, packages_select_test_failures=False, packages_skip_test_passed=False, packages_select=['pointcloud_filters'], packages_skip=None, packages_select_regex=None, packages_skip_regex=None, packages_start=None, packages_end=None, allow_overriding=[], cmake_args=None, cmake_target=None, cmake_target_skip_unavailable=False, cmake_clean_cache=False, cmake_clean_first=False, cmake_force_configure=False, ament_cmake_args=None, catkin_cmake_args=None, catkin_skip_building_tests=False, verb_parser=<colcon_defaults.argument_parser.defaults.DefaultArgumentsDecorator object at 0xffff8edac250>, verb_extension=<colcon_core.verb.build.BuildVerb object at 0xffff8ef656c0>, main=<bound method BuildVerb.main of <colcon_core.verb.build.BuildVerb object at 0xffff8ef656c0>>)
[3.739s] Level 1:colcon.colcon_core.package_discovery:discover_packages(colcon_meta) check parameters
[3.739s] Level 1:colcon.colcon_core.package_discovery:discover_packages(recursive) check parameters
[3.739s] Level 1:colcon.colcon_core.package_discovery:discover_packages(ignore) check parameters
[3.739s] Level 1:colcon.colcon_core.package_discovery:discover_packages(path) check parameters
[3.740s] Level 1:colcon.colcon_core.package_discovery:discover_packages(colcon_meta) discover
[3.740s] Level 1:colcon.colcon_core.package_discovery:discover_packages(recursive) discover
[3.740s] INFO:colcon.colcon_core.package_discovery:Crawling recursively for packages in '/home/jacob/ros2_ws'
[3.740s] Level 1:colcon.colcon_core.package_identification:_identify(.) by extensions ['ignore', 'ignore_ament_install']
[3.741s] Level 1:colcon.colcon_core.package_identification:_identify(.) by extension 'ignore'
[3.741s] Level 1:colcon.colcon_core.package_identification:_identify(.) by extension 'ignore_ament_install'
[3.741s] Level 1:colcon.colcon_core.package_identification:_identify(.) by extensions ['colcon_pkg']
[3.741s] Level 1:colcon.colcon_core.package_identification:_identify(.) by extension 'colcon_pkg'
[3.741s] Level 1:colcon.colcon_core.package_identification:_identify(.) by extensions ['colcon_meta']
[3.741s] Level 1:colcon.colcon_core.package_identification:_identify(.) by extension 'colcon_meta'
[3.741s] Level 1:colcon.colcon_core.package_identification:_identify(.) by extensions ['ros']
[3.742s] Level 1:colcon.colcon_core.package_identification:_identify(.) by extension 'ros'
[3.789s] Level 1:colcon.colcon_core.package_identification:_identify(.) by extensions ['cmake', 'python']
[3.789s] Level 1:colcon.colcon_core.package_identification:_identify(.) by extension 'cmake'
[3.789s] Level 1:colcon.colcon_core.package_identification:_identify(.) by extension 'python'
[3.790s] Level 1:colcon.colcon_core.package_identification:_identify(.) by extensions ['python_setup_py']
[3.790s] Level 1:colcon.colcon_core.package_identification:_identify(.) by extension 'python_setup_py'
[3.790s] Level 1:colcon.colcon_core.package_identification:_identify(build) by extensions ['ignore', 'ignore_ament_install']
[3.790s] Level 1:colcon.colcon_core.package_identification:_identify(build) by extension 'ignore'
[3.791s] Level 1:colcon.colcon_core.package_identification:_identify(build) ignored
[3.791s] Level 1:colcon.colcon_core.package_identification:_identify(install) by extensions ['ignore', 'ignore_ament_install']
[3.791s] Level 1:colcon.colcon_core.package_identification:_identify(install) by extension 'ignore'
[3.791s] Level 1:colcon.colcon_core.package_identification:_identify(install) ignored
[3.792s] Level 1:colcon.colcon_core.package_identification:_identify(log) by extensions ['ignore', 'ignore_ament_install']
[3.792s] Level 1:colcon.colcon_core.package_identification:_identify(log) by extension 'ignore'
[3.792s] Level 1:colcon.colcon_core.package_identification:_identify(log) ignored
[3.792s] Level 1:colcon.colcon_core.package_identification:_identify(src) by extensions ['ignore', 'ignore_ament_install']
[3.792s] Level 1:colcon.colcon_core.package_identification:_identify(src) by extension 'ignore'
[3.793s] Level 1:colcon.colcon_core.package_identification:_identify(src) by extension 'ignore_ament_install'
[3.793s] Level 1:colcon.colcon_core.package_identification:_identify(src) by extensions ['colcon_pkg']
[3.793s] Level 1:colcon.colcon_core.package_identification:_identify(src) by extension 'colcon_pkg'
[3.793s] Level 1:colcon.colcon_core.package_identification:_identify(src) by extensions ['colcon_meta']
[3.793s] Level 1:colcon.colcon_core.package_identification:_identify(src) by extension 'colcon_meta'
[3.793s] Level 1:colcon.colcon_core.package_identification:_identify(src) by extensions ['ros']
[3.793s] Level 1:colcon.colcon_core.package_identification:_identify(src) by extension 'ros'
[3.793s] Level 1:colcon.colcon_core.package_identification:_identify(src) by extensions ['cmake', 'python']
[3.793s] Level 1:colcon.colcon_core.package_identification:_identify(src) by extension 'cmake'
[3.794s] Level 1:colcon.colcon_core.package_identification:_identify(src) by extension 'python'
[3.794s] Level 1:colcon.colcon_core.package_identification:_identify(src) by extensions ['python_setup_py']
[3.794s] Level 1:colcon.colcon_core.package_identification:_identify(src) by extension 'python_setup_py'
[3.794s] Level 1:colcon.colcon_core.package_identification:_identify(src/my_lidar_pkg) by extensions ['ignore', 'ignore_ament_install']
[3.794s] Level 1:colcon.colcon_core.package_identification:_identify(src/my_lidar_pkg) by extension 'ignore'
[3.794s] Level 1:colcon.colcon_core.package_identification:_identify(src/my_lidar_pkg) by extension 'ignore_ament_install'
[3.795s] Level 1:colcon.colcon_core.package_identification:_identify(src/my_lidar_pkg) by extensions ['colcon_pkg']
[3.795s] Level 1:colcon.colcon_core.package_identification:_identify(src/my_lidar_pkg) by extension 'colcon_pkg'
[3.795s] Level 1:colcon.colcon_core.package_identification:_identify(src/my_lidar_pkg) by extensions ['colcon_meta']
[3.795s] Level 1:colcon.colcon_core.package_identification:_identify(src/my_lidar_pkg) by extension 'colcon_meta'
[3.795s] Level 1:colcon.colcon_core.package_identification:_identify(src/my_lidar_pkg) by extensions ['ros']
[3.795s] Level 1:colcon.colcon_core.package_identification:_identify(src/my_lidar_pkg) by extension 'ros'
[3.805s] DEBUG:colcon.colcon_core.package_identification:Package 'src/my_lidar_pkg' with type 'ros.catkin' and name 'my_lidar_pkg'
[3.806s] Level 1:colcon.colcon_core.package_identification:_identify(src/pointcloud_filters) by extensions ['ignore', 'ignore_ament_install']
[3.806s] Level 1:colcon.colcon_core.package_identification:_identify(src/pointcloud_filters) by extension 'ignore'
[3.807s] Level 1:colcon.colcon_core.package_identification:_identify(src/pointcloud_filters) by extension 'ignore_ament_install'
[3.807s] Level 1:colcon.colcon_core.package_identification:_identify(src/pointcloud_filters) by extensions ['colcon_pkg']
[3.807s] Level 1:colcon.colcon_core.package_identification:_identify(src/pointcloud_filters) by extension 'colcon_pkg'
[3.807s] Level 1:colcon.colcon_core.package_identification:_identify(src/pointcloud_filters) by extensions ['colcon_meta']
[3.807s] Level 1:colcon.colcon_core.package_identification:_identify(src/pointcloud_filters) by extension 'colcon_meta'
[3.807s] Level 1:colcon.colcon_core.package_identification:_identify(src/pointcloud_filters) by extensions ['ros']
[3.807s] Level 1:colcon.colcon_core.package_identification:_identify(src/pointcloud_filters) by extension 'ros'
[3.810s] DEBUG:colcon.colcon_core.package_identification:Package 'src/pointcloud_filters' with type 'ros.ament_cmake' and name 'pointcloud_filters'
[3.810s] Level 1:colcon.colcon_core.package_identification:_identify(src/ros_numpy) by extensions ['ignore', 'ignore_ament_install']
[3.810s] Level 1:colcon.colcon_core.package_identification:_identify(src/ros_numpy) by extension 'ignore'
[3.811s] Level 1:colcon.colcon_core.package_identification:_identify(src/ros_numpy) by extension 'ignore_ament_install'
[3.811s] Level 1:colcon.colcon_core.package_identification:_identify(src/ros_numpy) by extensions ['colcon_pkg']
[3.811s] Level 1:colcon.colcon_core.package_identification:_identify(src/ros_numpy) by extension 'colcon_pkg'
[3.811s] Level 1:colcon.colcon_core.package_identification:_identify(src/ros_numpy) by extensions ['colcon_meta']
[3.811s] Level 1:colcon.colcon_core.package_identification:_identify(src/ros_numpy) by extension 'colcon_meta'
[3.811s] Level 1:colcon.colcon_core.package_identification:_identify(src/ros_numpy) by extensions ['ros']
[3.811s] Level 1:colcon.colcon_core.package_identification:_identify(src/ros_numpy) by extension 'ros'
[3.819s] DEBUG:colcon.colcon_core.package_identification:Package 'src/ros_numpy' with type 'ros.catkin' and name 'ros_numpy'
[3.820s] Level 1:colcon.colcon_core.package_identification:_identify(src/unilidar_sdk) by extensions ['ignore', 'ignore_ament_install']
[3.820s] Level 1:colcon.colcon_core.package_identification:_identify(src/unilidar_sdk) by extension 'ignore'
[3.820s] Level 1:colcon.colcon_core.package_identification:_identify(src/unilidar_sdk) by extension 'ignore_ament_install'
[3.820s] Level 1:colcon.colcon_core.package_identification:_identify(src/unilidar_sdk) by extensions ['colcon_pkg']
[3.820s] Level 1:colcon.colcon_core.package_identification:_identify(src/unilidar_sdk) by extension 'colcon_pkg'
[3.820s] Level 1:colcon.colcon_core.package_identification:_identify(src/unilidar_sdk) by extensions ['colcon_meta']
[3.820s] Level 1:colcon.colcon_core.package_identification:_identify(src/unilidar_sdk) by extension 'colcon_meta'
[3.821s] Level 1:colcon.colcon_core.package_identification:_identify(src/unilidar_sdk) by extensions ['ros']
[3.821s] Level 1:colcon.colcon_core.package_identification:_identify(src/unilidar_sdk) by extension 'ros'
[3.821s] Level 1:colcon.colcon_core.package_identification:_identify(src/unilidar_sdk) by extensions ['cmake', 'python']
[3.821s] Level 1:colcon.colcon_core.package_identification:_identify(src/unilidar_sdk) by extension 'cmake'
[3.821s] Level 1:colcon.colcon_core.package_identification:_identify(src/unilidar_sdk) by extension 'python'
[3.821s] Level 1:colcon.colcon_core.package_identification:_identify(src/unilidar_sdk) by extensions ['python_setup_py']
[3.821s] Level 1:colcon.colcon_core.package_identification:_identify(src/unilidar_sdk) by extension 'python_setup_py'
[3.822s] Level 1:colcon.colcon_core.package_identification:_identify(src/unilidar_sdk/docs) by extensions ['ignore', 'ignore_ament_install']
[3.822s] Level 1:colcon.colcon_core.package_identification:_identify(src/unilidar_sdk/docs) by extension 'ignore'
[3.822s] Level 1:colcon.colcon_core.package_identification:_identify(src/unilidar_sdk/docs) by extension 'ignore_ament_install'
[3.822s] Level 1:colcon.colcon_core.package_identification:_identify(src/unilidar_sdk/docs) by extensions ['colcon_pkg']
[3.822s] Level 1:colcon.colcon_core.package_identification:_identify(src/unilidar_sdk/docs) by extension 'colcon_pkg'
[3.822s] Level 1:colcon.colcon_core.package_identification:_identify(src/unilidar_sdk/docs) by extensions ['colcon_meta']
[3.822s] Level 1:colcon.colcon_core.package_identification:_identify(src/unilidar_sdk/docs) by extension 'colcon_meta'
[3.823s] Level 1:colcon.colcon_core.package_identification:_identify(src/unilidar_sdk/docs) by extensions ['ros']
[3.823s] Level 1:colcon.colcon_core.package_identification:_identify(src/unilidar_sdk/docs) by extension 'ros'
[3.823s] Level 1:colcon.colcon_core.package_identification:_identify(src/unilidar_sdk/docs) by extensions ['cmake', 'python']
[3.823s] Level 1:colcon.colcon_core.package_identification:_identify(src/unilidar_sdk/docs) by extension 'cmake'
[3.823s] Level 1:colcon.colcon_core.package_identification:_identify(src/unilidar_sdk/docs) by extension 'python'
[3.823s] Level 1:colcon.colcon_core.package_identification:_identify(src/unilidar_sdk/docs) by extensions ['python_setup_py']
[3.823s] Level 1:colcon.colcon_core.package_identification:_identify(src/unilidar_sdk/docs) by extension 'python_setup_py'
[3.824s] Level 1:colcon.colcon_core.package_identification:_identify(src/unilidar_sdk/unitree_lidar_ros2) by extensions ['ignore', 'ignore_ament_install']
[3.824s] Level 1:colcon.colcon_core.package_identification:_identify(src/unilidar_sdk/unitree_lidar_ros2) by extension 'ignore'
[3.824s] Level 1:colcon.colcon_core.package_identification:_identify(src/unilidar_sdk/unitree_lidar_ros2) by extension 'ignore_ament_install'
[3.824s] Level 1:colcon.colcon_core.package_identification:_identify(src/unilidar_sdk/unitree_lidar_ros2) by extensions ['colcon_pkg']
[3.824s] Level 1:colcon.colcon_core.package_identification:_identify(src/unilidar_sdk/unitree_lidar_ros2) by extension 'colcon_pkg'
[3.824s] Level 1:colcon.colcon_core.package_identification:_identify(src/unilidar_sdk/unitree_lidar_ros2) by extensions ['colcon_meta']
[3.824s] Level 1:colcon.colcon_core.package_identification:_identify(src/unilidar_sdk/unitree_lidar_ros2) by extension 'colcon_meta'
[3.825s] Level 1:colcon.colcon_core.package_identification:_identify(src/unilidar_sdk/unitree_lidar_ros2) by extensions ['ros']
[3.825s] Level 1:colcon.colcon_core.package_identification:_identify(src/unilidar_sdk/unitree_lidar_ros2) by extension 'ros'
[3.825s] Level 1:colcon.colcon_core.package_identification:_identify(src/unilidar_sdk/unitree_lidar_ros2) by extensions ['cmake', 'python']
[3.825s] Level 1:colcon.colcon_core.package_identification:_identify(src/unilidar_sdk/unitree_lidar_ros2) by extension 'cmake'
[3.825s] Level 1:colcon.colcon_core.package_identification:_identify(src/unilidar_sdk/unitree_lidar_ros2) by extension 'python'
[3.825s] Level 1:colcon.colcon_core.package_identification:_identify(src/unilidar_sdk/unitree_lidar_ros2) by extensions ['python_setup_py']
[3.825s] Level 1:colcon.colcon_core.package_identification:_identify(src/unilidar_sdk/unitree_lidar_ros2) by extension 'python_setup_py'
[3.827s] Level 1:colcon.colcon_core.package_identification:_identify(src/unilidar_sdk/unitree_lidar_ros2/build) by extensions ['ignore', 'ignore_ament_install']
[3.827s] Level 1:colcon.colcon_core.package_identification:_identify(src/unilidar_sdk/unitree_lidar_ros2/build) by extension 'ignore'
[3.827s] Level 1:colcon.colcon_core.package_identification:_identify(src/unilidar_sdk/unitree_lidar_ros2/build) ignored
[3.828s] Level 1:colcon.colcon_core.package_identification:_identify(src/unilidar_sdk/unitree_lidar_ros2/install) by extensions ['ignore', 'ignore_ament_install']
[3.828s] Level 1:colcon.colcon_core.package_identification:_identify(src/unilidar_sdk/unitree_lidar_ros2/install) by extension 'ignore'
[3.829s] Level 1:colcon.colcon_core.package_identification:_identify(src/unilidar_sdk/unitree_lidar_ros2/install) ignored
[3.829s] Level 1:colcon.colcon_core.package_identification:_identify(src/unilidar_sdk/unitree_lidar_ros2/log) by extensions ['ignore', 'ignore_ament_install']
[3.829s] Level 1:colcon.colcon_core.package_identification:_identify(src/unilidar_sdk/unitree_lidar_ros2/log) by extension 'ignore'
[3.830s] Level 1:colcon.colcon_core.package_identification:_identify(src/unilidar_sdk/unitree_lidar_ros2/log) ignored
[3.830s] Level 1:colcon.colcon_core.package_identification:_identify(src/unilidar_sdk/unitree_lidar_ros2/src) by extensions ['ignore', 'ignore_ament_install']
[3.830s] Level 1:colcon.colcon_core.package_identification:_identify(src/unilidar_sdk/unitree_lidar_ros2/src) by extension 'ignore'
[3.830s] Level 1:colcon.colcon_core.package_identification:_identify(src/unilidar_sdk/unitree_lidar_ros2/src) by extension 'ignore_ament_install'
[3.830s] Level 1:colcon.colcon_core.package_identification:_identify(src/unilidar_sdk/unitree_lidar_ros2/src) by extensions ['colcon_pkg']
[3.830s] Level 1:colcon.colcon_core.package_identification:_identify(src/unilidar_sdk/unitree_lidar_ros2/src) by extension 'colcon_pkg'
[3.831s] Level 1:colcon.colcon_core.package_identification:_identify(src/unilidar_sdk/unitree_lidar_ros2/src) by extensions ['colcon_meta']
[3.831s] Level 1:colcon.colcon_core.package_identification:_identify(src/unilidar_sdk/unitree_lidar_ros2/src) by extension 'colcon_meta'
[3.831s] Level 1:colcon.colcon_core.package_identification:_identify(src/unilidar_sdk/unitree_lidar_ros2/src) by extensions ['ros']
[3.831s] Level 1:colcon.colcon_core.package_identification:_identify(src/unilidar_sdk/unitree_lidar_ros2/src) by extension 'ros'
[3.831s] Level 1:colcon.colcon_core.package_identification:_identify(src/unilidar_sdk/unitree_lidar_ros2/src) by extensions ['cmake', 'python']
[3.831s] Level 1:colcon.colcon_core.package_identification:_identify(src/unilidar_sdk/unitree_lidar_ros2/src) by extension 'cmake'
[3.831s] Level 1:colcon.colcon_core.package_identification:_identify(src/unilidar_sdk/unitree_lidar_ros2/src) by extension 'python'
[3.831s] Level 1:colcon.colcon_core.package_identification:_identify(src/unilidar_sdk/unitree_lidar_ros2/src) by extensions ['python_setup_py']
[3.832s] Level 1:colcon.colcon_core.package_identification:_identify(src/unilidar_sdk/unitree_lidar_ros2/src) by extension 'python_setup_py'
[3.832s] Level 1:colcon.colcon_core.package_identification:_identify(src/unilidar_sdk/unitree_lidar_ros2/src/unitree_lidar_ros2) by extensions ['ignore', 'ignore_ament_install']
[3.832s] Level 1:colcon.colcon_core.package_identification:_identify(src/unilidar_sdk/unitree_lidar_ros2/src/unitree_lidar_ros2) by extension 'ignore'
[3.832s] Level 1:colcon.colcon_core.package_identification:_identify(src/unilidar_sdk/unitree_lidar_ros2/src/unitree_lidar_ros2) by extension 'ignore_ament_install'
[3.832s] Level 1:colcon.colcon_core.package_identification:_identify(src/unilidar_sdk/unitree_lidar_ros2/src/unitree_lidar_ros2) by extensions ['colcon_pkg']
[3.832s] Level 1:colcon.colcon_core.package_identification:_identify(src/unilidar_sdk/unitree_lidar_ros2/src/unitree_lidar_ros2) by extension 'colcon_pkg'
[3.832s] Level 1:colcon.colcon_core.package_identification:_identify(src/unilidar_sdk/unitree_lidar_ros2/src/unitree_lidar_ros2) by extensions ['colcon_meta']
[3.833s] Level 1:colcon.colcon_core.package_identification:_identify(src/unilidar_sdk/unitree_lidar_ros2/src/unitree_lidar_ros2) by extension 'colcon_meta'
[3.833s] Level 1:colcon.colcon_core.package_identification:_identify(src/unilidar_sdk/unitree_lidar_ros2/src/unitree_lidar_ros2) by extensions ['ros']
[3.833s] Level 1:colcon.colcon_core.package_identification:_identify(src/unilidar_sdk/unitree_lidar_ros2/src/unitree_lidar_ros2) by extension 'ros'
[3.836s] DEBUG:colcon.colcon_core.package_identification:Package 'src/unilidar_sdk/unitree_lidar_ros2/src/unitree_lidar_ros2' with type 'ros.ament_cmake' and name 'unitree_lidar_ros2'
[3.836s] Level 1:colcon.colcon_core.package_identification:_identify(src/unilidar_sdk/unitree_lidar_sdk) by extensions ['ignore', 'ignore_ament_install']
[3.836s] Level 1:colcon.colcon_core.package_identification:_identify(src/unilidar_sdk/unitree_lidar_sdk) by extension 'ignore'
[3.837s] Level 1:colcon.colcon_core.package_identification:_identify(src/unilidar_sdk/unitree_lidar_sdk) by extension 'ignore_ament_install'
[3.837s] Level 1:colcon.colcon_core.package_identification:_identify(src/unilidar_sdk/unitree_lidar_sdk) by extensions ['colcon_pkg']
[3.837s] Level 1:colcon.colcon_core.package_identification:_identify(src/unilidar_sdk/unitree_lidar_sdk) by extension 'colcon_pkg'
[3.837s] Level 1:colcon.colcon_core.package_identification:_identify(src/unilidar_sdk/unitree_lidar_sdk) by extensions ['colcon_meta']
[3.837s] Level 1:colcon.colcon_core.package_identification:_identify(src/unilidar_sdk/unitree_lidar_sdk) by extension 'colcon_meta'
[3.837s] Level 1:colcon.colcon_core.package_identification:_identify(src/unilidar_sdk/unitree_lidar_sdk) by extensions ['ros']
[3.837s] Level 1:colcon.colcon_core.package_identification:_identify(src/unilidar_sdk/unitree_lidar_sdk) by extension 'ros'
[3.838s] Level 1:colcon.colcon_core.package_identification:_identify(src/unilidar_sdk/unitree_lidar_sdk) by extensions ['cmake', 'python']
[3.838s] Level 1:colcon.colcon_core.package_identification:_identify(src/unilidar_sdk/unitree_lidar_sdk) by extension 'cmake'
[3.842s] Level 1:colcon.colcon_core.package_identification:_identify(src/unilidar_sdk/unitree_lidar_sdk) by extension 'python'
[3.843s] DEBUG:colcon.colcon_core.package_identification:Package 'src/unilidar_sdk/unitree_lidar_sdk' with type 'cmake' and name 'unitree_lidar_sdk'
[3.843s] Level 1:colcon.colcon_core.package_discovery:discover_packages(recursive) using defaults
[3.843s] Level 1:colcon.colcon_core.package_discovery:discover_packages(ignore) discover
[3.843s] Level 1:colcon.colcon_core.package_discovery:discover_packages(ignore) using defaults
[3.843s] Level 1:colcon.colcon_core.package_discovery:discover_packages(path) discover
[3.843s] Level 1:colcon.colcon_core.package_discovery:discover_packages(path) using defaults
[3.976s] INFO:colcon.colcon_core.package_selection:Skipping not selected package 'my_lidar_pkg' in 'src/my_lidar_pkg'
[3.977s] INFO:colcon.colcon_core.package_selection:Skipping not selected package 'ros_numpy' in 'src/ros_numpy'
[3.977s] INFO:colcon.colcon_core.package_selection:Skipping not selected package 'unitree_lidar_ros2' in 'src/unilidar_sdk/unitree_lidar_ros2/src/unitree_lidar_ros2'
[3.977s] INFO:colcon.colcon_core.package_selection:Skipping not selected package 'unitree_lidar_sdk' in 'src/unilidar_sdk/unitree_lidar_sdk'
[3.979s] Level 1:colcon.colcon_core.package_discovery:discover_packages(prefix_path) check parameters
[3.979s] Level 1:colcon.colcon_core.package_discovery:discover_packages(prefix_path) discover
[3.987s] DEBUG:colcon.colcon_installed_package_information.package_discovery:Found 4 installed packages in /home/jacob/ros2_ws/install
[3.990s] DEBUG:colcon.colcon_installed_package_information.package_discovery:Found 297 installed packages in /opt/ros/humble
[3.994s] Level 1:colcon.colcon_core.package_discovery:discover_packages(prefix_path) using defaults
[4.097s] Level 5:colcon.colcon_core.verb:set package 'pointcloud_filters' build argument 'cmake_args' from command line to 'None'
[4.097s] Level 5:colcon.colcon_core.verb:set package 'pointcloud_filters' build argument 'cmake_target' from command line to 'None'
[4.097s] Level 5:colcon.colcon_core.verb:set package 'pointcloud_filters' build argument 'cmake_target_skip_unavailable' from command line to 'False'
[4.097s] Level 5:colcon.colcon_core.verb:set package 'pointcloud_filters' build argument 'cmake_clean_cache' from command line to 'False'
[4.097s] Level 5:colcon.colcon_core.verb:set package 'pointcloud_filters' build argument 'cmake_clean_first' from command line to 'False'
[4.097s] Level 5:colcon.colcon_core.verb:set package 'pointcloud_filters' build argument 'cmake_force_configure' from command line to 'False'
[4.098s] Level 5:colcon.colcon_core.verb:set package 'pointcloud_filters' build argument 'ament_cmake_args' from command line to 'None'
[4.098s] Level 5:colcon.colcon_core.verb:set package 'pointcloud_filters' build argument 'catkin_cmake_args' from command line to 'None'
[4.098s] Level 5:colcon.colcon_core.verb:set package 'pointcloud_filters' build argument 'catkin_skip_building_tests' from command line to 'False'
[4.098s] DEBUG:colcon.colcon_core.verb:Building package 'pointcloud_filters' with the following arguments: {'ament_cmake_args': None, 'build_base': '/home/jacob/ros2_ws/build/pointcloud_filters', 'catkin_cmake_args': None, 'catkin_skip_building_tests': False, 'cmake_args': None, 'cmake_clean_cache': False, 'cmake_clean_first': False, 'cmake_force_configure': False, 'cmake_target': None, 'cmake_target_skip_unavailable': False, 'install_base': '/home/jacob/ros2_ws/install/pointcloud_filters', 'merge_install': False, 'path': '/home/jacob/ros2_ws/src/pointcloud_filters', 'symlink_install': False, 'test_result_base': None}
[4.098s] INFO:colcon.colcon_core.executor:Executing jobs using 'parallel' executor
[4.102s] DEBUG:colcon.colcon_parallel_executor.executor.parallel:run_until_complete
[4.102s] INFO:colcon.colcon_ros.task.ament_cmake.build:Building ROS package in '/home/jacob/ros2_ws/src/pointcloud_filters' with build type 'ament_cmake'
[4.103s] INFO:colcon.colcon_cmake.task.cmake.build:Building CMake package in '/home/jacob/ros2_ws/src/pointcloud_filters'
[4.120s] INFO:colcon.colcon_core.plugin_system:Skipping extension 'colcon_core.shell.bat': Not used on non-Windows systems
[4.121s] INFO:colcon.colcon_core.shell:Skip shell extension 'powershell' for command environment: Not usable outside of PowerShell
[4.121s] DEBUG:colcon.colcon_core.shell:Skip shell extension 'dsv' for command environment
[4.150s] DEBUG:colcon.colcon_core.event_handler.log_command:Invoking command in '/home/jacob/ros2_ws/build/pointcloud_filters': CMAKE_PREFIX_PATH=${CMAKE_PREFIX_PATH}:/opt/ros/humble /usr/bin/cmake --build /home/jacob/ros2_ws/build/pointcloud_filters -- -j6 -l6
[10.635s] DEBUG:colcon.colcon_core.event_handler.log_command:Invoked command in '/home/jacob/ros2_ws/build/pointcloud_filters' returned '0': CMAKE_PREFIX_PATH=${CMAKE_PREFIX_PATH}:/opt/ros/humble /usr/bin/cmake --build /home/jacob/ros2_ws/build/pointcloud_filters -- -j6 -l6
[10.674s] DEBUG:colcon.colcon_core.event_handler.log_command:Invoking command in '/home/jacob/ros2_ws/build/pointcloud_filters': CMAKE_PREFIX_PATH=${CMAKE_PREFIX_PATH}:/opt/ros/humble /usr/bin/cmake --install /home/jacob/ros2_ws/build/pointcloud_filters
[10.897s] Level 1:colcon.colcon_core.environment:create_environment_scripts_only(pointcloud_filters)
[10.975s] DEBUG:colcon.colcon_core.event_handler.log_command:Invoked command in '/home/jacob/ros2_ws/build/pointcloud_filters' returned '0': CMAKE_PREFIX_PATH=${CMAKE_PREFIX_PATH}:/opt/ros/humble /usr/bin/cmake --install /home/jacob/ros2_ws/build/pointcloud_filters
[11.067s] Level 1:colcon.colcon_core.environment:checking '/home/jacob/ros2_ws/install/pointcloud_filters' for CMake module files
[11.069s] Level 1:colcon.colcon_core.environment:checking '/home/jacob/ros2_ws/install/pointcloud_filters' for CMake config files
[11.070s] Level 1:colcon.colcon_core.shell:create_environment_hook('pointcloud_filters', 'cmake_prefix_path')
[11.071s] INFO:colcon.colcon_core.shell:Creating environment hook '/home/jacob/ros2_ws/install/pointcloud_filters/share/pointcloud_filters/hook/cmake_prefix_path.ps1'
[11.075s] INFO:colcon.colcon_core.shell:Creating environment descriptor '/home/jacob/ros2_ws/install/pointcloud_filters/share/pointcloud_filters/hook/cmake_prefix_path.dsv'
[11.079s] INFO:colcon.colcon_core.shell:Creating environment hook '/home/jacob/ros2_ws/install/pointcloud_filters/share/pointcloud_filters/hook/cmake_prefix_path.sh'
[11.086s] Level 1:colcon.colcon_core.environment:checking '/home/jacob/ros2_ws/install/pointcloud_filters/lib'
[11.087s] Level 1:colcon.colcon_core.shell:create_environment_hook('pointcloud_filters', 'ld_library_path_lib')
[11.088s] INFO:colcon.colcon_core.shell:Creating environment hook '/home/jacob/ros2_ws/install/pointcloud_filters/share/pointcloud_filters/hook/ld_library_path_lib.ps1'
[11.091s] INFO:colcon.colcon_core.shell:Creating environment descriptor '/home/jacob/ros2_ws/install/pointcloud_filters/share/pointcloud_filters/hook/ld_library_path_lib.dsv'
[11.092s] INFO:colcon.colcon_core.shell:Creating environment hook '/home/jacob/ros2_ws/install/pointcloud_filters/share/pointcloud_filters/hook/ld_library_path_lib.sh'
[11.095s] Level 1:colcon.colcon_core.environment:checking '/home/jacob/ros2_ws/install/pointcloud_filters/bin'
[11.095s] Level 1:colcon.colcon_core.environment:checking '/home/jacob/ros2_ws/install/pointcloud_filters/lib/pkgconfig/pointcloud_filters.pc'
[11.096s] Level 1:colcon.colcon_core.environment:checking '/home/jacob/ros2_ws/install/pointcloud_filters/lib/python3.10/site-packages'
[11.097s] Level 1:colcon.colcon_core.shell:create_environment_hook('pointcloud_filters', 'pythonpath')
[11.098s] INFO:colcon.colcon_core.shell:Creating environment hook '/home/jacob/ros2_ws/install/pointcloud_filters/share/pointcloud_filters/hook/pythonpath.ps1'
[11.100s] INFO:colcon.colcon_core.shell:Creating environment descriptor '/home/jacob/ros2_ws/install/pointcloud_filters/share/pointcloud_filters/hook/pythonpath.dsv'
[11.102s] INFO:colcon.colcon_core.shell:Creating environment hook '/home/jacob/ros2_ws/install/pointcloud_filters/share/pointcloud_filters/hook/pythonpath.sh'
[11.106s] Level 1:colcon.colcon_core.environment:checking '/home/jacob/ros2_ws/install/pointcloud_filters/bin'
[11.107s] INFO:colcon.colcon_core.shell:Creating package script '/home/jacob/ros2_ws/install/pointcloud_filters/share/pointcloud_filters/package.ps1'
[11.112s] INFO:colcon.colcon_core.shell:Creating package descriptor '/home/jacob/ros2_ws/install/pointcloud_filters/share/pointcloud_filters/package.dsv'
[11.116s] INFO:colcon.colcon_core.shell:Creating package script '/home/jacob/ros2_ws/install/pointcloud_filters/share/pointcloud_filters/package.sh'
[11.120s] INFO:colcon.colcon_core.shell:Creating package script '/home/jacob/ros2_ws/install/pointcloud_filters/share/pointcloud_filters/package.bash'
[11.154s] INFO:colcon.colcon_core.shell:Creating package script '/home/jacob/ros2_ws/install/pointcloud_filters/share/pointcloud_filters/package.zsh'
[11.160s] Level 1:colcon.colcon_core.environment:create_file_with_runtime_dependencies(/home/jacob/ros2_ws/install/pointcloud_filters/share/colcon-core/packages/pointcloud_filters)
[11.163s] Level 1:colcon.colcon_core.environment:create_environment_scripts_only(pointcloud_filters)
[11.163s] Level 1:colcon.colcon_core.environment:checking '/home/jacob/ros2_ws/install/pointcloud_filters' for CMake module files
[11.165s] Level 1:colcon.colcon_core.environment:checking '/home/jacob/ros2_ws/install/pointcloud_filters' for CMake config files
[11.167s] Level 1:colcon.colcon_core.shell:create_environment_hook('pointcloud_filters', 'cmake_prefix_path')
[11.167s] INFO:colcon.colcon_core.shell:Creating environment hook '/home/jacob/ros2_ws/install/pointcloud_filters/share/pointcloud_filters/hook/cmake_prefix_path.ps1'
[11.169s] INFO:colcon.colcon_core.shell:Creating environment descriptor '/home/jacob/ros2_ws/install/pointcloud_filters/share/pointcloud_filters/hook/cmake_prefix_path.dsv'
[11.171s] INFO:colcon.colcon_core.shell:Creating environment hook '/home/jacob/ros2_ws/install/pointcloud_filters/share/pointcloud_filters/hook/cmake_prefix_path.sh'
[11.172s] Level 1:colcon.colcon_core.environment:checking '/home/jacob/ros2_ws/install/pointcloud_filters/lib'
[11.173s] Level 1:colcon.colcon_core.shell:create_environment_hook('pointcloud_filters', 'ld_library_path_lib')
[11.174s] INFO:colcon.colcon_core.shell:Creating environment hook '/home/jacob/ros2_ws/install/pointcloud_filters/share/pointcloud_filters/hook/ld_library_path_lib.ps1'
[11.176s] INFO:colcon.colcon_core.shell:Creating environment descriptor '/home/jacob/ros2_ws/install/pointcloud_filters/share/pointcloud_filters/hook/ld_library_path_lib.dsv'
[11.177s] INFO:colcon.colcon_core.shell:Creating environment hook '/home/jacob/ros2_ws/install/pointcloud_filters/share/pointcloud_filters/hook/ld_library_path_lib.sh'
[11.179s] Level 1:colcon.colcon_core.environment:checking '/home/jacob/ros2_ws/install/pointcloud_filters/bin'
[11.179s] Level 1:colcon.colcon_core.environment:checking '/home/jacob/ros2_ws/install/pointcloud_filters/lib/pkgconfig/pointcloud_filters.pc'
[11.180s] Level 1:colcon.colcon_core.environment:checking '/home/jacob/ros2_ws/install/pointcloud_filters/lib/python3.10/site-packages'
[11.180s] Level 1:colcon.colcon_core.shell:create_environment_hook('pointcloud_filters', 'pythonpath')
[11.180s] INFO:colcon.colcon_core.shell:Creating environment hook '/home/jacob/ros2_ws/install/pointcloud_filters/share/pointcloud_filters/hook/pythonpath.ps1'
[11.182s] INFO:colcon.colcon_core.shell:Creating environment descriptor '/home/jacob/ros2_ws/install/pointcloud_filters/share/pointcloud_filters/hook/pythonpath.dsv'
[11.183s] INFO:colcon.colcon_core.shell:Creating environment hook '/home/jacob/ros2_ws/install/pointcloud_filters/share/pointcloud_filters/hook/pythonpath.sh'
[11.184s] Level 1:colcon.colcon_core.environment:checking '/home/jacob/ros2_ws/install/pointcloud_filters/bin'
[11.185s] INFO:colcon.colcon_core.shell:Creating package script '/home/jacob/ros2_ws/install/pointcloud_filters/share/pointcloud_filters/package.ps1'
[11.187s] INFO:colcon.colcon_core.shell:Creating package descriptor '/home/jacob/ros2_ws/install/pointcloud_filters/share/pointcloud_filters/package.dsv'
[11.189s] INFO:colcon.colcon_core.shell:Creating package script '/home/jacob/ros2_ws/install/pointcloud_filters/share/pointcloud_filters/package.sh'
[11.190s] INFO:colcon.colcon_core.shell:Creating package script '/home/jacob/ros2_ws/install/pointcloud_filters/share/pointcloud_filters/package.bash'
[11.192s] INFO:colcon.colcon_core.shell:Creating package script '/home/jacob/ros2_ws/install/pointcloud_filters/share/pointcloud_filters/package.zsh'
[11.193s] Level 1:colcon.colcon_core.environment:create_file_with_runtime_dependencies(/home/jacob/ros2_ws/install/pointcloud_filters/share/colcon-core/packages/pointcloud_filters)
[11.194s] DEBUG:colcon.colcon_parallel_executor.executor.parallel:closing loop
[11.196s] DEBUG:colcon.colcon_parallel_executor.executor.parallel:loop closed
[11.196s] DEBUG:colcon.colcon_parallel_executor.executor.parallel:run_until_complete finished with '0'
[11.197s] DEBUG:colcon.colcon_core.event_reactor:joining thread
[11.268s] INFO:colcon.colcon_core.plugin_system:Skipping extension 'colcon_notification.desktop_notification.terminal_notifier': Not used on non-Darwin systems
[11.268s] INFO:colcon.colcon_core.plugin_system:Skipping extension 'colcon_notification.desktop_notification.win32': Not used on non-Windows systems
[11.269s] INFO:colcon.colcon_notification.desktop_notification:Sending desktop notification using 'notify2'
[11.541s] DEBUG:colcon.colcon_notification.desktop_notification.notify2:Failed to initialize notify2: org.freedesktop.DBus.Error.Spawn.ChildExited: Process org.freedesktop.Notifications exited with status 1
[11.542s] DEBUG:colcon.colcon_core.event_reactor:joined thread
[11.543s] INFO:colcon.colcon_core.shell:Creating prefix script '/home/jacob/ros2_ws/install/local_setup.ps1'
[11.549s] INFO:colcon.colcon_core.shell:Creating prefix util module '/home/jacob/ros2_ws/install/_local_setup_util_ps1.py'
[11.563s] INFO:colcon.colcon_core.shell:Creating prefix chain script '/home/jacob/ros2_ws/install/setup.ps1'
[11.574s] INFO:colcon.colcon_core.shell:Creating prefix script '/home/jacob/ros2_ws/install/local_setup.sh'
[11.581s] INFO:colcon.colcon_core.shell:Creating prefix util module '/home/jacob/ros2_ws/install/_local_setup_util_sh.py'
[11.592s] INFO:colcon.colcon_core.shell:Creating prefix chain script '/home/jacob/ros2_ws/install/setup.sh'
[11.603s] INFO:colcon.colcon_core.shell:Creating prefix script '/home/jacob/ros2_ws/install/local_setup.bash'
[11.611s] INFO:colcon.colcon_core.shell:Creating prefix chain script '/home/jacob/ros2_ws/install/setup.bash'
[11.623s] INFO:colcon.colcon_core.shell:Creating prefix script '/home/jacob/ros2_ws/install/local_setup.zsh'
[11.629s] INFO:colcon.colcon_core.shell:Creating prefix chain script '/home/jacob/ros2_ws/install/setup.zsh'
