The system is: Linux - 5.15.148-tegra - aarch64
Compiling the C compiler identification source file "CMakeCCompilerId.c" succeeded.
Compiler: /usr/lib/ccache/cc 
Build flags: 
Id flags:  

The output was:
0


Compilation of the C compiler identification source "CMakeCCompilerId.c" produced "a.out"

The C compiler identification is GNU, found in "/home/ethan/autonomy-ws-25-26/src/asv_wave_sim/build/gz-waves1/CMakeFiles/3.22.1/CompilerIdC/a.out"

Compiling the CXX compiler identification source file "CMakeCXXCompilerId.cpp" succeeded.
Compiler: /usr/lib/ccache/c++ 
Build flags: 
Id flags:  

The output was:
0


Compilation of the CXX compiler identification source "CMakeCXXCompilerId.cpp" produced "a.out"

The CXX compiler identification is GNU, found in "/home/ethan/autonomy-ws-25-26/src/asv_wave_sim/build/gz-waves1/CMakeFiles/3.22.1/CompilerIdCXX/a.out"

Detecting C compiler ABI info compiled with the following output:
Change Dir: /home/ethan/autonomy-ws-25-26/src/asv_wave_sim/build/gz-waves1/CMakeFiles/CMakeTmp

Run Build Command(s):/usr/bin/gmake -f Makefile cmTC_6f9e8/fast && /usr/bin/gmake  -f CMakeFiles/cmTC_6f9e8.dir/build.make CMakeFiles/cmTC_6f9e8.dir/build
gmake[1]: Entering directory '/home/ethan/autonomy-ws-25-26/src/asv_wave_sim/build/gz-waves1/CMakeFiles/CMakeTmp'
Building C object CMakeFiles/cmTC_6f9e8.dir/CMakeCCompilerABI.c.o
/usr/lib/ccache/cc   -v -o CMakeFiles/cmTC_6f9e8.dir/CMakeCCompilerABI.c.o -c /usr/share/cmake-3.22/Modules/CMakeCCompilerABI.c
Using built-in specs.
COLLECT_GCC=/usr/bin/cc
Target: aarch64-linux-gnu
Configured with: ../src/configure -v --with-pkgversion='Ubuntu 11.4.0-1ubuntu1~22.04.2' --with-bugurl=file:///usr/share/doc/gcc-11/README.Bugs --enable-languages=c,ada,c++,go,d,fortran,objc,obj-c++,m2 --prefix=/usr --with-gcc-major-version-only --program-suffix=-11 --program-prefix=aarch64-linux-gnu- --enable-shared --enable-linker-build-id --libexecdir=/usr/lib --without-included-gettext --enable-threads=posix --libdir=/usr/lib --enable-nls --enable-bootstrap --enable-clocale=gnu --enable-libstdcxx-debug --enable-libstdcxx-time=yes --with-default-libstdcxx-abi=new --enable-gnu-unique-object --disable-libquadmath --disable-libquadmath-support --enable-plugin --enable-default-pie --with-system-zlib --enable-libphobos-checking=release --with-target-system-zlib=auto --enable-objc-gc=auto --enable-multiarch --enable-fix-cortex-a53-843419 --disable-werror --enable-checking=release --build=aarch64-linux-gnu --host=aarch64-linux-gnu --target=aarch64-linux-gnu --with-build-config=bootstrap-lto-lean --enable-link-serialization=4
Thread model: posix
Supported LTO compression algorithms: zlib zstd
gcc version 11.4.0 (Ubuntu 11.4.0-1ubuntu1~22.04.2) 
COLLECT_GCC_OPTIONS='-fdiagnostics-color=always' '-v' '-c' '-o' 'CMakeFiles/cmTC_857b3.dir/CMakeCCompilerABI.c.o' '-mlittle-endian' '-mabi=lp64' '-dumpdir' 'CMakeFiles/cmTC_857b3.dir/'
 /usr/lib/gcc/aarch64-linux-gnu/11/cc1 -quiet -v -imultiarch aarch64-linux-gnu /usr/share/cmake-3.22/Modules/CMakeCCompilerABI.c -quiet -dumpdir CMakeFiles/cmTC_857b3.dir/ -dumpbase CMakeCCompilerABI.c.c -dumpbase-ext .c -mlittle-endian -mabi=lp64 -version -fdiagnostics-color=always -fasynchronous-unwind-tables -fstack-protector-strong -Wformat -Wformat-security -fstack-clash-protection -o /tmp/ccn8PG51.s
GNU C17 (Ubuntu 11.4.0-1ubuntu1~22.04.2) version 11.4.0 (aarch64-linux-gnu)
	compiled by GNU C version 11.4.0, GMP version 6.2.1, MPFR version 4.1.0, MPC version 1.2.1, isl version isl-0.24-GMP

GGC heuristics: --param ggc-min-expand=100 --param ggc-min-heapsize=131072
ignoring nonexistent directory "/usr/local/include/aarch64-linux-gnu"
ignoring nonexistent directory "/usr/lib/gcc/aarch64-linux-gnu/11/include-fixed"
ignoring nonexistent directory "/usr/lib/gcc/aarch64-linux-gnu/11/../../../../aarch64-linux-gnu/include"
#include "..." search starts here:
#include <...> search starts here:
 /usr/lib/gcc/aarch64-linux-gnu/11/include
 /usr/local/include
 /usr/include/aarch64-linux-gnu
 /usr/include
End of search list.
GNU C17 (Ubuntu 11.4.0-1ubuntu1~22.04.2) version 11.4.0 (aarch64-linux-gnu)
	compiled by GNU C version 11.4.0, GMP version 6.2.1, MPFR version 4.1.0, MPC version 1.2.1, isl version isl-0.24-GMP

GGC heuristics: --param ggc-min-expand=100 --param ggc-min-heapsize=131072
Compiler executable checksum: 0159626df870edcc607c5281685617fb
COLLECT_GCC_OPTIONS='-fdiagnostics-color=always' '-v' '-c' '-o' 'CMakeFiles/cmTC_857b3.dir/CMakeCCompilerABI.c.o' '-mlittle-endian' '-mabi=lp64' '-dumpdir' 'CMakeFiles/cmTC_857b3.dir/'
 as -v -EL -mabi=lp64 -o CMakeFiles/cmTC_857b3.dir/CMakeCCompilerABI.c.o /tmp/ccn8PG51.s
GNU assembler version 2.38 (aarch64-linux-gnu) using BFD version (GNU Binutils for Ubuntu) 2.38
COMPILER_PATH=/usr/lib/gcc/aarch64-linux-gnu/11/:/usr/lib/gcc/aarch64-linux-gnu/11/:/usr/lib/gcc/aarch64-linux-gnu/:/usr/lib/gcc/aarch64-linux-gnu/11/:/usr/lib/gcc/aarch64-linux-gnu/
LIBRARY_PATH=/usr/lib/gcc/aarch64-linux-gnu/11/:/usr/lib/gcc/aarch64-linux-gnu/11/../../../aarch64-linux-gnu/:/usr/lib/gcc/aarch64-linux-gnu/11/../../../../lib/:/lib/aarch64-linux-gnu/:/lib/../lib/:/usr/lib/aarch64-linux-gnu/:/usr/lib/../lib/:/usr/lib/gcc/aarch64-linux-gnu/11/../../../:/lib/:/usr/lib/
COLLECT_GCC_OPTIONS='-fdiagnostics-color=always' '-v' '-c' '-o' 'CMakeFiles/cmTC_857b3.dir/CMakeCCompilerABI.c.o' '-mlittle-endian' '-mabi=lp64' '-dumpdir' 'CMakeFiles/cmTC_857b3.dir/CMakeCCompilerABI.c.'
Linking C executable cmTC_6f9e8
/usr/bin/cmake -E cmake_link_script CMakeFiles/cmTC_6f9e8.dir/link.txt --verbose=1
/usr/lib/ccache/cc  -v CMakeFiles/cmTC_6f9e8.dir/CMakeCCompilerABI.c.o -o cmTC_6f9e8 
Using built-in specs.
COLLECT_GCC=/usr/bin/cc
COLLECT_LTO_WRAPPER=/usr/lib/gcc/aarch64-linux-gnu/11/lto-wrapper
Target: aarch64-linux-gnu
Configured with: ../src/configure -v --with-pkgversion='Ubuntu 11.4.0-1ubuntu1~22.04.2' --with-bugurl=file:///usr/share/doc/gcc-11/README.Bugs --enable-languages=c,ada,c++,go,d,fortran,objc,obj-c++,m2 --prefix=/usr --with-gcc-major-version-only --program-suffix=-11 --program-prefix=aarch64-linux-gnu- --enable-shared --enable-linker-build-id --libexecdir=/usr/lib --without-included-gettext --enable-threads=posix --libdir=/usr/lib --enable-nls --enable-bootstrap --enable-clocale=gnu --enable-libstdcxx-debug --enable-libstdcxx-time=yes --with-default-libstdcxx-abi=new --enable-gnu-unique-object --disable-libquadmath --disable-libquadmath-support --enable-plugin --enable-default-pie --with-system-zlib --enable-libphobos-checking=release --with-target-system-zlib=auto --enable-objc-gc=auto --enable-multiarch --enable-fix-cortex-a53-843419 --disable-werror --enable-checking=release --build=aarch64-linux-gnu --host=aarch64-linux-gnu --target=aarch64-linux-gnu --with-build-config=bootstrap-lto-lean --enable-link-serialization=4
Thread model: posix
Supported LTO compression algorithms: zlib zstd
gcc version 11.4.0 (Ubuntu 11.4.0-1ubuntu1~22.04.2) 
COMPILER_PATH=/usr/lib/gcc/aarch64-linux-gnu/11/:/usr/lib/gcc/aarch64-linux-gnu/11/:/usr/lib/gcc/aarch64-linux-gnu/:/usr/lib/gcc/aarch64-linux-gnu/11/:/usr/lib/gcc/aarch64-linux-gnu/
LIBRARY_PATH=/usr/lib/gcc/aarch64-linux-gnu/11/:/usr/lib/gcc/aarch64-linux-gnu/11/../../../aarch64-linux-gnu/:/usr/lib/gcc/aarch64-linux-gnu/11/../../../../lib/:/lib/aarch64-linux-gnu/:/lib/../lib/:/usr/lib/aarch64-linux-gnu/:/usr/lib/../lib/:/usr/lib/gcc/aarch64-linux-gnu/11/../../../:/lib/:/usr/lib/
COLLECT_GCC_OPTIONS='-v' '-o' 'cmTC_6f9e8' '-mlittle-endian' '-mabi=lp64' '-dumpdir' 'cmTC_6f9e8.'
 /usr/lib/gcc/aarch64-linux-gnu/11/collect2 -plugin /usr/lib/gcc/aarch64-linux-gnu/11/liblto_plugin.so -plugin-opt=/usr/lib/gcc/aarch64-linux-gnu/11/lto-wrapper -plugin-opt=-fresolution=/tmp/ccFybF3z.res -plugin-opt=-pass-through=-lgcc -plugin-opt=-pass-through=-lgcc_s -plugin-opt=-pass-through=-lc -plugin-opt=-pass-through=-lgcc -plugin-opt=-pass-through=-lgcc_s --build-id --eh-frame-hdr --hash-style=gnu --as-needed -dynamic-linker /lib/ld-linux-aarch64.so.1 -X -EL -maarch64linux --fix-cortex-a53-843419 -pie -z now -z relro -o cmTC_6f9e8 /usr/lib/gcc/aarch64-linux-gnu/11/../../../aarch64-linux-gnu/Scrt1.o /usr/lib/gcc/aarch64-linux-gnu/11/../../../aarch64-linux-gnu/crti.o /usr/lib/gcc/aarch64-linux-gnu/11/crtbeginS.o -L/usr/lib/gcc/aarch64-linux-gnu/11 -L/usr/lib/gcc/aarch64-linux-gnu/11/../../../aarch64-linux-gnu -L/usr/lib/gcc/aarch64-linux-gnu/11/../../../../lib -L/lib/aarch64-linux-gnu -L/lib/../lib -L/usr/lib/aarch64-linux-gnu -L/usr/lib/../lib -L/usr/lib/gcc/aarch64-linux-gnu/11/../../.. CMakeFiles/cmTC_6f9e8.dir/CMakeCCompilerABI.c.o -lgcc --push-state --as-needed -lgcc_s --pop-state -lc -lgcc --push-state --as-needed -lgcc_s --pop-state /usr/lib/gcc/aarch64-linux-gnu/11/crtendS.o /usr/lib/gcc/aarch64-linux-gnu/11/../../../aarch64-linux-gnu/crtn.o
COLLECT_GCC_OPTIONS='-v' '-o' 'cmTC_6f9e8' '-mlittle-endian' '-mabi=lp64' '-dumpdir' 'cmTC_6f9e8.'
gmake[1]: Leaving directory '/home/ethan/autonomy-ws-25-26/src/asv_wave_sim/build/gz-waves1/CMakeFiles/CMakeTmp'



Parsed C implicit include dir info from above output: rv=done
  found start of include info
  found start of implicit include info
    add: [/usr/lib/gcc/aarch64-linux-gnu/11/include]
    add: [/usr/local/include]
    add: [/usr/include/aarch64-linux-gnu]
    add: [/usr/include]
  end of search list found
  collapse include dir [/usr/lib/gcc/aarch64-linux-gnu/11/include] ==> [/usr/lib/gcc/aarch64-linux-gnu/11/include]
  collapse include dir [/usr/local/include] ==> [/usr/local/include]
  collapse include dir [/usr/include/aarch64-linux-gnu] ==> [/usr/include/aarch64-linux-gnu]
  collapse include dir [/usr/include] ==> [/usr/include]
  implicit include dirs: [/usr/lib/gcc/aarch64-linux-gnu/11/include;/usr/local/include;/usr/include/aarch64-linux-gnu;/usr/include]


Parsed C implicit link information from above output:
  link line regex: [^( *|.*[/\])(ld|CMAKE_LINK_STARTFILE-NOTFOUND|([^/\]+-)?ld|collect2)[^/\]*( |$)]
  ignore line: [Change Dir: /home/ethan/autonomy-ws-25-26/src/asv_wave_sim/build/gz-waves1/CMakeFiles/CMakeTmp]
  ignore line: []
  ignore line: [Run Build Command(s):/usr/bin/gmake -f Makefile cmTC_6f9e8/fast && /usr/bin/gmake  -f CMakeFiles/cmTC_6f9e8.dir/build.make CMakeFiles/cmTC_6f9e8.dir/build]
  ignore line: [gmake[1]: Entering directory '/home/ethan/autonomy-ws-25-26/src/asv_wave_sim/build/gz-waves1/CMakeFiles/CMakeTmp']
  ignore line: [Building C object CMakeFiles/cmTC_6f9e8.dir/CMakeCCompilerABI.c.o]
  ignore line: [/usr/lib/ccache/cc   -v -o CMakeFiles/cmTC_6f9e8.dir/CMakeCCompilerABI.c.o -c /usr/share/cmake-3.22/Modules/CMakeCCompilerABI.c]
  ignore line: [Using built-in specs.]
  ignore line: [COLLECT_GCC=/usr/bin/cc]
  ignore line: [Target: aarch64-linux-gnu]
  ignore line: [Configured with: ../src/configure -v --with-pkgversion='Ubuntu 11.4.0-1ubuntu1~22.04.2' --with-bugurl=file:///usr/share/doc/gcc-11/README.Bugs --enable-languages=c ada c++ go d fortran objc obj-c++ m2 --prefix=/usr --with-gcc-major-version-only --program-suffix=-11 --program-prefix=aarch64-linux-gnu- --enable-shared --enable-linker-build-id --libexecdir=/usr/lib --without-included-gettext --enable-threads=posix --libdir=/usr/lib --enable-nls --enable-bootstrap --enable-clocale=gnu --enable-libstdcxx-debug --enable-libstdcxx-time=yes --with-default-libstdcxx-abi=new --enable-gnu-unique-object --disable-libquadmath --disable-libquadmath-support --enable-plugin --enable-default-pie --with-system-zlib --enable-libphobos-checking=release --with-target-system-zlib=auto --enable-objc-gc=auto --enable-multiarch --enable-fix-cortex-a53-843419 --disable-werror --enable-checking=release --build=aarch64-linux-gnu --host=aarch64-linux-gnu --target=aarch64-linux-gnu --with-build-config=bootstrap-lto-lean --enable-link-serialization=4]
  ignore line: [Thread model: posix]
  ignore line: [Supported LTO compression algorithms: zlib zstd]
  ignore line: [gcc version 11.4.0 (Ubuntu 11.4.0-1ubuntu1~22.04.2) ]
  ignore line: [COLLECT_GCC_OPTIONS='-fdiagnostics-color=always' '-v' '-c' '-o' 'CMakeFiles/cmTC_857b3.dir/CMakeCCompilerABI.c.o' '-mlittle-endian' '-mabi=lp64' '-dumpdir' 'CMakeFiles/cmTC_857b3.dir/']
  ignore line: [ /usr/lib/gcc/aarch64-linux-gnu/11/cc1 -quiet -v -imultiarch aarch64-linux-gnu /usr/share/cmake-3.22/Modules/CMakeCCompilerABI.c -quiet -dumpdir CMakeFiles/cmTC_857b3.dir/ -dumpbase CMakeCCompilerABI.c.c -dumpbase-ext .c -mlittle-endian -mabi=lp64 -version -fdiagnostics-color=always -fasynchronous-unwind-tables -fstack-protector-strong -Wformat -Wformat-security -fstack-clash-protection -o /tmp/ccn8PG51.s]
  ignore line: [GNU C17 (Ubuntu 11.4.0-1ubuntu1~22.04.2) version 11.4.0 (aarch64-linux-gnu)]
  ignore line: [	compiled by GNU C version 11.4.0  GMP version 6.2.1  MPFR version 4.1.0  MPC version 1.2.1  isl version isl-0.24-GMP]
  ignore line: []
  ignore line: [GGC heuristics: --param ggc-min-expand=100 --param ggc-min-heapsize=131072]
  ignore line: [ignoring nonexistent directory "/usr/local/include/aarch64-linux-gnu"]
  ignore line: [ignoring nonexistent directory "/usr/lib/gcc/aarch64-linux-gnu/11/include-fixed"]
  ignore line: [ignoring nonexistent directory "/usr/lib/gcc/aarch64-linux-gnu/11/../../../../aarch64-linux-gnu/include"]
  ignore line: [#include "..." search starts here:]
  ignore line: [#include <...> search starts here:]
  ignore line: [ /usr/lib/gcc/aarch64-linux-gnu/11/include]
  ignore line: [ /usr/local/include]
  ignore line: [ /usr/include/aarch64-linux-gnu]
  ignore line: [ /usr/include]
  ignore line: [End of search list.]
  ignore line: [GNU C17 (Ubuntu 11.4.0-1ubuntu1~22.04.2) version 11.4.0 (aarch64-linux-gnu)]
  ignore line: [	compiled by GNU C version 11.4.0  GMP version 6.2.1  MPFR version 4.1.0  MPC version 1.2.1  isl version isl-0.24-GMP]
  ignore line: []
  ignore line: [GGC heuristics: --param ggc-min-expand=100 --param ggc-min-heapsize=131072]
  ignore line: [Compiler executable checksum: 0159626df870edcc607c5281685617fb]
  ignore line: [COLLECT_GCC_OPTIONS='-fdiagnostics-color=always' '-v' '-c' '-o' 'CMakeFiles/cmTC_857b3.dir/CMakeCCompilerABI.c.o' '-mlittle-endian' '-mabi=lp64' '-dumpdir' 'CMakeFiles/cmTC_857b3.dir/']
  ignore line: [ as -v -EL -mabi=lp64 -o CMakeFiles/cmTC_857b3.dir/CMakeCCompilerABI.c.o /tmp/ccn8PG51.s]
  ignore line: [GNU assembler version 2.38 (aarch64-linux-gnu) using BFD version (GNU Binutils for Ubuntu) 2.38]
  ignore line: [COMPILER_PATH=/usr/lib/gcc/aarch64-linux-gnu/11/:/usr/lib/gcc/aarch64-linux-gnu/11/:/usr/lib/gcc/aarch64-linux-gnu/:/usr/lib/gcc/aarch64-linux-gnu/11/:/usr/lib/gcc/aarch64-linux-gnu/]
  ignore line: [LIBRARY_PATH=/usr/lib/gcc/aarch64-linux-gnu/11/:/usr/lib/gcc/aarch64-linux-gnu/11/../../../aarch64-linux-gnu/:/usr/lib/gcc/aarch64-linux-gnu/11/../../../../lib/:/lib/aarch64-linux-gnu/:/lib/../lib/:/usr/lib/aarch64-linux-gnu/:/usr/lib/../lib/:/usr/lib/gcc/aarch64-linux-gnu/11/../../../:/lib/:/usr/lib/]
  ignore line: [COLLECT_GCC_OPTIONS='-fdiagnostics-color=always' '-v' '-c' '-o' 'CMakeFiles/cmTC_857b3.dir/CMakeCCompilerABI.c.o' '-mlittle-endian' '-mabi=lp64' '-dumpdir' 'CMakeFiles/cmTC_857b3.dir/CMakeCCompilerABI.c.']
  ignore line: [Linking C executable cmTC_6f9e8]
  ignore line: [/usr/bin/cmake -E cmake_link_script CMakeFiles/cmTC_6f9e8.dir/link.txt --verbose=1]
  ignore line: [/usr/lib/ccache/cc  -v CMakeFiles/cmTC_6f9e8.dir/CMakeCCompilerABI.c.o -o cmTC_6f9e8 ]
  ignore line: [Using built-in specs.]
  ignore line: [COLLECT_GCC=/usr/bin/cc]
  ignore line: [COLLECT_LTO_WRAPPER=/usr/lib/gcc/aarch64-linux-gnu/11/lto-wrapper]
  ignore line: [Target: aarch64-linux-gnu]
  ignore line: [Configured with: ../src/configure -v --with-pkgversion='Ubuntu 11.4.0-1ubuntu1~22.04.2' --with-bugurl=file:///usr/share/doc/gcc-11/README.Bugs --enable-languages=c ada c++ go d fortran objc obj-c++ m2 --prefix=/usr --with-gcc-major-version-only --program-suffix=-11 --program-prefix=aarch64-linux-gnu- --enable-shared --enable-linker-build-id --libexecdir=/usr/lib --without-included-gettext --enable-threads=posix --libdir=/usr/lib --enable-nls --enable-bootstrap --enable-clocale=gnu --enable-libstdcxx-debug --enable-libstdcxx-time=yes --with-default-libstdcxx-abi=new --enable-gnu-unique-object --disable-libquadmath --disable-libquadmath-support --enable-plugin --enable-default-pie --with-system-zlib --enable-libphobos-checking=release --with-target-system-zlib=auto --enable-objc-gc=auto --enable-multiarch --enable-fix-cortex-a53-843419 --disable-werror --enable-checking=release --build=aarch64-linux-gnu --host=aarch64-linux-gnu --target=aarch64-linux-gnu --with-build-config=bootstrap-lto-lean --enable-link-serialization=4]
  ignore line: [Thread model: posix]
  ignore line: [Supported LTO compression algorithms: zlib zstd]
  ignore line: [gcc version 11.4.0 (Ubuntu 11.4.0-1ubuntu1~22.04.2) ]
  ignore line: [COMPILER_PATH=/usr/lib/gcc/aarch64-linux-gnu/11/:/usr/lib/gcc/aarch64-linux-gnu/11/:/usr/lib/gcc/aarch64-linux-gnu/:/usr/lib/gcc/aarch64-linux-gnu/11/:/usr/lib/gcc/aarch64-linux-gnu/]
  ignore line: [LIBRARY_PATH=/usr/lib/gcc/aarch64-linux-gnu/11/:/usr/lib/gcc/aarch64-linux-gnu/11/../../../aarch64-linux-gnu/:/usr/lib/gcc/aarch64-linux-gnu/11/../../../../lib/:/lib/aarch64-linux-gnu/:/lib/../lib/:/usr/lib/aarch64-linux-gnu/:/usr/lib/../lib/:/usr/lib/gcc/aarch64-linux-gnu/11/../../../:/lib/:/usr/lib/]
  ignore line: [COLLECT_GCC_OPTIONS='-v' '-o' 'cmTC_6f9e8' '-mlittle-endian' '-mabi=lp64' '-dumpdir' 'cmTC_6f9e8.']
  link line: [ /usr/lib/gcc/aarch64-linux-gnu/11/collect2 -plugin /usr/lib/gcc/aarch64-linux-gnu/11/liblto_plugin.so -plugin-opt=/usr/lib/gcc/aarch64-linux-gnu/11/lto-wrapper -plugin-opt=-fresolution=/tmp/ccFybF3z.res -plugin-opt=-pass-through=-lgcc -plugin-opt=-pass-through=-lgcc_s -plugin-opt=-pass-through=-lc -plugin-opt=-pass-through=-lgcc -plugin-opt=-pass-through=-lgcc_s --build-id --eh-frame-hdr --hash-style=gnu --as-needed -dynamic-linker /lib/ld-linux-aarch64.so.1 -X -EL -maarch64linux --fix-cortex-a53-843419 -pie -z now -z relro -o cmTC_6f9e8 /usr/lib/gcc/aarch64-linux-gnu/11/../../../aarch64-linux-gnu/Scrt1.o /usr/lib/gcc/aarch64-linux-gnu/11/../../../aarch64-linux-gnu/crti.o /usr/lib/gcc/aarch64-linux-gnu/11/crtbeginS.o -L/usr/lib/gcc/aarch64-linux-gnu/11 -L/usr/lib/gcc/aarch64-linux-gnu/11/../../../aarch64-linux-gnu -L/usr/lib/gcc/aarch64-linux-gnu/11/../../../../lib -L/lib/aarch64-linux-gnu -L/lib/../lib -L/usr/lib/aarch64-linux-gnu -L/usr/lib/../lib -L/usr/lib/gcc/aarch64-linux-gnu/11/../../.. CMakeFiles/cmTC_6f9e8.dir/CMakeCCompilerABI.c.o -lgcc --push-state --as-needed -lgcc_s --pop-state -lc -lgcc --push-state --as-needed -lgcc_s --pop-state /usr/lib/gcc/aarch64-linux-gnu/11/crtendS.o /usr/lib/gcc/aarch64-linux-gnu/11/../../../aarch64-linux-gnu/crtn.o]
    arg [/usr/lib/gcc/aarch64-linux-gnu/11/collect2] ==> ignore
    arg [-plugin] ==> ignore
    arg [/usr/lib/gcc/aarch64-linux-gnu/11/liblto_plugin.so] ==> ignore
    arg [-plugin-opt=/usr/lib/gcc/aarch64-linux-gnu/11/lto-wrapper] ==> ignore
    arg [-plugin-opt=-fresolution=/tmp/ccFybF3z.res] ==> ignore
    arg [-plugin-opt=-pass-through=-lgcc] ==> ignore
    arg [-plugin-opt=-pass-through=-lgcc_s] ==> ignore
    arg [-plugin-opt=-pass-through=-lc] ==> ignore
    arg [-plugin-opt=-pass-through=-lgcc] ==> ignore
    arg [-plugin-opt=-pass-through=-lgcc_s] ==> ignore
    arg [--build-id] ==> ignore
    arg [--eh-frame-hdr] ==> ignore
    arg [--hash-style=gnu] ==> ignore
    arg [--as-needed] ==> ignore
    arg [-dynamic-linker] ==> ignore
    arg [/lib/ld-linux-aarch64.so.1] ==> ignore
    arg [-X] ==> ignore
    arg [-EL] ==> ignore
    arg [-maarch64linux] ==> ignore
    arg [--fix-cortex-a53-843419] ==> ignore
    arg [-pie] ==> ignore
    arg [-znow] ==> ignore
    arg [-zrelro] ==> ignore
    arg [-o] ==> ignore
    arg [cmTC_6f9e8] ==> ignore
    arg [/usr/lib/gcc/aarch64-linux-gnu/11/../../../aarch64-linux-gnu/Scrt1.o] ==> obj [/usr/lib/gcc/aarch64-linux-gnu/11/../../../aarch64-linux-gnu/Scrt1.o]
    arg [/usr/lib/gcc/aarch64-linux-gnu/11/../../../aarch64-linux-gnu/crti.o] ==> obj [/usr/lib/gcc/aarch64-linux-gnu/11/../../../aarch64-linux-gnu/crti.o]
    arg [/usr/lib/gcc/aarch64-linux-gnu/11/crtbeginS.o] ==> obj [/usr/lib/gcc/aarch64-linux-gnu/11/crtbeginS.o]
    arg [-L/usr/lib/gcc/aarch64-linux-gnu/11] ==> dir [/usr/lib/gcc/aarch64-linux-gnu/11]
    arg [-L/usr/lib/gcc/aarch64-linux-gnu/11/../../../aarch64-linux-gnu] ==> dir [/usr/lib/gcc/aarch64-linux-gnu/11/../../../aarch64-linux-gnu]
    arg [-L/usr/lib/gcc/aarch64-linux-gnu/11/../../../../lib] ==> dir [/usr/lib/gcc/aarch64-linux-gnu/11/../../../../lib]
    arg [-L/lib/aarch64-linux-gnu] ==> dir [/lib/aarch64-linux-gnu]
    arg [-L/lib/../lib] ==> dir [/lib/../lib]
    arg [-L/usr/lib/aarch64-linux-gnu] ==> dir [/usr/lib/aarch64-linux-gnu]
    arg [-L/usr/lib/../lib] ==> dir [/usr/lib/../lib]
    arg [-L/usr/lib/gcc/aarch64-linux-gnu/11/../../..] ==> dir [/usr/lib/gcc/aarch64-linux-gnu/11/../../..]
    arg [CMakeFiles/cmTC_6f9e8.dir/CMakeCCompilerABI.c.o] ==> ignore
    arg [-lgcc] ==> lib [gcc]
    arg [--push-state] ==> ignore
    arg [--as-needed] ==> ignore
    arg [-lgcc_s] ==> lib [gcc_s]
    arg [--pop-state] ==> ignore
    arg [-lc] ==> lib [c]
    arg [-lgcc] ==> lib [gcc]
    arg [--push-state] ==> ignore
    arg [--as-needed] ==> ignore
    arg [-lgcc_s] ==> lib [gcc_s]
    arg [--pop-state] ==> ignore
    arg [/usr/lib/gcc/aarch64-linux-gnu/11/crtendS.o] ==> obj [/usr/lib/gcc/aarch64-linux-gnu/11/crtendS.o]
    arg [/usr/lib/gcc/aarch64-linux-gnu/11/../../../aarch64-linux-gnu/crtn.o] ==> obj [/usr/lib/gcc/aarch64-linux-gnu/11/../../../aarch64-linux-gnu/crtn.o]
  collapse obj [/usr/lib/gcc/aarch64-linux-gnu/11/../../../aarch64-linux-gnu/Scrt1.o] ==> [/usr/lib/aarch64-linux-gnu/Scrt1.o]
  collapse obj [/usr/lib/gcc/aarch64-linux-gnu/11/../../../aarch64-linux-gnu/crti.o] ==> [/usr/lib/aarch64-linux-gnu/crti.o]
  collapse obj [/usr/lib/gcc/aarch64-linux-gnu/11/../../../aarch64-linux-gnu/crtn.o] ==> [/usr/lib/aarch64-linux-gnu/crtn.o]
  collapse library dir [/usr/lib/gcc/aarch64-linux-gnu/11] ==> [/usr/lib/gcc/aarch64-linux-gnu/11]
  collapse library dir [/usr/lib/gcc/aarch64-linux-gnu/11/../../../aarch64-linux-gnu] ==> [/usr/lib/aarch64-linux-gnu]
  collapse library dir [/usr/lib/gcc/aarch64-linux-gnu/11/../../../../lib] ==> [/usr/lib]
  collapse library dir [/lib/aarch64-linux-gnu] ==> [/lib/aarch64-linux-gnu]
  collapse library dir [/lib/../lib] ==> [/lib]
  collapse library dir [/usr/lib/aarch64-linux-gnu] ==> [/usr/lib/aarch64-linux-gnu]
  collapse library dir [/usr/lib/../lib] ==> [/usr/lib]
  collapse library dir [/usr/lib/gcc/aarch64-linux-gnu/11/../../..] ==> [/usr/lib]
  implicit libs: [gcc;gcc_s;c;gcc;gcc_s]
  implicit objs: [/usr/lib/aarch64-linux-gnu/Scrt1.o;/usr/lib/aarch64-linux-gnu/crti.o;/usr/lib/gcc/aarch64-linux-gnu/11/crtbeginS.o;/usr/lib/gcc/aarch64-linux-gnu/11/crtendS.o;/usr/lib/aarch64-linux-gnu/crtn.o]
  implicit dirs: [/usr/lib/gcc/aarch64-linux-gnu/11;/usr/lib/aarch64-linux-gnu;/usr/lib;/lib/aarch64-linux-gnu;/lib]
  implicit fwks: []


Detecting CXX compiler ABI info compiled with the following output:
Change Dir: /home/ethan/autonomy-ws-25-26/src/asv_wave_sim/build/gz-waves1/CMakeFiles/CMakeTmp

Run Build Command(s):/usr/bin/gmake -f Makefile cmTC_931ea/fast && /usr/bin/gmake  -f CMakeFiles/cmTC_931ea.dir/build.make CMakeFiles/cmTC_931ea.dir/build
gmake[1]: Entering directory '/home/ethan/autonomy-ws-25-26/src/asv_wave_sim/build/gz-waves1/CMakeFiles/CMakeTmp'
Building CXX object CMakeFiles/cmTC_931ea.dir/CMakeCXXCompilerABI.cpp.o
/usr/lib/ccache/c++   -v -o CMakeFiles/cmTC_931ea.dir/CMakeCXXCompilerABI.cpp.o -c /usr/share/cmake-3.22/Modules/CMakeCXXCompilerABI.cpp
Using built-in specs.
COLLECT_GCC=/usr/bin/c++
Target: aarch64-linux-gnu
Configured with: ../src/configure -v --with-pkgversion='Ubuntu 11.4.0-1ubuntu1~22.04.2' --with-bugurl=file:///usr/share/doc/gcc-11/README.Bugs --enable-languages=c,ada,c++,go,d,fortran,objc,obj-c++,m2 --prefix=/usr --with-gcc-major-version-only --program-suffix=-11 --program-prefix=aarch64-linux-gnu- --enable-shared --enable-linker-build-id --libexecdir=/usr/lib --without-included-gettext --enable-threads=posix --libdir=/usr/lib --enable-nls --enable-bootstrap --enable-clocale=gnu --enable-libstdcxx-debug --enable-libstdcxx-time=yes --with-default-libstdcxx-abi=new --enable-gnu-unique-object --disable-libquadmath --disable-libquadmath-support --enable-plugin --enable-default-pie --with-system-zlib --enable-libphobos-checking=release --with-target-system-zlib=auto --enable-objc-gc=auto --enable-multiarch --enable-fix-cortex-a53-843419 --disable-werror --enable-checking=release --build=aarch64-linux-gnu --host=aarch64-linux-gnu --target=aarch64-linux-gnu --with-build-config=bootstrap-lto-lean --enable-link-serialization=4
Thread model: posix
Supported LTO compression algorithms: zlib zstd
gcc version 11.4.0 (Ubuntu 11.4.0-1ubuntu1~22.04.2) 
COLLECT_GCC_OPTIONS='-fdiagnostics-color=always' '-v' '-c' '-o' 'CMakeFiles/cmTC_ed237.dir/CMakeCXXCompilerABI.cpp.o' '-shared-libgcc' '-mlittle-endian' '-mabi=lp64' '-dumpdir' 'CMakeFiles/cmTC_ed237.dir/'
 /usr/lib/gcc/aarch64-linux-gnu/11/cc1plus -quiet -v -imultiarch aarch64-linux-gnu -D_GNU_SOURCE /usr/share/cmake-3.22/Modules/CMakeCXXCompilerABI.cpp -quiet -dumpdir CMakeFiles/cmTC_ed237.dir/ -dumpbase CMakeCXXCompilerABI.cpp.cpp -dumpbase-ext .cpp -mlittle-endian -mabi=lp64 -version -fdiagnostics-color=always -fasynchronous-unwind-tables -fstack-protector-strong -Wformat -Wformat-security -fstack-clash-protection -o /tmp/ccGdAiT9.s
GNU C++17 (Ubuntu 11.4.0-1ubuntu1~22.04.2) version 11.4.0 (aarch64-linux-gnu)
	compiled by GNU C version 11.4.0, GMP version 6.2.1, MPFR version 4.1.0, MPC version 1.2.1, isl version isl-0.24-GMP

GGC heuristics: --param ggc-min-expand=100 --param ggc-min-heapsize=131072
ignoring duplicate directory "/usr/include/aarch64-linux-gnu/c++/11"
ignoring nonexistent directory "/usr/local/include/aarch64-linux-gnu"
ignoring nonexistent directory "/usr/lib/gcc/aarch64-linux-gnu/11/include-fixed"
ignoring nonexistent directory "/usr/lib/gcc/aarch64-linux-gnu/11/../../../../aarch64-linux-gnu/include"
#include "..." search starts here:
#include <...> search starts here:
 /usr/include/c++/11
 /usr/include/aarch64-linux-gnu/c++/11
 /usr/include/c++/11/backward
 /usr/lib/gcc/aarch64-linux-gnu/11/include
 /usr/local/include
 /usr/include/aarch64-linux-gnu
 /usr/include
End of search list.
GNU C++17 (Ubuntu 11.4.0-1ubuntu1~22.04.2) version 11.4.0 (aarch64-linux-gnu)
	compiled by GNU C version 11.4.0, GMP version 6.2.1, MPFR version 4.1.0, MPC version 1.2.1, isl version isl-0.24-GMP

GGC heuristics: --param ggc-min-expand=100 --param ggc-min-heapsize=131072
Compiler executable checksum: 55b437a9e84fdcc0a3cb139897f42f09
COLLECT_GCC_OPTIONS='-fdiagnostics-color=always' '-v' '-c' '-o' 'CMakeFiles/cmTC_ed237.dir/CMakeCXXCompilerABI.cpp.o' '-shared-libgcc' '-mlittle-endian' '-mabi=lp64' '-dumpdir' 'CMakeFiles/cmTC_ed237.dir/'
 as -v -EL -mabi=lp64 -o CMakeFiles/cmTC_ed237.dir/CMakeCXXCompilerABI.cpp.o /tmp/ccGdAiT9.s
GNU assembler version 2.38 (aarch64-linux-gnu) using BFD version (GNU Binutils for Ubuntu) 2.38
COMPILER_PATH=/usr/lib/gcc/aarch64-linux-gnu/11/:/usr/lib/gcc/aarch64-linux-gnu/11/:/usr/lib/gcc/aarch64-linux-gnu/:/usr/lib/gcc/aarch64-linux-gnu/11/:/usr/lib/gcc/aarch64-linux-gnu/
LIBRARY_PATH=/usr/lib/gcc/aarch64-linux-gnu/11/:/usr/lib/gcc/aarch64-linux-gnu/11/../../../aarch64-linux-gnu/:/usr/lib/gcc/aarch64-linux-gnu/11/../../../../lib/:/lib/aarch64-linux-gnu/:/lib/../lib/:/usr/lib/aarch64-linux-gnu/:/usr/lib/../lib/:/usr/lib/gcc/aarch64-linux-gnu/11/../../../:/lib/:/usr/lib/
COLLECT_GCC_OPTIONS='-fdiagnostics-color=always' '-v' '-c' '-o' 'CMakeFiles/cmTC_ed237.dir/CMakeCXXCompilerABI.cpp.o' '-shared-libgcc' '-mlittle-endian' '-mabi=lp64' '-dumpdir' 'CMakeFiles/cmTC_ed237.dir/CMakeCXXCompilerABI.cpp.'
Linking CXX executable cmTC_931ea
/usr/bin/cmake -E cmake_link_script CMakeFiles/cmTC_931ea.dir/link.txt --verbose=1
/usr/lib/ccache/c++  -v CMakeFiles/cmTC_931ea.dir/CMakeCXXCompilerABI.cpp.o -o cmTC_931ea 
Using built-in specs.
COLLECT_GCC=/usr/bin/c++
COLLECT_LTO_WRAPPER=/usr/lib/gcc/aarch64-linux-gnu/11/lto-wrapper
Target: aarch64-linux-gnu
Configured with: ../src/configure -v --with-pkgversion='Ubuntu 11.4.0-1ubuntu1~22.04.2' --with-bugurl=file:///usr/share/doc/gcc-11/README.Bugs --enable-languages=c,ada,c++,go,d,fortran,objc,obj-c++,m2 --prefix=/usr --with-gcc-major-version-only --program-suffix=-11 --program-prefix=aarch64-linux-gnu- --enable-shared --enable-linker-build-id --libexecdir=/usr/lib --without-included-gettext --enable-threads=posix --libdir=/usr/lib --enable-nls --enable-bootstrap --enable-clocale=gnu --enable-libstdcxx-debug --enable-libstdcxx-time=yes --with-default-libstdcxx-abi=new --enable-gnu-unique-object --disable-libquadmath --disable-libquadmath-support --enable-plugin --enable-default-pie --with-system-zlib --enable-libphobos-checking=release --with-target-system-zlib=auto --enable-objc-gc=auto --enable-multiarch --enable-fix-cortex-a53-843419 --disable-werror --enable-checking=release --build=aarch64-linux-gnu --host=aarch64-linux-gnu --target=aarch64-linux-gnu --with-build-config=bootstrap-lto-lean --enable-link-serialization=4
Thread model: posix
Supported LTO compression algorithms: zlib zstd
gcc version 11.4.0 (Ubuntu 11.4.0-1ubuntu1~22.04.2) 
COMPILER_PATH=/usr/lib/gcc/aarch64-linux-gnu/11/:/usr/lib/gcc/aarch64-linux-gnu/11/:/usr/lib/gcc/aarch64-linux-gnu/:/usr/lib/gcc/aarch64-linux-gnu/11/:/usr/lib/gcc/aarch64-linux-gnu/
LIBRARY_PATH=/usr/lib/gcc/aarch64-linux-gnu/11/:/usr/lib/gcc/aarch64-linux-gnu/11/../../../aarch64-linux-gnu/:/usr/lib/gcc/aarch64-linux-gnu/11/../../../../lib/:/lib/aarch64-linux-gnu/:/lib/../lib/:/usr/lib/aarch64-linux-gnu/:/usr/lib/../lib/:/usr/lib/gcc/aarch64-linux-gnu/11/../../../:/lib/:/usr/lib/
COLLECT_GCC_OPTIONS='-v' '-o' 'cmTC_931ea' '-shared-libgcc' '-mlittle-endian' '-mabi=lp64' '-dumpdir' 'cmTC_931ea.'
 /usr/lib/gcc/aarch64-linux-gnu/11/collect2 -plugin /usr/lib/gcc/aarch64-linux-gnu/11/liblto_plugin.so -plugin-opt=/usr/lib/gcc/aarch64-linux-gnu/11/lto-wrapper -plugin-opt=-fresolution=/tmp/cczw1y2S.res -plugin-opt=-pass-through=-lgcc_s -plugin-opt=-pass-through=-lgcc -plugin-opt=-pass-through=-lc -plugin-opt=-pass-through=-lgcc_s -plugin-opt=-pass-through=-lgcc --build-id --eh-frame-hdr --hash-style=gnu --as-needed -dynamic-linker /lib/ld-linux-aarch64.so.1 -X -EL -maarch64linux --fix-cortex-a53-843419 -pie -z now -z relro -o cmTC_931ea /usr/lib/gcc/aarch64-linux-gnu/11/../../../aarch64-linux-gnu/Scrt1.o /usr/lib/gcc/aarch64-linux-gnu/11/../../../aarch64-linux-gnu/crti.o /usr/lib/gcc/aarch64-linux-gnu/11/crtbeginS.o -L/usr/lib/gcc/aarch64-linux-gnu/11 -L/usr/lib/gcc/aarch64-linux-gnu/11/../../../aarch64-linux-gnu -L/usr/lib/gcc/aarch64-linux-gnu/11/../../../../lib -L/lib/aarch64-linux-gnu -L/lib/../lib -L/usr/lib/aarch64-linux-gnu -L/usr/lib/../lib -L/usr/lib/gcc/aarch64-linux-gnu/11/../../.. CMakeFiles/cmTC_931ea.dir/CMakeCXXCompilerABI.cpp.o -lstdc++ -lm -lgcc_s -lgcc -lc -lgcc_s -lgcc /usr/lib/gcc/aarch64-linux-gnu/11/crtendS.o /usr/lib/gcc/aarch64-linux-gnu/11/../../../aarch64-linux-gnu/crtn.o
COLLECT_GCC_OPTIONS='-v' '-o' 'cmTC_931ea' '-shared-libgcc' '-mlittle-endian' '-mabi=lp64' '-dumpdir' 'cmTC_931ea.'
gmake[1]: Leaving directory '/home/ethan/autonomy-ws-25-26/src/asv_wave_sim/build/gz-waves1/CMakeFiles/CMakeTmp'



Parsed CXX implicit include dir info from above output: rv=done
  found start of include info
  found start of implicit include info
    add: [/usr/include/c++/11]
    add: [/usr/include/aarch64-linux-gnu/c++/11]
    add: [/usr/include/c++/11/backward]
    add: [/usr/lib/gcc/aarch64-linux-gnu/11/include]
    add: [/usr/local/include]
    add: [/usr/include/aarch64-linux-gnu]
    add: [/usr/include]
  end of search list found
  collapse include dir [/usr/include/c++/11] ==> [/usr/include/c++/11]
  collapse include dir [/usr/include/aarch64-linux-gnu/c++/11] ==> [/usr/include/aarch64-linux-gnu/c++/11]
  collapse include dir [/usr/include/c++/11/backward] ==> [/usr/include/c++/11/backward]
  collapse include dir [/usr/lib/gcc/aarch64-linux-gnu/11/include] ==> [/usr/lib/gcc/aarch64-linux-gnu/11/include]
  collapse include dir [/usr/local/include] ==> [/usr/local/include]
  collapse include dir [/usr/include/aarch64-linux-gnu] ==> [/usr/include/aarch64-linux-gnu]
  collapse include dir [/usr/include] ==> [/usr/include]
  implicit include dirs: [/usr/include/c++/11;/usr/include/aarch64-linux-gnu/c++/11;/usr/include/c++/11/backward;/usr/lib/gcc/aarch64-linux-gnu/11/include;/usr/local/include;/usr/include/aarch64-linux-gnu;/usr/include]


Parsed CXX implicit link information from above output:
  link line regex: [^( *|.*[/\])(ld|CMAKE_LINK_STARTFILE-NOTFOUND|([^/\]+-)?ld|collect2)[^/\]*( |$)]
  ignore line: [Change Dir: /home/ethan/autonomy-ws-25-26/src/asv_wave_sim/build/gz-waves1/CMakeFiles/CMakeTmp]
  ignore line: []
  ignore line: [Run Build Command(s):/usr/bin/gmake -f Makefile cmTC_931ea/fast && /usr/bin/gmake  -f CMakeFiles/cmTC_931ea.dir/build.make CMakeFiles/cmTC_931ea.dir/build]
  ignore line: [gmake[1]: Entering directory '/home/ethan/autonomy-ws-25-26/src/asv_wave_sim/build/gz-waves1/CMakeFiles/CMakeTmp']
  ignore line: [Building CXX object CMakeFiles/cmTC_931ea.dir/CMakeCXXCompilerABI.cpp.o]
  ignore line: [/usr/lib/ccache/c++   -v -o CMakeFiles/cmTC_931ea.dir/CMakeCXXCompilerABI.cpp.o -c /usr/share/cmake-3.22/Modules/CMakeCXXCompilerABI.cpp]
  ignore line: [Using built-in specs.]
  ignore line: [COLLECT_GCC=/usr/bin/c++]
  ignore line: [Target: aarch64-linux-gnu]
  ignore line: [Configured with: ../src/configure -v --with-pkgversion='Ubuntu 11.4.0-1ubuntu1~22.04.2' --with-bugurl=file:///usr/share/doc/gcc-11/README.Bugs --enable-languages=c ada c++ go d fortran objc obj-c++ m2 --prefix=/usr --with-gcc-major-version-only --program-suffix=-11 --program-prefix=aarch64-linux-gnu- --enable-shared --enable-linker-build-id --libexecdir=/usr/lib --without-included-gettext --enable-threads=posix --libdir=/usr/lib --enable-nls --enable-bootstrap --enable-clocale=gnu --enable-libstdcxx-debug --enable-libstdcxx-time=yes --with-default-libstdcxx-abi=new --enable-gnu-unique-object --disable-libquadmath --disable-libquadmath-support --enable-plugin --enable-default-pie --with-system-zlib --enable-libphobos-checking=release --with-target-system-zlib=auto --enable-objc-gc=auto --enable-multiarch --enable-fix-cortex-a53-843419 --disable-werror --enable-checking=release --build=aarch64-linux-gnu --host=aarch64-linux-gnu --target=aarch64-linux-gnu --with-build-config=bootstrap-lto-lean --enable-link-serialization=4]
  ignore line: [Thread model: posix]
  ignore line: [Supported LTO compression algorithms: zlib zstd]
  ignore line: [gcc version 11.4.0 (Ubuntu 11.4.0-1ubuntu1~22.04.2) ]
  ignore line: [COLLECT_GCC_OPTIONS='-fdiagnostics-color=always' '-v' '-c' '-o' 'CMakeFiles/cmTC_ed237.dir/CMakeCXXCompilerABI.cpp.o' '-shared-libgcc' '-mlittle-endian' '-mabi=lp64' '-dumpdir' 'CMakeFiles/cmTC_ed237.dir/']
  ignore line: [ /usr/lib/gcc/aarch64-linux-gnu/11/cc1plus -quiet -v -imultiarch aarch64-linux-gnu -D_GNU_SOURCE /usr/share/cmake-3.22/Modules/CMakeCXXCompilerABI.cpp -quiet -dumpdir CMakeFiles/cmTC_ed237.dir/ -dumpbase CMakeCXXCompilerABI.cpp.cpp -dumpbase-ext .cpp -mlittle-endian -mabi=lp64 -version -fdiagnostics-color=always -fasynchronous-unwind-tables -fstack-protector-strong -Wformat -Wformat-security -fstack-clash-protection -o /tmp/ccGdAiT9.s]
  ignore line: [GNU C++17 (Ubuntu 11.4.0-1ubuntu1~22.04.2) version 11.4.0 (aarch64-linux-gnu)]
  ignore line: [	compiled by GNU C version 11.4.0  GMP version 6.2.1  MPFR version 4.1.0  MPC version 1.2.1  isl version isl-0.24-GMP]
  ignore line: []
  ignore line: [GGC heuristics: --param ggc-min-expand=100 --param ggc-min-heapsize=131072]
  ignore line: [ignoring duplicate directory "/usr/include/aarch64-linux-gnu/c++/11"]
  ignore line: [ignoring nonexistent directory "/usr/local/include/aarch64-linux-gnu"]
  ignore line: [ignoring nonexistent directory "/usr/lib/gcc/aarch64-linux-gnu/11/include-fixed"]
  ignore line: [ignoring nonexistent directory "/usr/lib/gcc/aarch64-linux-gnu/11/../../../../aarch64-linux-gnu/include"]
  ignore line: [#include "..." search starts here:]
  ignore line: [#include <...> search starts here:]
  ignore line: [ /usr/include/c++/11]
  ignore line: [ /usr/include/aarch64-linux-gnu/c++/11]
  ignore line: [ /usr/include/c++/11/backward]
  ignore line: [ /usr/lib/gcc/aarch64-linux-gnu/11/include]
  ignore line: [ /usr/local/include]
  ignore line: [ /usr/include/aarch64-linux-gnu]
  ignore line: [ /usr/include]
  ignore line: [End of search list.]
  ignore line: [GNU C++17 (Ubuntu 11.4.0-1ubuntu1~22.04.2) version 11.4.0 (aarch64-linux-gnu)]
  ignore line: [	compiled by GNU C version 11.4.0  GMP version 6.2.1  MPFR version 4.1.0  MPC version 1.2.1  isl version isl-0.24-GMP]
  ignore line: []
  ignore line: [GGC heuristics: --param ggc-min-expand=100 --param ggc-min-heapsize=131072]
  ignore line: [Compiler executable checksum: 55b437a9e84fdcc0a3cb139897f42f09]
  ignore line: [COLLECT_GCC_OPTIONS='-fdiagnostics-color=always' '-v' '-c' '-o' 'CMakeFiles/cmTC_ed237.dir/CMakeCXXCompilerABI.cpp.o' '-shared-libgcc' '-mlittle-endian' '-mabi=lp64' '-dumpdir' 'CMakeFiles/cmTC_ed237.dir/']
  ignore line: [ as -v -EL -mabi=lp64 -o CMakeFiles/cmTC_ed237.dir/CMakeCXXCompilerABI.cpp.o /tmp/ccGdAiT9.s]
  ignore line: [GNU assembler version 2.38 (aarch64-linux-gnu) using BFD version (GNU Binutils for Ubuntu) 2.38]
  ignore line: [COMPILER_PATH=/usr/lib/gcc/aarch64-linux-gnu/11/:/usr/lib/gcc/aarch64-linux-gnu/11/:/usr/lib/gcc/aarch64-linux-gnu/:/usr/lib/gcc/aarch64-linux-gnu/11/:/usr/lib/gcc/aarch64-linux-gnu/]
  ignore line: [LIBRARY_PATH=/usr/lib/gcc/aarch64-linux-gnu/11/:/usr/lib/gcc/aarch64-linux-gnu/11/../../../aarch64-linux-gnu/:/usr/lib/gcc/aarch64-linux-gnu/11/../../../../lib/:/lib/aarch64-linux-gnu/:/lib/../lib/:/usr/lib/aarch64-linux-gnu/:/usr/lib/../lib/:/usr/lib/gcc/aarch64-linux-gnu/11/../../../:/lib/:/usr/lib/]
  ignore line: [COLLECT_GCC_OPTIONS='-fdiagnostics-color=always' '-v' '-c' '-o' 'CMakeFiles/cmTC_ed237.dir/CMakeCXXCompilerABI.cpp.o' '-shared-libgcc' '-mlittle-endian' '-mabi=lp64' '-dumpdir' 'CMakeFiles/cmTC_ed237.dir/CMakeCXXCompilerABI.cpp.']
  ignore line: [Linking CXX executable cmTC_931ea]
  ignore line: [/usr/bin/cmake -E cmake_link_script CMakeFiles/cmTC_931ea.dir/link.txt --verbose=1]
  ignore line: [/usr/lib/ccache/c++  -v CMakeFiles/cmTC_931ea.dir/CMakeCXXCompilerABI.cpp.o -o cmTC_931ea ]
  ignore line: [Using built-in specs.]
  ignore line: [COLLECT_GCC=/usr/bin/c++]
  ignore line: [COLLECT_LTO_WRAPPER=/usr/lib/gcc/aarch64-linux-gnu/11/lto-wrapper]
  ignore line: [Target: aarch64-linux-gnu]
  ignore line: [Configured with: ../src/configure -v --with-pkgversion='Ubuntu 11.4.0-1ubuntu1~22.04.2' --with-bugurl=file:///usr/share/doc/gcc-11/README.Bugs --enable-languages=c ada c++ go d fortran objc obj-c++ m2 --prefix=/usr --with-gcc-major-version-only --program-suffix=-11 --program-prefix=aarch64-linux-gnu- --enable-shared --enable-linker-build-id --libexecdir=/usr/lib --without-included-gettext --enable-threads=posix --libdir=/usr/lib --enable-nls --enable-bootstrap --enable-clocale=gnu --enable-libstdcxx-debug --enable-libstdcxx-time=yes --with-default-libstdcxx-abi=new --enable-gnu-unique-object --disable-libquadmath --disable-libquadmath-support --enable-plugin --enable-default-pie --with-system-zlib --enable-libphobos-checking=release --with-target-system-zlib=auto --enable-objc-gc=auto --enable-multiarch --enable-fix-cortex-a53-843419 --disable-werror --enable-checking=release --build=aarch64-linux-gnu --host=aarch64-linux-gnu --target=aarch64-linux-gnu --with-build-config=bootstrap-lto-lean --enable-link-serialization=4]
  ignore line: [Thread model: posix]
  ignore line: [Supported LTO compression algorithms: zlib zstd]
  ignore line: [gcc version 11.4.0 (Ubuntu 11.4.0-1ubuntu1~22.04.2) ]
  ignore line: [COMPILER_PATH=/usr/lib/gcc/aarch64-linux-gnu/11/:/usr/lib/gcc/aarch64-linux-gnu/11/:/usr/lib/gcc/aarch64-linux-gnu/:/usr/lib/gcc/aarch64-linux-gnu/11/:/usr/lib/gcc/aarch64-linux-gnu/]
  ignore line: [LIBRARY_PATH=/usr/lib/gcc/aarch64-linux-gnu/11/:/usr/lib/gcc/aarch64-linux-gnu/11/../../../aarch64-linux-gnu/:/usr/lib/gcc/aarch64-linux-gnu/11/../../../../lib/:/lib/aarch64-linux-gnu/:/lib/../lib/:/usr/lib/aarch64-linux-gnu/:/usr/lib/../lib/:/usr/lib/gcc/aarch64-linux-gnu/11/../../../:/lib/:/usr/lib/]
  ignore line: [COLLECT_GCC_OPTIONS='-v' '-o' 'cmTC_931ea' '-shared-libgcc' '-mlittle-endian' '-mabi=lp64' '-dumpdir' 'cmTC_931ea.']
  link line: [ /usr/lib/gcc/aarch64-linux-gnu/11/collect2 -plugin /usr/lib/gcc/aarch64-linux-gnu/11/liblto_plugin.so -plugin-opt=/usr/lib/gcc/aarch64-linux-gnu/11/lto-wrapper -plugin-opt=-fresolution=/tmp/cczw1y2S.res -plugin-opt=-pass-through=-lgcc_s -plugin-opt=-pass-through=-lgcc -plugin-opt=-pass-through=-lc -plugin-opt=-pass-through=-lgcc_s -plugin-opt=-pass-through=-lgcc --build-id --eh-frame-hdr --hash-style=gnu --as-needed -dynamic-linker /lib/ld-linux-aarch64.so.1 -X -EL -maarch64linux --fix-cortex-a53-843419 -pie -z now -z relro -o cmTC_931ea /usr/lib/gcc/aarch64-linux-gnu/11/../../../aarch64-linux-gnu/Scrt1.o /usr/lib/gcc/aarch64-linux-gnu/11/../../../aarch64-linux-gnu/crti.o /usr/lib/gcc/aarch64-linux-gnu/11/crtbeginS.o -L/usr/lib/gcc/aarch64-linux-gnu/11 -L/usr/lib/gcc/aarch64-linux-gnu/11/../../../aarch64-linux-gnu -L/usr/lib/gcc/aarch64-linux-gnu/11/../../../../lib -L/lib/aarch64-linux-gnu -L/lib/../lib -L/usr/lib/aarch64-linux-gnu -L/usr/lib/../lib -L/usr/lib/gcc/aarch64-linux-gnu/11/../../.. CMakeFiles/cmTC_931ea.dir/CMakeCXXCompilerABI.cpp.o -lstdc++ -lm -lgcc_s -lgcc -lc -lgcc_s -lgcc /usr/lib/gcc/aarch64-linux-gnu/11/crtendS.o /usr/lib/gcc/aarch64-linux-gnu/11/../../../aarch64-linux-gnu/crtn.o]
    arg [/usr/lib/gcc/aarch64-linux-gnu/11/collect2] ==> ignore
    arg [-plugin] ==> ignore
    arg [/usr/lib/gcc/aarch64-linux-gnu/11/liblto_plugin.so] ==> ignore
    arg [-plugin-opt=/usr/lib/gcc/aarch64-linux-gnu/11/lto-wrapper] ==> ignore
    arg [-plugin-opt=-fresolution=/tmp/cczw1y2S.res] ==> ignore
    arg [-plugin-opt=-pass-through=-lgcc_s] ==> ignore
    arg [-plugin-opt=-pass-through=-lgcc] ==> ignore
    arg [-plugin-opt=-pass-through=-lc] ==> ignore
    arg [-plugin-opt=-pass-through=-lgcc_s] ==> ignore
    arg [-plugin-opt=-pass-through=-lgcc] ==> ignore
    arg [--build-id] ==> ignore
    arg [--eh-frame-hdr] ==> ignore
    arg [--hash-style=gnu] ==> ignore
    arg [--as-needed] ==> ignore
    arg [-dynamic-linker] ==> ignore
    arg [/lib/ld-linux-aarch64.so.1] ==> ignore
    arg [-X] ==> ignore
    arg [-EL] ==> ignore
    arg [-maarch64linux] ==> ignore
    arg [--fix-cortex-a53-843419] ==> ignore
    arg [-pie] ==> ignore
    arg [-znow] ==> ignore
    arg [-zrelro] ==> ignore
    arg [-o] ==> ignore
    arg [cmTC_931ea] ==> ignore
    arg [/usr/lib/gcc/aarch64-linux-gnu/11/../../../aarch64-linux-gnu/Scrt1.o] ==> obj [/usr/lib/gcc/aarch64-linux-gnu/11/../../../aarch64-linux-gnu/Scrt1.o]
    arg [/usr/lib/gcc/aarch64-linux-gnu/11/../../../aarch64-linux-gnu/crti.o] ==> obj [/usr/lib/gcc/aarch64-linux-gnu/11/../../../aarch64-linux-gnu/crti.o]
    arg [/usr/lib/gcc/aarch64-linux-gnu/11/crtbeginS.o] ==> obj [/usr/lib/gcc/aarch64-linux-gnu/11/crtbeginS.o]
    arg [-L/usr/lib/gcc/aarch64-linux-gnu/11] ==> dir [/usr/lib/gcc/aarch64-linux-gnu/11]
    arg [-L/usr/lib/gcc/aarch64-linux-gnu/11/../../../aarch64-linux-gnu] ==> dir [/usr/lib/gcc/aarch64-linux-gnu/11/../../../aarch64-linux-gnu]
    arg [-L/usr/lib/gcc/aarch64-linux-gnu/11/../../../../lib] ==> dir [/usr/lib/gcc/aarch64-linux-gnu/11/../../../../lib]
    arg [-L/lib/aarch64-linux-gnu] ==> dir [/lib/aarch64-linux-gnu]
    arg [-L/lib/../lib] ==> dir [/lib/../lib]
    arg [-L/usr/lib/aarch64-linux-gnu] ==> dir [/usr/lib/aarch64-linux-gnu]
    arg [-L/usr/lib/../lib] ==> dir [/usr/lib/../lib]
    arg [-L/usr/lib/gcc/aarch64-linux-gnu/11/../../..] ==> dir [/usr/lib/gcc/aarch64-linux-gnu/11/../../..]
    arg [CMakeFiles/cmTC_931ea.dir/CMakeCXXCompilerABI.cpp.o] ==> ignore
    arg [-lstdc++] ==> lib [stdc++]
    arg [-lm] ==> lib [m]
    arg [-lgcc_s] ==> lib [gcc_s]
    arg [-lgcc] ==> lib [gcc]
    arg [-lc] ==> lib [c]
    arg [-lgcc_s] ==> lib [gcc_s]
    arg [-lgcc] ==> lib [gcc]
    arg [/usr/lib/gcc/aarch64-linux-gnu/11/crtendS.o] ==> obj [/usr/lib/gcc/aarch64-linux-gnu/11/crtendS.o]
    arg [/usr/lib/gcc/aarch64-linux-gnu/11/../../../aarch64-linux-gnu/crtn.o] ==> obj [/usr/lib/gcc/aarch64-linux-gnu/11/../../../aarch64-linux-gnu/crtn.o]
  collapse obj [/usr/lib/gcc/aarch64-linux-gnu/11/../../../aarch64-linux-gnu/Scrt1.o] ==> [/usr/lib/aarch64-linux-gnu/Scrt1.o]
  collapse obj [/usr/lib/gcc/aarch64-linux-gnu/11/../../../aarch64-linux-gnu/crti.o] ==> [/usr/lib/aarch64-linux-gnu/crti.o]
  collapse obj [/usr/lib/gcc/aarch64-linux-gnu/11/../../../aarch64-linux-gnu/crtn.o] ==> [/usr/lib/aarch64-linux-gnu/crtn.o]
  collapse library dir [/usr/lib/gcc/aarch64-linux-gnu/11] ==> [/usr/lib/gcc/aarch64-linux-gnu/11]
  collapse library dir [/usr/lib/gcc/aarch64-linux-gnu/11/../../../aarch64-linux-gnu] ==> [/usr/lib/aarch64-linux-gnu]
  collapse library dir [/usr/lib/gcc/aarch64-linux-gnu/11/../../../../lib] ==> [/usr/lib]
  collapse library dir [/lib/aarch64-linux-gnu] ==> [/lib/aarch64-linux-gnu]
  collapse library dir [/lib/../lib] ==> [/lib]
  collapse library dir [/usr/lib/aarch64-linux-gnu] ==> [/usr/lib/aarch64-linux-gnu]
  collapse library dir [/usr/lib/../lib] ==> [/usr/lib]
  collapse library dir [/usr/lib/gcc/aarch64-linux-gnu/11/../../..] ==> [/usr/lib]
  implicit libs: [stdc++;m;gcc_s;gcc;c;gcc_s;gcc]
  implicit objs: [/usr/lib/aarch64-linux-gnu/Scrt1.o;/usr/lib/aarch64-linux-gnu/crti.o;/usr/lib/gcc/aarch64-linux-gnu/11/crtbeginS.o;/usr/lib/gcc/aarch64-linux-gnu/11/crtendS.o;/usr/lib/aarch64-linux-gnu/crtn.o]
  implicit dirs: [/usr/lib/gcc/aarch64-linux-gnu/11;/usr/lib/aarch64-linux-gnu;/usr/lib;/lib/aarch64-linux-gnu;/lib]
  implicit fwks: []


Determining if the include file pthread.h exists passed with the following output:
Change Dir: /home/ethan/autonomy-ws-25-26/src/asv_wave_sim/build/gz-waves1/CMakeFiles/CMakeTmp

Run Build Command(s):/usr/bin/gmake -f Makefile cmTC_ba881/fast && /usr/bin/gmake  -f CMakeFiles/cmTC_ba881.dir/build.make CMakeFiles/cmTC_ba881.dir/build
gmake[1]: Entering directory '/home/ethan/autonomy-ws-25-26/src/asv_wave_sim/build/gz-waves1/CMakeFiles/CMakeTmp'
Building C object CMakeFiles/cmTC_ba881.dir/CheckIncludeFile.c.o
/usr/lib/ccache/cc    -o CMakeFiles/cmTC_ba881.dir/CheckIncludeFile.c.o -c /home/ethan/autonomy-ws-25-26/src/asv_wave_sim/build/gz-waves1/CMakeFiles/CMakeTmp/CheckIncludeFile.c
Linking C executable cmTC_ba881
/usr/bin/cmake -E cmake_link_script CMakeFiles/cmTC_ba881.dir/link.txt --verbose=1
/usr/lib/ccache/cc CMakeFiles/cmTC_ba881.dir/CheckIncludeFile.c.o -o cmTC_ba881 
gmake[1]: Leaving directory '/home/ethan/autonomy-ws-25-26/src/asv_wave_sim/build/gz-waves1/CMakeFiles/CMakeTmp'



Performing C SOURCE FILE Test CMAKE_HAVE_LIBC_PTHREAD succeeded with the following output:
Change Dir: /home/ethan/autonomy-ws-25-26/src/asv_wave_sim/build/gz-waves1/CMakeFiles/CMakeTmp

Run Build Command(s):/usr/bin/gmake -f Makefile cmTC_2499d/fast && /usr/bin/gmake  -f CMakeFiles/cmTC_2499d.dir/build.make CMakeFiles/cmTC_2499d.dir/build
gmake[1]: Entering directory '/home/ethan/autonomy-ws-25-26/src/asv_wave_sim/build/gz-waves1/CMakeFiles/CMakeTmp'
Building C object CMakeFiles/cmTC_2499d.dir/src.c.o
/usr/lib/ccache/cc -DCMAKE_HAVE_LIBC_PTHREAD   -o CMakeFiles/cmTC_2499d.dir/src.c.o -c /home/ethan/autonomy-ws-25-26/src/asv_wave_sim/build/gz-waves1/CMakeFiles/CMakeTmp/src.c
Linking C executable cmTC_2499d
/usr/bin/cmake -E cmake_link_script CMakeFiles/cmTC_2499d.dir/link.txt --verbose=1
/usr/lib/ccache/cc CMakeFiles/cmTC_2499d.dir/src.c.o -o cmTC_2499d 
gmake[1]: Leaving directory '/home/ethan/autonomy-ws-25-26/src/asv_wave_sim/build/gz-waves1/CMakeFiles/CMakeTmp'


Source file was:
#include <pthread.h>

static void* test_func(void* data)
{
  return data;
}

int main(void)
{
  pthread_t thread;
  pthread_create(&thread, NULL, test_func, NULL);
  pthread_detach(thread);
  pthread_cancel(thread);
  pthread_join(thread, NULL);
  pthread_atfork(NULL, NULL, NULL);
  pthread_exit(NULL);

  return 0;
}

Performing C++ SOURCE FILE Test result-Wall succeeded with the following output:
Change Dir: /home/ethan/autonomy-ws-25-26/src/asv_wave_sim/build/gz-waves1/CMakeFiles/CMakeTmp

Run Build Command(s):/usr/bin/gmake -f Makefile cmTC_8daa5/fast && /usr/bin/gmake  -f CMakeFiles/cmTC_8daa5.dir/build.make CMakeFiles/cmTC_8daa5.dir/build
gmake[1]: Entering directory '/home/ethan/autonomy-ws-25-26/src/asv_wave_sim/build/gz-waves1/CMakeFiles/CMakeTmp'
Building CXX object CMakeFiles/cmTC_8daa5.dir/src.cxx.o
/usr/lib/ccache/c++   -Dresult-Wall -Wall -std=c++17 -o CMakeFiles/cmTC_8daa5.dir/src.cxx.o -c /home/ethan/autonomy-ws-25-26/src/asv_wave_sim/build/gz-waves1/CMakeFiles/CMakeTmp/src.cxx
<command-line>: warning: ISO C++11 requires whitespace after the macro name
Linking CXX executable cmTC_8daa5
/usr/bin/cmake -E cmake_link_script CMakeFiles/cmTC_8daa5.dir/link.txt --verbose=1
/usr/lib/ccache/c++ CMakeFiles/cmTC_8daa5.dir/src.cxx.o -o cmTC_8daa5 
gmake[1]: Leaving directory '/home/ethan/autonomy-ws-25-26/src/asv_wave_sim/build/gz-waves1/CMakeFiles/CMakeTmp'


Source file was:
int main() { return 0; }
Performing C++ SOURCE FILE Test result-Wextra succeeded with the following output:
Change Dir: /home/ethan/autonomy-ws-25-26/src/asv_wave_sim/build/gz-waves1/CMakeFiles/CMakeTmp

Run Build Command(s):/usr/bin/gmake -f Makefile cmTC_e62b2/fast && /usr/bin/gmake  -f CMakeFiles/cmTC_e62b2.dir/build.make CMakeFiles/cmTC_e62b2.dir/build
gmake[1]: Entering directory '/home/ethan/autonomy-ws-25-26/src/asv_wave_sim/build/gz-waves1/CMakeFiles/CMakeTmp'
Building CXX object CMakeFiles/cmTC_e62b2.dir/src.cxx.o
/usr/lib/ccache/c++   -Dresult-Wextra -Wextra -std=c++17 -o CMakeFiles/cmTC_e62b2.dir/src.cxx.o -c /home/ethan/autonomy-ws-25-26/src/asv_wave_sim/build/gz-waves1/CMakeFiles/CMakeTmp/src.cxx
<command-line>: warning: ISO C++11 requires whitespace after the macro name
Linking CXX executable cmTC_e62b2
/usr/bin/cmake -E cmake_link_script CMakeFiles/cmTC_e62b2.dir/link.txt --verbose=1
/usr/lib/ccache/c++ CMakeFiles/cmTC_e62b2.dir/src.cxx.o -o cmTC_e62b2 
gmake[1]: Leaving directory '/home/ethan/autonomy-ws-25-26/src/asv_wave_sim/build/gz-waves1/CMakeFiles/CMakeTmp'


Source file was:
int main() { return 0; }
Performing C++ SOURCE FILE Test result-Wno-long-long succeeded with the following output:
Change Dir: /home/ethan/autonomy-ws-25-26/src/asv_wave_sim/build/gz-waves1/CMakeFiles/CMakeTmp

Run Build Command(s):/usr/bin/gmake -f Makefile cmTC_ba1d5/fast && /usr/bin/gmake  -f CMakeFiles/cmTC_ba1d5.dir/build.make CMakeFiles/cmTC_ba1d5.dir/build
gmake[1]: Entering directory '/home/ethan/autonomy-ws-25-26/src/asv_wave_sim/build/gz-waves1/CMakeFiles/CMakeTmp'
Building CXX object CMakeFiles/cmTC_ba1d5.dir/src.cxx.o
/usr/lib/ccache/c++   -Dresult-Wno-long-long -Wno-long-long -std=c++17 -o CMakeFiles/cmTC_ba1d5.dir/src.cxx.o -c /home/ethan/autonomy-ws-25-26/src/asv_wave_sim/build/gz-waves1/CMakeFiles/CMakeTmp/src.cxx
<command-line>: warning: ISO C++11 requires whitespace after the macro name
Linking CXX executable cmTC_ba1d5
/usr/bin/cmake -E cmake_link_script CMakeFiles/cmTC_ba1d5.dir/link.txt --verbose=1
/usr/lib/ccache/c++ CMakeFiles/cmTC_ba1d5.dir/src.cxx.o -o cmTC_ba1d5 
gmake[1]: Leaving directory '/home/ethan/autonomy-ws-25-26/src/asv_wave_sim/build/gz-waves1/CMakeFiles/CMakeTmp'


Source file was:
int main() { return 0; }
Performing C++ SOURCE FILE Test result-Wno-unused-value succeeded with the following output:
Change Dir: /home/ethan/autonomy-ws-25-26/src/asv_wave_sim/build/gz-waves1/CMakeFiles/CMakeTmp

Run Build Command(s):/usr/bin/gmake -f Makefile cmTC_762bf/fast && /usr/bin/gmake  -f CMakeFiles/cmTC_762bf.dir/build.make CMakeFiles/cmTC_762bf.dir/build
gmake[1]: Entering directory '/home/ethan/autonomy-ws-25-26/src/asv_wave_sim/build/gz-waves1/CMakeFiles/CMakeTmp'
Building CXX object CMakeFiles/cmTC_762bf.dir/src.cxx.o
/usr/lib/ccache/c++   -Dresult-Wno-unused-value -Wno-unused-value -std=c++17 -o CMakeFiles/cmTC_762bf.dir/src.cxx.o -c /home/ethan/autonomy-ws-25-26/src/asv_wave_sim/build/gz-waves1/CMakeFiles/CMakeTmp/src.cxx
<command-line>: warning: ISO C++11 requires whitespace after the macro name
Linking CXX executable cmTC_762bf
/usr/bin/cmake -E cmake_link_script CMakeFiles/cmTC_762bf.dir/link.txt --verbose=1
/usr/lib/ccache/c++ CMakeFiles/cmTC_762bf.dir/src.cxx.o -o cmTC_762bf 
gmake[1]: Leaving directory '/home/ethan/autonomy-ws-25-26/src/asv_wave_sim/build/gz-waves1/CMakeFiles/CMakeTmp'


Source file was:
int main() { return 0; }
Performing C++ SOURCE FILE Test result-Wfloat-equal succeeded with the following output:
Change Dir: /home/ethan/autonomy-ws-25-26/src/asv_wave_sim/build/gz-waves1/CMakeFiles/CMakeTmp

Run Build Command(s):/usr/bin/gmake -f Makefile cmTC_4f330/fast && /usr/bin/gmake  -f CMakeFiles/cmTC_4f330.dir/build.make CMakeFiles/cmTC_4f330.dir/build
gmake[1]: Entering directory '/home/ethan/autonomy-ws-25-26/src/asv_wave_sim/build/gz-waves1/CMakeFiles/CMakeTmp'
Building CXX object CMakeFiles/cmTC_4f330.dir/src.cxx.o
/usr/lib/ccache/c++   -Dresult-Wfloat-equal -Wfloat-equal -std=c++17 -o CMakeFiles/cmTC_4f330.dir/src.cxx.o -c /home/ethan/autonomy-ws-25-26/src/asv_wave_sim/build/gz-waves1/CMakeFiles/CMakeTmp/src.cxx
<command-line>: warning: ISO C++11 requires whitespace after the macro name
Linking CXX executable cmTC_4f330
/usr/bin/cmake -E cmake_link_script CMakeFiles/cmTC_4f330.dir/link.txt --verbose=1
/usr/lib/ccache/c++ CMakeFiles/cmTC_4f330.dir/src.cxx.o -o cmTC_4f330 
gmake[1]: Leaving directory '/home/ethan/autonomy-ws-25-26/src/asv_wave_sim/build/gz-waves1/CMakeFiles/CMakeTmp'


Source file was:
int main() { return 0; }
Performing C++ SOURCE FILE Test result-Wshadow succeeded with the following output:
Change Dir: /home/ethan/autonomy-ws-25-26/src/asv_wave_sim/build/gz-waves1/CMakeFiles/CMakeTmp

Run Build Command(s):/usr/bin/gmake -f Makefile cmTC_e762e/fast && /usr/bin/gmake  -f CMakeFiles/cmTC_e762e.dir/build.make CMakeFiles/cmTC_e762e.dir/build
gmake[1]: Entering directory '/home/ethan/autonomy-ws-25-26/src/asv_wave_sim/build/gz-waves1/CMakeFiles/CMakeTmp'
Building CXX object CMakeFiles/cmTC_e762e.dir/src.cxx.o
/usr/lib/ccache/c++   -Dresult-Wshadow -Wshadow -std=c++17 -o CMakeFiles/cmTC_e762e.dir/src.cxx.o -c /home/ethan/autonomy-ws-25-26/src/asv_wave_sim/build/gz-waves1/CMakeFiles/CMakeTmp/src.cxx
<command-line>: warning: ISO C++11 requires whitespace after the macro name
Linking CXX executable cmTC_e762e
/usr/bin/cmake -E cmake_link_script CMakeFiles/cmTC_e762e.dir/link.txt --verbose=1
/usr/lib/ccache/c++ CMakeFiles/cmTC_e762e.dir/src.cxx.o -o cmTC_e762e 
gmake[1]: Leaving directory '/home/ethan/autonomy-ws-25-26/src/asv_wave_sim/build/gz-waves1/CMakeFiles/CMakeTmp'


Source file was:
int main() { return 0; }
Performing C++ SOURCE FILE Test result-Winit-self succeeded with the following output:
Change Dir: /home/ethan/autonomy-ws-25-26/src/asv_wave_sim/build/gz-waves1/CMakeFiles/CMakeTmp

Run Build Command(s):/usr/bin/gmake -f Makefile cmTC_14292/fast && /usr/bin/gmake  -f CMakeFiles/cmTC_14292.dir/build.make CMakeFiles/cmTC_14292.dir/build
gmake[1]: Entering directory '/home/ethan/autonomy-ws-25-26/src/asv_wave_sim/build/gz-waves1/CMakeFiles/CMakeTmp'
Building CXX object CMakeFiles/cmTC_14292.dir/src.cxx.o
/usr/lib/ccache/c++   -Dresult-Winit-self -Winit-self -std=c++17 -o CMakeFiles/cmTC_14292.dir/src.cxx.o -c /home/ethan/autonomy-ws-25-26/src/asv_wave_sim/build/gz-waves1/CMakeFiles/CMakeTmp/src.cxx
<command-line>: warning: ISO C++11 requires whitespace after the macro name
Linking CXX executable cmTC_14292
/usr/bin/cmake -E cmake_link_script CMakeFiles/cmTC_14292.dir/link.txt --verbose=1
/usr/lib/ccache/c++ CMakeFiles/cmTC_14292.dir/src.cxx.o -o cmTC_14292 
gmake[1]: Leaving directory '/home/ethan/autonomy-ws-25-26/src/asv_wave_sim/build/gz-waves1/CMakeFiles/CMakeTmp'


Source file was:
int main() { return 0; }
Performing C++ SOURCE FILE Test result-Wswitch-default succeeded with the following output:
Change Dir: /home/ethan/autonomy-ws-25-26/src/asv_wave_sim/build/gz-waves1/CMakeFiles/CMakeTmp

Run Build Command(s):/usr/bin/gmake -f Makefile cmTC_78a8d/fast && /usr/bin/gmake  -f CMakeFiles/cmTC_78a8d.dir/build.make CMakeFiles/cmTC_78a8d.dir/build
gmake[1]: Entering directory '/home/ethan/autonomy-ws-25-26/src/asv_wave_sim/build/gz-waves1/CMakeFiles/CMakeTmp'
Building CXX object CMakeFiles/cmTC_78a8d.dir/src.cxx.o
/usr/lib/ccache/c++   -Dresult-Wswitch-default -Wswitch-default -std=c++17 -o CMakeFiles/cmTC_78a8d.dir/src.cxx.o -c /home/ethan/autonomy-ws-25-26/src/asv_wave_sim/build/gz-waves1/CMakeFiles/CMakeTmp/src.cxx
<command-line>: warning: ISO C++11 requires whitespace after the macro name
Linking CXX executable cmTC_78a8d
/usr/bin/cmake -E cmake_link_script CMakeFiles/cmTC_78a8d.dir/link.txt --verbose=1
/usr/lib/ccache/c++ CMakeFiles/cmTC_78a8d.dir/src.cxx.o -o cmTC_78a8d 
gmake[1]: Leaving directory '/home/ethan/autonomy-ws-25-26/src/asv_wave_sim/build/gz-waves1/CMakeFiles/CMakeTmp'


Source file was:
int main() { return 0; }
Performing C++ SOURCE FILE Test result-Wmissing-include-dirs succeeded with the following output:
Change Dir: /home/ethan/autonomy-ws-25-26/src/asv_wave_sim/build/gz-waves1/CMakeFiles/CMakeTmp

Run Build Command(s):/usr/bin/gmake -f Makefile cmTC_82856/fast && /usr/bin/gmake  -f CMakeFiles/cmTC_82856.dir/build.make CMakeFiles/cmTC_82856.dir/build
gmake[1]: Entering directory '/home/ethan/autonomy-ws-25-26/src/asv_wave_sim/build/gz-waves1/CMakeFiles/CMakeTmp'
Building CXX object CMakeFiles/cmTC_82856.dir/src.cxx.o
/usr/lib/ccache/c++   -Dresult-Wmissing-include-dirs -Wmissing-include-dirs -std=c++17 -o CMakeFiles/cmTC_82856.dir/src.cxx.o -c /home/ethan/autonomy-ws-25-26/src/asv_wave_sim/build/gz-waves1/CMakeFiles/CMakeTmp/src.cxx
<command-line>: warning: ISO C++11 requires whitespace after the macro name
Linking CXX executable cmTC_82856
/usr/bin/cmake -E cmake_link_script CMakeFiles/cmTC_82856.dir/link.txt --verbose=1
/usr/lib/ccache/c++ CMakeFiles/cmTC_82856.dir/src.cxx.o -o cmTC_82856 
gmake[1]: Leaving directory '/home/ethan/autonomy-ws-25-26/src/asv_wave_sim/build/gz-waves1/CMakeFiles/CMakeTmp'


Source file was:
int main() { return 0; }
Performing C++ SOURCE FILE Test result-pedantic succeeded with the following output:
Change Dir: /home/ethan/autonomy-ws-25-26/src/asv_wave_sim/build/gz-waves1/CMakeFiles/CMakeTmp

Run Build Command(s):/usr/bin/gmake -f Makefile cmTC_0dc6a/fast && /usr/bin/gmake  -f CMakeFiles/cmTC_0dc6a.dir/build.make CMakeFiles/cmTC_0dc6a.dir/build
gmake[1]: Entering directory '/home/ethan/autonomy-ws-25-26/src/asv_wave_sim/build/gz-waves1/CMakeFiles/CMakeTmp'
Building CXX object CMakeFiles/cmTC_0dc6a.dir/src.cxx.o
/usr/lib/ccache/c++   -Dresult-pedantic -pedantic -std=c++17 -o CMakeFiles/cmTC_0dc6a.dir/src.cxx.o -c /home/ethan/autonomy-ws-25-26/src/asv_wave_sim/build/gz-waves1/CMakeFiles/CMakeTmp/src.cxx
<command-line>: warning: ISO C++11 requires whitespace after the macro name
Linking CXX executable cmTC_0dc6a
/usr/bin/cmake -E cmake_link_script CMakeFiles/cmTC_0dc6a.dir/link.txt --verbose=1
/usr/lib/ccache/c++ CMakeFiles/cmTC_0dc6a.dir/src.cxx.o -o cmTC_0dc6a 
gmake[1]: Leaving directory '/home/ethan/autonomy-ws-25-26/src/asv_wave_sim/build/gz-waves1/CMakeFiles/CMakeTmp'


Source file was:
int main() { return 0; }
Performing C++ SOURCE FILE Test result-fno-elide-constructors succeeded with the following output:
Change Dir: /home/ethan/autonomy-ws-25-26/src/asv_wave_sim/build/gz-waves1/CMakeFiles/CMakeTmp

Run Build Command(s):/usr/bin/gmake -f Makefile cmTC_3e99b/fast && /usr/bin/gmake  -f CMakeFiles/cmTC_3e99b.dir/build.make CMakeFiles/cmTC_3e99b.dir/build
gmake[1]: Entering directory '/home/ethan/autonomy-ws-25-26/src/asv_wave_sim/build/gz-waves1/CMakeFiles/CMakeTmp'
Building CXX object CMakeFiles/cmTC_3e99b.dir/src.cxx.o
/usr/lib/ccache/c++   -Dresult-fno-elide-constructors -fno-elide-constructors -std=c++17 -o CMakeFiles/cmTC_3e99b.dir/src.cxx.o -c /home/ethan/autonomy-ws-25-26/src/asv_wave_sim/build/gz-waves1/CMakeFiles/CMakeTmp/src.cxx
<command-line>: warning: ISO C++11 requires whitespace after the macro name
Linking CXX executable cmTC_3e99b
/usr/bin/cmake -E cmake_link_script CMakeFiles/cmTC_3e99b.dir/link.txt --verbose=1
/usr/lib/ccache/c++ CMakeFiles/cmTC_3e99b.dir/src.cxx.o -o cmTC_3e99b 
gmake[1]: Leaving directory '/home/ethan/autonomy-ws-25-26/src/asv_wave_sim/build/gz-waves1/CMakeFiles/CMakeTmp'


Source file was:
int main() { return 0; }
Performing C++ SOURCE FILE Test result-fno-default-inline succeeded with the following output:
Change Dir: /home/ethan/autonomy-ws-25-26/src/asv_wave_sim/build/gz-waves1/CMakeFiles/CMakeTmp

Run Build Command(s):/usr/bin/gmake -f Makefile cmTC_91a2f/fast && /usr/bin/gmake  -f CMakeFiles/cmTC_91a2f.dir/build.make CMakeFiles/cmTC_91a2f.dir/build
gmake[1]: Entering directory '/home/ethan/autonomy-ws-25-26/src/asv_wave_sim/build/gz-waves1/CMakeFiles/CMakeTmp'
Building CXX object CMakeFiles/cmTC_91a2f.dir/src.cxx.o
/usr/lib/ccache/c++   -Dresult-fno-default-inline -fno-default-inline -std=c++17 -o CMakeFiles/cmTC_91a2f.dir/src.cxx.o -c /home/ethan/autonomy-ws-25-26/src/asv_wave_sim/build/gz-waves1/CMakeFiles/CMakeTmp/src.cxx
<command-line>: warning: ISO C++11 requires whitespace after the macro name
Linking CXX executable cmTC_91a2f
/usr/bin/cmake -E cmake_link_script CMakeFiles/cmTC_91a2f.dir/link.txt --verbose=1
/usr/lib/ccache/c++ CMakeFiles/cmTC_91a2f.dir/src.cxx.o -o cmTC_91a2f 
gmake[1]: Leaving directory '/home/ethan/autonomy-ws-25-26/src/asv_wave_sim/build/gz-waves1/CMakeFiles/CMakeTmp'


Source file was:
int main() { return 0; }
Performing C++ SOURCE FILE Test result-fno-implicit-inline-templates succeeded with the following output:
Change Dir: /home/ethan/autonomy-ws-25-26/src/asv_wave_sim/build/gz-waves1/CMakeFiles/CMakeTmp

Run Build Command(s):/usr/bin/gmake -f Makefile cmTC_f74f8/fast && /usr/bin/gmake  -f CMakeFiles/cmTC_f74f8.dir/build.make CMakeFiles/cmTC_f74f8.dir/build
gmake[1]: Entering directory '/home/ethan/autonomy-ws-25-26/src/asv_wave_sim/build/gz-waves1/CMakeFiles/CMakeTmp'
Building CXX object CMakeFiles/cmTC_f74f8.dir/src.cxx.o
/usr/lib/ccache/c++   -Dresult-fno-implicit-inline-templates -fno-implicit-inline-templates -std=c++17 -o CMakeFiles/cmTC_f74f8.dir/src.cxx.o -c /home/ethan/autonomy-ws-25-26/src/asv_wave_sim/build/gz-waves1/CMakeFiles/CMakeTmp/src.cxx
<command-line>: warning: ISO C++11 requires whitespace after the macro name
Linking CXX executable cmTC_f74f8
/usr/bin/cmake -E cmake_link_script CMakeFiles/cmTC_f74f8.dir/link.txt --verbose=1
/usr/lib/ccache/c++ CMakeFiles/cmTC_f74f8.dir/src.cxx.o -o cmTC_f74f8 
gmake[1]: Leaving directory '/home/ethan/autonomy-ws-25-26/src/asv_wave_sim/build/gz-waves1/CMakeFiles/CMakeTmp'


Source file was:
int main() { return 0; }
Performing C++ SOURCE FILE Test COMPILER_HAS_HIDDEN_VISIBILITY succeeded with the following output:
Change Dir: /home/ethan/autonomy-ws-25-26/src/asv_wave_sim/build/gz-waves1/CMakeFiles/CMakeTmp

Run Build Command(s):/usr/bin/gmake -f Makefile cmTC_ea791/fast && /usr/bin/gmake  -f CMakeFiles/cmTC_ea791.dir/build.make CMakeFiles/cmTC_ea791.dir/build
gmake[1]: Entering directory '/home/ethan/autonomy-ws-25-26/src/asv_wave_sim/build/gz-waves1/CMakeFiles/CMakeTmp'
Building CXX object CMakeFiles/cmTC_ea791.dir/src.cxx.o
/usr/lib/ccache/c++ -DCOMPILER_HAS_HIDDEN_VISIBILITY  -fvisibility=hidden -std=c++17 -o CMakeFiles/cmTC_ea791.dir/src.cxx.o -c /home/ethan/autonomy-ws-25-26/src/asv_wave_sim/build/gz-waves1/CMakeFiles/CMakeTmp/src.cxx
Linking CXX executable cmTC_ea791
/usr/bin/cmake -E cmake_link_script CMakeFiles/cmTC_ea791.dir/link.txt --verbose=1
/usr/lib/ccache/c++ CMakeFiles/cmTC_ea791.dir/src.cxx.o -o cmTC_ea791 
gmake[1]: Leaving directory '/home/ethan/autonomy-ws-25-26/src/asv_wave_sim/build/gz-waves1/CMakeFiles/CMakeTmp'


Source file was:
int main() { return 0; }
Performing C++ SOURCE FILE Test COMPILER_HAS_HIDDEN_INLINE_VISIBILITY succeeded with the following output:
Change Dir: /home/ethan/autonomy-ws-25-26/src/asv_wave_sim/build/gz-waves1/CMakeFiles/CMakeTmp

Run Build Command(s):/usr/bin/gmake -f Makefile cmTC_a17c7/fast && /usr/bin/gmake  -f CMakeFiles/cmTC_a17c7.dir/build.make CMakeFiles/cmTC_a17c7.dir/build
gmake[1]: Entering directory '/home/ethan/autonomy-ws-25-26/src/asv_wave_sim/build/gz-waves1/CMakeFiles/CMakeTmp'
Building CXX object CMakeFiles/cmTC_a17c7.dir/src.cxx.o
/usr/lib/ccache/c++ -DCOMPILER_HAS_HIDDEN_INLINE_VISIBILITY  -fvisibility-inlines-hidden -std=c++17 -o CMakeFiles/cmTC_a17c7.dir/src.cxx.o -c /home/ethan/autonomy-ws-25-26/src/asv_wave_sim/build/gz-waves1/CMakeFiles/CMakeTmp/src.cxx
Linking CXX executable cmTC_a17c7
/usr/bin/cmake -E cmake_link_script CMakeFiles/cmTC_a17c7.dir/link.txt --verbose=1
/usr/lib/ccache/c++ CMakeFiles/cmTC_a17c7.dir/src.cxx.o -o cmTC_a17c7 
gmake[1]: Leaving directory '/home/ethan/autonomy-ws-25-26/src/asv_wave_sim/build/gz-waves1/CMakeFiles/CMakeTmp'


Source file was:
int main() { return 0; }
Performing C++ SOURCE FILE Test COMPILER_HAS_DEPRECATED_ATTR succeeded with the following output:
Change Dir: /home/ethan/autonomy-ws-25-26/src/asv_wave_sim/build/gz-waves1/CMakeFiles/CMakeTmp

Run Build Command(s):/usr/bin/gmake -f Makefile cmTC_edd1d/fast && /usr/bin/gmake  -f CMakeFiles/cmTC_edd1d.dir/build.make CMakeFiles/cmTC_edd1d.dir/build
gmake[1]: Entering directory '/home/ethan/autonomy-ws-25-26/src/asv_wave_sim/build/gz-waves1/CMakeFiles/CMakeTmp'
Building CXX object CMakeFiles/cmTC_edd1d.dir/src.cxx.o
/usr/lib/ccache/c++ -DCOMPILER_HAS_DEPRECATED_ATTR  -std=c++17 -o CMakeFiles/cmTC_edd1d.dir/src.cxx.o -c /home/ethan/autonomy-ws-25-26/src/asv_wave_sim/build/gz-waves1/CMakeFiles/CMakeTmp/src.cxx
/home/ethan/autonomy-ws-25-26/src/asv_wave_sim/build/gz-waves1/CMakeFiles/CMakeTmp/src.cxx: In function int main():
/home/ethan/autonomy-ws-25-26/src/asv_wave_sim/build/gz-waves1/CMakeFiles/CMakeTmp/src.cxx:2:33: warning: int somefunc() is deprecated [-Wdeprecated-declarations]
    2 |     int main() { return somefunc();}
      |                         ~~~~~~~~^~
/home/ethan/autonomy-ws-25-26/src/asv_wave_sim/build/gz-waves1/CMakeFiles/CMakeTmp/src.cxx:1:37: note: declared here
    1 | __attribute__((__deprecated__)) int somefunc() { return 0; }
      |                                     ^~~~~~~~
Linking CXX executable cmTC_edd1d
/usr/bin/cmake -E cmake_link_script CMakeFiles/cmTC_edd1d.dir/link.txt --verbose=1
/usr/lib/ccache/c++ CMakeFiles/cmTC_edd1d.dir/src.cxx.o -o cmTC_edd1d 
gmake[1]: Leaving directory '/home/ethan/autonomy-ws-25-26/src/asv_wave_sim/build/gz-waves1/CMakeFiles/CMakeTmp'


Source file was:
__attribute__((__deprecated__)) int somefunc() { return 0; }
    int main() { return somefunc();}
