[1.661s] Invoking command in '/home/jacob/ros2_ws/src/my_lidar_pkg': PYTHONPATH=/home/jacob/ros2_ws/src/my_lidar_pkg/build/my_lidar_pkg/prefix_override:/usr/lib/python3/dist-packages/colcon_core/task/python/colcon_distutils_commands:/home/jacob/ros2_ws/src/my_lidar_pkg/install/my_lidar_pkg/lib/python3.10/site-packages:${PYTHONPATH} /usr/bin/python3 -W ignore:setup.py install is deprecated -W ignore:easy_install command is deprecated setup.py egg_info --egg-base build/my_lidar_pkg build --build-base /home/jacob/ros2_ws/src/my_lidar_pkg/build/my_lidar_pkg/build install --record /home/jacob/ros2_ws/src/my_lidar_pkg/build/my_lidar_pkg/install.log --install-scripts $base/lib/my_lidar_pkg --single-version-externally-managed
[2.268s] /usr/lib/python3/dist-packages/setuptools/dist.py:723: UserWarning: Usage of dash-separated 'script-dir' will not be supported in future versions. Please use the underscore name 'script_dir' instead
[2.268s]   warnings.warn(
[2.289s] running egg_info
[2.291s] writing build/my_lidar_pkg/my_lidar_pkg.egg-info/PKG-INFO
[2.292s] writing dependency_links to build/my_lidar_pkg/my_lidar_pkg.egg-info/dependency_links.txt
[2.292s] writing entry points to build/my_lidar_pkg/my_lidar_pkg.egg-info/entry_points.txt
[2.293s] writing requirements to build/my_lidar_pkg/my_lidar_pkg.egg-info/requires.txt
[2.293s] writing top-level names to build/my_lidar_pkg/my_lidar_pkg.egg-info/top_level.txt
[2.299s] reading manifest file 'build/my_lidar_pkg/my_lidar_pkg.egg-info/SOURCES.txt'
[2.300s] writing manifest file 'build/my_lidar_pkg/my_lidar_pkg.egg-info/SOURCES.txt'
[2.301s] running build
[2.301s] running build_py
[2.302s] running install
[2.302s] running install_lib
[2.305s] running install_egg_info
[2.315s] removing '/home/jacob/ros2_ws/src/my_lidar_pkg/install/my_lidar_pkg/lib/python3.10/site-packages/my_lidar_pkg-0.1.0-py3.10.egg-info' (and everything under it)
[2.316s] Copying build/my_lidar_pkg/my_lidar_pkg.egg-info to /home/jacob/ros2_ws/src/my_lidar_pkg/install/my_lidar_pkg/lib/python3.10/site-packages/my_lidar_pkg-0.1.0-py3.10.egg-info
[2.319s] running install_scripts
[2.374s] Installing lidar_subscriber script to /home/jacob/ros2_ws/src/my_lidar_pkg/install/my_lidar_pkg/lib/my_lidar_pkg
[2.375s] writing list of installed files to '/home/jacob/ros2_ws/src/my_lidar_pkg/build/my_lidar_pkg/install.log'
[2.503s] Invoked command in '/home/jacob/ros2_ws/src/my_lidar_pkg' returned '0': PYTHONPATH=/home/jacob/ros2_ws/src/my_lidar_pkg/build/my_lidar_pkg/prefix_override:/usr/lib/python3/dist-packages/colcon_core/task/python/colcon_distutils_commands:/home/jacob/ros2_ws/src/my_lidar_pkg/install/my_lidar_pkg/lib/python3.10/site-packages:${PYTHONPATH} /usr/bin/python3 -W ignore:setup.py install is deprecated -W ignore:easy_install command is deprecated setup.py egg_info --egg-base build/my_lidar_pkg build --build-base /home/jacob/ros2_ws/src/my_lidar_pkg/build/my_lidar_pkg/build install --record /home/jacob/ros2_ws/src/my_lidar_pkg/build/my_lidar_pkg/install.log --install-scripts $base/lib/my_lidar_pkg --single-version-externally-managed
