[0.802s] Invoking command in '/home/jacob/ros2_ws/build/ros_numpy': /usr/bin/cmake /home/jacob/ros2_ws/src/ros_numpy -DCATKIN_INSTALL_INTO_PREFIX_ROOT=0 -DCMAKE_INSTALL_PREFIX=/home/jacob/ros2_ws/install/ros_numpy
[0.846s] [0mCMake Deprecation Warning at CMakeLists.txt:1 (cmake_minimum_required):
[0.846s]   Compatibility with CMake < 2.8.12 will be removed from a future version of
[0.847s]   CMake.
[0.847s] 
[0.847s]   Update the VERSION argument <min> value or use a ...<max> suffix to tell
[0.847s]   CMake that the project does not need compatibility with older versions.
[0.847s] 
[0.847s] [0m
[0.879s] [31mCMake Error at CMakeLists.txt:7 (find_package):
[0.879s]   By not providing "Findcatkin.cmake" in CMAKE_MODULE_PATH this project has
[0.880s]   asked CMake to find a package configuration file provided by "catkin", but
[0.880s]   CMake did not find one.
[0.880s] 
[0.881s]   Could not find a package configuration file provided by "catkin" with any
[0.881s]   of the following names:
[0.881s] 
[0.881s]     catkinConfig.cmake
[0.881s]     catkin-config.cmake
[0.881s] 
[0.881s]   Add the installation prefix of "catkin" to CMAKE_PREFIX_PATH or set
[0.882s]   "catkin_DIR" to a directory containing one of the above files.  If "catkin"
[0.882s]   provides a separate development package or SDK, be sure it has been
[0.882s]   installed.
[0.882s] 
[0.882s] -- Configuring incomplete, errors occurred!
[0.882s] See also "/home/jacob/ros2_ws/build/ros_numpy/CMakeFiles/CMakeOutput.log".
[0.883s] [0m
[0.892s] Invoked command in '/home/jacob/ros2_ws/build/ros_numpy' returned '1': /usr/bin/cmake /home/jacob/ros2_ws/src/ros_numpy -DCATKIN_INSTALL_INTO_PREFIX_ROOT=0 -DCMAKE_INSTALL_PREFIX=/home/jacob/ros2_ws/install/ros_numpy
