[0.055s] Invoking command in '/home/jacob/ros2_ws/build/unitree_lidar_ros2': CMAKE_PREFIX_PATH=${CMAKE_PREFIX_PATH}:/opt/ros/humble /usr/bin/cmake --build /home/jacob/ros2_ws/build/unitree_lidar_ros2 -- -j6 -l6
[0.352s] [35m[1mConsolidate compiler generated dependencies of target unitree_lidar_ros2_node[0m
[0.704s] [ 50%] [32mBuilding CXX object CMakeFiles/unitree_lidar_ros2_node.dir/src/unitree_lidar_ros2_node.cpp.o[0m
[48.700s] [100%] [32m[1mLinking CXX executable unitree_lidar_ros2_node[0m
[52.307s] [100%] Built target unitree_lidar_ros2_node
[52.355s] Invoked command in '/home/jacob/ros2_ws/build/unitree_lidar_ros2' returned '0': CMAKE_PREFIX_PATH=${CMAKE_PREFIX_PATH}:/opt/ros/humble /usr/bin/cmake --build /home/jacob/ros2_ws/build/unitree_lidar_ros2 -- -j6 -l6
[52.392s] Invoking command in '/home/jacob/ros2_ws/build/unitree_lidar_ros2': CMAKE_PREFIX_PATH=${CMAKE_PREFIX_PATH}:/opt/ros/humble /usr/bin/cmake --install /home/jacob/ros2_ws/build/unitree_lidar_ros2
[52.437s] -- Install configuration: ""
[52.453s] -- Installing: /home/jacob/ros2_ws/install/unitree_lidar_ros2/lib/unitree_lidar_ros2/unitree_lidar_ros2_node
[52.466s] -- Set runtime path of "/home/jacob/ros2_ws/install/unitree_lidar_ros2/lib/unitree_lidar_ros2/unitree_lidar_ros2_node" to ""
[52.467s] -- Up-to-date: /home/jacob/ros2_ws/install/unitree_lidar_ros2/share/unitree_lidar_ros2/view.rviz
[52.468s] -- Up-to-date: /home/jacob/ros2_ws/install/unitree_lidar_ros2/share/unitree_lidar_ros2/launch.py
[52.468s] -- Up-to-date: /home/jacob/ros2_ws/install/unitree_lidar_ros2/share/ament_index/resource_index/package_run_dependencies/unitree_lidar_ros2
[52.468s] -- Up-to-date: /home/jacob/ros2_ws/install/unitree_lidar_ros2/share/ament_index/resource_index/parent_prefix_path/unitree_lidar_ros2
[52.469s] -- Up-to-date: /home/jacob/ros2_ws/install/unitree_lidar_ros2/share/unitree_lidar_ros2/environment/ament_prefix_path.sh
[52.469s] -- Up-to-date: /home/jacob/ros2_ws/install/unitree_lidar_ros2/share/unitree_lidar_ros2/environment/ament_prefix_path.dsv
[52.469s] -- Up-to-date: /home/jacob/ros2_ws/install/unitree_lidar_ros2/share/unitree_lidar_ros2/environment/path.sh
[52.469s] -- Up-to-date: /home/jacob/ros2_ws/install/unitree_lidar_ros2/share/unitree_lidar_ros2/environment/path.dsv
[52.470s] -- Up-to-date: /home/jacob/ros2_ws/install/unitree_lidar_ros2/share/unitree_lidar_ros2/local_setup.bash
[52.470s] -- Up-to-date: /home/jacob/ros2_ws/install/unitree_lidar_ros2/share/unitree_lidar_ros2/local_setup.sh
[52.471s] -- Up-to-date: /home/jacob/ros2_ws/install/unitree_lidar_ros2/share/unitree_lidar_ros2/local_setup.zsh
[52.471s] -- Up-to-date: /home/jacob/ros2_ws/install/unitree_lidar_ros2/share/unitree_lidar_ros2/local_setup.dsv
[52.471s] -- Installing: /home/jacob/ros2_ws/install/unitree_lidar_ros2/share/unitree_lidar_ros2/package.dsv
[52.472s] -- Up-to-date: /home/jacob/ros2_ws/install/unitree_lidar_ros2/share/ament_index/resource_index/packages/unitree_lidar_ros2
[52.472s] -- Up-to-date: /home/jacob/ros2_ws/install/unitree_lidar_ros2/share/unitree_lidar_ros2/cmake/unitree_lidar_ros2Config.cmake
[52.473s] -- Up-to-date: /home/jacob/ros2_ws/install/unitree_lidar_ros2/share/unitree_lidar_ros2/cmake/unitree_lidar_ros2Config-version.cmake
[52.473s] -- Up-to-date: /home/jacob/ros2_ws/install/unitree_lidar_ros2/share/unitree_lidar_ros2/package.xml
[52.480s] Invoked command in '/home/jacob/ros2_ws/build/unitree_lidar_ros2' returned '0': CMAKE_PREFIX_PATH=${CMAKE_PREFIX_PATH}:/opt/ros/humble /usr/bin/cmake --install /home/jacob/ros2_ws/build/unitree_lidar_ros2
