[0.026s] Invoking command in '/home/jacob/ros2_ws/build/ros_numpy': /usr/bin/cmake /home/jacob/ros2_ws/src/ros_numpy -DCATKIN_INSTALL_INTO_PREFIX_ROOT=0 -DCATKIN_SYMLINK_INSTALL=ON -DCMAKE_INSTALL_PREFIX=/home/jacob/ros2_ws/install/ros_numpy
[0.206s] [0mCMake Deprecation Warning at CMakeLists.txt:1 (cmake_minimum_required):
[0.207s]   Compatibility with CMake < 2.8.12 will be removed from a future version of
[0.207s]   CMake.
[0.207s] 
[0.208s]   Update the VERSION argument <min> value or use a ...<max> suffix to tell
[0.208s]   CMake that the project does not need compatibility with older versions.
[0.208s] 
[0.209s] [0m
[0.888s] -- The C compiler identification is GNU 11.4.0
[1.473s] -- The CXX compiler identification is GNU 11.4.0
[1.526s] -- Detecting C compiler ABI info
[1.720s] -- Detecting C compiler ABI info - done
[1.753s] -- Check for working C compiler: /usr/bin/cc - skipped
[1.755s] -- Detecting C compile features
[1.759s] -- Detecting C compile features - done
[1.775s] -- Detecting CXX compiler ABI info
[1.983s] -- Detecting CXX compiler ABI info - done
[2.015s] -- Check for working CXX compiler: /usr/bin/c++ - skipped
[2.016s] -- Detecting CXX compile features
[2.019s] -- Detecting CXX compile features - done
[2.067s] [31mCMake Error at CMakeLists.txt:7 (find_package):
[2.068s]   By not providing "Findcatkin.cmake" in CMAKE_MODULE_PATH this project has
[2.068s]   asked CMake to find a package configuration file provided by "catkin", but
[2.068s]   CMake did not find one.
[2.069s] 
[2.069s]   Could not find a package configuration file provided by "catkin" with any
[2.069s]   of the following names:
[2.069s] 
[2.070s]     catkinConfig.cmake
[2.070s]     catkin-config.cmake
[2.070s] 
[2.070s]   Add the installation prefix of "catkin" to CMAKE_PREFIX_PATH or set
[2.071s]   "catkin_DIR" to a directory containing one of the above files.  If "catkin"
[2.071s]   provides a separate development package or SDK, be sure it has been
[2.071s]   installed.
[2.071s] 
[2.071s] [0m
[2.072s] -- Configuring incomplete, errors occurred!
[2.072s] See also "/home/jacob/ros2_ws/build/ros_numpy/CMakeFiles/CMakeOutput.log".
[2.080s] Invoked command in '/home/jacob/ros2_ws/build/ros_numpy' returned '1': /usr/bin/cmake /home/jacob/ros2_ws/src/ros_numpy -DCATKIN_INSTALL_INTO_PREFIX_ROOT=0 -DCATKIN_SYMLINK_INSTALL=ON -DCMAKE_INSTALL_PREFIX=/home/jacob/ros2_ws/install/ros_numpy
