[0.025s] Invoking command in '/home/jacob/ros2_ws/build/unitree_lidar_ros2': CMAKE_PREFIX_PATH=${CMAKE_PREFIX_PATH}:/opt/ros/humble /usr/bin/cmake /home/jacob/ros2_ws/src/unilidar_sdk/unitree_lidar_ros2/src/unitree_lidar_ros2 -DBUILD_TESTING=OFF -DAMENT_CMAKE_SYMLINK_INSTALL=1 -DCMAKE_INSTALL_PREFIX=/home/jacob/ros2_ws/install/unitree_lidar_ros2
[0.171s] -- The C compiler identification is GNU 11.4.0
[0.356s] -- The CXX compiler identification is GNU 11.4.0
[0.388s] -- Detecting C compiler ABI info
[0.598s] -- Detecting C compiler ABI info - done
[0.625s] -- Check for working C compiler: /usr/bin/cc - skipped
[0.626s] -- Detecting C compile features
[0.627s] -- Detecting C compile features - done
[0.640s] -- Detecting CXX compiler ABI info
[0.850s] -- Detecting CXX compiler ABI info - done
[0.881s] -- Check for working CXX compiler: /usr/bin/c++ - skipped
[0.883s] -- Detecting CXX compile features
[0.883s] -- Detecting CXX compile features - done
[0.908s] -- Found ament_cmake: 1.3.12 (/opt/ros/humble/share/ament_cmake/cmake)
[1.481s] -- Found Python3: /usr/bin/python3 (found version "3.10.12") found components: Interpreter 
[1.718s] -- Override CMake install command with custom implementation using symlinks instead of copying resources
[1.781s] -- Found rclcpp: 16.0.15 (/opt/ros/humble/share/rclcpp/cmake)
[1.910s] -- Found rosidl_generator_c: 3.1.7 (/opt/ros/humble/share/rosidl_generator_c/cmake)
[1.924s] -- Found rosidl_adapter: 3.1.7 (/opt/ros/humble/share/rosidl_adapter/cmake)
[1.948s] -- Found rosidl_generator_cpp: 3.1.7 (/opt/ros/humble/share/rosidl_generator_cpp/cmake)
[1.985s] -- Using all available rosidl_typesupport_c: rosidl_typesupport_fastrtps_c;rosidl_typesupport_introspection_c
[2.030s] -- Using all available rosidl_typesupport_cpp: rosidl_typesupport_fastrtps_cpp;rosidl_typesupport_introspection_cpp
[2.150s] -- Found rmw_implementation_cmake: 6.1.2 (/opt/ros/humble/share/rmw_implementation_cmake/cmake)
[2.158s] -- Found rmw_fastrtps_cpp: 6.2.8 (/opt/ros/humble/share/rmw_fastrtps_cpp/cmake)
[2.473s] -- Found OpenSSL: /usr/lib/aarch64-linux-gnu/libcrypto.so (found version "3.0.2")  
[2.553s] -- Found FastRTPS: /opt/ros/humble/include  
[2.673s] -- Using RMW implementation 'rmw_fastrtps_cpp' as default
[2.689s] -- Looking for pthread.h
[2.896s] -- Looking for pthread.h - found
[2.897s] -- Performing Test CMAKE_HAVE_LIBC_PTHREAD
[3.101s] -- Performing Test CMAKE_HAVE_LIBC_PTHREAD - Success
[3.103s] -- Found Threads: TRUE  
[3.214s] -- Found sensor_msgs: 4.9.0 (/opt/ros/humble/share/sensor_msgs/cmake)
[3.279s] -- Found pcl_conversions: 2.4.5 (/opt/ros/humble/share/pcl_conversions/cmake)
[3.367s] -- Checking for module 'eigen3'
[3.400s] --   Found eigen3, version 3.4.0
[3.482s] -- Found Eigen: /usr/include/eigen3 (Required is at least version "3.1") 
[3.482s] -- Eigen found (include: /usr/include/eigen3, version: 3.4.0)
[3.576s] -- Checking for module 'flann'
[3.626s] --   Found flann, version 1.9.1
[3.708s] -- Found FLANN: /usr/lib/aarch64-linux-gnu/libflann_cpp.so  
[3.709s] -- FLANN found (include: /usr/include, lib: /usr/lib/aarch64-linux-gnu/libflann_cpp.so)
[6.167s] -- Checking for module 'libusb-1.0'
[6.202s] --   Found libusb-1.0, version 1.0.25
[6.284s] -- Found libusb: /usr/lib/aarch64-linux-gnu/libusb-1.0.so  
[6.286s] -- OpenNI found (version: 1.5.4.0, include: /usr/include/ni, lib: /usr/lib/libOpenNI.so;libusb::libusb)
[6.488s] -- OpenNI2 found (version: 2.2.0.33, include: /usr/include/openni2, lib: /usr/lib/aarch64-linux-gnu/libOpenNI2.so;libusb::libusb)
[6.862s] -- Eigen found (include: /usr/include/eigen3, version: 3.4.0)
[6.876s] -- OpenNI found (version: 1.5.4.0, include: /usr/include/ni, lib: /usr/lib/libOpenNI.so;libusb::libusb)
[6.889s] -- OpenNI2 found (version: 2.2.0.33, include: /usr/include/openni2, lib: /usr/lib/aarch64-linux-gnu/libOpenNI2.so;libusb::libusb)
[7.204s] -- Found Qhull version 8.0.2
[7.530s] -- OpenNI found (version: 1.5.4.0, include: /usr/include/ni, lib: /usr/lib/libOpenNI.so;libusb::libusb)
[7.859s] -- Found PCL_COMMON: /usr/lib/aarch64-linux-gnu/libpcl_common.so  
[7.860s] -- Found PCL_KDTREE: /usr/lib/aarch64-linux-gnu/libpcl_kdtree.so  
[7.862s] -- Found PCL_OCTREE: /usr/lib/aarch64-linux-gnu/libpcl_octree.so  
[7.864s] -- Found PCL_SEARCH: /usr/lib/aarch64-linux-gnu/libpcl_search.so  
[7.866s] -- Found PCL_SAMPLE_CONSENSUS: /usr/lib/aarch64-linux-gnu/libpcl_sample_consensus.so  
[7.868s] -- Found PCL_FILTERS: /usr/lib/aarch64-linux-gnu/libpcl_filters.so  
[7.869s] -- Found PCL_2D: /usr/include/pcl-1.12  
[7.870s] -- Found PCL_GEOMETRY: /usr/include/pcl-1.12  
[7.872s] -- Found PCL_IO: /usr/lib/aarch64-linux-gnu/libpcl_io.so  
[7.875s] -- Found PCL_FEATURES: /usr/lib/aarch64-linux-gnu/libpcl_features.so  
[7.877s] -- Found PCL_ML: /usr/lib/aarch64-linux-gnu/libpcl_ml.so  
[7.879s] -- Found PCL_SEGMENTATION: /usr/lib/aarch64-linux-gnu/libpcl_segmentation.so  
[7.881s] -- Found PCL_VISUALIZATION: /usr/lib/aarch64-linux-gnu/libpcl_visualization.so  
[7.883s] -- Found PCL_SURFACE: /usr/lib/aarch64-linux-gnu/libpcl_surface.so  
[7.885s] -- Found PCL_REGISTRATION: /usr/lib/aarch64-linux-gnu/libpcl_registration.so  
[7.888s] -- Found PCL_KEYPOINTS: /usr/lib/aarch64-linux-gnu/libpcl_keypoints.so  
[7.890s] -- Found PCL_TRACKING: /usr/lib/aarch64-linux-gnu/libpcl_tracking.so  
[7.892s] -- Found PCL_RECOGNITION: /usr/lib/aarch64-linux-gnu/libpcl_recognition.so  
[7.894s] -- Found PCL_STEREO: /usr/lib/aarch64-linux-gnu/libpcl_stereo.so  
[7.896s] -- Found PCL_APPS: /usr/lib/aarch64-linux-gnu/libpcl_apps.so  
[7.898s] -- Found PCL_IN_HAND_SCANNER: /usr/include/pcl-1.12  
[7.899s] -- Found PCL_MODELER: /usr/include/pcl-1.12  
[7.900s] -- Found PCL_POINT_CLOUD_EDITOR: /usr/include/pcl-1.12  
[7.902s] -- Found PCL_OUTOFCORE: /usr/lib/aarch64-linux-gnu/libpcl_outofcore.so  
[7.904s] -- Found PCL_PEOPLE: /usr/lib/aarch64-linux-gnu/libpcl_people.so  
[7.909s] CMake Warning (dev) at CMakeLists.txt:23 (find_package):
[7.909s]   Policy CMP0074 is not set: find_package uses <PackageName>_ROOT variables.
[7.909s]   Run "cmake --help-policy CMP0074" for policy details.  Use the cmake_policy
[7.909s]   command to set the policy and suppress this warning.
[7.910s] 
[7.910s]   CMake variable PCL_ROOT is set to:
[7.910s] 
[7.910s]     /usr
[7.910s] 
[7.910s]   For compatibility, CMake is ignoring the variable.
[7.910s] This warning is for project developers.  Use -Wno-dev to suppress it.
[7.910s] 
[8.127s] -- Configuring done
[8.210s] -- Generating done
[8.237s] -- Build files have been written to: /home/jacob/ros2_ws/build/unitree_lidar_ros2
[8.311s] Invoked command in '/home/jacob/ros2_ws/build/unitree_lidar_ros2' returned '0': CMAKE_PREFIX_PATH=${CMAKE_PREFIX_PATH}:/opt/ros/humble /usr/bin/cmake /home/jacob/ros2_ws/src/unilidar_sdk/unitree_lidar_ros2/src/unitree_lidar_ros2 -DBUILD_TESTING=OFF -DAMENT_CMAKE_SYMLINK_INSTALL=1 -DCMAKE_INSTALL_PREFIX=/home/jacob/ros2_ws/install/unitree_lidar_ros2
[8.315s] Invoking command in '/home/jacob/ros2_ws/build/unitree_lidar_ros2': CMAKE_PREFIX_PATH=${CMAKE_PREFIX_PATH}:/opt/ros/humble /usr/bin/cmake --build /home/jacob/ros2_ws/build/unitree_lidar_ros2 -- -j6 -l6
[8.456s] [ 50%] Building CXX object CMakeFiles/unitree_lidar_ros2_node.dir/src/unitree_lidar_ros2_node.cpp.o
[45.969s] [100%] Linking CXX executable unitree_lidar_ros2_node
[47.379s] [100%] Built target unitree_lidar_ros2_node
[47.408s] Invoked command in '/home/jacob/ros2_ws/build/unitree_lidar_ros2' returned '0': CMAKE_PREFIX_PATH=${CMAKE_PREFIX_PATH}:/opt/ros/humble /usr/bin/cmake --build /home/jacob/ros2_ws/build/unitree_lidar_ros2 -- -j6 -l6
[47.413s] Invoking command in '/home/jacob/ros2_ws/build/unitree_lidar_ros2': CMAKE_PREFIX_PATH=${CMAKE_PREFIX_PATH}:/opt/ros/humble /usr/bin/cmake --install /home/jacob/ros2_ws/build/unitree_lidar_ros2
[47.439s] -- Install configuration: ""
[47.440s] -- Execute custom install script
[47.441s] -- Symlinking: /home/jacob/ros2_ws/install/unitree_lidar_ros2/lib/unitree_lidar_ros2/unitree_lidar_ros2_node
[47.463s] -- Symlinking: /home/jacob/ros2_ws/install/unitree_lidar_ros2/share/unitree_lidar_ros2/view.rviz
[47.485s] -- Symlinking: /home/jacob/ros2_ws/install/unitree_lidar_ros2/share/unitree_lidar_ros2/launch.py
[47.506s] -- Symlinking: /home/jacob/ros2_ws/install/unitree_lidar_ros2/share/ament_index/resource_index/package_run_dependencies/unitree_lidar_ros2
[47.528s] -- Symlinking: /home/jacob/ros2_ws/install/unitree_lidar_ros2/share/ament_index/resource_index/parent_prefix_path/unitree_lidar_ros2
[47.555s] -- Symlinking: /home/jacob/ros2_ws/install/unitree_lidar_ros2/share/unitree_lidar_ros2/environment/ament_prefix_path.sh
[47.576s] -- Symlinking: /home/jacob/ros2_ws/install/unitree_lidar_ros2/share/unitree_lidar_ros2/environment/ament_prefix_path.dsv
[47.597s] -- Symlinking: /home/jacob/ros2_ws/install/unitree_lidar_ros2/share/unitree_lidar_ros2/environment/path.sh
[47.618s] -- Symlinking: /home/jacob/ros2_ws/install/unitree_lidar_ros2/share/unitree_lidar_ros2/environment/path.dsv
[47.638s] -- Symlinking: /home/jacob/ros2_ws/install/unitree_lidar_ros2/share/unitree_lidar_ros2/local_setup.bash
[47.664s] -- Symlinking: /home/jacob/ros2_ws/install/unitree_lidar_ros2/share/unitree_lidar_ros2/local_setup.sh
[47.689s] -- Symlinking: /home/jacob/ros2_ws/install/unitree_lidar_ros2/share/unitree_lidar_ros2/local_setup.zsh
[47.709s] -- Symlinking: /home/jacob/ros2_ws/install/unitree_lidar_ros2/share/unitree_lidar_ros2/local_setup.dsv
[47.730s] -- Symlinking: /home/jacob/ros2_ws/install/unitree_lidar_ros2/share/unitree_lidar_ros2/package.dsv
[47.751s] -- Symlinking: /home/jacob/ros2_ws/install/unitree_lidar_ros2/share/ament_index/resource_index/packages/unitree_lidar_ros2
[47.771s] -- Symlinking: /home/jacob/ros2_ws/install/unitree_lidar_ros2/share/unitree_lidar_ros2/cmake/unitree_lidar_ros2Config.cmake
[47.791s] -- Symlinking: /home/jacob/ros2_ws/install/unitree_lidar_ros2/share/unitree_lidar_ros2/cmake/unitree_lidar_ros2Config-version.cmake
[47.811s] -- Symlinking: /home/jacob/ros2_ws/install/unitree_lidar_ros2/share/unitree_lidar_ros2/package.xml
[47.838s] Invoked command in '/home/jacob/ros2_ws/build/unitree_lidar_ros2' returned '0': CMAKE_PREFIX_PATH=${CMAKE_PREFIX_PATH}:/opt/ros/humble /usr/bin/cmake --install /home/jacob/ros2_ws/build/unitree_lidar_ros2
