[0.024s] Invoking command in '/home/ethan/autonomy-ws-25-26/src/asv_wave_sim/build/gz-waves1': /usr/bin/cmake /home/ethan/autonomy-ws-25-26/src/asv_wave_sim/gz-waves -DCMAKE_BUILD_TYPE=RelWithDebInfo -DBUILD_TESTING=ON -DCMAKE_CXX_STANDARD=17 -DCMAKE_INSTALL_PREFIX=/home/ethan/autonomy-ws-25-26/src/asv_wave_sim/install/gz-waves1
[0.706s] -- The C compiler identification is GNU 11.4.0
[1.166s] -- The CXX compiler identification is GNU 11.4.0
[1.204s] -- Detecting C compiler ABI info
[1.329s] -- Detecting C compiler ABI info - done
[1.347s] -- Check for working C compiler: /usr/lib/ccache/cc - skipped
[1.350s] -- Detecting C compile features
[1.352s] -- Detecting C compile features - done
[1.361s] -- Detecting CXX compiler ABI info
[1.491s] -- Detecting CXX compiler ABI info - done
[1.516s] -- Check for working CXX compiler: /usr/lib/ccache/c++ - skipped
[1.517s] -- Detecting CXX compile features
[1.519s] -- Detecting CXX compile features - done
[1.563s] -- gz-waves1 version 1.0.0
[1.563s] -- Operating system is Linux
[1.593s] -- Found CPack generators: DEB
[3.111s] -- Found Boost: /usr/lib/aarch64-linux-gnu/cmake/Boost-1.74.0/BoostConfig.cmake (found version "1.74.0") found components: iostreams system filesystem 
[3.129s] -- Looking for gz-math7 -- found version 7.5.1
[3.131s] -- Searching for dependencies of gz-math7
[3.139s] -- Looking for gz-utils2 -- found version 2.2.1
[3.140s] -- Searching for dependencies of gz-utils2
[3.149s] -- Searching for <gz-math7> component [eigen3]
[3.155s] -- Looking for gz-math7-eigen3 -- found version 7.5.1
[3.157s] -- Searching for dependencies of gz-math7-eigen3
[3.179s] -- Looking for gz-math7 - found
[3.179s] 
[3.188s] -- Looking for gz-plugin2 -- found version 2.0.4
[3.190s] -- Searching for dependencies of gz-plugin2
[3.191s] -- Looking for gz-utils2 -- found version 2.2.1
[3.192s] -- Searching for dependencies of gz-utils2
[3.193s] -- Searching for <gz-utils2> component [cli]
[3.198s] -- Looking for gz-utils2-cli -- found version 2.2.1
[3.200s] -- Searching for dependencies of gz-utils2-cli
[3.204s] -- Searching for <gz-plugin2> component [loader]
[3.210s] -- Looking for gz-plugin2-loader -- found version 2.0.4
[3.211s] -- Searching for dependencies of gz-plugin2-loader
[3.214s] -- Searching for <gz-plugin2> component [register]
[3.219s] -- Looking for gz-plugin2-register -- found version 2.0.4
[3.220s] -- Searching for dependencies of gz-plugin2-register
[3.222s] -- Looking for gz-plugin2 - found
[3.222s] 
[3.233s] -- Looking for gz-common5 -- found version 5.7.1
[3.234s] -- Searching for dependencies of gz-common5
[3.235s] -- Looking for gz-utils2 -- found version 2.2.1
[3.236s] -- Looking for dlfcn.h - found
[3.251s] -- Looking for libdl - found
[3.255s] -- Found DL: TRUE  
[3.270s] -- Checking for module 'uuid'
[3.296s] --   Found uuid, version 2.37.2
[3.358s] -- Found UUID: TRUE  
[3.361s] -- Searching for <gz-common5> component [graphics]
[3.366s] -- Looking for gz-common5-graphics -- found version 5.7.1
[3.368s] -- Searching for dependencies of gz-common5-graphics
[3.369s] -- Looking for gz-math7 -- found version 7.5.1
[3.385s] -- Found GzAssimp: TRUE (found version "5.2.0") 
[3.387s] -- Searching for <gz-common5> component [events]
[3.391s] -- Looking for gz-common5-events -- found version 5.7.1
[3.392s] -- Searching for dependencies of gz-common5-events
[3.393s] -- Looking for gz-math7 -- found version 7.5.1
[3.396s] -- Looking for gz-common5 - found
[3.396s] 
[3.420s] [33mCMake Warning at /usr/share/cmake/gz-cmake3/cmake3/GzFindPackage.cmake:243 (find_package):
[3.421s]   By not providing "Findgz-msgs9.cmake" in CMAKE_MODULE_PATH this project has
[3.421s]   asked CMake to find a package configuration file provided by "gz-msgs9",
[3.421s]   but CMake did not find one.
[3.421s] 
[3.421s]   Could not find a package configuration file provided by "gz-msgs9" with any
[3.421s]   of the following names:
[3.421s] 
[3.421s]     gz-msgs9Config.cmake
[3.422s]     gz-msgs9-config.cmake
[3.422s] 
[3.422s]   Add the installation prefix of "gz-msgs9" to CMAKE_PREFIX_PATH or set
[3.422s]   "gz-msgs9_DIR" to a directory containing one of the above files.  If
[3.422s]   "gz-msgs9" provides a separate development package or SDK, be sure it has
[3.422s]   been installed.
[3.422s] Call Stack (most recent call first):
[3.423s]   CMakeLists.txt:71 (gz_find_package)
[3.423s] 
[3.423s] -- Looking for gz-msgs9 - not found
[3.423s] 
[3.423s] [0m
[3.441s] [33mCMake Warning at /usr/share/cmake/gz-cmake3/cmake3/GzFindPackage.cmake:243 (find_package):
[3.441s]   By not providing "Findgz-transport12.cmake" in CMAKE_MODULE_PATH this
[3.441s]   project has asked CMake to find a package configuration file provided by
[3.441s]   "gz-transport12", but CMake did not find one.
[3.441s] 
[3.442s]   Could not find a package configuration file provided by "gz-transport12"
[3.442s]   with any of the following names:
[3.442s] 
[3.442s]     gz-transport12Config.cmake
[3.442s]     gz-transport12-config.cmake
[3.442s] 
[3.442s]   Add the installation prefix of "gz-transport12" to CMAKE_PREFIX_PATH or set
[3.442s]   "gz-transport12_DIR" to a directory containing one of the above files.  If
[3.442s]   "gz-transport12" provides a separate development package or SDK, be sure it
[3.443s]   has been installed.
[3.443s] Call Stack (most recent call first):
[3.443s]   CMakeLists.txt:76 (gz_find_package)
[3.443s] 
[3.443s] -- Looking for gz-transport12 - not found
[3.443s] 
[3.443s] [0m
[3.459s] [33mCMake Warning at /usr/share/cmake/gz-cmake3/cmake3/GzFindPackage.cmake:243 (find_package):
[3.459s]   By not providing "Findgz-rendering7.cmake" in CMAKE_MODULE_PATH this
[3.459s]   project has asked CMake to find a package configuration file provided by
[3.459s]   "gz-rendering7", but CMake did not find one.
[3.459s] 
[3.459s]   Could not find a package configuration file provided by "gz-rendering7"
[3.460s]   with any of the following names:
[3.460s] 
[3.460s]     gz-rendering7Config.cmake
[3.460s]     gz-rendering7-config.cmake
[3.460s] 
[3.460s]   Add the installation prefix of "gz-rendering7" to CMAKE_PREFIX_PATH or set
[3.460s]   "gz-rendering7_DIR" to a directory containing one of the above files.  If
[3.461s]   "gz-rendering7" provides a separate development package or SDK, be sure it
[3.461s]   has been installed.
[3.461s] Call Stack (most recent call first):
[3.461s]   CMakeLists.txt:81 (gz_find_package)
[3.461s] 
[3.461s] [0m
[3.461s] -- Looking for gz-rendering7 - not found
[3.461s] 
[3.476s] [33mCMake Warning at /usr/share/cmake/gz-cmake3/cmake3/GzFindPackage.cmake:243 (find_package):
[3.476s]   By not providing "Findgz-sim7.cmake" in CMAKE_MODULE_PATH this project has
[3.476s]   asked CMake to find a package configuration file provided by "gz-sim7", but
[3.476s]   CMake did not find one.
[3.476s] 
[3.476s]   Could not find a package configuration file provided by "gz-sim7" with any
[3.477s]   of the following names:
[3.477s] 
[3.477s]     gz-sim7Config.cmake
[3.477s]     gz-sim7-config.cmake
[3.477s] 
[3.477s]   Add the installation prefix of "gz-sim7" to CMAKE_PREFIX_PATH or set
[3.477s]   "gz-sim7_DIR" to a directory containing one of the above files.  If
[3.477s]   "gz-sim7" provides a separate development package or SDK, be sure it has
[3.477s]   been installed.
[3.477s] Call Stack (most recent call first):
[3.477s]   CMakeLists.txt:86 (gz_find_package)
[3.478s] 
[3.478s] [0m
[3.478s] -- Looking for gz-sim7 - not found
[3.478s] 
[3.493s] [33mCMake Warning at /usr/share/cmake/gz-cmake3/cmake3/GzFindPackage.cmake:243 (find_package):
[3.493s]   By not providing "Findsdformat13.cmake" in CMAKE_MODULE_PATH this project
[3.493s]   has asked CMake to find a package configuration file provided by
[3.493s]   "sdformat13", but CMake did not find one.
[3.493s] 
[3.493s]   Could not find a package configuration file provided by "sdformat13" with
[3.493s]   any of the following names:
[3.493s] 
[3.493s]     sdformat13Config.cmake
[3.493s]     sdformat13-config.cmake
[3.494s] 
[3.494s]   Add the installation prefix of "sdformat13" to CMAKE_PREFIX_PATH or set
[3.494s]   "sdformat13_DIR" to a directory containing one of the above files.  If
[3.494s]   "sdformat13" provides a separate development package or SDK, be sure it has
[3.494s]   been installed.
[3.494s] Call Stack (most recent call first):
[3.494s]   CMakeLists.txt:91 (gz_find_package)
[3.494s] 
[3.494s] [0m
[3.494s] -- Looking for sdformat13 - not found
[3.495s] 
[3.495s] -- Compiling against Gazebo Garden
[3.591s] -- Checking for module 'OGRE-RTShaderSystem >= 1.9'
[3.618s] --   Found OGRE-RTShaderSystem , version 1.9.0
[3.701s] -- Checking for module 'OGRE-Terrain >= 1.9'
[3.727s] --   Found OGRE-Terrain , version 1.9.0
[3.810s] -- Checking for module 'OGRE-Overlay >= 1.9'
[3.835s] --   Found OGRE-Overlay , version 1.9.0
[3.909s] -- Checking for module 'OGRE-Paging >= 1.9'
[3.931s] --   Found OGRE-Paging , version 1.9.0
[4.001s] -- Looking for GzOGRE - found
[4.001s] 
[4.018s] -- Looking for OGRE using the name: OGRE2
[4.156s] --   + component HlmsPbs: found
[4.168s] --   + component HlmsUnlit: found
[4.176s] --   + component Overlay: found
[4.184s] --   + component PlanarReflections: found
[4.187s] -- Looking for GzOGRE2 - found
[4.187s] 
[4.211s] [31mCMake Error at CMakeLists.txt:240 (find_package):
[4.211s]   By not providing "FindCGAL.cmake" in CMAKE_MODULE_PATH this project has
[4.211s]   asked CMake to find a package configuration file provided by "CGAL", but
[4.211s]   CMake did not find one.
[4.211s] 
[4.211s]   Could not find a package configuration file provided by "CGAL" with any of
[4.211s]   the following names:
[4.212s] 
[4.212s]     CGALConfig.cmake
[4.212s]     cgal-config.cmake
[4.212s] 
[4.212s]   Add the installation prefix of "CGAL" to CMAKE_PREFIX_PATH or set
[4.212s]   "CGAL_DIR" to a directory containing one of the above files.  If "CGAL"
[4.212s]   provides a separate development package or SDK, be sure it has been
[4.212s]   installed.
[4.212s] 
[4.213s] [0m
[4.213s] -- Configuring incomplete, errors occurred!
[4.213s] See also "/home/ethan/autonomy-ws-25-26/src/asv_wave_sim/build/gz-waves1/CMakeFiles/CMakeOutput.log".
[4.232s] Invoked command in '/home/ethan/autonomy-ws-25-26/src/asv_wave_sim/build/gz-waves1' returned '1': /usr/bin/cmake /home/ethan/autonomy-ws-25-26/src/asv_wave_sim/gz-waves -DCMAKE_BUILD_TYPE=RelWithDebInfo -DBUILD_TESTING=ON -DCMAKE_CXX_STANDARD=17 -DCMAKE_INSTALL_PREFIX=/home/ethan/autonomy-ws-25-26/src/asv_wave_sim/install/gz-waves1
