[0.000000] (-) TimerEvent: {}
[0.000320] (-) JobUnselected: {'identifier': 'my-test-package'}
[0.000884] (cv_ros_nodes) JobQueued: {'identifier': 'cv_ros_nodes', 'dependencies': OrderedDict()}
[0.001236] (cv_ros_nodes) JobStarted: {'identifier': 'cv_ros_nodes'}
[0.099330] (-) TimerEvent: {}
[0.199684] (-) TimerEvent: {}
[0.300041] (-) TimerEvent: {}
[0.400388] (-) TimerEvent: {}
[0.500729] (-) TimerEvent: {}
[0.601106] (-) TimerEvent: {}
[0.701458] (-) TimerEvent: {}
[0.801776] (-) TimerEvent: {}
[0.902127] (-) TimerEvent: {}
[1.002478] (-) TimerEvent: {}
[1.102831] (-) TimerEvent: {}
[1.203166] (-) TimerEvent: {}
[1.303517] (-) TimerEvent: {}
[1.403865] (-) TimerEvent: {}
[1.504249] (-) TimerEvent: {}
[1.556127] (cv_ros_nodes) Command: {'cmd': ['/usr/bin/python3', '-W', 'ignore:setup.py install is deprecated', '-W', 'ignore:easy_install command is deprecated', 'setup.py', 'egg_info', '--egg-base', '../../build/cv_ros_nodes', 'build', '--build-base', '/home/lorenzo/autonomy-ws-25-26/computer_vision/build/cv_ros_nodes/build', 'install', '--record', '/home/lorenzo/autonomy-ws-25-26/computer_vision/build/cv_ros_nodes/install.log', '--single-version-externally-managed', 'install_data'], 'cwd': '/home/lorenzo/autonomy-ws-25-26/computer_vision/src/cv_ros_nodes', 'env': {'GZ_SIM_SYSTEM_PLUGIN_PATH': '/home/lorenzo/ardupilot_gazebo/build:/home/lorenzo/autonomy-ws-25-26/src/asv_wave_sim/install/lib:/home/lorenzo/ardupilot_gazebo/build:/home/lorenzo/autonomy-ws-25-26/src/asv_wave_sim/install/lib:', 'LESSOPEN': '| /usr/bin/lesspipe %s', 'VSCODE_CWD': '/home/lorenzo', 'GZ_GUI_PLUGIN_PATH': ':/home/lorenzo/autonomy-ws-25-26/src/asv_wave_sim/gz-waves/src/gui/plugins/waves_control/build::/home/lorenzo/autonomy-ws-25-26/src/asv_wave_sim/gz-waves/src/gui/plugins/waves_control/build:', 'VSCODE_ESM_ENTRYPOINT': 'vs/workbench/api/node/extensionHostProcess', 'GZ_SIM_RESOURCE_PATH': '/home/lorenzo/SITL_Models/Gazebo/worlds:/home/lorenzo/SITL_Models/Gazebo/models:/home/lorenzo/ardupilot_gazebo/models:/home/lorenzo/ardupilot_gazebo/worlds:/home/lorenzo/autonomy-ws-25-26/src/asv_wave_sim/gz-waves-models/models:/home/lorenzo/autonomy-ws-25-26/src/asv_wave_sim/gz-waves-models/world_models:/home/lorenzo/autonomy-ws-25-26/src/asv_wave_sim/gz-waves-models/worlds:/home/lorenzo/SITL_Models/Gazebo/worlds:/home/lorenzo/SITL_Models/Gazebo/models:/home/lorenzo/ardupilot_gazebo/models:/home/lorenzo/ardupilot_gazebo/worlds:/home/lorenzo/autonomy-ws-25-26/src/asv_wave_sim/gz-waves-models/models:/home/lorenzo/autonomy-ws-25-26/src/asv_wave_sim/gz-waves-models/world_models:/home/lorenzo/autonomy-ws-25-26/src/asv_wave_sim/gz-waves-models/worlds:', 'LANGUAGE': 'en_CA:en', 'USER': 'lorenzo', 'SSH_CLIENT': '100.111.93.60 51232 22', 'VSCODE_NLS_CONFIG': '{"userLocale":"en","osLocale":"en","resolvedLanguage":"en","defaultMessagesFile":"/home/lorenzo/.cursor-server/bin/linux-arm64/2ca326e0d1ce10956aea33d54c0e2d8c13c58a30/out/nls.messages.json","locale":"en","availableLanguages":{}}', 'VSCODE_HANDLES_UNCAUGHT_ERRORS': 'true', 'XDG_SESSION_TYPE': 'tty', 'SHLVL': '1', 'LD_LIBRARY_PATH': '/opt/ros/humble/opt/rviz_ogre_vendor/lib:/opt/ros/humble/lib/aarch64-linux-gnu:/opt/ros/humble/lib', 'BROWSER': '/home/lorenzo/.cursor-server/bin/linux-arm64/2ca326e0d1ce10956aea33d54c0e2d8c13c58a30/bin/helpers/browser.sh', 'MOTD_SHOWN': 'pam', 'HOME': '/home/lorenzo', 'CYCLONEDDS_URI': 'file:///home/lorenzo/.cyclonedds.xml', 'OLDPWD': '/home/lorenzo', 'VSCODE_IPC_HOOK_CLI': '/run/user/1003/vscode-ipc-c677c900-2eea-4bf4-9356-d174bbc0fca6.sock', 'ROS_PYTHON_VERSION': '3', 'NO_COLOR': '1', 'DBUS_SESSION_BUS_ADDRESS': 'unix:path=/run/user/1003/bus', 'VSCODE_L10N_BUNDLE_LOCATION': '', 'ROS_DISTRO': 'humble', 'LOGNAME': 'lorenzo', 'FORCE_COLOR': '0', 'VSCODE_HANDLES_SIGPIPE': 'true', '_': '/usr/bin/colcon', 'ROS_VERSION': '2', 'XDG_SESSION_CLASS': 'user', 'TERM': 'dumb', 'EVERYSPHERE_RIPGREP_PATH': '/home/lorenzo/.cursor-server/bin/linux-arm64/2ca326e0d1ce10956aea33d54c0e2d8c13c58a30/resources/helpers/rg', 'XDG_SESSION_ID': '65', 'ROS_LOCALHOST_ONLY': '0', 'COMPOSER_NO_INTERACTION': '1', 'PATH': '/home/lorenzo/.local/bin:/home/lorenzo/.cursor-server/bin/linux-arm64/2ca326e0d1ce10956aea33d54c0e2d8c13c58a30/bin/remote-cli:/home/lorenzo/.local/bin:/opt/ros/humble/bin:/home/lorenzo/.cursor-server/bin/linux-arm64/2ca326e0d1ce10956aea33d54c0e2d8c13c58a30/bin/remote-cli:/home/lorenzo/.local/bin:/usr/local/sbin:/usr/local/bin:/usr/sbin:/usr/bin:/sbin:/bin:/usr/games:/usr/local/games:/snap/bin', 'VSCODE_AGENT_FOLDER': '/home/lorenzo/.cursor-server', 'XDG_RUNTIME_DIR': '/run/user/1003', 'CURSOR_AGENT': '1', 'LANG': 'en_US.UTF-8', 'RMW_IMPLEMENTATION': 'rmw_cyclonedds_cpp', 'LS_COLORS': '', 'ROS_DOMAIN_ID': '42', 'AMENT_PREFIX_PATH': '/opt/ros/humble', 'SHELL': '/bin/bash', 'IGN_GAZEBO_SYSTEM_PLUGIN_PATH': '/home/lorenzo/ardupilot_gazebo/build:/home/lorenzo/autonomy-ws-25-26/src/asv_wave_sim/install/lib:/home/lorenzo/ardupilot_gazebo/build:/home/lorenzo/autonomy-ws-25-26/src/asv_wave_sim/install/lib:/home/lorenzo/ardupilot_gazebo/build:/home/lorenzo/autonomy-ws-25-26/src/asv_wave_sim/install/lib:', 'VSCODE_SERVER_SHUTDOWN_TIMEOUT': '300', 'LESSCLOSE': '/usr/bin/lesspipe %s %s', 'IGN_GAZEBO_RESOURCE_PATH': '/home/lorenzo/SITL_Models/Gazebo/worlds:/home/lorenzo/SITL_Models/Gazebo/models:/home/lorenzo/ardupilot_gazebo/models:/home/lorenzo/ardupilot_gazebo/worlds:/home/lorenzo/autonomy-ws-25-26/src/asv_wave_sim/gz-waves-models/models:/home/lorenzo/autonomy-ws-25-26/src/asv_wave_sim/gz-waves-models/world_models:/home/lorenzo/autonomy-ws-25-26/src/asv_wave_sim/gz-waves-models/worlds:/home/lorenzo/SITL_Models/Gazebo/worlds:/home/lorenzo/SITL_Models/Gazebo/models:/home/lorenzo/ardupilot_gazebo/models:/home/lorenzo/ardupilot_gazebo/worlds:/home/lorenzo/autonomy-ws-25-26/src/asv_wave_sim/gz-waves-models/models:/home/lorenzo/autonomy-ws-25-26/src/asv_wave_sim/gz-waves-models/world_models:/home/lorenzo/autonomy-ws-25-26/src/asv_wave_sim/gz-waves-models/worlds:/home/lorenzo/SITL_Models/Gazebo/worlds:/home/lorenzo/SITL_Models/Gazebo/models:/home/lorenzo/ardupilot_gazebo/models:/home/lorenzo/ardupilot_gazebo/worlds:/home/lorenzo/autonomy-ws-25-26/src/asv_wave_sim/gz-waves-models/models:/home/lorenzo/autonomy-ws-25-26/src/asv_wave_sim/gz-waves-models/world_models:/home/lorenzo/autonomy-ws-25-26/src/asv_wave_sim/gz-waves-models/worlds:', 'GZ_VERSION': 'harmonic', 'PWD': '/home/lorenzo/autonomy-ws-25-26/computer_vision/build/cv_ros_nodes', 'LC_ALL': 'en_US.UTF-8', 'SSH_CONNECTION': '100.111.93.60 51232 100.123.76.44 22', 'XDG_DATA_DIRS': '/usr/share/gnome:/usr/local/share:/usr/share:/var/lib/snapd/desktop', 'PYTHONPATH': '/home/lorenzo/autonomy-ws-25-26/computer_vision/build/cv_ros_nodes/prefix_override:/usr/lib/python3/dist-packages/colcon_core/task/python/colcon_distutils_commands:/home/lorenzo/autonomy-ws-25-26/computer_vision/install/cv_ros_nodes/lib/python3.10/site-packages:/opt/ros/humble/lib/python3.10/site-packages:/opt/ros/humble/local/lib/python3.10/dist-packages', 'COLCON': '1', '_ZO_DOCTOR': '0'}, 'shell': False}
[1.604368] (-) TimerEvent: {}
[1.704675] (-) TimerEvent: {}
[1.805004] (-) TimerEvent: {}
[1.905404] (-) TimerEvent: {}
[2.005832] (-) TimerEvent: {}
[2.106267] (-) TimerEvent: {}
[2.129533] (cv_ros_nodes) StdoutLine: {'line': b'running egg_info\n'}
[2.131335] (cv_ros_nodes) StdoutLine: {'line': b'creating ../../build/cv_ros_nodes/cv_ros_nodes.egg-info\n'}
[2.132012] (cv_ros_nodes) StdoutLine: {'line': b'writing ../../build/cv_ros_nodes/cv_ros_nodes.egg-info/PKG-INFO\n'}
[2.132591] (cv_ros_nodes) StdoutLine: {'line': b'writing dependency_links to ../../build/cv_ros_nodes/cv_ros_nodes.egg-info/dependency_links.txt\n'}
[2.133261] (cv_ros_nodes) StdoutLine: {'line': b'writing entry points to ../../build/cv_ros_nodes/cv_ros_nodes.egg-info/entry_points.txt\n'}
[2.133751] (cv_ros_nodes) StdoutLine: {'line': b'writing requirements to ../../build/cv_ros_nodes/cv_ros_nodes.egg-info/requires.txt\n'}
[2.134005] (cv_ros_nodes) StdoutLine: {'line': b'writing top-level names to ../../build/cv_ros_nodes/cv_ros_nodes.egg-info/top_level.txt\n'}
[2.134241] (cv_ros_nodes) StdoutLine: {'line': b"writing manifest file '../../build/cv_ros_nodes/cv_ros_nodes.egg-info/SOURCES.txt'\n"}
[2.137471] (cv_ros_nodes) StdoutLine: {'line': b"reading manifest file '../../build/cv_ros_nodes/cv_ros_nodes.egg-info/SOURCES.txt'\n"}
[2.138709] (cv_ros_nodes) StdoutLine: {'line': b"writing manifest file '../../build/cv_ros_nodes/cv_ros_nodes.egg-info/SOURCES.txt'\n"}
[2.139974] (cv_ros_nodes) StdoutLine: {'line': b'running build\n'}
[2.140493] (cv_ros_nodes) StdoutLine: {'line': b'running build_py\n'}
[2.141193] (cv_ros_nodes) StdoutLine: {'line': b'creating /home/lorenzo/autonomy-ws-25-26/computer_vision/build/cv_ros_nodes/build\n'}
[2.141451] (cv_ros_nodes) StdoutLine: {'line': b'creating /home/lorenzo/autonomy-ws-25-26/computer_vision/build/cv_ros_nodes/build/lib\n'}
[2.141834] (cv_ros_nodes) StdoutLine: {'line': b'creating /home/lorenzo/autonomy-ws-25-26/computer_vision/build/cv_ros_nodes/build/lib/cv_ros_nodes\n'}
[2.142064] (cv_ros_nodes) StdoutLine: {'line': b'copying cv_ros_nodes/vision_inference.py -> /home/lorenzo/autonomy-ws-25-26/computer_vision/build/cv_ros_nodes/build/lib/cv_ros_nodes\n'}
[2.142445] (cv_ros_nodes) StdoutLine: {'line': b'copying cv_ros_nodes/vision_combiner.py -> /home/lorenzo/autonomy-ws-25-26/computer_vision/build/cv_ros_nodes/build/lib/cv_ros_nodes\n'}
[2.142671] (cv_ros_nodes) StdoutLine: {'line': b'copying cv_ros_nodes/camera_viewer.py -> /home/lorenzo/autonomy-ws-25-26/computer_vision/build/cv_ros_nodes/build/lib/cv_ros_nodes\n'}
[2.142889] (cv_ros_nodes) StdoutLine: {'line': b'copying cv_ros_nodes/vision_preprocessing.py -> /home/lorenzo/autonomy-ws-25-26/computer_vision/build/cv_ros_nodes/build/lib/cv_ros_nodes\n'}
[2.143140] (cv_ros_nodes) StdoutLine: {'line': b'copying cv_ros_nodes/__init__.py -> /home/lorenzo/autonomy-ws-25-26/computer_vision/build/cv_ros_nodes/build/lib/cv_ros_nodes\n'}
[2.143359] (cv_ros_nodes) StdoutLine: {'line': b'running install\n'}
[2.143563] (cv_ros_nodes) StdoutLine: {'line': b'running install_lib\n'}
[2.144068] (cv_ros_nodes) StdoutLine: {'line': b'creating /home/lorenzo/autonomy-ws-25-26/computer_vision/install/cv_ros_nodes/lib/python3.10/site-packages/cv_ros_nodes\n'}
[2.144436] (cv_ros_nodes) StdoutLine: {'line': b'copying /home/lorenzo/autonomy-ws-25-26/computer_vision/build/cv_ros_nodes/build/lib/cv_ros_nodes/vision_inference.py -> /home/lorenzo/autonomy-ws-25-26/computer_vision/install/cv_ros_nodes/lib/python3.10/site-packages/cv_ros_nodes\n'}
[2.144814] (cv_ros_nodes) StdoutLine: {'line': b'copying /home/lorenzo/autonomy-ws-25-26/computer_vision/build/cv_ros_nodes/build/lib/cv_ros_nodes/vision_combiner.py -> /home/lorenzo/autonomy-ws-25-26/computer_vision/install/cv_ros_nodes/lib/python3.10/site-packages/cv_ros_nodes\n'}
[2.145317] (cv_ros_nodes) StdoutLine: {'line': b'copying /home/lorenzo/autonomy-ws-25-26/computer_vision/build/cv_ros_nodes/build/lib/cv_ros_nodes/camera_viewer.py -> /home/lorenzo/autonomy-ws-25-26/computer_vision/install/cv_ros_nodes/lib/python3.10/site-packages/cv_ros_nodes\n'}
[2.145536] (cv_ros_nodes) StdoutLine: {'line': b'copying /home/lorenzo/autonomy-ws-25-26/computer_vision/build/cv_ros_nodes/build/lib/cv_ros_nodes/vision_preprocessing.py -> /home/lorenzo/autonomy-ws-25-26/computer_vision/install/cv_ros_nodes/lib/python3.10/site-packages/cv_ros_nodes\n'}
[2.145747] (cv_ros_nodes) StdoutLine: {'line': b'copying /home/lorenzo/autonomy-ws-25-26/computer_vision/build/cv_ros_nodes/build/lib/cv_ros_nodes/__init__.py -> /home/lorenzo/autonomy-ws-25-26/computer_vision/install/cv_ros_nodes/lib/python3.10/site-packages/cv_ros_nodes\n'}
[2.146358] (cv_ros_nodes) StdoutLine: {'line': b'byte-compiling /home/lorenzo/autonomy-ws-25-26/computer_vision/install/cv_ros_nodes/lib/python3.10/site-packages/cv_ros_nodes/vision_inference.py to vision_inference.cpython-310.pyc\n'}
[2.153113] (cv_ros_nodes) StdoutLine: {'line': b'byte-compiling /home/lorenzo/autonomy-ws-25-26/computer_vision/install/cv_ros_nodes/lib/python3.10/site-packages/cv_ros_nodes/vision_combiner.py to vision_combiner.cpython-310.pyc\n'}
[2.157377] (cv_ros_nodes) StdoutLine: {'line': b'byte-compiling /home/lorenzo/autonomy-ws-25-26/computer_vision/install/cv_ros_nodes/lib/python3.10/site-packages/cv_ros_nodes/camera_viewer.py to camera_viewer.cpython-310.pyc\n'}
[2.158592] (cv_ros_nodes) StdoutLine: {'line': b'byte-compiling /home/lorenzo/autonomy-ws-25-26/computer_vision/install/cv_ros_nodes/lib/python3.10/site-packages/cv_ros_nodes/vision_preprocessing.py to vision_preprocessing.cpython-310.pyc\n'}
[2.159835] (cv_ros_nodes) StdoutLine: {'line': b'byte-compiling /home/lorenzo/autonomy-ws-25-26/computer_vision/install/cv_ros_nodes/lib/python3.10/site-packages/cv_ros_nodes/__init__.py to __init__.cpython-310.pyc\n'}
[2.160706] (cv_ros_nodes) StdoutLine: {'line': b'running install_data\n'}
[2.161340] (cv_ros_nodes) StdoutLine: {'line': b'creating /home/lorenzo/autonomy-ws-25-26/computer_vision/install/cv_ros_nodes/share/ament_index\n'}
[2.161722] (cv_ros_nodes) StdoutLine: {'line': b'creating /home/lorenzo/autonomy-ws-25-26/computer_vision/install/cv_ros_nodes/share/ament_index/resource_index\n'}
[2.161999] (cv_ros_nodes) StdoutLine: {'line': b'creating /home/lorenzo/autonomy-ws-25-26/computer_vision/install/cv_ros_nodes/share/ament_index/resource_index/packages\n'}
[2.162218] (cv_ros_nodes) StdoutLine: {'line': b'copying resource/cv_ros_nodes -> /home/lorenzo/autonomy-ws-25-26/computer_vision/install/cv_ros_nodes/share/ament_index/resource_index/packages\n'}
[2.162430] (cv_ros_nodes) StdoutLine: {'line': b'copying package.xml -> /home/lorenzo/autonomy-ws-25-26/computer_vision/install/cv_ros_nodes/share/cv_ros_nodes\n'}
[2.162633] (cv_ros_nodes) StdoutLine: {'line': b'creating /home/lorenzo/autonomy-ws-25-26/computer_vision/install/cv_ros_nodes/share/cv_ros_nodes/launch\n'}
[2.162834] (cv_ros_nodes) StdoutLine: {'line': b'copying cv_ros_nodes/launch/launch_cv.py -> /home/lorenzo/autonomy-ws-25-26/computer_vision/install/cv_ros_nodes/share/cv_ros_nodes/launch\n'}
[2.163059] (cv_ros_nodes) StdoutLine: {'line': b'running install_egg_info\n'}
[2.165321] (cv_ros_nodes) StdoutLine: {'line': b'Copying ../../build/cv_ros_nodes/cv_ros_nodes.egg-info to /home/lorenzo/autonomy-ws-25-26/computer_vision/install/cv_ros_nodes/lib/python3.10/site-packages/cv_ros_nodes-0.0.0-py3.10.egg-info\n'}
[2.167410] (cv_ros_nodes) StdoutLine: {'line': b'running install_scripts\n'}
[2.206366] (-) TimerEvent: {}
[2.212958] (cv_ros_nodes) StdoutLine: {'line': b'Installing camera_viewer script to /home/lorenzo/autonomy-ws-25-26/computer_vision/install/cv_ros_nodes/lib/cv_ros_nodes\n'}
[2.213568] (cv_ros_nodes) StdoutLine: {'line': b'Installing vision_combiner script to /home/lorenzo/autonomy-ws-25-26/computer_vision/install/cv_ros_nodes/lib/cv_ros_nodes\n'}
[2.213841] (cv_ros_nodes) StdoutLine: {'line': b'Installing vision_inference script to /home/lorenzo/autonomy-ws-25-26/computer_vision/install/cv_ros_nodes/lib/cv_ros_nodes\n'}
[2.214327] (cv_ros_nodes) StdoutLine: {'line': b'Installing vision_preprocessing script to /home/lorenzo/autonomy-ws-25-26/computer_vision/install/cv_ros_nodes/lib/cv_ros_nodes\n'}
[2.214612] (cv_ros_nodes) StdoutLine: {'line': b"writing list of installed files to '/home/lorenzo/autonomy-ws-25-26/computer_vision/build/cv_ros_nodes/install.log'\n"}
[2.282418] (cv_ros_nodes) CommandEnded: {'returncode': 0}
[2.308648] (-) TimerEvent: {}
[2.322586] (cv_ros_nodes) JobEnded: {'identifier': 'cv_ros_nodes', 'rc': 0}
[2.323675] (-) EventReactorShutdown: {}
