-- The C compiler identification is GNU 11.4.0
-- The CXX compiler identification is GNU 11.4.0
-- Detecting C compiler ABI info
-- Detecting C compiler ABI info - done
-- Check for working C compiler: /usr/bin/cc - skipped
-- Detecting C compile features
-- Detecting C compile features - done
-- Detecting CXX compiler ABI info
-- Detecting CXX compiler ABI info - done
-- Check for working CXX compiler: /usr/bin/c++ - skipped
-- Detecting CXX compile features
-- Detecting CXX compile features - done
-- Configuring done
-- Generating done
-- Build files have been written to: /home/jacob/ros2_ws/build/unitree_lidar_sdk
[ 12%] Building CXX object CMakeFiles/example_lidar_udp.dir/examples/example_lidar_udp.cpp.o
[ 25%] Building CXX object CMakeFiles/unilidar_subscriber_udp.dir/examples/unilidar_subscriber_udp.cpp.o
[ 37%] Building CXX object CMakeFiles/example_lidar.dir/examples/example_lidar.cpp.o
[ 50%] Building CXX object CMakeFiles/unilidar_publisher_udp.dir/examples/unilidar_publisher_udp.cpp.o
[ 62%] Linking CXX executable /home/jacob/ros2_ws/src/unilidar_sdk/unitree_lidar_sdk/bin/example_lidar
[ 75%] Linking CXX executable /home/jacob/ros2_ws/src/unilidar_sdk/unitree_lidar_sdk/bin/unilidar_subscriber_udp
[ 87%] Linking CXX executable /home/jacob/ros2_ws/src/unilidar_sdk/unitree_lidar_sdk/bin/unilidar_publisher_udp
[ 87%] Built target example_lidar
[ 87%] Built target unilidar_subscriber_udp
[100%] Linking CXX executable /home/jacob/ros2_ws/src/unilidar_sdk/unitree_lidar_sdk/bin/example_lidar_udp
[100%] Built target unilidar_publisher_udp
[100%] Built target example_lidar_udp
