[0.027s] Invoking command in '/home/jacob/ros2_ws/build/unitree_lidar_sdk': /usr/bin/cmake /home/jacob/ros2_ws/src/unilidar_sdk/unitree_lidar_sdk -DBUILD_TESTING=OFF -DCMAKE_INSTALL_PREFIX=/home/jacob/ros2_ws/install/unitree_lidar_sdk
[0.164s] -- The C compiler identification is GNU 11.4.0
[0.353s] -- The CXX compiler identification is GNU 11.4.0
[0.383s] -- Detecting C compiler ABI info
[0.587s] -- Detecting C compiler ABI info - done
[0.622s] -- Check for working C compiler: /usr/bin/cc - skipped
[0.624s] -- Detecting C compile features
[0.626s] -- Detecting C compile features - done
[0.640s] -- Detecting CXX compiler ABI info
[0.841s] -- Detecting CXX compiler ABI info - done
[0.874s] -- Check for working CXX compiler: /usr/bin/c++ - skipped
[0.875s] -- Detecting CXX compile features
[0.876s] -- Detecting CXX compile features - done
[0.882s] -- Configuring done
[0.903s] -- Generating done
[0.905s] CMake Warning:
[0.905s]   Manually-specified variables were not used by the project:
[0.906s] 
[0.906s]     BUILD_TESTING
[0.906s] 
[0.906s] 
[0.912s] -- Build files have been written to: /home/jacob/ros2_ws/build/unitree_lidar_sdk
[0.930s] Invoked command in '/home/jacob/ros2_ws/build/unitree_lidar_sdk' returned '0': /usr/bin/cmake /home/jacob/ros2_ws/src/unilidar_sdk/unitree_lidar_sdk -DBUILD_TESTING=OFF -DCMAKE_INSTALL_PREFIX=/home/jacob/ros2_ws/install/unitree_lidar_sdk
[0.932s] Invoking command in '/home/jacob/ros2_ws/build/unitree_lidar_sdk': /usr/bin/cmake --build /home/jacob/ros2_ws/build/unitree_lidar_sdk -- -j6 -l6
[1.084s] [ 12%] Building CXX object CMakeFiles/example_lidar_udp.dir/examples/example_lidar_udp.cpp.o
[1.099s] [ 25%] Building CXX object CMakeFiles/unilidar_subscriber_udp.dir/examples/unilidar_subscriber_udp.cpp.o
[1.102s] [ 37%] Building CXX object CMakeFiles/example_lidar.dir/examples/example_lidar.cpp.o
[1.125s] [ 50%] Building CXX object CMakeFiles/unilidar_publisher_udp.dir/examples/unilidar_publisher_udp.cpp.o
[2.346s] [ 62%] Linking CXX executable /home/jacob/ros2_ws/src/unilidar_sdk/unitree_lidar_sdk/bin/example_lidar
[2.413s] [ 75%] Linking CXX executable /home/jacob/ros2_ws/src/unilidar_sdk/unitree_lidar_sdk/bin/unilidar_subscriber_udp
[2.557s] [ 87%] Linking CXX executable /home/jacob/ros2_ws/src/unilidar_sdk/unitree_lidar_sdk/bin/unilidar_publisher_udp
[2.692s] [ 87%] Built target example_lidar
[2.723s] [ 87%] Built target unilidar_subscriber_udp
[2.737s] [100%] Linking CXX executable /home/jacob/ros2_ws/src/unilidar_sdk/unitree_lidar_sdk/bin/example_lidar_udp
[2.885s] [100%] Built target unilidar_publisher_udp
[3.002s] [100%] Built target example_lidar_udp
[3.032s] Invoked command in '/home/jacob/ros2_ws/build/unitree_lidar_sdk' returned '0': /usr/bin/cmake --build /home/jacob/ros2_ws/build/unitree_lidar_sdk -- -j6 -l6
