[0.315s] DEBUG:colcon:Command line arguments: ['/usr/bin/colcon', 'build', '--packages-select', 'pointcloud_filters']
[0.316s] DEBUG:colcon:Parsed command line arguments: Namespace(log_base=None, log_level=None, verb_name='build', build_base='build', install_base='install', merge_install=False, symlink_install=False, test_result_base=None, continue_on_error=False, executor='parallel', parallel_workers=6, event_handlers=None, ignore_user_meta=False, metas=['./colcon.meta'], base_paths=['.'], packages_ignore=None, packages_ignore_regex=None, paths=None, packages_up_to=None, packages_up_to_regex=None, packages_above=None, packages_above_and_dependencies=None, packages_above_depth=None, packages_select_by_dep=None, packages_skip_by_dep=None, packages_skip_up_to=None, packages_select_build_failed=False, packages_skip_build_finished=False, packages_select_test_failures=False, packages_skip_test_passed=False, packages_select=['pointcloud_filters'], packages_skip=None, packages_select_regex=None, packages_skip_regex=None, packages_start=None, packages_end=None, allow_overriding=[], cmake_args=None, cmake_target=None, cmake_target_skip_unavailable=False, cmake_clean_cache=False, cmake_clean_first=False, cmake_force_configure=False, ament_cmake_args=None, catkin_cmake_args=None, catkin_skip_building_tests=False, verb_parser=<colcon_defaults.argument_parser.defaults.DefaultArgumentsDecorator object at 0xffff8ac94520>, verb_extension=<colcon_core.verb.build.BuildVerb object at 0xffff8ae55990>, main=<bound method BuildVerb.main of <colcon_core.verb.build.BuildVerb object at 0xffff8ae55990>>)
[0.775s] Level 1:colcon.colcon_core.package_discovery:discover_packages(colcon_meta) check parameters
[0.776s] Level 1:colcon.colcon_core.package_discovery:discover_packages(recursive) check parameters
[0.776s] Level 1:colcon.colcon_core.package_discovery:discover_packages(ignore) check parameters
[0.776s] Level 1:colcon.colcon_core.package_discovery:discover_packages(path) check parameters
[0.776s] Level 1:colcon.colcon_core.package_discovery:discover_packages(colcon_meta) discover
[0.777s] Level 1:colcon.colcon_core.package_discovery:discover_packages(recursive) discover
[0.777s] INFO:colcon.colcon_core.package_discovery:Crawling recursively for packages in '/home/jacob/ros2_ws'
[0.777s] Level 1:colcon.colcon_core.package_identification:_identify(.) by extensions ['ignore', 'ignore_ament_install']
[0.777s] Level 1:colcon.colcon_core.package_identification:_identify(.) by extension 'ignore'
[0.778s] Level 1:colcon.colcon_core.package_identification:_identify(.) by extension 'ignore_ament_install'
[0.778s] Level 1:colcon.colcon_core.package_identification:_identify(.) by extensions ['colcon_pkg']
[0.778s] Level 1:colcon.colcon_core.package_identification:_identify(.) by extension 'colcon_pkg'
[0.778s] Level 1:colcon.colcon_core.package_identification:_identify(.) by extensions ['colcon_meta']
[0.778s] Level 1:colcon.colcon_core.package_identification:_identify(.) by extension 'colcon_meta'
[0.778s] Level 1:colcon.colcon_core.package_identification:_identify(.) by extensions ['ros']
[0.778s] Level 1:colcon.colcon_core.package_identification:_identify(.) by extension 'ros'
[0.822s] Level 1:colcon.colcon_core.package_identification:_identify(.) by extensions ['cmake', 'python']
[0.823s] Level 1:colcon.colcon_core.package_identification:_identify(.) by extension 'cmake'
[0.823s] Level 1:colcon.colcon_core.package_identification:_identify(.) by extension 'python'
[0.823s] Level 1:colcon.colcon_core.package_identification:_identify(.) by extensions ['python_setup_py']
[0.823s] Level 1:colcon.colcon_core.package_identification:_identify(.) by extension 'python_setup_py'
[0.824s] Level 1:colcon.colcon_core.package_identification:_identify(build) by extensions ['ignore', 'ignore_ament_install']
[0.824s] Level 1:colcon.colcon_core.package_identification:_identify(build) by extension 'ignore'
[0.824s] Level 1:colcon.colcon_core.package_identification:_identify(build) ignored
[0.825s] Level 1:colcon.colcon_core.package_identification:_identify(install) by extensions ['ignore', 'ignore_ament_install']
[0.825s] Level 1:colcon.colcon_core.package_identification:_identify(install) by extension 'ignore'
[0.825s] Level 1:colcon.colcon_core.package_identification:_identify(install) ignored
[0.825s] Level 1:colcon.colcon_core.package_identification:_identify(log) by extensions ['ignore', 'ignore_ament_install']
[0.826s] Level 1:colcon.colcon_core.package_identification:_identify(log) by extension 'ignore'
[0.826s] Level 1:colcon.colcon_core.package_identification:_identify(log) ignored
[0.826s] Level 1:colcon.colcon_core.package_identification:_identify(src) by extensions ['ignore', 'ignore_ament_install']
[0.826s] Level 1:colcon.colcon_core.package_identification:_identify(src) by extension 'ignore'
[0.826s] Level 1:colcon.colcon_core.package_identification:_identify(src) by extension 'ignore_ament_install'
[0.826s] Level 1:colcon.colcon_core.package_identification:_identify(src) by extensions ['colcon_pkg']
[0.827s] Level 1:colcon.colcon_core.package_identification:_identify(src) by extension 'colcon_pkg'
[0.827s] Level 1:colcon.colcon_core.package_identification:_identify(src) by extensions ['colcon_meta']
[0.827s] Level 1:colcon.colcon_core.package_identification:_identify(src) by extension 'colcon_meta'
[0.827s] Level 1:colcon.colcon_core.package_identification:_identify(src) by extensions ['ros']
[0.827s] Level 1:colcon.colcon_core.package_identification:_identify(src) by extension 'ros'
[0.827s] Level 1:colcon.colcon_core.package_identification:_identify(src) by extensions ['cmake', 'python']
[0.827s] Level 1:colcon.colcon_core.package_identification:_identify(src) by extension 'cmake'
[0.827s] Level 1:colcon.colcon_core.package_identification:_identify(src) by extension 'python'
[0.827s] Level 1:colcon.colcon_core.package_identification:_identify(src) by extensions ['python_setup_py']
[0.828s] Level 1:colcon.colcon_core.package_identification:_identify(src) by extension 'python_setup_py'
[0.828s] Level 1:colcon.colcon_core.package_identification:_identify(src/my_lidar_pkg) by extensions ['ignore', 'ignore_ament_install']
[0.828s] Level 1:colcon.colcon_core.package_identification:_identify(src/my_lidar_pkg) by extension 'ignore'
[0.828s] Level 1:colcon.colcon_core.package_identification:_identify(src/my_lidar_pkg) by extension 'ignore_ament_install'
[0.828s] Level 1:colcon.colcon_core.package_identification:_identify(src/my_lidar_pkg) by extensions ['colcon_pkg']
[0.828s] Level 1:colcon.colcon_core.package_identification:_identify(src/my_lidar_pkg) by extension 'colcon_pkg'
[0.829s] Level 1:colcon.colcon_core.package_identification:_identify(src/my_lidar_pkg) by extensions ['colcon_meta']
[0.829s] Level 1:colcon.colcon_core.package_identification:_identify(src/my_lidar_pkg) by extension 'colcon_meta'
[0.829s] Level 1:colcon.colcon_core.package_identification:_identify(src/my_lidar_pkg) by extensions ['ros']
[0.829s] Level 1:colcon.colcon_core.package_identification:_identify(src/my_lidar_pkg) by extension 'ros'
[0.836s] DEBUG:colcon.colcon_core.package_identification:Package 'src/my_lidar_pkg' with type 'ros.catkin' and name 'my_lidar_pkg'
[0.837s] Level 1:colcon.colcon_core.package_identification:_identify(src/pointcloud_filters) by extensions ['ignore', 'ignore_ament_install']
[0.837s] Level 1:colcon.colcon_core.package_identification:_identify(src/pointcloud_filters) by extension 'ignore'
[0.837s] Level 1:colcon.colcon_core.package_identification:_identify(src/pointcloud_filters) by extension 'ignore_ament_install'
[0.837s] Level 1:colcon.colcon_core.package_identification:_identify(src/pointcloud_filters) by extensions ['colcon_pkg']
[0.838s] Level 1:colcon.colcon_core.package_identification:_identify(src/pointcloud_filters) by extension 'colcon_pkg'
[0.838s] Level 1:colcon.colcon_core.package_identification:_identify(src/pointcloud_filters) by extensions ['colcon_meta']
[0.838s] Level 1:colcon.colcon_core.package_identification:_identify(src/pointcloud_filters) by extension 'colcon_meta'
[0.838s] Level 1:colcon.colcon_core.package_identification:_identify(src/pointcloud_filters) by extensions ['ros']
[0.838s] Level 1:colcon.colcon_core.package_identification:_identify(src/pointcloud_filters) by extension 'ros'
[0.841s] DEBUG:colcon.colcon_core.package_identification:Package 'src/pointcloud_filters' with type 'ros.ament_cmake' and name 'pointcloud_filters'
[0.841s] Level 1:colcon.colcon_core.package_identification:_identify(src/ros_numpy) by extensions ['ignore', 'ignore_ament_install']
[0.842s] Level 1:colcon.colcon_core.package_identification:_identify(src/ros_numpy) by extension 'ignore'
[0.842s] Level 1:colcon.colcon_core.package_identification:_identify(src/ros_numpy) by extension 'ignore_ament_install'
[0.842s] Level 1:colcon.colcon_core.package_identification:_identify(src/ros_numpy) by extensions ['colcon_pkg']
[0.842s] Level 1:colcon.colcon_core.package_identification:_identify(src/ros_numpy) by extension 'colcon_pkg'
[0.842s] Level 1:colcon.colcon_core.package_identification:_identify(src/ros_numpy) by extensions ['colcon_meta']
[0.842s] Level 1:colcon.colcon_core.package_identification:_identify(src/ros_numpy) by extension 'colcon_meta'
[0.842s] Level 1:colcon.colcon_core.package_identification:_identify(src/ros_numpy) by extensions ['ros']
[0.842s] Level 1:colcon.colcon_core.package_identification:_identify(src/ros_numpy) by extension 'ros'
[0.850s] DEBUG:colcon.colcon_core.package_identification:Package 'src/ros_numpy' with type 'ros.catkin' and name 'ros_numpy'
[0.850s] Level 1:colcon.colcon_core.package_identification:_identify(src/unilidar_sdk) by extensions ['ignore', 'ignore_ament_install']
[0.851s] Level 1:colcon.colcon_core.package_identification:_identify(src/unilidar_sdk) by extension 'ignore'
[0.851s] Level 1:colcon.colcon_core.package_identification:_identify(src/unilidar_sdk) by extension 'ignore_ament_install'
[0.851s] Level 1:colcon.colcon_core.package_identification:_identify(src/unilidar_sdk) by extensions ['colcon_pkg']
[0.851s] Level 1:colcon.colcon_core.package_identification:_identify(src/unilidar_sdk) by extension 'colcon_pkg'
[0.851s] Level 1:colcon.colcon_core.package_identification:_identify(src/unilidar_sdk) by extensions ['colcon_meta']
[0.851s] Level 1:colcon.colcon_core.package_identification:_identify(src/unilidar_sdk) by extension 'colcon_meta'
[0.852s] Level 1:colcon.colcon_core.package_identification:_identify(src/unilidar_sdk) by extensions ['ros']
[0.852s] Level 1:colcon.colcon_core.package_identification:_identify(src/unilidar_sdk) by extension 'ros'
[0.852s] Level 1:colcon.colcon_core.package_identification:_identify(src/unilidar_sdk) by extensions ['cmake', 'python']
[0.852s] Level 1:colcon.colcon_core.package_identification:_identify(src/unilidar_sdk) by extension 'cmake'
[0.852s] Level 1:colcon.colcon_core.package_identification:_identify(src/unilidar_sdk) by extension 'python'
[0.852s] Level 1:colcon.colcon_core.package_identification:_identify(src/unilidar_sdk) by extensions ['python_setup_py']
[0.852s] Level 1:colcon.colcon_core.package_identification:_identify(src/unilidar_sdk) by extension 'python_setup_py'
[0.853s] Level 1:colcon.colcon_core.package_identification:_identify(src/unilidar_sdk/docs) by extensions ['ignore', 'ignore_ament_install']
[0.853s] Level 1:colcon.colcon_core.package_identification:_identify(src/unilidar_sdk/docs) by extension 'ignore'
[0.853s] Level 1:colcon.colcon_core.package_identification:_identify(src/unilidar_sdk/docs) by extension 'ignore_ament_install'
[0.853s] Level 1:colcon.colcon_core.package_identification:_identify(src/unilidar_sdk/docs) by extensions ['colcon_pkg']
[0.853s] Level 1:colcon.colcon_core.package_identification:_identify(src/unilidar_sdk/docs) by extension 'colcon_pkg'
[0.853s] Level 1:colcon.colcon_core.package_identification:_identify(src/unilidar_sdk/docs) by extensions ['colcon_meta']
[0.853s] Level 1:colcon.colcon_core.package_identification:_identify(src/unilidar_sdk/docs) by extension 'colcon_meta'
[0.854s] Level 1:colcon.colcon_core.package_identification:_identify(src/unilidar_sdk/docs) by extensions ['ros']
[0.854s] Level 1:colcon.colcon_core.package_identification:_identify(src/unilidar_sdk/docs) by extension 'ros'
[0.854s] Level 1:colcon.colcon_core.package_identification:_identify(src/unilidar_sdk/docs) by extensions ['cmake', 'python']
[0.854s] Level 1:colcon.colcon_core.package_identification:_identify(src/unilidar_sdk/docs) by extension 'cmake'
[0.854s] Level 1:colcon.colcon_core.package_identification:_identify(src/unilidar_sdk/docs) by extension 'python'
[0.854s] Level 1:colcon.colcon_core.package_identification:_identify(src/unilidar_sdk/docs) by extensions ['python_setup_py']
[0.854s] Level 1:colcon.colcon_core.package_identification:_identify(src/unilidar_sdk/docs) by extension 'python_setup_py'
[0.854s] Level 1:colcon.colcon_core.package_identification:_identify(src/unilidar_sdk/unitree_lidar_ros2) by extensions ['ignore', 'ignore_ament_install']
[0.855s] Level 1:colcon.colcon_core.package_identification:_identify(src/unilidar_sdk/unitree_lidar_ros2) by extension 'ignore'
[0.855s] Level 1:colcon.colcon_core.package_identification:_identify(src/unilidar_sdk/unitree_lidar_ros2) by extension 'ignore_ament_install'
[0.855s] Level 1:colcon.colcon_core.package_identification:_identify(src/unilidar_sdk/unitree_lidar_ros2) by extensions ['colcon_pkg']
[0.855s] Level 1:colcon.colcon_core.package_identification:_identify(src/unilidar_sdk/unitree_lidar_ros2) by extension 'colcon_pkg'
[0.855s] Level 1:colcon.colcon_core.package_identification:_identify(src/unilidar_sdk/unitree_lidar_ros2) by extensions ['colcon_meta']
[0.855s] Level 1:colcon.colcon_core.package_identification:_identify(src/unilidar_sdk/unitree_lidar_ros2) by extension 'colcon_meta'
[0.855s] Level 1:colcon.colcon_core.package_identification:_identify(src/unilidar_sdk/unitree_lidar_ros2) by extensions ['ros']
[0.855s] Level 1:colcon.colcon_core.package_identification:_identify(src/unilidar_sdk/unitree_lidar_ros2) by extension 'ros'
[0.856s] Level 1:colcon.colcon_core.package_identification:_identify(src/unilidar_sdk/unitree_lidar_ros2) by extensions ['cmake', 'python']
[0.856s] Level 1:colcon.colcon_core.package_identification:_identify(src/unilidar_sdk/unitree_lidar_ros2) by extension 'cmake'
[0.856s] Level 1:colcon.colcon_core.package_identification:_identify(src/unilidar_sdk/unitree_lidar_ros2) by extension 'python'
[0.856s] Level 1:colcon.colcon_core.package_identification:_identify(src/unilidar_sdk/unitree_lidar_ros2) by extensions ['python_setup_py']
[0.856s] Level 1:colcon.colcon_core.package_identification:_identify(src/unilidar_sdk/unitree_lidar_ros2) by extension 'python_setup_py'
[0.856s] Level 1:colcon.colcon_core.package_identification:_identify(src/unilidar_sdk/unitree_lidar_ros2/build) by extensions ['ignore', 'ignore_ament_install']
[0.856s] Level 1:colcon.colcon_core.package_identification:_identify(src/unilidar_sdk/unitree_lidar_ros2/build) by extension 'ignore'
[0.857s] Level 1:colcon.colcon_core.package_identification:_identify(src/unilidar_sdk/unitree_lidar_ros2/build) ignored
[0.857s] Level 1:colcon.colcon_core.package_identification:_identify(src/unilidar_sdk/unitree_lidar_ros2/install) by extensions ['ignore', 'ignore_ament_install']
[0.857s] Level 1:colcon.colcon_core.package_identification:_identify(src/unilidar_sdk/unitree_lidar_ros2/install) by extension 'ignore'
[0.857s] Level 1:colcon.colcon_core.package_identification:_identify(src/unilidar_sdk/unitree_lidar_ros2/install) ignored
[0.858s] Level 1:colcon.colcon_core.package_identification:_identify(src/unilidar_sdk/unitree_lidar_ros2/log) by extensions ['ignore', 'ignore_ament_install']
[0.858s] Level 1:colcon.colcon_core.package_identification:_identify(src/unilidar_sdk/unitree_lidar_ros2/log) by extension 'ignore'
[0.858s] Level 1:colcon.colcon_core.package_identification:_identify(src/unilidar_sdk/unitree_lidar_ros2/log) ignored
[0.858s] Level 1:colcon.colcon_core.package_identification:_identify(src/unilidar_sdk/unitree_lidar_ros2/src) by extensions ['ignore', 'ignore_ament_install']
[0.858s] Level 1:colcon.colcon_core.package_identification:_identify(src/unilidar_sdk/unitree_lidar_ros2/src) by extension 'ignore'
[0.858s] Level 1:colcon.colcon_core.package_identification:_identify(src/unilidar_sdk/unitree_lidar_ros2/src) by extension 'ignore_ament_install'
[0.859s] Level 1:colcon.colcon_core.package_identification:_identify(src/unilidar_sdk/unitree_lidar_ros2/src) by extensions ['colcon_pkg']
[0.859s] Level 1:colcon.colcon_core.package_identification:_identify(src/unilidar_sdk/unitree_lidar_ros2/src) by extension 'colcon_pkg'
[0.859s] Level 1:colcon.colcon_core.package_identification:_identify(src/unilidar_sdk/unitree_lidar_ros2/src) by extensions ['colcon_meta']
[0.859s] Level 1:colcon.colcon_core.package_identification:_identify(src/unilidar_sdk/unitree_lidar_ros2/src) by extension 'colcon_meta'
[0.859s] Level 1:colcon.colcon_core.package_identification:_identify(src/unilidar_sdk/unitree_lidar_ros2/src) by extensions ['ros']
[0.859s] Level 1:colcon.colcon_core.package_identification:_identify(src/unilidar_sdk/unitree_lidar_ros2/src) by extension 'ros'
[0.859s] Level 1:colcon.colcon_core.package_identification:_identify(src/unilidar_sdk/unitree_lidar_ros2/src) by extensions ['cmake', 'python']
[0.859s] Level 1:colcon.colcon_core.package_identification:_identify(src/unilidar_sdk/unitree_lidar_ros2/src) by extension 'cmake'
[0.859s] Level 1:colcon.colcon_core.package_identification:_identify(src/unilidar_sdk/unitree_lidar_ros2/src) by extension 'python'
[0.860s] Level 1:colcon.colcon_core.package_identification:_identify(src/unilidar_sdk/unitree_lidar_ros2/src) by extensions ['python_setup_py']
[0.860s] Level 1:colcon.colcon_core.package_identification:_identify(src/unilidar_sdk/unitree_lidar_ros2/src) by extension 'python_setup_py'
[0.860s] Level 1:colcon.colcon_core.package_identification:_identify(src/unilidar_sdk/unitree_lidar_ros2/src/unitree_lidar_ros2) by extensions ['ignore', 'ignore_ament_install']
[0.860s] Level 1:colcon.colcon_core.package_identification:_identify(src/unilidar_sdk/unitree_lidar_ros2/src/unitree_lidar_ros2) by extension 'ignore'
[0.860s] Level 1:colcon.colcon_core.package_identification:_identify(src/unilidar_sdk/unitree_lidar_ros2/src/unitree_lidar_ros2) by extension 'ignore_ament_install'
[0.860s] Level 1:colcon.colcon_core.package_identification:_identify(src/unilidar_sdk/unitree_lidar_ros2/src/unitree_lidar_ros2) by extensions ['colcon_pkg']
[0.860s] Level 1:colcon.colcon_core.package_identification:_identify(src/unilidar_sdk/unitree_lidar_ros2/src/unitree_lidar_ros2) by extension 'colcon_pkg'
[0.861s] Level 1:colcon.colcon_core.package_identification:_identify(src/unilidar_sdk/unitree_lidar_ros2/src/unitree_lidar_ros2) by extensions ['colcon_meta']
[0.861s] Level 1:colcon.colcon_core.package_identification:_identify(src/unilidar_sdk/unitree_lidar_ros2/src/unitree_lidar_ros2) by extension 'colcon_meta'
[0.861s] Level 1:colcon.colcon_core.package_identification:_identify(src/unilidar_sdk/unitree_lidar_ros2/src/unitree_lidar_ros2) by extensions ['ros']
[0.861s] Level 1:colcon.colcon_core.package_identification:_identify(src/unilidar_sdk/unitree_lidar_ros2/src/unitree_lidar_ros2) by extension 'ros'
[0.863s] DEBUG:colcon.colcon_core.package_identification:Package 'src/unilidar_sdk/unitree_lidar_ros2/src/unitree_lidar_ros2' with type 'ros.ament_cmake' and name 'unitree_lidar_ros2'
[0.864s] Level 1:colcon.colcon_core.package_identification:_identify(src/unilidar_sdk/unitree_lidar_sdk) by extensions ['ignore', 'ignore_ament_install']
[0.864s] Level 1:colcon.colcon_core.package_identification:_identify(src/unilidar_sdk/unitree_lidar_sdk) by extension 'ignore'
[0.864s] Level 1:colcon.colcon_core.package_identification:_identify(src/unilidar_sdk/unitree_lidar_sdk) by extension 'ignore_ament_install'
[0.864s] Level 1:colcon.colcon_core.package_identification:_identify(src/unilidar_sdk/unitree_lidar_sdk) by extensions ['colcon_pkg']
[0.864s] Level 1:colcon.colcon_core.package_identification:_identify(src/unilidar_sdk/unitree_lidar_sdk) by extension 'colcon_pkg'
[0.864s] Level 1:colcon.colcon_core.package_identification:_identify(src/unilidar_sdk/unitree_lidar_sdk) by extensions ['colcon_meta']
[0.864s] Level 1:colcon.colcon_core.package_identification:_identify(src/unilidar_sdk/unitree_lidar_sdk) by extension 'colcon_meta'
[0.865s] Level 1:colcon.colcon_core.package_identification:_identify(src/unilidar_sdk/unitree_lidar_sdk) by extensions ['ros']
[0.865s] Level 1:colcon.colcon_core.package_identification:_identify(src/unilidar_sdk/unitree_lidar_sdk) by extension 'ros'
[0.865s] Level 1:colcon.colcon_core.package_identification:_identify(src/unilidar_sdk/unitree_lidar_sdk) by extensions ['cmake', 'python']
[0.865s] Level 1:colcon.colcon_core.package_identification:_identify(src/unilidar_sdk/unitree_lidar_sdk) by extension 'cmake'
[0.869s] Level 1:colcon.colcon_core.package_identification:_identify(src/unilidar_sdk/unitree_lidar_sdk) by extension 'python'
[0.869s] DEBUG:colcon.colcon_core.package_identification:Package 'src/unilidar_sdk/unitree_lidar_sdk' with type 'cmake' and name 'unitree_lidar_sdk'
[0.869s] Level 1:colcon.colcon_core.package_discovery:discover_packages(recursive) using defaults
[0.869s] Level 1:colcon.colcon_core.package_discovery:discover_packages(ignore) discover
[0.869s] Level 1:colcon.colcon_core.package_discovery:discover_packages(ignore) using defaults
[0.869s] Level 1:colcon.colcon_core.package_discovery:discover_packages(path) discover
[0.869s] Level 1:colcon.colcon_core.package_discovery:discover_packages(path) using defaults
[0.992s] INFO:colcon.colcon_core.package_selection:Skipping not selected package 'my_lidar_pkg' in 'src/my_lidar_pkg'
[0.992s] INFO:colcon.colcon_core.package_selection:Skipping not selected package 'ros_numpy' in 'src/ros_numpy'
[0.992s] INFO:colcon.colcon_core.package_selection:Skipping not selected package 'unitree_lidar_ros2' in 'src/unilidar_sdk/unitree_lidar_ros2/src/unitree_lidar_ros2'
[0.992s] INFO:colcon.colcon_core.package_selection:Skipping not selected package 'unitree_lidar_sdk' in 'src/unilidar_sdk/unitree_lidar_sdk'
[0.994s] Level 1:colcon.colcon_core.package_discovery:discover_packages(prefix_path) check parameters
[0.994s] Level 1:colcon.colcon_core.package_discovery:discover_packages(prefix_path) discover
[0.997s] WARNING:colcon.colcon_ros.prefix_path.ament:The path '/home/jacob/ros2_ws/install/unitree_lidar_ros2' in the environment variable AMENT_PREFIX_PATH doesn't exist
[0.998s] WARNING:colcon.colcon_ros.prefix_path.catkin:The path '/home/jacob/ros2_ws/install/unitree_lidar_ros2' in the environment variable CMAKE_PREFIX_PATH doesn't exist
[0.998s] WARNING:colcon.colcon_ros.prefix_path.catkin:The path '/home/jacob/ros2_ws/install/my_lidar_pkg' in the environment variable CMAKE_PREFIX_PATH doesn't exist
[1.000s] DEBUG:colcon.colcon_installed_package_information.package_discovery:Found 1 installed packages in /home/jacob/ros2_ws/install
[1.003s] DEBUG:colcon.colcon_installed_package_information.package_discovery:Found 292 installed packages in /opt/ros/humble
[1.006s] Level 1:colcon.colcon_core.package_discovery:discover_packages(prefix_path) using defaults
[1.103s] Level 5:colcon.colcon_core.verb:set package 'pointcloud_filters' build argument 'cmake_args' from command line to 'None'
[1.103s] Level 5:colcon.colcon_core.verb:set package 'pointcloud_filters' build argument 'cmake_target' from command line to 'None'
[1.103s] Level 5:colcon.colcon_core.verb:set package 'pointcloud_filters' build argument 'cmake_target_skip_unavailable' from command line to 'False'
[1.103s] Level 5:colcon.colcon_core.verb:set package 'pointcloud_filters' build argument 'cmake_clean_cache' from command line to 'False'
[1.103s] Level 5:colcon.colcon_core.verb:set package 'pointcloud_filters' build argument 'cmake_clean_first' from command line to 'False'
[1.103s] Level 5:colcon.colcon_core.verb:set package 'pointcloud_filters' build argument 'cmake_force_configure' from command line to 'False'
[1.104s] Level 5:colcon.colcon_core.verb:set package 'pointcloud_filters' build argument 'ament_cmake_args' from command line to 'None'
[1.104s] Level 5:colcon.colcon_core.verb:set package 'pointcloud_filters' build argument 'catkin_cmake_args' from command line to 'None'
[1.104s] Level 5:colcon.colcon_core.verb:set package 'pointcloud_filters' build argument 'catkin_skip_building_tests' from command line to 'False'
[1.104s] DEBUG:colcon.colcon_core.verb:Building package 'pointcloud_filters' with the following arguments: {'ament_cmake_args': None, 'build_base': '/home/jacob/ros2_ws/build/pointcloud_filters', 'catkin_cmake_args': None, 'catkin_skip_building_tests': False, 'cmake_args': None, 'cmake_clean_cache': False, 'cmake_clean_first': False, 'cmake_force_configure': False, 'cmake_target': None, 'cmake_target_skip_unavailable': False, 'install_base': '/home/jacob/ros2_ws/install/pointcloud_filters', 'merge_install': False, 'path': '/home/jacob/ros2_ws/src/pointcloud_filters', 'symlink_install': False, 'test_result_base': None}
[1.104s] INFO:colcon.colcon_core.executor:Executing jobs using 'parallel' executor
[1.108s] DEBUG:colcon.colcon_parallel_executor.executor.parallel:run_until_complete
[1.109s] INFO:colcon.colcon_ros.task.ament_cmake.build:Building ROS package in '/home/jacob/ros2_ws/src/pointcloud_filters' with build type 'ament_cmake'
[1.109s] INFO:colcon.colcon_cmake.task.cmake.build:Building CMake package in '/home/jacob/ros2_ws/src/pointcloud_filters'
[1.118s] INFO:colcon.colcon_core.plugin_system:Skipping extension 'colcon_core.shell.bat': Not used on non-Windows systems
[1.118s] INFO:colcon.colcon_core.shell:Skip shell extension 'powershell' for command environment: Not usable outside of PowerShell
[1.119s] DEBUG:colcon.colcon_core.shell:Skip shell extension 'dsv' for command environment
[1.142s] DEBUG:colcon.colcon_core.event_handler.log_command:Invoking command in '/home/jacob/ros2_ws/build/pointcloud_filters': CMAKE_PREFIX_PATH=${CMAKE_PREFIX_PATH}:/home/jacob/ros2_ws/install/pointcloud_filters:/opt/ros/humble /usr/bin/cmake /home/jacob/ros2_ws/src/pointcloud_filters -DCMAKE_INSTALL_PREFIX=/home/jacob/ros2_ws/install/pointcloud_filters
[4.712s] DEBUG:colcon.colcon_core.event_handler.log_command:Invoked command in '/home/jacob/ros2_ws/build/pointcloud_filters' returned '0': CMAKE_PREFIX_PATH=${CMAKE_PREFIX_PATH}:/home/jacob/ros2_ws/install/pointcloud_filters:/opt/ros/humble /usr/bin/cmake /home/jacob/ros2_ws/src/pointcloud_filters -DCMAKE_INSTALL_PREFIX=/home/jacob/ros2_ws/install/pointcloud_filters
[4.717s] DEBUG:colcon.colcon_core.event_handler.log_command:Invoking command in '/home/jacob/ros2_ws/build/pointcloud_filters': CMAKE_PREFIX_PATH=${CMAKE_PREFIX_PATH}:/home/jacob/ros2_ws/install/pointcloud_filters:/opt/ros/humble /usr/bin/cmake --build /home/jacob/ros2_ws/build/pointcloud_filters -- -j6 -l6
[11.982s] DEBUG:colcon.colcon_core.event_handler.log_command:Invoked command in '/home/jacob/ros2_ws/build/pointcloud_filters' returned '0': CMAKE_PREFIX_PATH=${CMAKE_PREFIX_PATH}:/home/jacob/ros2_ws/install/pointcloud_filters:/opt/ros/humble /usr/bin/cmake --build /home/jacob/ros2_ws/build/pointcloud_filters -- -j6 -l6
[12.014s] DEBUG:colcon.colcon_core.event_handler.log_command:Invoking command in '/home/jacob/ros2_ws/build/pointcloud_filters': CMAKE_PREFIX_PATH=${CMAKE_PREFIX_PATH}:/home/jacob/ros2_ws/install/pointcloud_filters:/opt/ros/humble /usr/bin/cmake --install /home/jacob/ros2_ws/build/pointcloud_filters
[12.230s] Level 1:colcon.colcon_core.environment:create_environment_scripts_only(pointcloud_filters)
[12.238s] DEBUG:colcon.colcon_core.event_handler.log_command:Invoked command in '/home/jacob/ros2_ws/build/pointcloud_filters' returned '0': CMAKE_PREFIX_PATH=${CMAKE_PREFIX_PATH}:/home/jacob/ros2_ws/install/pointcloud_filters:/opt/ros/humble /usr/bin/cmake --install /home/jacob/ros2_ws/build/pointcloud_filters
[12.245s] Level 1:colcon.colcon_core.environment:checking '/home/jacob/ros2_ws/install/pointcloud_filters' for CMake module files
[12.248s] Level 1:colcon.colcon_core.environment:checking '/home/jacob/ros2_ws/install/pointcloud_filters' for CMake config files
[12.249s] Level 1:colcon.colcon_core.shell:create_environment_hook('pointcloud_filters', 'cmake_prefix_path')
[12.250s] INFO:colcon.colcon_core.shell:Creating environment hook '/home/jacob/ros2_ws/install/pointcloud_filters/share/pointcloud_filters/hook/cmake_prefix_path.ps1'
[12.253s] INFO:colcon.colcon_core.shell:Creating environment descriptor '/home/jacob/ros2_ws/install/pointcloud_filters/share/pointcloud_filters/hook/cmake_prefix_path.dsv'
[12.255s] INFO:colcon.colcon_core.shell:Creating environment hook '/home/jacob/ros2_ws/install/pointcloud_filters/share/pointcloud_filters/hook/cmake_prefix_path.sh'
[12.258s] Level 1:colcon.colcon_core.environment:checking '/home/jacob/ros2_ws/install/pointcloud_filters/lib'
[12.259s] Level 1:colcon.colcon_core.shell:create_environment_hook('pointcloud_filters', 'ld_library_path_lib')
[12.260s] INFO:colcon.colcon_core.shell:Creating environment hook '/home/jacob/ros2_ws/install/pointcloud_filters/share/pointcloud_filters/hook/ld_library_path_lib.ps1'
[12.261s] INFO:colcon.colcon_core.shell:Creating environment descriptor '/home/jacob/ros2_ws/install/pointcloud_filters/share/pointcloud_filters/hook/ld_library_path_lib.dsv'
[12.262s] INFO:colcon.colcon_core.shell:Creating environment hook '/home/jacob/ros2_ws/install/pointcloud_filters/share/pointcloud_filters/hook/ld_library_path_lib.sh'
[12.264s] Level 1:colcon.colcon_core.environment:checking '/home/jacob/ros2_ws/install/pointcloud_filters/bin'
[12.264s] Level 1:colcon.colcon_core.environment:checking '/home/jacob/ros2_ws/install/pointcloud_filters/lib/pkgconfig/pointcloud_filters.pc'
[12.266s] Level 1:colcon.colcon_core.environment:checking '/home/jacob/ros2_ws/install/pointcloud_filters/lib/python3.10/site-packages'
[12.266s] Level 1:colcon.colcon_core.shell:create_environment_hook('pointcloud_filters', 'pythonpath')
[12.267s] INFO:colcon.colcon_core.shell:Creating environment hook '/home/jacob/ros2_ws/install/pointcloud_filters/share/pointcloud_filters/hook/pythonpath.ps1'
[12.268s] INFO:colcon.colcon_core.shell:Creating environment descriptor '/home/jacob/ros2_ws/install/pointcloud_filters/share/pointcloud_filters/hook/pythonpath.dsv'
[12.269s] INFO:colcon.colcon_core.shell:Creating environment hook '/home/jacob/ros2_ws/install/pointcloud_filters/share/pointcloud_filters/hook/pythonpath.sh'
[12.271s] Level 1:colcon.colcon_core.environment:checking '/home/jacob/ros2_ws/install/pointcloud_filters/bin'
[12.272s] INFO:colcon.colcon_core.shell:Creating package script '/home/jacob/ros2_ws/install/pointcloud_filters/share/pointcloud_filters/package.ps1'
[12.276s] INFO:colcon.colcon_core.shell:Creating package descriptor '/home/jacob/ros2_ws/install/pointcloud_filters/share/pointcloud_filters/package.dsv'
[12.279s] INFO:colcon.colcon_core.shell:Creating package script '/home/jacob/ros2_ws/install/pointcloud_filters/share/pointcloud_filters/package.sh'
[12.281s] INFO:colcon.colcon_core.shell:Creating package script '/home/jacob/ros2_ws/install/pointcloud_filters/share/pointcloud_filters/package.bash'
[12.284s] INFO:colcon.colcon_core.shell:Creating package script '/home/jacob/ros2_ws/install/pointcloud_filters/share/pointcloud_filters/package.zsh'
[12.286s] Level 1:colcon.colcon_core.environment:create_file_with_runtime_dependencies(/home/jacob/ros2_ws/install/pointcloud_filters/share/colcon-core/packages/pointcloud_filters)
[12.288s] Level 1:colcon.colcon_core.environment:create_environment_scripts_only(pointcloud_filters)
[12.289s] Level 1:colcon.colcon_core.environment:checking '/home/jacob/ros2_ws/install/pointcloud_filters' for CMake module files
[12.291s] Level 1:colcon.colcon_core.environment:checking '/home/jacob/ros2_ws/install/pointcloud_filters' for CMake config files
[12.292s] Level 1:colcon.colcon_core.shell:create_environment_hook('pointcloud_filters', 'cmake_prefix_path')
[12.292s] INFO:colcon.colcon_core.shell:Creating environment hook '/home/jacob/ros2_ws/install/pointcloud_filters/share/pointcloud_filters/hook/cmake_prefix_path.ps1'
[12.294s] INFO:colcon.colcon_core.shell:Creating environment descriptor '/home/jacob/ros2_ws/install/pointcloud_filters/share/pointcloud_filters/hook/cmake_prefix_path.dsv'
[12.295s] INFO:colcon.colcon_core.shell:Creating environment hook '/home/jacob/ros2_ws/install/pointcloud_filters/share/pointcloud_filters/hook/cmake_prefix_path.sh'
[12.297s] Level 1:colcon.colcon_core.environment:checking '/home/jacob/ros2_ws/install/pointcloud_filters/lib'
[12.297s] Level 1:colcon.colcon_core.shell:create_environment_hook('pointcloud_filters', 'ld_library_path_lib')
[12.297s] INFO:colcon.colcon_core.shell:Creating environment hook '/home/jacob/ros2_ws/install/pointcloud_filters/share/pointcloud_filters/hook/ld_library_path_lib.ps1'
[12.299s] INFO:colcon.colcon_core.shell:Creating environment descriptor '/home/jacob/ros2_ws/install/pointcloud_filters/share/pointcloud_filters/hook/ld_library_path_lib.dsv'
[12.300s] INFO:colcon.colcon_core.shell:Creating environment hook '/home/jacob/ros2_ws/install/pointcloud_filters/share/pointcloud_filters/hook/ld_library_path_lib.sh'
[12.301s] Level 1:colcon.colcon_core.environment:checking '/home/jacob/ros2_ws/install/pointcloud_filters/bin'
[12.302s] Level 1:colcon.colcon_core.environment:checking '/home/jacob/ros2_ws/install/pointcloud_filters/lib/pkgconfig/pointcloud_filters.pc'
[12.302s] Level 1:colcon.colcon_core.environment:checking '/home/jacob/ros2_ws/install/pointcloud_filters/lib/python3.10/site-packages'
[12.303s] Level 1:colcon.colcon_core.shell:create_environment_hook('pointcloud_filters', 'pythonpath')
[12.303s] INFO:colcon.colcon_core.shell:Creating environment hook '/home/jacob/ros2_ws/install/pointcloud_filters/share/pointcloud_filters/hook/pythonpath.ps1'
[12.304s] INFO:colcon.colcon_core.shell:Creating environment descriptor '/home/jacob/ros2_ws/install/pointcloud_filters/share/pointcloud_filters/hook/pythonpath.dsv'
[12.305s] INFO:colcon.colcon_core.shell:Creating environment hook '/home/jacob/ros2_ws/install/pointcloud_filters/share/pointcloud_filters/hook/pythonpath.sh'
[12.307s] Level 1:colcon.colcon_core.environment:checking '/home/jacob/ros2_ws/install/pointcloud_filters/bin'
[12.307s] INFO:colcon.colcon_core.shell:Creating package script '/home/jacob/ros2_ws/install/pointcloud_filters/share/pointcloud_filters/package.ps1'
[12.309s] INFO:colcon.colcon_core.shell:Creating package descriptor '/home/jacob/ros2_ws/install/pointcloud_filters/share/pointcloud_filters/package.dsv'
[12.310s] INFO:colcon.colcon_core.shell:Creating package script '/home/jacob/ros2_ws/install/pointcloud_filters/share/pointcloud_filters/package.sh'
[12.312s] INFO:colcon.colcon_core.shell:Creating package script '/home/jacob/ros2_ws/install/pointcloud_filters/share/pointcloud_filters/package.bash'
[12.313s] INFO:colcon.colcon_core.shell:Creating package script '/home/jacob/ros2_ws/install/pointcloud_filters/share/pointcloud_filters/package.zsh'
[12.314s] Level 1:colcon.colcon_core.environment:create_file_with_runtime_dependencies(/home/jacob/ros2_ws/install/pointcloud_filters/share/colcon-core/packages/pointcloud_filters)
[12.315s] DEBUG:colcon.colcon_parallel_executor.executor.parallel:closing loop
[12.316s] DEBUG:colcon.colcon_parallel_executor.executor.parallel:loop closed
[12.316s] DEBUG:colcon.colcon_parallel_executor.executor.parallel:run_until_complete finished with '0'
[12.316s] DEBUG:colcon.colcon_core.event_reactor:joining thread
[12.340s] INFO:colcon.colcon_core.plugin_system:Skipping extension 'colcon_notification.desktop_notification.terminal_notifier': Not used on non-Darwin systems
[12.340s] INFO:colcon.colcon_core.plugin_system:Skipping extension 'colcon_notification.desktop_notification.win32': Not used on non-Windows systems
[12.341s] INFO:colcon.colcon_notification.desktop_notification:Sending desktop notification using 'notify2'
[12.385s] DEBUG:colcon.colcon_core.event_reactor:joined thread
[12.387s] INFO:colcon.colcon_core.shell:Creating prefix script '/home/jacob/ros2_ws/install/local_setup.ps1'
[12.390s] INFO:colcon.colcon_core.shell:Creating prefix util module '/home/jacob/ros2_ws/install/_local_setup_util_ps1.py'
[12.395s] INFO:colcon.colcon_core.shell:Creating prefix chain script '/home/jacob/ros2_ws/install/setup.ps1'
[12.399s] INFO:colcon.colcon_core.shell:Creating prefix script '/home/jacob/ros2_ws/install/local_setup.sh'
[12.401s] INFO:colcon.colcon_core.shell:Creating prefix util module '/home/jacob/ros2_ws/install/_local_setup_util_sh.py'
[12.403s] INFO:colcon.colcon_core.shell:Creating prefix chain script '/home/jacob/ros2_ws/install/setup.sh'
[12.408s] INFO:colcon.colcon_core.shell:Creating prefix script '/home/jacob/ros2_ws/install/local_setup.bash'
[12.410s] INFO:colcon.colcon_core.shell:Creating prefix chain script '/home/jacob/ros2_ws/install/setup.bash'
[12.413s] INFO:colcon.colcon_core.shell:Creating prefix script '/home/jacob/ros2_ws/install/local_setup.zsh'
[12.416s] INFO:colcon.colcon_core.shell:Creating prefix chain script '/home/jacob/ros2_ws/install/setup.zsh'
