[0.380s] DEBUG:colcon:Command line arguments: ['/usr/bin/colcon', 'build', '--symlink-install', '--merge-install', '--cmake-args', '-DCMAKE_BUILD_TYPE=RelWithDebInfo', '-DBUILD_TESTING=ON', '-DCMAKE_CXX_STANDARD=17']
[0.380s] DEBUG:colcon:Parsed command line arguments: Namespace(log_base=None, log_level=None, verb_name='build', build_base='build', install_base='install', merge_install=True, symlink_install=True, test_result_base=None, continue_on_error=False, executor='parallel', parallel_workers=6, event_handlers=None, ignore_user_meta=False, metas=['./colcon.meta'], base_paths=['.'], packages_ignore=None, packages_ignore_regex=None, paths=None, packages_up_to=None, packages_up_to_regex=None, packages_above=None, packages_above_and_dependencies=None, packages_above_depth=None, packages_select_by_dep=None, packages_skip_by_dep=None, packages_skip_up_to=None, packages_select_build_failed=False, packages_skip_build_finished=False, packages_select_test_failures=False, packages_skip_test_passed=False, packages_select=None, packages_skip=None, packages_select_regex=None, packages_skip_regex=None, packages_start=None, packages_end=None, allow_overriding=[], cmake_args=['-DCMAKE_BUILD_TYPE=RelWithDebInfo', '-DBUILD_TESTING=ON', '-DCMAKE_CXX_STANDARD=17'], cmake_target=None, cmake_target_skip_unavailable=False, cmake_clean_cache=False, cmake_clean_first=False, cmake_force_configure=False, ament_cmake_args=None, catkin_cmake_args=None, catkin_skip_building_tests=False, verb_parser=<colcon_defaults.argument_parser.defaults.DefaultArgumentsDecorator object at 0xffff84739660>, verb_extension=<colcon_core.verb.build.BuildVerb object at 0xffff849171c0>, main=<bound method BuildVerb.main of <colcon_core.verb.build.BuildVerb object at 0xffff849171c0>>)
[0.473s] Level 1:colcon.colcon_core.package_discovery:discover_packages(colcon_meta) check parameters
[0.473s] Level 1:colcon.colcon_core.package_discovery:discover_packages(recursive) check parameters
[0.473s] Level 1:colcon.colcon_core.package_discovery:discover_packages(ignore) check parameters
[0.473s] Level 1:colcon.colcon_core.package_discovery:discover_packages(path) check parameters
[0.473s] Level 1:colcon.colcon_core.package_discovery:discover_packages(colcon_meta) discover
[0.473s] Level 1:colcon.colcon_core.package_discovery:discover_packages(recursive) discover
[0.474s] INFO:colcon.colcon_core.package_discovery:Crawling recursively for packages in '/home/ethan/autonomy-ws-25-26/src/asv_wave_sim/gz-waves'
[0.474s] Level 1:colcon.colcon_core.package_identification:_identify(.) by extensions ['ignore', 'ignore_ament_install']
[0.474s] Level 1:colcon.colcon_core.package_identification:_identify(.) by extension 'ignore'
[0.474s] Level 1:colcon.colcon_core.package_identification:_identify(.) by extension 'ignore_ament_install'
[0.474s] Level 1:colcon.colcon_core.package_identification:_identify(.) by extensions ['colcon_pkg']
[0.474s] Level 1:colcon.colcon_core.package_identification:_identify(.) by extension 'colcon_pkg'
[0.475s] Level 1:colcon.colcon_core.package_identification:_identify(.) by extensions ['colcon_meta']
[0.475s] Level 1:colcon.colcon_core.package_identification:_identify(.) by extension 'colcon_meta'
[0.475s] Level 1:colcon.colcon_core.package_identification:_identify(.) by extensions ['ros']
[0.475s] Level 1:colcon.colcon_core.package_identification:_identify(.) by extension 'ros'
[0.508s] Level 1:colcon.colcon_core.package_identification:_identify(.) by extensions ['cmake', 'python']
[0.509s] Level 1:colcon.colcon_core.package_identification:_identify(.) by extension 'cmake'
[0.537s] Level 1:colcon.colcon_core.package_identification:_identify(.) by extension 'python'
[0.537s] DEBUG:colcon.colcon_core.package_identification:Package '.' with type 'cmake' and name 'gz-waves1'
[0.537s] Level 1:colcon.colcon_core.package_discovery:discover_packages(recursive) using defaults
[0.537s] Level 1:colcon.colcon_core.package_discovery:discover_packages(ignore) discover
[0.537s] Level 1:colcon.colcon_core.package_discovery:discover_packages(ignore) using defaults
[0.537s] Level 1:colcon.colcon_core.package_discovery:discover_packages(path) discover
[0.537s] Level 1:colcon.colcon_core.package_discovery:discover_packages(path) using defaults
[0.583s] Level 1:colcon.colcon_core.package_discovery:discover_packages(prefix_path) check parameters
[0.584s] Level 1:colcon.colcon_core.package_discovery:discover_packages(prefix_path) discover
[0.591s] DEBUG:colcon.colcon_installed_package_information.package_discovery:Found 300 installed packages in /opt/ros/humble
[0.594s] Level 1:colcon.colcon_core.package_discovery:discover_packages(prefix_path) using defaults
[0.682s] Level 5:colcon.colcon_core.verb:set package 'gz-waves1' build argument 'cmake_args' from command line to '['-DCMAKE_BUILD_TYPE=RelWithDebInfo', '-DBUILD_TESTING=ON', '-DCMAKE_CXX_STANDARD=17']'
[0.682s] Level 5:colcon.colcon_core.verb:set package 'gz-waves1' build argument 'cmake_target' from command line to 'None'
[0.682s] Level 5:colcon.colcon_core.verb:set package 'gz-waves1' build argument 'cmake_target_skip_unavailable' from command line to 'False'
[0.682s] Level 5:colcon.colcon_core.verb:set package 'gz-waves1' build argument 'cmake_clean_cache' from command line to 'False'
[0.682s] Level 5:colcon.colcon_core.verb:set package 'gz-waves1' build argument 'cmake_clean_first' from command line to 'False'
[0.682s] Level 5:colcon.colcon_core.verb:set package 'gz-waves1' build argument 'cmake_force_configure' from command line to 'False'
[0.682s] Level 5:colcon.colcon_core.verb:set package 'gz-waves1' build argument 'ament_cmake_args' from command line to 'None'
[0.682s] Level 5:colcon.colcon_core.verb:set package 'gz-waves1' build argument 'catkin_cmake_args' from command line to 'None'
[0.683s] Level 5:colcon.colcon_core.verb:set package 'gz-waves1' build argument 'catkin_skip_building_tests' from command line to 'False'
[0.683s] DEBUG:colcon.colcon_core.verb:Building package 'gz-waves1' with the following arguments: {'ament_cmake_args': None, 'build_base': '/home/ethan/autonomy-ws-25-26/src/asv_wave_sim/gz-waves/build/gz-waves1', 'catkin_cmake_args': None, 'catkin_skip_building_tests': False, 'cmake_args': ['-DCMAKE_BUILD_TYPE=RelWithDebInfo', '-DBUILD_TESTING=ON', '-DCMAKE_CXX_STANDARD=17'], 'cmake_clean_cache': False, 'cmake_clean_first': False, 'cmake_force_configure': False, 'cmake_target': None, 'cmake_target_skip_unavailable': False, 'install_base': '/home/ethan/autonomy-ws-25-26/src/asv_wave_sim/gz-waves/install', 'merge_install': True, 'path': '/home/ethan/autonomy-ws-25-26/src/asv_wave_sim/gz-waves', 'symlink_install': True, 'test_result_base': None}
[0.683s] INFO:colcon.colcon_core.executor:Executing jobs using 'parallel' executor
[0.685s] DEBUG:colcon.colcon_parallel_executor.executor.parallel:run_until_complete
[0.686s] INFO:colcon.colcon_cmake.task.cmake.build:Building CMake package in '/home/ethan/autonomy-ws-25-26/src/asv_wave_sim/gz-waves'
[0.691s] INFO:colcon.colcon_core.plugin_system:Skipping extension 'colcon_core.shell.bat': Not used on non-Windows systems
[0.691s] INFO:colcon.colcon_core.shell:Skip shell extension 'powershell' for command environment: Not usable outside of PowerShell
[0.691s] DEBUG:colcon.colcon_core.shell:Skip shell extension 'dsv' for command environment
[0.708s] DEBUG:colcon.colcon_core.event_handler.log_command:Invoking command in '/home/ethan/autonomy-ws-25-26/src/asv_wave_sim/gz-waves/build/gz-waves1': /usr/bin/cmake /home/ethan/autonomy-ws-25-26/src/asv_wave_sim/gz-waves -DCMAKE_BUILD_TYPE=RelWithDebInfo -DBUILD_TESTING=ON -DCMAKE_CXX_STANDARD=17 -DCMAKE_INSTALL_PREFIX=/home/ethan/autonomy-ws-25-26/src/asv_wave_sim/gz-waves/install
[10.823s] DEBUG:colcon.colcon_core.event_handler.log_command:Invoked command in '/home/ethan/autonomy-ws-25-26/src/asv_wave_sim/gz-waves/build/gz-waves1' returned '0': /usr/bin/cmake /home/ethan/autonomy-ws-25-26/src/asv_wave_sim/gz-waves -DCMAKE_BUILD_TYPE=RelWithDebInfo -DBUILD_TESTING=ON -DCMAKE_CXX_STANDARD=17 -DCMAKE_INSTALL_PREFIX=/home/ethan/autonomy-ws-25-26/src/asv_wave_sim/gz-waves/install
[10.830s] DEBUG:colcon.colcon_core.event_handler.log_command:Invoking command in '/home/ethan/autonomy-ws-25-26/src/asv_wave_sim/gz-waves/build/gz-waves1': /usr/bin/cmake --build /home/ethan/autonomy-ws-25-26/src/asv_wave_sim/gz-waves/build/gz-waves1 -- -j6 -l6
[376.799s] DEBUG:colcon.colcon_core.event_handler.log_command:Invoked command in '/home/ethan/autonomy-ws-25-26/src/asv_wave_sim/gz-waves/build/gz-waves1' returned '0': /usr/bin/cmake --build /home/ethan/autonomy-ws-25-26/src/asv_wave_sim/gz-waves/build/gz-waves1 -- -j6 -l6
[376.843s] DEBUG:colcon.colcon_core.event_handler.log_command:Invoking command in '/home/ethan/autonomy-ws-25-26/src/asv_wave_sim/gz-waves/build/gz-waves1': /usr/bin/cmake --install /home/ethan/autonomy-ws-25-26/src/asv_wave_sim/gz-waves/build/gz-waves1
[377.455s] Level 1:colcon.colcon_core.environment:create_environment_scripts_only(gz-waves1)
[377.461s] DEBUG:colcon.colcon_core.event_handler.log_command:Invoked command in '/home/ethan/autonomy-ws-25-26/src/asv_wave_sim/gz-waves/build/gz-waves1' returned '0': /usr/bin/cmake --install /home/ethan/autonomy-ws-25-26/src/asv_wave_sim/gz-waves/build/gz-waves1
[377.507s] Level 1:colcon.colcon_core.environment:checking '/home/ethan/autonomy-ws-25-26/src/asv_wave_sim/gz-waves/install' for CMake module files
[377.509s] Level 1:colcon.colcon_core.environment:checking '/home/ethan/autonomy-ws-25-26/src/asv_wave_sim/gz-waves/install' for CMake config files
[377.511s] Level 1:colcon.colcon_core.shell:create_environment_hook('gz-waves1', 'cmake_prefix_path')
[377.512s] INFO:colcon.colcon_core.shell:Creating environment hook '/home/ethan/autonomy-ws-25-26/src/asv_wave_sim/gz-waves/install/share/gz-waves1/hook/cmake_prefix_path.ps1'
[377.519s] INFO:colcon.colcon_core.shell:Creating environment descriptor '/home/ethan/autonomy-ws-25-26/src/asv_wave_sim/gz-waves/install/share/gz-waves1/hook/cmake_prefix_path.dsv'
[377.523s] INFO:colcon.colcon_core.shell:Creating environment hook '/home/ethan/autonomy-ws-25-26/src/asv_wave_sim/gz-waves/install/share/gz-waves1/hook/cmake_prefix_path.sh'
[377.527s] Level 1:colcon.colcon_core.environment:checking '/home/ethan/autonomy-ws-25-26/src/asv_wave_sim/gz-waves/install/lib'
[377.528s] Level 1:colcon.colcon_core.shell:create_environment_hook('gz-waves1', 'ld_library_path_lib')
[377.529s] INFO:colcon.colcon_core.shell:Creating environment hook '/home/ethan/autonomy-ws-25-26/src/asv_wave_sim/gz-waves/install/share/gz-waves1/hook/ld_library_path_lib.ps1'
[377.530s] INFO:colcon.colcon_core.shell:Creating environment descriptor '/home/ethan/autonomy-ws-25-26/src/asv_wave_sim/gz-waves/install/share/gz-waves1/hook/ld_library_path_lib.dsv'
[377.532s] INFO:colcon.colcon_core.shell:Creating environment hook '/home/ethan/autonomy-ws-25-26/src/asv_wave_sim/gz-waves/install/share/gz-waves1/hook/ld_library_path_lib.sh'
[377.533s] Level 1:colcon.colcon_core.environment:checking '/home/ethan/autonomy-ws-25-26/src/asv_wave_sim/gz-waves/install/bin'
[377.533s] Level 1:colcon.colcon_core.shell:create_environment_hook('gz-waves1', 'path')
[377.534s] INFO:colcon.colcon_core.shell:Creating environment hook '/home/ethan/autonomy-ws-25-26/src/asv_wave_sim/gz-waves/install/share/gz-waves1/hook/path.ps1'
[377.536s] INFO:colcon.colcon_core.shell:Creating environment descriptor '/home/ethan/autonomy-ws-25-26/src/asv_wave_sim/gz-waves/install/share/gz-waves1/hook/path.dsv'
[377.537s] INFO:colcon.colcon_core.shell:Creating environment hook '/home/ethan/autonomy-ws-25-26/src/asv_wave_sim/gz-waves/install/share/gz-waves1/hook/path.sh'
[377.538s] Level 1:colcon.colcon_core.environment:checking '/home/ethan/autonomy-ws-25-26/src/asv_wave_sim/gz-waves/install/lib/pkgconfig/gz-waves1.pc'
[377.538s] Level 1:colcon.colcon_core.shell:create_environment_hook('gz-waves1', 'pkg_config')
[377.539s] INFO:colcon.colcon_core.shell:Creating environment hook '/home/ethan/autonomy-ws-25-26/src/asv_wave_sim/gz-waves/install/share/gz-waves1/hook/pkg_config.ps1'
[377.541s] INFO:colcon.colcon_core.shell:Creating environment descriptor '/home/ethan/autonomy-ws-25-26/src/asv_wave_sim/gz-waves/install/share/gz-waves1/hook/pkg_config.dsv'
[377.542s] INFO:colcon.colcon_core.shell:Creating environment hook '/home/ethan/autonomy-ws-25-26/src/asv_wave_sim/gz-waves/install/share/gz-waves1/hook/pkg_config.sh'
[377.545s] Level 1:colcon.colcon_core.environment:checking '/home/ethan/autonomy-ws-25-26/src/asv_wave_sim/gz-waves/install/lib/python3.10/site-packages'
[377.547s] Level 1:colcon.colcon_core.environment:checking '/home/ethan/autonomy-ws-25-26/src/asv_wave_sim/gz-waves/install/bin'
[377.547s] Level 1:colcon.colcon_core.shell:create_environment_hook('gz-waves1', 'pythonscriptspath')
[377.548s] INFO:colcon.colcon_core.shell:Creating environment hook '/home/ethan/autonomy-ws-25-26/src/asv_wave_sim/gz-waves/install/share/gz-waves1/hook/pythonscriptspath.ps1'
[377.550s] INFO:colcon.colcon_core.shell:Creating environment descriptor '/home/ethan/autonomy-ws-25-26/src/asv_wave_sim/gz-waves/install/share/gz-waves1/hook/pythonscriptspath.dsv'
[377.551s] INFO:colcon.colcon_core.shell:Creating environment hook '/home/ethan/autonomy-ws-25-26/src/asv_wave_sim/gz-waves/install/share/gz-waves1/hook/pythonscriptspath.sh'
[377.554s] INFO:colcon.colcon_core.shell:Creating package script '/home/ethan/autonomy-ws-25-26/src/asv_wave_sim/gz-waves/install/share/gz-waves1/package.ps1'
[377.559s] INFO:colcon.colcon_core.shell:Creating package descriptor '/home/ethan/autonomy-ws-25-26/src/asv_wave_sim/gz-waves/install/share/gz-waves1/package.dsv'
[377.563s] INFO:colcon.colcon_core.shell:Creating package script '/home/ethan/autonomy-ws-25-26/src/asv_wave_sim/gz-waves/install/share/gz-waves1/package.sh'
[377.567s] INFO:colcon.colcon_core.shell:Creating package script '/home/ethan/autonomy-ws-25-26/src/asv_wave_sim/gz-waves/install/share/gz-waves1/package.bash'
[377.571s] INFO:colcon.colcon_core.shell:Creating package script '/home/ethan/autonomy-ws-25-26/src/asv_wave_sim/gz-waves/install/share/gz-waves1/package.zsh'
[377.576s] Level 1:colcon.colcon_core.environment:create_file_with_runtime_dependencies(/home/ethan/autonomy-ws-25-26/src/asv_wave_sim/gz-waves/install/share/colcon-core/packages/gz-waves1)
[377.579s] DEBUG:colcon.colcon_parallel_executor.executor.parallel:closing loop
[377.585s] DEBUG:colcon.colcon_parallel_executor.executor.parallel:loop closed
[377.586s] DEBUG:colcon.colcon_parallel_executor.executor.parallel:run_until_complete finished with '0'
[377.586s] DEBUG:colcon.colcon_core.event_reactor:joining thread
[377.717s] INFO:colcon.colcon_core.plugin_system:Skipping extension 'colcon_notification.desktop_notification.terminal_notifier': Not used on non-Darwin systems
[377.717s] INFO:colcon.colcon_core.plugin_system:Skipping extension 'colcon_notification.desktop_notification.win32': Not used on non-Windows systems
[377.717s] INFO:colcon.colcon_notification.desktop_notification:Sending desktop notification using 'notify2'
[377.822s] DEBUG:colcon.colcon_core.event_reactor:joined thread
[377.824s] INFO:colcon.colcon_core.shell:Creating prefix script '/home/ethan/autonomy-ws-25-26/src/asv_wave_sim/gz-waves/install/local_setup.ps1'
[377.829s] INFO:colcon.colcon_core.shell:Creating prefix util module '/home/ethan/autonomy-ws-25-26/src/asv_wave_sim/gz-waves/install/_local_setup_util_ps1.py'
[377.839s] INFO:colcon.colcon_core.shell:Creating prefix chain script '/home/ethan/autonomy-ws-25-26/src/asv_wave_sim/gz-waves/install/setup.ps1'
[377.844s] INFO:colcon.colcon_core.shell:Creating prefix script '/home/ethan/autonomy-ws-25-26/src/asv_wave_sim/gz-waves/install/local_setup.sh'
[377.866s] INFO:colcon.colcon_core.shell:Creating prefix util module '/home/ethan/autonomy-ws-25-26/src/asv_wave_sim/gz-waves/install/_local_setup_util_sh.py'
[377.868s] INFO:colcon.colcon_core.shell:Creating prefix chain script '/home/ethan/autonomy-ws-25-26/src/asv_wave_sim/gz-waves/install/setup.sh'
[377.907s] INFO:colcon.colcon_core.shell:Creating prefix script '/home/ethan/autonomy-ws-25-26/src/asv_wave_sim/gz-waves/install/local_setup.bash'
[377.936s] INFO:colcon.colcon_core.shell:Creating prefix chain script '/home/ethan/autonomy-ws-25-26/src/asv_wave_sim/gz-waves/install/setup.bash'
[377.963s] INFO:colcon.colcon_core.shell:Creating prefix script '/home/ethan/autonomy-ws-25-26/src/asv_wave_sim/gz-waves/install/local_setup.zsh'
[377.991s] INFO:colcon.colcon_core.shell:Creating prefix chain script '/home/ethan/autonomy-ws-25-26/src/asv_wave_sim/gz-waves/install/setup.zsh'
