running develop
Removing /home/jacob/ros2_ws/src/my_lidar_pkg/install/my_lidar_pkg/lib/python3.10/site-packages/my-lidar-pkg.egg-link (link to .)
running egg_info
writing build/my_lidar_pkg/my_lidar_pkg.egg-info/PKG-INFO
writing dependency_links to build/my_lidar_pkg/my_lidar_pkg.egg-info/dependency_links.txt
writing entry points to build/my_lidar_pkg/my_lidar_pkg.egg-info/entry_points.txt
writing requirements to build/my_lidar_pkg/my_lidar_pkg.egg-info/requires.txt
writing top-level names to build/my_lidar_pkg/my_lidar_pkg.egg-info/top_level.txt
reading manifest file 'build/my_lidar_pkg/my_lidar_pkg.egg-info/SOURCES.txt'
writing manifest file 'build/my_lidar_pkg/my_lidar_pkg.egg-info/SOURCES.txt'
running build
running build_py
creating /home/jacob/ros2_ws/src/my_lidar_pkg/build/my_lidar_pkg/build
creating /home/jacob/ros2_ws/src/my_lidar_pkg/build/my_lidar_pkg/build/lib
creating /home/jacob/ros2_ws/src/my_lidar_pkg/build/my_lidar_pkg/build/lib/my_lidar_pkg
copying my_lidar_pkg/lidar_subscriber.py -> /home/jacob/ros2_ws/src/my_lidar_pkg/build/my_lidar_pkg/build/lib/my_lidar_pkg
copying my_lidar_pkg/__init__.py -> /home/jacob/ros2_ws/src/my_lidar_pkg/build/my_lidar_pkg/build/lib/my_lidar_pkg
running install
running install_lib
creating /home/jacob/ros2_ws/src/my_lidar_pkg/install/my_lidar_pkg/lib/python3.10/site-packages/my_lidar_pkg
copying /home/jacob/ros2_ws/src/my_lidar_pkg/build/my_lidar_pkg/build/lib/my_lidar_pkg/lidar_subscriber.py -> /home/jacob/ros2_ws/src/my_lidar_pkg/install/my_lidar_pkg/lib/python3.10/site-packages/my_lidar_pkg
copying /home/jacob/ros2_ws/src/my_lidar_pkg/build/my_lidar_pkg/build/lib/my_lidar_pkg/__init__.py -> /home/jacob/ros2_ws/src/my_lidar_pkg/install/my_lidar_pkg/lib/python3.10/site-packages/my_lidar_pkg
byte-compiling /home/jacob/ros2_ws/src/my_lidar_pkg/install/my_lidar_pkg/lib/python3.10/site-packages/my_lidar_pkg/lidar_subscriber.py to lidar_subscriber.cpython-310.pyc
byte-compiling /home/jacob/ros2_ws/src/my_lidar_pkg/install/my_lidar_pkg/lib/python3.10/site-packages/my_lidar_pkg/__init__.py to __init__.cpython-310.pyc
running install_egg_info
Copying build/my_lidar_pkg/my_lidar_pkg.egg-info to /home/jacob/ros2_ws/src/my_lidar_pkg/install/my_lidar_pkg/lib/python3.10/site-packages/my_lidar_pkg-0.1.0-py3.10.egg-info
running install_scripts
Installing lidar_subscriber script to /home/jacob/ros2_ws/src/my_lidar_pkg/install/my_lidar_pkg/lib/my_lidar_pkg
writing list of installed files to '/home/jacob/ros2_ws/src/my_lidar_pkg/build/my_lidar_pkg/install.log'
